python3 submission_runner.py --framework=jax --workload=fastmri --submission_path=prize_qualification_baselines/self_tuning/jax_nadamw_full_budget.py --data_dir=/data/fastmri --num_tuning_trials=1 --experiment_dir=/experiment_runs --experiment_name=prize_qualification_self_tuning/study_4 --overwrite=true --save_checkpoints=false --rng_seed=1061453331 --max_global_steps=108567 --tuning_ruleset=self 2>&1 | tee -a /logs/fastmri_jax_03-12-2024-03-27-32.log
I0312 03:27:51.718797 140719016003392 logger_utils.py:61] Removing existing experiment directory /experiment_runs/prize_qualification_self_tuning/study_4/fastmri_jax because --overwrite was set.
I0312 03:27:51.720707 140719016003392 logger_utils.py:76] Creating experiment directory at /experiment_runs/prize_qualification_self_tuning/study_4/fastmri_jax.
I0312 03:27:53.433862 140719016003392 xla_bridge.py:455] Unable to initialize backend 'rocm': NOT_FOUND: Could not find registered platform with name: "rocm". Available platform names are: CUDA Interpreter Host
I0312 03:27:53.434806 140719016003392 xla_bridge.py:455] Unable to initialize backend 'tpu': module 'jaxlib.xla_extension' has no attribute 'get_tpu_client'
I0312 03:27:53.434965 140719016003392 xla_bridge.py:455] Unable to initialize backend 'plugin': xla_extension has no attributes named get_plugin_device_client. Compile TensorFlow with //tensorflow/compiler/xla/python:enable_plugin_device set to true (defaults to false) to enable this.
I0312 03:27:54.316536 140719016003392 submission_runner.py:612] Creating directory at /experiment_runs/prize_qualification_self_tuning/study_4/fastmri_jax/trial_1.
I0312 03:27:54.519349 140719016003392 submission_runner.py:209] Initializing dataset.
I0312 03:28:01.039200 140719016003392 submission_runner.py:220] Initializing model.
I0312 03:28:08.639431 140719016003392 submission_runner.py:262] Initializing optimizer.
I0312 03:28:09.595444 140719016003392 submission_runner.py:269] Initializing metrics bundle.
I0312 03:28:09.595701 140719016003392 submission_runner.py:287] Initializing checkpoint and logger.
I0312 03:28:09.596475 140719016003392 checkpoints.py:915] Found no checkpoint files in /experiment_runs/prize_qualification_self_tuning/study_4/fastmri_jax/trial_1 with prefix checkpoint_
I0312 03:28:09.596668 140719016003392 submission_runner.py:307] Saving meta data to /experiment_runs/prize_qualification_self_tuning/study_4/fastmri_jax/trial_1/meta_data_0.json.
I0312 03:28:09.596891 140719016003392 logger_utils.py:257] Unable to record workload.train_mean information. Continuing without it.
I0312 03:28:09.596959 140719016003392 logger_utils.py:257] Unable to record workload.train_stddev information. Continuing without it.
fatal: detected dubious ownership in repository at '/algorithmic-efficiency'
To add an exception for this directory, call:

	git config --global --add safe.directory /algorithmic-efficiency
I0312 03:28:09.972152 140719016003392 logger_utils.py:220] Unable to record git information. Continuing without it.
I0312 03:28:10.316651 140719016003392 submission_runner.py:311] Saving flags to /experiment_runs/prize_qualification_self_tuning/study_4/fastmri_jax/trial_1/flags_0.json.
I0312 03:28:10.327996 140719016003392 submission_runner.py:321] Starting training loop.
I0312 03:29:05.312618 140556999046912 logging_writer.py:48] [0] global_step=0, grad_norm=5.34729528427124, loss=0.9628345966339111
I0312 03:29:05.326905 140719016003392 spec.py:321] Evaluating on the training split.
I0312 03:30:29.794691 140719016003392 spec.py:333] Evaluating on the validation split.
I0312 03:31:31.398248 140719016003392 spec.py:349] Evaluating on the test split.
I0312 03:32:28.678043 140719016003392 submission_runner.py:420] Time since start: 258.35s, 	Step: 1, 	{'train/ssim': 0.2082930632999965, 'train/loss': 0.9647607803344727, 'validation/ssim': 0.2018833106732731, 'validation/loss': 0.9715372148899127, 'validation/num_examples': 3554, 'test/ssim': 0.22429228534714465, 'test/loss': 0.9717777937159662, 'test/num_examples': 3581, 'score': 54.998573541641235, 'total_duration': 258.349974155426, 'accumulated_submission_time': 54.998573541641235, 'accumulated_eval_time': 203.35107350349426, 'accumulated_logging_time': 0}
I0312 03:32:28.696707 140533167007488 logging_writer.py:48] [1] accumulated_eval_time=203.351074, accumulated_logging_time=0, accumulated_submission_time=54.998574, global_step=1, preemption_count=0, score=54.998574, test/loss=0.971778, test/num_examples=3581, test/ssim=0.224292, total_duration=258.349974, train/loss=0.964761, train/ssim=0.208293, validation/loss=0.971537, validation/num_examples=3554, validation/ssim=0.201883
I0312 03:32:50.770376 140533158614784 logging_writer.py:48] [100] global_step=100, grad_norm=0.11661845445632935, loss=0.2747715413570404
I0312 03:33:15.007759 140533167007488 logging_writer.py:48] [200] global_step=200, grad_norm=0.3386097252368927, loss=0.3046118915081024
I0312 03:33:39.030390 140533158614784 logging_writer.py:48] [300] global_step=300, grad_norm=0.13344621658325195, loss=0.3497704863548279
I0312 03:33:48.908616 140719016003392 spec.py:321] Evaluating on the training split.
I0312 03:33:50.700257 140719016003392 spec.py:333] Evaluating on the validation split.
I0312 03:33:52.019493 140719016003392 spec.py:349] Evaluating on the test split.
I0312 03:33:53.340657 140719016003392 submission_runner.py:420] Time since start: 343.01s, 	Step: 341, 	{'train/ssim': 0.7175235067095075, 'train/loss': 0.2917663369859968, 'validation/ssim': 0.6955450999314153, 'validation/loss': 0.3134440699519907, 'validation/num_examples': 3554, 'test/ssim': 0.7129807545465652, 'test/loss': 0.31568623627740156, 'test/num_examples': 3581, 'score': 135.1870138645172, 'total_duration': 343.01261258125305, 'accumulated_submission_time': 135.1870138645172, 'accumulated_eval_time': 207.78307437896729, 'accumulated_logging_time': 0.029147624969482422}
I0312 03:33:53.360030 140533167007488 logging_writer.py:48] [341] accumulated_eval_time=207.783074, accumulated_logging_time=0.029148, accumulated_submission_time=135.187014, global_step=341, preemption_count=0, score=135.187014, test/loss=0.315686, test/num_examples=3581, test/ssim=0.712981, total_duration=343.012613, train/loss=0.291766, train/ssim=0.717524, validation/loss=0.313444, validation/num_examples=3554, validation/ssim=0.695545
I0312 03:34:10.065162 140533158614784 logging_writer.py:48] [400] global_step=400, grad_norm=0.29816699028015137, loss=0.336317241191864
I0312 03:34:44.060233 140533167007488 logging_writer.py:48] [500] global_step=500, grad_norm=0.5317047834396362, loss=0.21160781383514404
I0312 03:35:13.418744 140719016003392 spec.py:321] Evaluating on the training split.
I0312 03:35:14.788359 140719016003392 spec.py:333] Evaluating on the validation split.
I0312 03:35:16.108320 140719016003392 spec.py:349] Evaluating on the test split.
I0312 03:35:17.430242 140719016003392 submission_runner.py:420] Time since start: 427.10s, 	Step: 591, 	{'train/ssim': 0.7263099806649345, 'train/loss': 0.28233766555786133, 'validation/ssim': 0.7053244638523495, 'validation/loss': 0.302990090665887, 'validation/num_examples': 3554, 'test/ssim': 0.7222395542446244, 'test/loss': 0.30524061725513124, 'test/num_examples': 3581, 'score': 215.2247176170349, 'total_duration': 427.10220170021057, 'accumulated_submission_time': 215.2247176170349, 'accumulated_eval_time': 211.79455018043518, 'accumulated_logging_time': 0.06051492691040039}
I0312 03:35:17.448659 140533158614784 logging_writer.py:48] [591] accumulated_eval_time=211.794550, accumulated_logging_time=0.060515, accumulated_submission_time=215.224718, global_step=591, preemption_count=0, score=215.224718, test/loss=0.305241, test/num_examples=3581, test/ssim=0.722240, total_duration=427.102202, train/loss=0.282338, train/ssim=0.726310, validation/loss=0.302990, validation/num_examples=3554, validation/ssim=0.705324
I0312 03:35:18.213577 140533167007488 logging_writer.py:48] [600] global_step=600, grad_norm=0.06274106353521347, loss=0.38631299138069153
I0312 03:35:50.576903 140533158614784 logging_writer.py:48] [700] global_step=700, grad_norm=0.23271001875400543, loss=0.2269061803817749
I0312 03:36:23.254029 140533167007488 logging_writer.py:48] [800] global_step=800, grad_norm=0.11965273320674896, loss=0.25279244780540466
I0312 03:36:37.796256 140719016003392 spec.py:321] Evaluating on the training split.
I0312 03:36:39.168693 140719016003392 spec.py:333] Evaluating on the validation split.
I0312 03:36:40.488482 140719016003392 spec.py:349] Evaluating on the test split.
I0312 03:36:41.809188 140719016003392 submission_runner.py:420] Time since start: 511.48s, 	Step: 842, 	{'train/ssim': 0.7335096086774554, 'train/loss': 0.27682570048740934, 'validation/ssim': 0.7114909037352279, 'validation/loss': 0.29768267681441685, 'validation/num_examples': 3554, 'test/ssim': 0.7286815669942055, 'test/loss': 0.29971435342345015, 'test/num_examples': 3581, 'score': 295.54242730140686, 'total_duration': 511.4811406135559, 'accumulated_submission_time': 295.54242730140686, 'accumulated_eval_time': 215.8074471950531, 'accumulated_logging_time': 0.09991741180419922}
I0312 03:36:41.826218 140533158614784 logging_writer.py:48] [842] accumulated_eval_time=215.807447, accumulated_logging_time=0.099917, accumulated_submission_time=295.542427, global_step=842, preemption_count=0, score=295.542427, test/loss=0.299714, test/num_examples=3581, test/ssim=0.728682, total_duration=511.481141, train/loss=0.276826, train/ssim=0.733510, validation/loss=0.297683, validation/num_examples=3554, validation/ssim=0.711491
I0312 03:36:57.777802 140533167007488 logging_writer.py:48] [900] global_step=900, grad_norm=0.2910383641719818, loss=0.3003469705581665
I0312 03:37:27.890990 140533158614784 logging_writer.py:48] [1000] global_step=1000, grad_norm=0.15712153911590576, loss=0.23177695274353027
I0312 03:37:52.022381 140533167007488 logging_writer.py:48] [1100] global_step=1100, grad_norm=0.3654465675354004, loss=0.3403817117214203
I0312 03:38:01.978856 140719016003392 spec.py:321] Evaluating on the training split.
I0312 03:38:03.349506 140719016003392 spec.py:333] Evaluating on the validation split.
I0312 03:38:04.670413 140719016003392 spec.py:349] Evaluating on the test split.
I0312 03:38:05.994192 140719016003392 submission_runner.py:420] Time since start: 595.67s, 	Step: 1143, 	{'train/ssim': 0.7372263499668666, 'train/loss': 0.27480857712881906, 'validation/ssim': 0.7141574222047341, 'validation/loss': 0.2963607178421321, 'validation/num_examples': 3554, 'test/ssim': 0.7312676441200083, 'test/loss': 0.2982516572382889, 'test/num_examples': 3581, 'score': 375.6709289550781, 'total_duration': 595.6661460399628, 'accumulated_submission_time': 375.6709289550781, 'accumulated_eval_time': 219.82274556159973, 'accumulated_logging_time': 0.12996530532836914}
I0312 03:38:06.009000 140533158614784 logging_writer.py:48] [1143] accumulated_eval_time=219.822746, accumulated_logging_time=0.129965, accumulated_submission_time=375.670929, global_step=1143, preemption_count=0, score=375.670929, test/loss=0.298252, test/num_examples=3581, test/ssim=0.731268, total_duration=595.666146, train/loss=0.274809, train/ssim=0.737226, validation/loss=0.296361, validation/num_examples=3554, validation/ssim=0.714157
I0312 03:38:17.617694 140533167007488 logging_writer.py:48] [1200] global_step=1200, grad_norm=0.08185545355081558, loss=0.24584895372390747
I0312 03:38:41.243686 140533158614784 logging_writer.py:48] [1300] global_step=1300, grad_norm=0.45378950238227844, loss=0.19773849844932556
I0312 03:39:05.116365 140533167007488 logging_writer.py:48] [1400] global_step=1400, grad_norm=0.19653786718845367, loss=0.29722851514816284
I0312 03:39:26.295037 140719016003392 spec.py:321] Evaluating on the training split.
I0312 03:39:27.668601 140719016003392 spec.py:333] Evaluating on the validation split.
I0312 03:39:28.988840 140719016003392 spec.py:349] Evaluating on the test split.
I0312 03:39:30.313051 140719016003392 submission_runner.py:420] Time since start: 679.98s, 	Step: 1491, 	{'train/ssim': 0.7373614992414202, 'train/loss': 0.2738418238503592, 'validation/ssim': 0.7141864800225098, 'validation/loss': 0.29526184459851573, 'validation/num_examples': 3554, 'test/ssim': 0.7314674017383412, 'test/loss': 0.2970154098344562, 'test/num_examples': 3581, 'score': 455.93432664871216, 'total_duration': 679.9849674701691, 'accumulated_submission_time': 455.93432664871216, 'accumulated_eval_time': 223.84068298339844, 'accumulated_logging_time': 0.15439319610595703}
I0312 03:39:30.330025 140533158614784 logging_writer.py:48] [1491] accumulated_eval_time=223.840683, accumulated_logging_time=0.154393, accumulated_submission_time=455.934327, global_step=1491, preemption_count=0, score=455.934327, test/loss=0.297015, test/num_examples=3581, test/ssim=0.731467, total_duration=679.984967, train/loss=0.273842, train/ssim=0.737361, validation/loss=0.295262, validation/num_examples=3554, validation/ssim=0.714186
I0312 03:39:31.074583 140533167007488 logging_writer.py:48] [1500] global_step=1500, grad_norm=0.28904101252555847, loss=0.3232746422290802
I0312 03:39:54.383554 140533158614784 logging_writer.py:48] [1600] global_step=1600, grad_norm=0.11743245273828506, loss=0.2754063010215759
I0312 03:40:18.461594 140533167007488 logging_writer.py:48] [1700] global_step=1700, grad_norm=0.11192497611045837, loss=0.40991857647895813
I0312 03:40:42.164840 140533158614784 logging_writer.py:48] [1800] global_step=1800, grad_norm=0.24554604291915894, loss=0.2690443694591522
I0312 03:40:50.367503 140719016003392 spec.py:321] Evaluating on the training split.
I0312 03:40:51.738602 140719016003392 spec.py:333] Evaluating on the validation split.
I0312 03:40:53.059287 140719016003392 spec.py:349] Evaluating on the test split.
I0312 03:40:54.382678 140719016003392 submission_runner.py:420] Time since start: 764.05s, 	Step: 1836, 	{'train/ssim': 0.7328919683183942, 'train/loss': 0.27774451460157124, 'validation/ssim': 0.7103634191887662, 'validation/loss': 0.29849485312543966, 'validation/num_examples': 3554, 'test/ssim': 0.727346395254468, 'test/loss': 0.3004433664653728, 'test/num_examples': 3581, 'score': 535.9488203525543, 'total_duration': 764.0546314716339, 'accumulated_submission_time': 535.9488203525543, 'accumulated_eval_time': 227.85581851005554, 'accumulated_logging_time': 0.18148469924926758}
I0312 03:40:54.397674 140533167007488 logging_writer.py:48] [1836] accumulated_eval_time=227.855819, accumulated_logging_time=0.181485, accumulated_submission_time=535.948820, global_step=1836, preemption_count=0, score=535.948820, test/loss=0.300443, test/num_examples=3581, test/ssim=0.727346, total_duration=764.054631, train/loss=0.277745, train/ssim=0.732892, validation/loss=0.298495, validation/num_examples=3554, validation/ssim=0.710363
I0312 03:41:07.507389 140533158614784 logging_writer.py:48] [1900] global_step=1900, grad_norm=0.07067584246397018, loss=0.29495710134506226
I0312 03:41:31.694120 140533167007488 logging_writer.py:48] [2000] global_step=2000, grad_norm=0.08886570483446121, loss=0.32275691628456116
I0312 03:41:55.803007 140533158614784 logging_writer.py:48] [2100] global_step=2100, grad_norm=0.10906551033258438, loss=0.2904994487762451
I0312 03:42:14.479679 140719016003392 spec.py:321] Evaluating on the training split.
I0312 03:42:15.854963 140719016003392 spec.py:333] Evaluating on the validation split.
I0312 03:42:17.176736 140719016003392 spec.py:349] Evaluating on the test split.
I0312 03:42:18.502933 140719016003392 submission_runner.py:420] Time since start: 848.17s, 	Step: 2180, 	{'train/ssim': 0.7341750008719308, 'train/loss': 0.2749068907329014, 'validation/ssim': 0.7107485898371553, 'validation/loss': 0.29646753795239517, 'validation/num_examples': 3554, 'test/ssim': 0.7280031410351508, 'test/loss': 0.2980956008600077, 'test/num_examples': 3581, 'score': 616.008457660675, 'total_duration': 848.1748449802399, 'accumulated_submission_time': 616.008457660675, 'accumulated_eval_time': 231.8789942264557, 'accumulated_logging_time': 0.20585060119628906}
I0312 03:42:18.520811 140533167007488 logging_writer.py:48] [2180] accumulated_eval_time=231.878994, accumulated_logging_time=0.205851, accumulated_submission_time=616.008458, global_step=2180, preemption_count=0, score=616.008458, test/loss=0.298096, test/num_examples=3581, test/ssim=0.728003, total_duration=848.174845, train/loss=0.274907, train/ssim=0.734175, validation/loss=0.296468, validation/num_examples=3554, validation/ssim=0.710749
I0312 03:42:21.215245 140533158614784 logging_writer.py:48] [2200] global_step=2200, grad_norm=0.19706152379512787, loss=0.21189171075820923
I0312 03:42:44.865889 140533167007488 logging_writer.py:48] [2300] global_step=2300, grad_norm=0.11969999223947525, loss=0.2825844883918762
I0312 03:43:08.804316 140533158614784 logging_writer.py:48] [2400] global_step=2400, grad_norm=0.16476458311080933, loss=0.2450961470603943
I0312 03:43:32.657706 140533167007488 logging_writer.py:48] [2500] global_step=2500, grad_norm=0.16823671758174896, loss=0.22409984469413757
I0312 03:43:38.605288 140719016003392 spec.py:321] Evaluating on the training split.
I0312 03:43:39.979293 140719016003392 spec.py:333] Evaluating on the validation split.
I0312 03:43:41.303800 140719016003392 spec.py:349] Evaluating on the test split.
I0312 03:43:42.628258 140719016003392 submission_runner.py:420] Time since start: 932.30s, 	Step: 2526, 	{'train/ssim': 0.7426437650408063, 'train/loss': 0.26930155072893414, 'validation/ssim': 0.720475677163935, 'validation/loss': 0.29038700067265755, 'validation/num_examples': 3554, 'test/ssim': 0.7374985137487783, 'test/loss': 0.2919683597567893, 'test/num_examples': 3581, 'score': 696.0686941146851, 'total_duration': 932.3001706600189, 'accumulated_submission_time': 696.0686941146851, 'accumulated_eval_time': 235.9019057750702, 'accumulated_logging_time': 0.23523783683776855}
I0312 03:43:42.647982 140533158614784 logging_writer.py:48] [2526] accumulated_eval_time=235.901906, accumulated_logging_time=0.235238, accumulated_submission_time=696.068694, global_step=2526, preemption_count=0, score=696.068694, test/loss=0.291968, test/num_examples=3581, test/ssim=0.737499, total_duration=932.300171, train/loss=0.269302, train/ssim=0.742644, validation/loss=0.290387, validation/num_examples=3554, validation/ssim=0.720476
I0312 03:43:58.285428 140533167007488 logging_writer.py:48] [2600] global_step=2600, grad_norm=0.10476116091012955, loss=0.2725074887275696
I0312 03:44:22.000080 140533158614784 logging_writer.py:48] [2700] global_step=2700, grad_norm=0.09261808544397354, loss=0.2879125475883484
I0312 03:44:45.634243 140533167007488 logging_writer.py:48] [2800] global_step=2800, grad_norm=0.08127054572105408, loss=0.3572523295879364
I0312 03:45:02.777821 140719016003392 spec.py:321] Evaluating on the training split.
I0312 03:45:04.148478 140719016003392 spec.py:333] Evaluating on the validation split.
I0312 03:45:05.470762 140719016003392 spec.py:349] Evaluating on the test split.
I0312 03:45:06.795202 140719016003392 submission_runner.py:420] Time since start: 1016.47s, 	Step: 2872, 	{'train/ssim': 0.7419191087995257, 'train/loss': 0.26875007152557373, 'validation/ssim': 0.7192985264182963, 'validation/loss': 0.2899843472473797, 'validation/num_examples': 3554, 'test/ssim': 0.7365833102441707, 'test/loss': 0.29143112766379853, 'test/num_examples': 3581, 'score': 776.175074338913, 'total_duration': 1016.46715259552, 'accumulated_submission_time': 776.175074338913, 'accumulated_eval_time': 239.91925048828125, 'accumulated_logging_time': 0.26522135734558105}
I0312 03:45:06.810207 140533158614784 logging_writer.py:48] [2872] accumulated_eval_time=239.919250, accumulated_logging_time=0.265221, accumulated_submission_time=776.175074, global_step=2872, preemption_count=0, score=776.175074, test/loss=0.291431, test/num_examples=3581, test/ssim=0.736583, total_duration=1016.467153, train/loss=0.268750, train/ssim=0.741919, validation/loss=0.289984, validation/num_examples=3554, validation/ssim=0.719299
I0312 03:45:11.386753 140533167007488 logging_writer.py:48] [2900] global_step=2900, grad_norm=0.26875317096710205, loss=0.30162546038627625
I0312 03:45:35.088560 140533158614784 logging_writer.py:48] [3000] global_step=3000, grad_norm=0.34074029326438904, loss=0.2841944098472595
I0312 03:45:59.149868 140533167007488 logging_writer.py:48] [3100] global_step=3100, grad_norm=0.12142796069383621, loss=0.21849113702774048
I0312 03:46:23.110448 140533158614784 logging_writer.py:48] [3200] global_step=3200, grad_norm=0.2514092028141022, loss=0.27787429094314575
I0312 03:46:26.876663 140719016003392 spec.py:321] Evaluating on the training split.
I0312 03:46:28.248940 140719016003392 spec.py:333] Evaluating on the validation split.
I0312 03:46:29.571712 140719016003392 spec.py:349] Evaluating on the test split.
I0312 03:46:30.895726 140719016003392 submission_runner.py:420] Time since start: 1100.57s, 	Step: 3217, 	{'train/ssim': 0.7428614071437291, 'train/loss': 0.2680133751460484, 'validation/ssim': 0.7201804277530599, 'validation/loss': 0.2891478873936058, 'validation/num_examples': 3554, 'test/ssim': 0.7374621755881737, 'test/loss': 0.2907195678472319, 'test/num_examples': 3581, 'score': 856.2194812297821, 'total_duration': 1100.5676794052124, 'accumulated_submission_time': 856.2194812297821, 'accumulated_eval_time': 243.93828058242798, 'accumulated_logging_time': 0.28936100006103516}
I0312 03:46:30.910434 140533167007488 logging_writer.py:48] [3217] accumulated_eval_time=243.938281, accumulated_logging_time=0.289361, accumulated_submission_time=856.219481, global_step=3217, preemption_count=0, score=856.219481, test/loss=0.290720, test/num_examples=3581, test/ssim=0.737462, total_duration=1100.567679, train/loss=0.268013, train/ssim=0.742861, validation/loss=0.289148, validation/num_examples=3554, validation/ssim=0.720180
I0312 03:46:48.782145 140533158614784 logging_writer.py:48] [3300] global_step=3300, grad_norm=0.10972664505243301, loss=0.34568652510643005
I0312 03:47:12.483385 140533167007488 logging_writer.py:48] [3400] global_step=3400, grad_norm=0.10727299749851227, loss=0.32152533531188965
I0312 03:47:36.893149 140533158614784 logging_writer.py:48] [3500] global_step=3500, grad_norm=0.12563195824623108, loss=0.3939569890499115
I0312 03:47:50.944422 140719016003392 spec.py:321] Evaluating on the training split.
I0312 03:47:52.316345 140719016003392 spec.py:333] Evaluating on the validation split.
I0312 03:47:53.636602 140719016003392 spec.py:349] Evaluating on the test split.
I0312 03:47:54.962214 140719016003392 submission_runner.py:420] Time since start: 1184.63s, 	Step: 3561, 	{'train/ssim': 0.7445182800292969, 'train/loss': 0.26703034128461567, 'validation/ssim': 0.7218931903313168, 'validation/loss': 0.2884467902583357, 'validation/num_examples': 3554, 'test/ssim': 0.7390436014294192, 'test/loss': 0.28989827769390536, 'test/num_examples': 3581, 'score': 936.2317168712616, 'total_duration': 1184.6341347694397, 'accumulated_submission_time': 936.2317168712616, 'accumulated_eval_time': 247.95599675178528, 'accumulated_logging_time': 0.31305789947509766}
I0312 03:47:54.981874 140533167007488 logging_writer.py:48] [3561] accumulated_eval_time=247.955997, accumulated_logging_time=0.313058, accumulated_submission_time=936.231717, global_step=3561, preemption_count=0, score=936.231717, test/loss=0.289898, test/num_examples=3581, test/ssim=0.739044, total_duration=1184.634135, train/loss=0.267030, train/ssim=0.744518, validation/loss=0.288447, validation/num_examples=3554, validation/ssim=0.721893
I0312 03:48:02.292002 140533158614784 logging_writer.py:48] [3600] global_step=3600, grad_norm=0.056832436472177505, loss=0.30532369017601013
I0312 03:48:26.109052 140533167007488 logging_writer.py:48] [3700] global_step=3700, grad_norm=0.3205323815345764, loss=0.26724526286125183
I0312 03:48:49.956762 140533158614784 logging_writer.py:48] [3800] global_step=3800, grad_norm=0.18040740489959717, loss=0.30236804485321045
I0312 03:49:13.583492 140533167007488 logging_writer.py:48] [3900] global_step=3900, grad_norm=0.19929486513137817, loss=0.2603257894515991
I0312 03:49:15.157433 140719016003392 spec.py:321] Evaluating on the training split.
I0312 03:49:16.528770 140719016003392 spec.py:333] Evaluating on the validation split.
I0312 03:49:17.849820 140719016003392 spec.py:349] Evaluating on the test split.
I0312 03:49:19.173008 140719016003392 submission_runner.py:420] Time since start: 1268.84s, 	Step: 3908, 	{'train/ssim': 0.7442232540675572, 'train/loss': 0.2670188290732248, 'validation/ssim': 0.7212261657199635, 'validation/loss': 0.2884106225489765, 'validation/num_examples': 3554, 'test/ssim': 0.7384366927883272, 'test/loss': 0.28985962152680816, 'test/num_examples': 3581, 'score': 1016.3818063735962, 'total_duration': 1268.844962835312, 'accumulated_submission_time': 1016.3818063735962, 'accumulated_eval_time': 251.97154355049133, 'accumulated_logging_time': 0.34537768363952637}
I0312 03:49:19.188135 140533158614784 logging_writer.py:48] [3908] accumulated_eval_time=251.971544, accumulated_logging_time=0.345378, accumulated_submission_time=1016.381806, global_step=3908, preemption_count=0, score=1016.381806, test/loss=0.289860, test/num_examples=3581, test/ssim=0.738437, total_duration=1268.844963, train/loss=0.267019, train/ssim=0.744223, validation/loss=0.288411, validation/num_examples=3554, validation/ssim=0.721226
I0312 03:49:39.073365 140533167007488 logging_writer.py:48] [4000] global_step=4000, grad_norm=0.21481427550315857, loss=0.2381470501422882
I0312 03:50:02.725813 140533158614784 logging_writer.py:48] [4100] global_step=4100, grad_norm=0.06664948910474777, loss=0.24539178609848022
I0312 03:50:27.477202 140533167007488 logging_writer.py:48] [4200] global_step=4200, grad_norm=0.08654585480690002, loss=0.24147768318653107
I0312 03:50:39.231528 140719016003392 spec.py:321] Evaluating on the training split.
I0312 03:50:40.603769 140719016003392 spec.py:333] Evaluating on the validation split.
I0312 03:50:41.925191 140719016003392 spec.py:349] Evaluating on the test split.
I0312 03:50:43.249945 140719016003392 submission_runner.py:420] Time since start: 1352.92s, 	Step: 4251, 	{'train/ssim': 0.7455113274710519, 'train/loss': 0.2666709763663156, 'validation/ssim': 0.7227235707125774, 'validation/loss': 0.2879890781074142, 'validation/num_examples': 3554, 'test/ssim': 0.7399618728837964, 'test/loss': 0.2894233249812378, 'test/num_examples': 3581, 'score': 1096.402687072754, 'total_duration': 1352.9219012260437, 'accumulated_submission_time': 1096.402687072754, 'accumulated_eval_time': 255.9899456501007, 'accumulated_logging_time': 0.36989450454711914}
I0312 03:50:43.266023 140533158614784 logging_writer.py:48] [4251] accumulated_eval_time=255.989946, accumulated_logging_time=0.369895, accumulated_submission_time=1096.402687, global_step=4251, preemption_count=0, score=1096.402687, test/loss=0.289423, test/num_examples=3581, test/ssim=0.739962, total_duration=1352.921901, train/loss=0.266671, train/ssim=0.745511, validation/loss=0.287989, validation/num_examples=3554, validation/ssim=0.722724
I0312 03:50:52.847203 140533167007488 logging_writer.py:48] [4300] global_step=4300, grad_norm=0.20748767256736755, loss=0.4038349986076355
I0312 03:51:16.858731 140533158614784 logging_writer.py:48] [4400] global_step=4400, grad_norm=0.09701757878065109, loss=0.2799317538738251
I0312 03:51:40.671472 140533167007488 logging_writer.py:48] [4500] global_step=4500, grad_norm=0.033469684422016144, loss=0.21781811118125916
I0312 03:52:03.256246 140719016003392 spec.py:321] Evaluating on the training split.
I0312 03:52:04.630074 140719016003392 spec.py:333] Evaluating on the validation split.
I0312 03:52:05.955034 140719016003392 spec.py:349] Evaluating on the test split.
I0312 03:52:07.276924 140719016003392 submission_runner.py:420] Time since start: 1436.95s, 	Step: 4598, 	{'train/ssim': 0.7461780820574079, 'train/loss': 0.2661698205130441, 'validation/ssim': 0.7227209603175999, 'validation/loss': 0.2878877192182224, 'validation/num_examples': 3554, 'test/ssim': 0.7400011426408475, 'test/loss': 0.2893448877321279, 'test/num_examples': 3581, 'score': 1176.3708062171936, 'total_duration': 1436.9488778114319, 'accumulated_submission_time': 1176.3708062171936, 'accumulated_eval_time': 260.0105800628662, 'accumulated_logging_time': 0.3952672481536865}
I0312 03:52:07.292414 140533158614784 logging_writer.py:48] [4598] accumulated_eval_time=260.010580, accumulated_logging_time=0.395267, accumulated_submission_time=1176.370806, global_step=4598, preemption_count=0, score=1176.370806, test/loss=0.289345, test/num_examples=3581, test/ssim=0.740001, total_duration=1436.948878, train/loss=0.266170, train/ssim=0.746178, validation/loss=0.287888, validation/num_examples=3554, validation/ssim=0.722721
I0312 03:52:07.529840 140533167007488 logging_writer.py:48] [4600] global_step=4600, grad_norm=0.14665861427783966, loss=0.24650055170059204
I0312 03:52:29.421782 140533158614784 logging_writer.py:48] [4700] global_step=4700, grad_norm=0.0716148093342781, loss=0.27612003684043884
I0312 03:52:53.124500 140533167007488 logging_writer.py:48] [4800] global_step=4800, grad_norm=0.11468970030546188, loss=0.2681772708892822
I0312 03:53:16.857453 140533158614784 logging_writer.py:48] [4900] global_step=4900, grad_norm=0.11013956367969513, loss=0.31500428915023804
I0312 03:53:27.438355 140719016003392 spec.py:321] Evaluating on the training split.
I0312 03:53:28.811204 140719016003392 spec.py:333] Evaluating on the validation split.
I0312 03:53:30.133510 140719016003392 spec.py:349] Evaluating on the test split.
I0312 03:53:31.456219 140719016003392 submission_runner.py:420] Time since start: 1521.13s, 	Step: 4946, 	{'train/ssim': 0.7456933430262974, 'train/loss': 0.26606418405260357, 'validation/ssim': 0.7224849943505557, 'validation/loss': 0.28764041864140755, 'validation/num_examples': 3554, 'test/ssim': 0.7397029379232407, 'test/loss': 0.28907361279583216, 'test/num_examples': 3581, 'score': 1256.493564605713, 'total_duration': 1521.128168106079, 'accumulated_submission_time': 1256.493564605713, 'accumulated_eval_time': 264.0284032821655, 'accumulated_logging_time': 0.42101073265075684}
I0312 03:53:31.472506 140533167007488 logging_writer.py:48] [4946] accumulated_eval_time=264.028403, accumulated_logging_time=0.421011, accumulated_submission_time=1256.493565, global_step=4946, preemption_count=0, score=1256.493565, test/loss=0.289074, test/num_examples=3581, test/ssim=0.739703, total_duration=1521.128168, train/loss=0.266064, train/ssim=0.745693, validation/loss=0.287640, validation/num_examples=3554, validation/ssim=0.722485
I0312 03:53:42.142805 140533158614784 logging_writer.py:48] [5000] global_step=5000, grad_norm=0.07522273808717728, loss=0.3266262412071228
I0312 03:54:05.818593 140533167007488 logging_writer.py:48] [5100] global_step=5100, grad_norm=0.0904584750533104, loss=0.21510834991931915
I0312 03:54:29.928625 140533158614784 logging_writer.py:48] [5200] global_step=5200, grad_norm=0.10262881219387054, loss=0.24532181024551392
I0312 03:54:51.551616 140719016003392 spec.py:321] Evaluating on the training split.
I0312 03:54:52.922992 140719016003392 spec.py:333] Evaluating on the validation split.
I0312 03:54:54.244865 140719016003392 spec.py:349] Evaluating on the test split.
I0312 03:54:55.568585 140719016003392 submission_runner.py:420] Time since start: 1605.24s, 	Step: 5290, 	{'train/ssim': 0.7448530878339495, 'train/loss': 0.26753832612718853, 'validation/ssim': 0.7219431313089125, 'validation/loss': 0.28915200906988603, 'validation/num_examples': 3554, 'test/ssim': 0.7390925522724099, 'test/loss': 0.2906346538152751, 'test/num_examples': 3581, 'score': 1336.5503425598145, 'total_duration': 1605.240535736084, 'accumulated_submission_time': 1336.5503425598145, 'accumulated_eval_time': 268.04534125328064, 'accumulated_logging_time': 0.44686102867126465}
I0312 03:54:55.584946 140533167007488 logging_writer.py:48] [5290] accumulated_eval_time=268.045341, accumulated_logging_time=0.446861, accumulated_submission_time=1336.550343, global_step=5290, preemption_count=0, score=1336.550343, test/loss=0.290635, test/num_examples=3581, test/ssim=0.739093, total_duration=1605.240536, train/loss=0.267538, train/ssim=0.744853, validation/loss=0.289152, validation/num_examples=3554, validation/ssim=0.721943
I0312 03:54:56.405709 140533158614784 logging_writer.py:48] [5300] global_step=5300, grad_norm=0.20392581820487976, loss=0.25187206268310547
I0312 03:55:19.431374 140533167007488 logging_writer.py:48] [5400] global_step=5400, grad_norm=0.04724181443452835, loss=0.23349694907665253
I0312 03:55:43.272345 140533158614784 logging_writer.py:48] [5500] global_step=5500, grad_norm=0.1176869124174118, loss=0.222850039601326
I0312 03:56:06.892054 140533167007488 logging_writer.py:48] [5600] global_step=5600, grad_norm=0.05330432578921318, loss=0.23124960064888
I0312 03:56:15.601453 140719016003392 spec.py:321] Evaluating on the training split.
I0312 03:56:16.973587 140719016003392 spec.py:333] Evaluating on the validation split.
I0312 03:56:18.296601 140719016003392 spec.py:349] Evaluating on the test split.
I0312 03:56:19.620133 140719016003392 submission_runner.py:420] Time since start: 1689.29s, 	Step: 5638, 	{'train/ssim': 0.7454932076590401, 'train/loss': 0.2661756787981306, 'validation/ssim': 0.722028793480937, 'validation/loss': 0.28797065077971123, 'validation/num_examples': 3554, 'test/ssim': 0.7393302842912245, 'test/loss': 0.28943263109553896, 'test/num_examples': 3581, 'score': 1416.5432102680206, 'total_duration': 1689.2920603752136, 'accumulated_submission_time': 1416.5432102680206, 'accumulated_eval_time': 272.06396198272705, 'accumulated_logging_time': 0.4738578796386719}
I0312 03:56:19.638470 140533158614784 logging_writer.py:48] [5638] accumulated_eval_time=272.063962, accumulated_logging_time=0.473858, accumulated_submission_time=1416.543210, global_step=5638, preemption_count=0, score=1416.543210, test/loss=0.289433, test/num_examples=3581, test/ssim=0.739330, total_duration=1689.292060, train/loss=0.266176, train/ssim=0.745493, validation/loss=0.287971, validation/num_examples=3554, validation/ssim=0.722029
I0312 03:56:32.338119 140533167007488 logging_writer.py:48] [5700] global_step=5700, grad_norm=0.0987635999917984, loss=0.2792591452598572
I0312 03:56:55.994156 140533158614784 logging_writer.py:48] [5800] global_step=5800, grad_norm=0.09851787239313126, loss=0.2714107930660248
I0312 03:57:19.947219 140533167007488 logging_writer.py:48] [5900] global_step=5900, grad_norm=0.09927917271852493, loss=0.28622764348983765
I0312 03:57:39.658060 140719016003392 spec.py:321] Evaluating on the training split.
I0312 03:57:41.028978 140719016003392 spec.py:333] Evaluating on the validation split.
I0312 03:57:42.351437 140719016003392 spec.py:349] Evaluating on the test split.
I0312 03:57:43.675135 140719016003392 submission_runner.py:420] Time since start: 1773.35s, 	Step: 5983, 	{'train/ssim': 0.7469315528869629, 'train/loss': 0.26584884098597933, 'validation/ssim': 0.7237229398213281, 'validation/loss': 0.2877302540106658, 'validation/num_examples': 3554, 'test/ssim': 0.7408738039086498, 'test/loss': 0.2891913538903239, 'test/num_examples': 3581, 'score': 1496.5398621559143, 'total_duration': 1773.3470647335052, 'accumulated_submission_time': 1496.5398621559143, 'accumulated_eval_time': 276.080983877182, 'accumulated_logging_time': 0.5024864673614502}
I0312 03:57:43.694949 140533158614784 logging_writer.py:48] [5983] accumulated_eval_time=276.080984, accumulated_logging_time=0.502486, accumulated_submission_time=1496.539862, global_step=5983, preemption_count=0, score=1496.539862, test/loss=0.289191, test/num_examples=3581, test/ssim=0.740874, total_duration=1773.347065, train/loss=0.265849, train/ssim=0.746932, validation/loss=0.287730, validation/num_examples=3554, validation/ssim=0.723723
I0312 03:57:43.712721 140533167007488 logging_writer.py:48] [5983] global_step=5983, preemption_count=0, score=1496.539862
I0312 03:57:45.152865 140719016003392 checkpoints.py:490] Saving checkpoint at step: 5983
I0312 03:57:45.463201 140719016003392 checkpoints.py:422] Saved checkpoint at /experiment_runs/prize_qualification_self_tuning/study_4/fastmri_jax/trial_1/checkpoint_5983
I0312 03:57:45.465137 140719016003392 checkpoint_utils.py:240] Saved checkpoint to /experiment_runs/prize_qualification_self_tuning/study_4/fastmri_jax/trial_1/checkpoint_5983.
I0312 03:57:45.907270 140719016003392 submission_runner.py:683] Final fastmri score: 1496.5398621559143
