python3 submission_runner.py --framework=jax --workload=criteo1tb --submission_path=prize_qualification_baselines/self_tuning/jax_nadamw_full_budget.py --data_dir=/data/criteo1tb --num_tuning_trials=1 --experiment_dir=/experiment_runs --experiment_name=prize_qualification_self_tuning/study_4 --overwrite=true --save_checkpoints=false --rng_seed=153091232 --max_global_steps=31998 --tuning_ruleset=self 2>&1 | tee -a /logs/criteo1tb_jax_03-13-2024-12-00-36.log
I0313 12:00:56.957143 140108137154368 logger_utils.py:76] Creating experiment directory at /experiment_runs/prize_qualification_self_tuning/study_4/criteo1tb_jax.
I0313 12:01:01.008020 140108137154368 xla_bridge.py:455] Unable to initialize backend 'rocm': NOT_FOUND: Could not find registered platform with name: "rocm". Available platform names are: CUDA Interpreter Host
I0313 12:01:01.009299 140108137154368 xla_bridge.py:455] Unable to initialize backend 'tpu': module 'jaxlib.xla_extension' has no attribute 'get_tpu_client'
I0313 12:01:01.009446 140108137154368 xla_bridge.py:455] Unable to initialize backend 'plugin': xla_extension has no attributes named get_plugin_device_client. Compile TensorFlow with //tensorflow/compiler/xla/python:enable_plugin_device set to true (defaults to false) to enable this.
I0313 12:01:02.037412 140108137154368 submission_runner.py:612] Creating directory at /experiment_runs/prize_qualification_self_tuning/study_4/criteo1tb_jax/trial_1.
I0313 12:01:02.240970 140108137154368 submission_runner.py:209] Initializing dataset.
I0313 12:01:02.241204 140108137154368 submission_runner.py:220] Initializing model.
I0313 12:01:09.099999 140108137154368 submission_runner.py:262] Initializing optimizer.
I0313 12:01:12.152847 140108137154368 submission_runner.py:269] Initializing metrics bundle.
I0313 12:01:12.153055 140108137154368 submission_runner.py:287] Initializing checkpoint and logger.
I0313 12:01:12.153944 140108137154368 checkpoints.py:915] Found no checkpoint files in /experiment_runs/prize_qualification_self_tuning/study_4/criteo1tb_jax/trial_1 with prefix checkpoint_
I0313 12:01:12.154091 140108137154368 submission_runner.py:307] Saving meta data to /experiment_runs/prize_qualification_self_tuning/study_4/criteo1tb_jax/trial_1/meta_data_0.json.
I0313 12:01:12.154285 140108137154368 logger_utils.py:257] Unable to record workload.train_mean information. Continuing without it.
I0313 12:01:12.154346 140108137154368 logger_utils.py:257] Unable to record workload.train_stddev information. Continuing without it.
fatal: detected dubious ownership in repository at '/algorithmic-efficiency'
To add an exception for this directory, call:

	git config --global --add safe.directory /algorithmic-efficiency
I0313 12:01:12.716996 140108137154368 logger_utils.py:220] Unable to record git information. Continuing without it.
I0313 12:01:13.245535 140108137154368 submission_runner.py:311] Saving flags to /experiment_runs/prize_qualification_self_tuning/study_4/criteo1tb_jax/trial_1/flags_0.json.
I0313 12:01:13.336040 140108137154368 submission_runner.py:321] Starting training loop.
I0313 12:01:34.062128 139946418489088 logging_writer.py:48] [0] global_step=0, grad_norm=2.193098545074463, loss=0.2684604823589325
I0313 12:01:34.076361 140108137154368 spec.py:321] Evaluating on the training split.
I0313 12:05:35.106309 140108137154368 spec.py:333] Evaluating on the validation split.
I0313 12:09:50.495473 140108137154368 spec.py:349] Evaluating on the test split.
I0313 12:14:38.951844 140108137154368 submission_runner.py:420] Time since start: 805.62s, 	Step: 1, 	{'train/loss': 0.2663397727616178, 'validation/loss': 0.2667628934273754, 'validation/num_examples': 83274637, 'test/loss': 0.2684693901110197, 'test/num_examples': 95000000, 'score': 20.74029541015625, 'total_duration': 805.6157176494598, 'accumulated_submission_time': 20.74029541015625, 'accumulated_eval_time': 784.8753859996796, 'accumulated_logging_time': 0}
I0313 12:14:38.971386 139931401824000 logging_writer.py:48] [1] accumulated_eval_time=784.875386, accumulated_logging_time=0, accumulated_submission_time=20.740295, global_step=1, preemption_count=0, score=20.740295, test/loss=0.268469, test/num_examples=95000000, total_duration=805.615718, train/loss=0.266340, validation/loss=0.266763, validation/num_examples=83274637
I0313 12:15:39.616576 139931393431296 logging_writer.py:48] [100] global_step=100, grad_norm=0.1049300953745842, loss=0.13651466369628906
I0313 12:16:39.327537 140108137154368 spec.py:321] Evaluating on the training split.
I0313 12:20:44.145188 140108137154368 spec.py:333] Evaluating on the validation split.
I0313 12:24:02.962623 140108137154368 spec.py:349] Evaluating on the test split.
I0313 12:27:35.423580 140108137154368 submission_runner.py:420] Time since start: 1582.09s, 	Step: 179, 	{'train/loss': 0.1278894952023929, 'validation/loss': 0.12841995459600816, 'validation/num_examples': 83274637, 'test/loss': 0.1307766509457237, 'test/num_examples': 95000000, 'score': 141.08283019065857, 'total_duration': 1582.0874617099762, 'accumulated_submission_time': 141.08283019065857, 'accumulated_eval_time': 1440.9713680744171, 'accumulated_logging_time': 0.027174949645996094}
I0313 12:27:35.436996 139931401824000 logging_writer.py:48] [179] accumulated_eval_time=1440.971368, accumulated_logging_time=0.027175, accumulated_submission_time=141.082830, global_step=179, preemption_count=0, score=141.082830, test/loss=0.130777, test/num_examples=95000000, total_duration=1582.087462, train/loss=0.127889, validation/loss=0.128420, validation/num_examples=83274637
I0313 12:27:37.569452 139931393431296 logging_writer.py:48] [200] global_step=200, grad_norm=0.06072267144918442, loss=0.12368205189704895
I0313 12:28:49.930058 139931401824000 logging_writer.py:48] [300] global_step=300, grad_norm=0.01461277436465025, loss=0.13404481112957
I0313 12:29:36.020512 140108137154368 spec.py:321] Evaluating on the training split.
I0313 12:33:29.385311 140108137154368 spec.py:333] Evaluating on the validation split.
I0313 12:36:33.111301 140108137154368 spec.py:349] Evaluating on the test split.
I0313 12:40:03.313430 140108137154368 submission_runner.py:420] Time since start: 2329.98s, 	Step: 359, 	{'train/loss': 0.12441125674958124, 'validation/loss': 0.12693612732055123, 'validation/num_examples': 83274637, 'test/loss': 0.12947785363898026, 'test/num_examples': 95000000, 'score': 261.6510796546936, 'total_duration': 2329.977290391922, 'accumulated_submission_time': 261.6510796546936, 'accumulated_eval_time': 2068.264231443405, 'accumulated_logging_time': 0.04933047294616699}
I0313 12:40:03.326536 139931393431296 logging_writer.py:48] [359] accumulated_eval_time=2068.264231, accumulated_logging_time=0.049330, accumulated_submission_time=261.651080, global_step=359, preemption_count=0, score=261.651080, test/loss=0.129478, test/num_examples=95000000, total_duration=2329.977290, train/loss=0.124411, validation/loss=0.126936, validation/num_examples=83274637
I0313 12:40:18.254539 139931401824000 logging_writer.py:48] [400] global_step=400, grad_norm=0.0061301421374082565, loss=0.13142456114292145
I0313 12:41:36.577767 139931393431296 logging_writer.py:48] [500] global_step=500, grad_norm=0.0361698642373085, loss=0.13268113136291504
I0313 12:42:04.040723 140108137154368 spec.py:321] Evaluating on the training split.
I0313 12:45:48.160367 140108137154368 spec.py:333] Evaluating on the validation split.
I0313 12:48:50.648014 140108137154368 spec.py:349] Evaluating on the test split.
I0313 12:52:19.833366 140108137154368 submission_runner.py:420] Time since start: 3066.50s, 	Step: 537, 	{'train/loss': 0.12428238925834496, 'validation/loss': 0.12608906459113228, 'validation/num_examples': 83274637, 'test/loss': 0.12839804850945724, 'test/num_examples': 95000000, 'score': 382.3513696193695, 'total_duration': 3066.497213602066, 'accumulated_submission_time': 382.3513696193695, 'accumulated_eval_time': 2684.0567717552185, 'accumulated_logging_time': 0.07031559944152832}
I0313 12:52:19.849508 139931401824000 logging_writer.py:48] [537] accumulated_eval_time=2684.056772, accumulated_logging_time=0.070316, accumulated_submission_time=382.351370, global_step=537, preemption_count=0, score=382.351370, test/loss=0.128398, test/num_examples=95000000, total_duration=3066.497214, train/loss=0.124282, validation/loss=0.126089, validation/num_examples=83274637
I0313 12:52:51.931324 139931393431296 logging_writer.py:48] [600] global_step=600, grad_norm=0.008588647469878197, loss=0.11881730705499649
I0313 12:54:05.586701 139931401824000 logging_writer.py:48] [700] global_step=700, grad_norm=0.015747159719467163, loss=0.12343287467956543
I0313 12:54:20.110587 140108137154368 spec.py:321] Evaluating on the training split.
I0313 12:58:10.045897 140108137154368 spec.py:333] Evaluating on the validation split.
I0313 13:01:10.338825 140108137154368 spec.py:349] Evaluating on the test split.
I0313 13:04:55.421608 140108137154368 submission_runner.py:420] Time since start: 3822.09s, 	Step: 719, 	{'train/loss': 0.12502954137634556, 'validation/loss': 0.12591495287051283, 'validation/num_examples': 83274637, 'test/loss': 0.12848538270970394, 'test/num_examples': 95000000, 'score': 502.5978763103485, 'total_duration': 3822.0854988098145, 'accumulated_submission_time': 502.5978763103485, 'accumulated_eval_time': 3319.3677339553833, 'accumulated_logging_time': 0.09481978416442871}
I0313 13:04:55.437202 139931393431296 logging_writer.py:48] [719] accumulated_eval_time=3319.367734, accumulated_logging_time=0.094820, accumulated_submission_time=502.597876, global_step=719, preemption_count=0, score=502.597876, test/loss=0.128485, test/num_examples=95000000, total_duration=3822.085499, train/loss=0.125030, validation/loss=0.125915, validation/num_examples=83274637
I0313 13:05:42.723448 139931401824000 logging_writer.py:48] [800] global_step=800, grad_norm=0.030275773257017136, loss=0.1227378100156784
I0313 13:06:56.166157 140108137154368 spec.py:321] Evaluating on the training split.
I0313 13:10:34.240526 140108137154368 spec.py:333] Evaluating on the validation split.
I0313 13:13:31.103831 140108137154368 spec.py:349] Evaluating on the test split.
I0313 13:16:55.227850 140108137154368 submission_runner.py:420] Time since start: 4541.89s, 	Step: 894, 	{'train/loss': 0.12480437277622942, 'validation/loss': 0.12549945027712753, 'validation/num_examples': 83274637, 'test/loss': 0.12796916204769737, 'test/num_examples': 95000000, 'score': 623.3132708072662, 'total_duration': 4541.891732931137, 'accumulated_submission_time': 623.3132708072662, 'accumulated_eval_time': 3918.4293892383575, 'accumulated_logging_time': 0.11799287796020508}
I0313 13:16:55.241343 139931393431296 logging_writer.py:48] [894] accumulated_eval_time=3918.429389, accumulated_logging_time=0.117993, accumulated_submission_time=623.313271, global_step=894, preemption_count=0, score=623.313271, test/loss=0.127969, test/num_examples=95000000, total_duration=4541.891733, train/loss=0.124804, validation/loss=0.125499, validation/num_examples=83274637
I0313 13:16:55.940477 139931401824000 logging_writer.py:48] [900] global_step=900, grad_norm=0.017587512731552124, loss=0.12058120965957642
I0313 13:17:58.439428 139931393431296 logging_writer.py:48] [1000] global_step=1000, grad_norm=0.009079210460186005, loss=0.13148701190948486
I0313 13:18:55.760066 140108137154368 spec.py:321] Evaluating on the training split.
I0313 13:22:29.917221 140108137154368 spec.py:333] Evaluating on the validation split.
I0313 13:25:18.136399 140108137154368 spec.py:349] Evaluating on the test split.
I0313 13:28:45.329620 140108137154368 submission_runner.py:420] Time since start: 5251.99s, 	Step: 1075, 	{'train/loss': 0.12428111447103368, 'validation/loss': 0.12574893945359153, 'validation/num_examples': 83274637, 'test/loss': 0.12820133589638158, 'test/num_examples': 95000000, 'score': 743.8181428909302, 'total_duration': 5251.9934985637665, 'accumulated_submission_time': 743.8181428909302, 'accumulated_eval_time': 4507.998911142349, 'accumulated_logging_time': 0.1389319896697998}
I0313 13:28:45.342567 139931401824000 logging_writer.py:48] [1075] accumulated_eval_time=4507.998911, accumulated_logging_time=0.138932, accumulated_submission_time=743.818143, global_step=1075, preemption_count=0, score=743.818143, test/loss=0.128201, test/num_examples=95000000, total_duration=5251.993499, train/loss=0.124281, validation/loss=0.125749, validation/num_examples=83274637
I0313 13:28:47.849286 139931393431296 logging_writer.py:48] [1100] global_step=1100, grad_norm=0.0041403514333069324, loss=0.11760338395833969
I0313 13:30:07.587638 139931401824000 logging_writer.py:48] [1200] global_step=1200, grad_norm=0.004664942622184753, loss=0.12518133223056793
I0313 13:30:45.363927 140108137154368 spec.py:321] Evaluating on the training split.
I0313 13:33:46.683637 140108137154368 spec.py:333] Evaluating on the validation split.
I0313 13:36:16.568466 140108137154368 spec.py:349] Evaluating on the test split.
I0313 13:39:21.020860 140108137154368 submission_runner.py:420] Time since start: 5887.68s, 	Step: 1250, 	{'train/loss': 0.12562320653185155, 'validation/loss': 0.12576730643149825, 'validation/num_examples': 83274637, 'test/loss': 0.12824639382195724, 'test/num_examples': 95000000, 'score': 863.8242483139038, 'total_duration': 5887.684747219086, 'accumulated_submission_time': 863.8242483139038, 'accumulated_eval_time': 5023.655802726746, 'accumulated_logging_time': 0.16107606887817383}
I0313 13:39:21.034465 139931393431296 logging_writer.py:48] [1250] accumulated_eval_time=5023.655803, accumulated_logging_time=0.161076, accumulated_submission_time=863.824248, global_step=1250, preemption_count=0, score=863.824248, test/loss=0.128246, test/num_examples=95000000, total_duration=5887.684747, train/loss=0.125623, validation/loss=0.125767, validation/num_examples=83274637
I0313 13:39:43.178211 139931401824000 logging_writer.py:48] [1300] global_step=1300, grad_norm=0.015407336875796318, loss=0.12389787286520004
I0313 13:41:02.136069 139931393431296 logging_writer.py:48] [1400] global_step=1400, grad_norm=0.014607072807848454, loss=0.12413392961025238
I0313 13:41:21.062229 140108137154368 spec.py:321] Evaluating on the training split.
I0313 13:44:06.087089 140108137154368 spec.py:333] Evaluating on the validation split.
I0313 13:46:09.231091 140108137154368 spec.py:349] Evaluating on the test split.
I0313 13:48:46.396529 140108137154368 submission_runner.py:420] Time since start: 6453.06s, 	Step: 1425, 	{'train/loss': 0.12536879285654556, 'validation/loss': 0.12556197654248705, 'validation/num_examples': 83274637, 'test/loss': 0.12778893638980263, 'test/num_examples': 95000000, 'score': 983.8378643989563, 'total_duration': 6453.060389280319, 'accumulated_submission_time': 983.8378643989563, 'accumulated_eval_time': 5468.990014791489, 'accumulated_logging_time': 0.18267369270324707}
I0313 13:48:46.409706 139931401824000 logging_writer.py:48] [1425] accumulated_eval_time=5468.990015, accumulated_logging_time=0.182674, accumulated_submission_time=983.837864, global_step=1425, preemption_count=0, score=983.837864, test/loss=0.127789, test/num_examples=95000000, total_duration=6453.060389, train/loss=0.125369, validation/loss=0.125562, validation/num_examples=83274637
I0313 13:49:28.733866 139931393431296 logging_writer.py:48] [1500] global_step=1500, grad_norm=0.020727181807160378, loss=0.12389516830444336
I0313 13:50:46.546135 139931401824000 logging_writer.py:48] [1600] global_step=1600, grad_norm=0.021942855790257454, loss=0.1221044585108757
I0313 13:50:46.550410 140108137154368 spec.py:321] Evaluating on the training split.
I0313 13:53:25.502829 140108137154368 spec.py:333] Evaluating on the validation split.
I0313 13:55:18.892524 140108137154368 spec.py:349] Evaluating on the test split.
I0313 13:57:56.517306 140108137154368 submission_runner.py:420] Time since start: 7003.18s, 	Step: 1601, 	{'train/loss': 0.12553408389337034, 'validation/loss': 0.1256407656669859, 'validation/num_examples': 83274637, 'test/loss': 0.1281505349814967, 'test/num_examples': 95000000, 'score': 1103.9650797843933, 'total_duration': 7003.181186199188, 'accumulated_submission_time': 1103.9650797843933, 'accumulated_eval_time': 5898.956813812256, 'accumulated_logging_time': 0.2033555507659912}
I0313 13:57:56.530198 139931393431296 logging_writer.py:48] [1601] accumulated_eval_time=5898.956814, accumulated_logging_time=0.203356, accumulated_submission_time=1103.965080, global_step=1601, preemption_count=0, score=1103.965080, test/loss=0.128151, test/num_examples=95000000, total_duration=7003.181186, train/loss=0.125534, validation/loss=0.125641, validation/num_examples=83274637
I0313 13:58:56.474229 139931401824000 logging_writer.py:48] [1700] global_step=1700, grad_norm=0.0041196756064891815, loss=0.12786102294921875
I0313 13:59:57.325667 140108137154368 spec.py:321] Evaluating on the training split.
I0313 14:02:32.453875 140108137154368 spec.py:333] Evaluating on the validation split.
I0313 14:04:37.245988 140108137154368 spec.py:349] Evaluating on the test split.
I0313 14:07:12.871166 140108137154368 submission_runner.py:420] Time since start: 7559.54s, 	Step: 1777, 	{'train/loss': 0.1241320770866466, 'validation/loss': 0.1254365534382523, 'validation/num_examples': 83274637, 'test/loss': 0.12772129855057565, 'test/num_examples': 95000000, 'score': 1224.7468779087067, 'total_duration': 7559.535044431686, 'accumulated_submission_time': 1224.7468779087067, 'accumulated_eval_time': 6334.5022485256195, 'accumulated_logging_time': 0.22403931617736816}
I0313 14:07:12.884452 139931393431296 logging_writer.py:48] [1777] accumulated_eval_time=6334.502249, accumulated_logging_time=0.224039, accumulated_submission_time=1224.746878, global_step=1777, preemption_count=0, score=1224.746878, test/loss=0.127721, test/num_examples=95000000, total_duration=7559.535044, train/loss=0.124132, validation/loss=0.125437, validation/num_examples=83274637
I0313 14:07:15.200525 139931401824000 logging_writer.py:48] [1800] global_step=1800, grad_norm=0.01006100233644247, loss=0.1294800490140915
I0313 14:08:31.562037 139931393431296 logging_writer.py:48] [1900] global_step=1900, grad_norm=0.018932506442070007, loss=0.1225959062576294
I0313 14:09:13.462682 140108137154368 spec.py:321] Evaluating on the training split.
I0313 14:12:01.737323 140108137154368 spec.py:333] Evaluating on the validation split.
I0313 14:13:55.964562 140108137154368 spec.py:349] Evaluating on the test split.
I0313 14:16:23.739969 140108137154368 submission_runner.py:420] Time since start: 8110.40s, 	Step: 1956, 	{'train/loss': 0.12492454116402557, 'validation/loss': 0.12539222889377472, 'validation/num_examples': 83274637, 'test/loss': 0.12773157369449012, 'test/num_examples': 95000000, 'score': 1345.3115315437317, 'total_duration': 8110.4038507938385, 'accumulated_submission_time': 1345.3115315437317, 'accumulated_eval_time': 6764.7794716358185, 'accumulated_logging_time': 0.24460434913635254}
I0313 14:16:23.753693 139931401824000 logging_writer.py:48] [1956] accumulated_eval_time=6764.779472, accumulated_logging_time=0.244604, accumulated_submission_time=1345.311532, global_step=1956, preemption_count=0, score=1345.311532, test/loss=0.127732, test/num_examples=95000000, total_duration=8110.403851, train/loss=0.124925, validation/loss=0.125392, validation/num_examples=83274637
I0313 14:16:40.740181 139931393431296 logging_writer.py:48] [2000] global_step=2000, grad_norm=0.019218286499381065, loss=0.11829710006713867
I0313 14:18:02.594367 139931401824000 logging_writer.py:48] [2100] global_step=2100, grad_norm=0.0058660623617470264, loss=0.12448102980852127
I0313 14:18:24.018651 140108137154368 spec.py:321] Evaluating on the training split.
I0313 14:21:24.515940 140108137154368 spec.py:333] Evaluating on the validation split.
I0313 14:23:33.003141 140108137154368 spec.py:349] Evaluating on the test split.
I0313 14:25:46.696195 140108137154368 submission_runner.py:420] Time since start: 8673.36s, 	Step: 2129, 	{'train/loss': 0.12391333139073923, 'validation/loss': 0.1254291004777774, 'validation/num_examples': 83274637, 'test/loss': 0.12800369385279606, 'test/num_examples': 95000000, 'score': 1465.5621354579926, 'total_duration': 8673.360074996948, 'accumulated_submission_time': 1465.5621354579926, 'accumulated_eval_time': 7207.456950187683, 'accumulated_logging_time': 0.26680922508239746}
I0313 14:25:46.709451 139931393431296 logging_writer.py:48] [2129] accumulated_eval_time=7207.456950, accumulated_logging_time=0.266809, accumulated_submission_time=1465.562135, global_step=2129, preemption_count=0, score=1465.562135, test/loss=0.128004, test/num_examples=95000000, total_duration=8673.360075, train/loss=0.123913, validation/loss=0.125429, validation/num_examples=83274637
I0313 14:26:25.293162 139931401824000 logging_writer.py:48] [2200] global_step=2200, grad_norm=0.007478216663002968, loss=0.12251456826925278
I0313 14:27:40.967428 139931393431296 logging_writer.py:48] [2300] global_step=2300, grad_norm=0.008873730897903442, loss=0.11721479892730713
I0313 14:27:46.893843 140108137154368 spec.py:321] Evaluating on the training split.
I0313 14:30:36.304869 140108137154368 spec.py:333] Evaluating on the validation split.
I0313 14:32:40.818800 140108137154368 spec.py:349] Evaluating on the test split.
I0313 14:35:15.437235 140108137154368 submission_runner.py:420] Time since start: 9242.10s, 	Step: 2309, 	{'train/loss': 0.12425833095872552, 'validation/loss': 0.1251300903017596, 'validation/num_examples': 83274637, 'test/loss': 0.12753795349506578, 'test/num_examples': 95000000, 'score': 1585.732696056366, 'total_duration': 9242.101125717163, 'accumulated_submission_time': 1585.732696056366, 'accumulated_eval_time': 7656.000282049179, 'accumulated_logging_time': 0.287703275680542}
I0313 14:35:15.450455 139931401824000 logging_writer.py:48] [2309] accumulated_eval_time=7656.000282, accumulated_logging_time=0.287703, accumulated_submission_time=1585.732696, global_step=2309, preemption_count=0, score=1585.732696, test/loss=0.127538, test/num_examples=95000000, total_duration=9242.101126, train/loss=0.124258, validation/loss=0.125130, validation/num_examples=83274637
I0313 14:36:10.877435 139931393431296 logging_writer.py:48] [2400] global_step=2400, grad_norm=0.015534790232777596, loss=0.1263425648212433
I0313 14:37:15.577528 140108137154368 spec.py:321] Evaluating on the training split.
I0313 14:40:12.135607 140108137154368 spec.py:333] Evaluating on the validation split.
I0313 14:42:22.488130 140108137154368 spec.py:349] Evaluating on the test split.
I0313 14:45:00.728919 140108137154368 submission_runner.py:420] Time since start: 9827.39s, 	Step: 2484, 	{'train/loss': 0.12525292860824358, 'validation/loss': 0.12496531290582773, 'validation/num_examples': 83274637, 'test/loss': 0.12728517642886514, 'test/num_examples': 95000000, 'score': 1705.8460566997528, 'total_duration': 9827.392796039581, 'accumulated_submission_time': 1705.8460566997528, 'accumulated_eval_time': 8121.151620388031, 'accumulated_logging_time': 0.3085925579071045}
I0313 14:45:00.742537 139931401824000 logging_writer.py:48] [2484] accumulated_eval_time=8121.151620, accumulated_logging_time=0.308593, accumulated_submission_time=1705.846057, global_step=2484, preemption_count=0, score=1705.846057, test/loss=0.127285, test/num_examples=95000000, total_duration=9827.392796, train/loss=0.125253, validation/loss=0.124965, validation/num_examples=83274637
I0313 14:45:02.389315 139931393431296 logging_writer.py:48] [2500] global_step=2500, grad_norm=0.021867785602808, loss=0.12869057059288025
I0313 14:46:15.386499 139931401824000 logging_writer.py:48] [2600] global_step=2600, grad_norm=0.02294742688536644, loss=0.12605635821819305
I0313 14:47:01.027764 140108137154368 spec.py:321] Evaluating on the training split.
I0313 14:49:49.000252 140108137154368 spec.py:333] Evaluating on the validation split.
I0313 14:52:06.229014 140108137154368 spec.py:349] Evaluating on the test split.
I0313 14:54:43.399053 140108137154368 submission_runner.py:420] Time since start: 10410.06s, 	Step: 2664, 	{'train/loss': 0.12306529431129401, 'validation/loss': 0.12472749262615557, 'validation/num_examples': 83274637, 'test/loss': 0.12712649776932566, 'test/num_examples': 95000000, 'score': 1826.1175792217255, 'total_duration': 10410.062943696976, 'accumulated_submission_time': 1826.1175792217255, 'accumulated_eval_time': 8583.522858858109, 'accumulated_logging_time': 0.329925537109375}
I0313 14:54:43.413131 139931393431296 logging_writer.py:48] [2664] accumulated_eval_time=8583.522859, accumulated_logging_time=0.329926, accumulated_submission_time=1826.117579, global_step=2664, preemption_count=0, score=1826.117579, test/loss=0.127126, test/num_examples=95000000, total_duration=10410.062944, train/loss=0.123065, validation/loss=0.124727, validation/num_examples=83274637
I0313 14:54:53.917152 139931401824000 logging_writer.py:48] [2700] global_step=2700, grad_norm=0.024058932438492775, loss=0.12214512377977371
I0313 14:56:16.069098 139931393431296 logging_writer.py:48] [2800] global_step=2800, grad_norm=0.019129712134599686, loss=0.11952772736549377
I0313 14:56:43.534375 140108137154368 spec.py:321] Evaluating on the training split.
I0313 14:59:24.959201 140108137154368 spec.py:333] Evaluating on the validation split.
I0313 15:01:24.783205 140108137154368 spec.py:349] Evaluating on the test split.
I0313 15:04:03.993188 140108137154368 submission_runner.py:420] Time since start: 10970.66s, 	Step: 2837, 	{'train/loss': 0.12400348950763168, 'validation/loss': 0.12477793479993457, 'validation/num_examples': 83274637, 'test/loss': 0.12715639592927633, 'test/num_examples': 95000000, 'score': 1946.2251484394073, 'total_duration': 10970.657076835632, 'accumulated_submission_time': 1946.2251484394073, 'accumulated_eval_time': 9023.981614589691, 'accumulated_logging_time': 0.35161828994750977}
I0313 15:04:04.007194 139931401824000 logging_writer.py:48] [2837] accumulated_eval_time=9023.981615, accumulated_logging_time=0.351618, accumulated_submission_time=1946.225148, global_step=2837, preemption_count=0, score=1946.225148, test/loss=0.127156, test/num_examples=95000000, total_duration=10970.657077, train/loss=0.124003, validation/loss=0.124778, validation/num_examples=83274637
I0313 15:04:36.827261 139931393431296 logging_writer.py:48] [2900] global_step=2900, grad_norm=0.010019594803452492, loss=0.12283028662204742
I0313 15:05:54.470432 139931401824000 logging_writer.py:48] [3000] global_step=3000, grad_norm=0.004922577179968357, loss=0.1201152428984642
I0313 15:06:04.129735 140108137154368 spec.py:321] Evaluating on the training split.
I0313 15:08:45.211631 140108137154368 spec.py:333] Evaluating on the validation split.
I0313 15:10:43.631837 140108137154368 spec.py:349] Evaluating on the test split.
I0313 15:13:23.670779 140108137154368 submission_runner.py:420] Time since start: 11530.33s, 	Step: 3013, 	{'train/loss': 0.12447365974339675, 'validation/loss': 0.12477526099474884, 'validation/num_examples': 83274637, 'test/loss': 0.12707891254111842, 'test/num_examples': 95000000, 'score': 2066.3307497501373, 'total_duration': 11530.33465719223, 'accumulated_submission_time': 2066.3307497501373, 'accumulated_eval_time': 9463.522585868835, 'accumulated_logging_time': 0.3764607906341553}
I0313 15:13:23.684316 139931393431296 logging_writer.py:48] [3013] accumulated_eval_time=9463.522586, accumulated_logging_time=0.376461, accumulated_submission_time=2066.330750, global_step=3013, preemption_count=0, score=2066.330750, test/loss=0.127079, test/num_examples=95000000, total_duration=11530.334657, train/loss=0.124474, validation/loss=0.124775, validation/num_examples=83274637
I0313 15:14:15.559305 139931401824000 logging_writer.py:48] [3100] global_step=3100, grad_norm=0.00842746626585722, loss=0.12468647956848145
I0313 15:15:23.930822 140108137154368 spec.py:321] Evaluating on the training split.
I0313 15:18:13.475059 140108137154368 spec.py:333] Evaluating on the validation split.
I0313 15:20:17.554475 140108137154368 spec.py:349] Evaluating on the test split.
I0313 15:23:01.784360 140108137154368 submission_runner.py:420] Time since start: 12108.45s, 	Step: 3190, 	{'train/loss': 0.12338231193522613, 'validation/loss': 0.1250878789937997, 'validation/num_examples': 83274637, 'test/loss': 0.12761854540501644, 'test/num_examples': 95000000, 'score': 2186.563698530197, 'total_duration': 12108.448246002197, 'accumulated_submission_time': 2186.563698530197, 'accumulated_eval_time': 9921.376066923141, 'accumulated_logging_time': 0.3975801467895508}
I0313 15:23:01.799228 139931393431296 logging_writer.py:48] [3190] accumulated_eval_time=9921.376067, accumulated_logging_time=0.397580, accumulated_submission_time=2186.563699, global_step=3190, preemption_count=0, score=2186.563699, test/loss=0.127619, test/num_examples=95000000, total_duration=12108.448246, train/loss=0.123382, validation/loss=0.125088, validation/num_examples=83274637
I0313 15:23:02.877096 139931401824000 logging_writer.py:48] [3200] global_step=3200, grad_norm=0.015292693860828876, loss=0.12036453932523727
I0313 15:24:13.227346 139931393431296 logging_writer.py:48] [3300] global_step=3300, grad_norm=0.007746675051748753, loss=0.12430441379547119
I0313 15:25:02.293004 140108137154368 spec.py:321] Evaluating on the training split.
I0313 15:27:46.278195 140108137154368 spec.py:333] Evaluating on the validation split.
I0313 15:29:55.749995 140108137154368 spec.py:349] Evaluating on the test split.
I0313 15:32:29.349287 140108137154368 submission_runner.py:420] Time since start: 12676.01s, 	Step: 3363, 	{'train/loss': 0.12430244250773634, 'validation/loss': 0.12492461583044225, 'validation/num_examples': 83274637, 'test/loss': 0.12736335068873356, 'test/num_examples': 95000000, 'score': 2307.043375492096, 'total_duration': 12676.013177394867, 'accumulated_submission_time': 2307.043375492096, 'accumulated_eval_time': 10368.43229842186, 'accumulated_logging_time': 0.42014646530151367}
I0313 15:32:29.363130 139931401824000 logging_writer.py:48] [3363] accumulated_eval_time=10368.432298, accumulated_logging_time=0.420146, accumulated_submission_time=2307.043375, global_step=3363, preemption_count=0, score=2307.043375, test/loss=0.127363, test/num_examples=95000000, total_duration=12676.013177, train/loss=0.124302, validation/loss=0.124925, validation/num_examples=83274637
I0313 15:32:40.912529 139931393431296 logging_writer.py:48] [3400] global_step=3400, grad_norm=0.018191784620285034, loss=0.11702757328748703
I0313 15:34:02.519577 139931401824000 logging_writer.py:48] [3500] global_step=3500, grad_norm=0.009586415253579617, loss=0.12326090782880783
I0313 15:34:30.052044 140108137154368 spec.py:321] Evaluating on the training split.
I0313 15:37:22.235221 140108137154368 spec.py:333] Evaluating on the validation split.
I0313 15:39:33.588498 140108137154368 spec.py:349] Evaluating on the test split.
I0313 15:42:04.968300 140108137154368 submission_runner.py:420] Time since start: 13251.63s, 	Step: 3536, 	{'train/loss': 0.12318343655118402, 'validation/loss': 0.12476225846719992, 'validation/num_examples': 83274637, 'test/loss': 0.127071047265625, 'test/num_examples': 95000000, 'score': 2427.7164137363434, 'total_duration': 13251.632189273834, 'accumulated_submission_time': 2427.7164137363434, 'accumulated_eval_time': 10823.348504304886, 'accumulated_logging_time': 0.4440338611602783}
I0313 15:42:04.982145 139931393431296 logging_writer.py:48] [3536] accumulated_eval_time=10823.348504, accumulated_logging_time=0.444034, accumulated_submission_time=2427.716414, global_step=3536, preemption_count=0, score=2427.716414, test/loss=0.127071, test/num_examples=95000000, total_duration=13251.632189, train/loss=0.123183, validation/loss=0.124762, validation/num_examples=83274637
I0313 15:42:38.114724 139931401824000 logging_writer.py:48] [3600] global_step=3600, grad_norm=0.0093434052541852, loss=0.13316886126995087
I0313 15:43:56.130177 139931393431296 logging_writer.py:48] [3700] global_step=3700, grad_norm=0.005449713673442602, loss=0.1251385360956192
I0313 15:44:04.994521 140108137154368 spec.py:321] Evaluating on the training split.
I0313 15:47:05.041000 140108137154368 spec.py:333] Evaluating on the validation split.
I0313 15:49:16.535522 140108137154368 spec.py:349] Evaluating on the test split.
I0313 15:52:02.334100 140108137154368 submission_runner.py:420] Time since start: 13849.00s, 	Step: 3713, 	{'train/loss': 0.12183909337241319, 'validation/loss': 0.12471181963561877, 'validation/num_examples': 83274637, 'test/loss': 0.12706552214226974, 'test/num_examples': 95000000, 'score': 2547.7152211666107, 'total_duration': 13848.997977733612, 'accumulated_submission_time': 2547.7152211666107, 'accumulated_eval_time': 11300.688010931015, 'accumulated_logging_time': 0.465282678604126}
I0313 15:52:02.347819 139931401824000 logging_writer.py:48] [3713] accumulated_eval_time=11300.688011, accumulated_logging_time=0.465283, accumulated_submission_time=2547.715221, global_step=3713, preemption_count=0, score=2547.715221, test/loss=0.127066, test/num_examples=95000000, total_duration=13848.997978, train/loss=0.121839, validation/loss=0.124712, validation/num_examples=83274637
I0313 15:52:49.970801 139931393431296 logging_writer.py:48] [3800] global_step=3800, grad_norm=0.007183823734521866, loss=0.12695439159870148
I0313 15:54:02.897369 140108137154368 spec.py:321] Evaluating on the training split.
I0313 15:56:49.760394 140108137154368 spec.py:333] Evaluating on the validation split.
I0313 15:59:00.898221 140108137154368 spec.py:349] Evaluating on the test split.
I0313 16:01:48.157633 140108137154368 submission_runner.py:420] Time since start: 14434.82s, 	Step: 3896, 	{'train/loss': 0.1240636574444156, 'validation/loss': 0.12482209958149157, 'validation/num_examples': 83274637, 'test/loss': 0.12720688800370067, 'test/num_examples': 95000000, 'score': 2668.2507762908936, 'total_duration': 14434.821523189545, 'accumulated_submission_time': 2668.2507762908936, 'accumulated_eval_time': 11765.948224782944, 'accumulated_logging_time': 0.4866828918457031}
I0313 16:01:48.171432 139931401824000 logging_writer.py:48] [3896] accumulated_eval_time=11765.948225, accumulated_logging_time=0.486683, accumulated_submission_time=2668.250776, global_step=3896, preemption_count=0, score=2668.250776, test/loss=0.127207, test/num_examples=95000000, total_duration=14434.821523, train/loss=0.124064, validation/loss=0.124822, validation/num_examples=83274637
I0313 16:01:48.677603 139931393431296 logging_writer.py:48] [3900] global_step=3900, grad_norm=0.026726417243480682, loss=0.12132137268781662
I0313 16:02:49.012572 139931401824000 logging_writer.py:48] [4000] global_step=4000, grad_norm=0.009785220958292484, loss=0.12559930980205536
I0313 16:03:48.777398 140108137154368 spec.py:321] Evaluating on the training split.
I0313 16:06:46.816988 140108137154368 spec.py:333] Evaluating on the validation split.
I0313 16:08:50.766994 140108137154368 spec.py:349] Evaluating on the test split.
I0313 16:11:33.198322 140108137154368 submission_runner.py:420] Time since start: 15019.86s, 	Step: 4077, 	{'train/loss': 0.12295469357017076, 'validation/loss': 0.12476375647545603, 'validation/num_examples': 83274637, 'test/loss': 0.12718895212787829, 'test/num_examples': 95000000, 'score': 2788.8390402793884, 'total_duration': 15019.862214803696, 'accumulated_submission_time': 2788.8390402793884, 'accumulated_eval_time': 12230.369115829468, 'accumulated_logging_time': 0.5120937824249268}
I0313 16:11:33.214397 139931393431296 logging_writer.py:48] [4077] accumulated_eval_time=12230.369116, accumulated_logging_time=0.512094, accumulated_submission_time=2788.839040, global_step=4077, preemption_count=0, score=2788.839040, test/loss=0.127189, test/num_examples=95000000, total_duration=15019.862215, train/loss=0.122955, validation/loss=0.124764, validation/num_examples=83274637
I0313 16:11:35.524772 139931401824000 logging_writer.py:48] [4100] global_step=4100, grad_norm=0.007735708728432655, loss=0.12698505818843842
I0313 16:12:53.943840 139931393431296 logging_writer.py:48] [4200] global_step=4200, grad_norm=0.01140411477535963, loss=0.1221986934542656
I0313 16:13:33.693754 140108137154368 spec.py:321] Evaluating on the training split.
I0313 16:16:24.039587 140108137154368 spec.py:333] Evaluating on the validation split.
I0313 16:18:31.530626 140108137154368 spec.py:349] Evaluating on the test split.
I0313 16:21:14.792074 140108137154368 submission_runner.py:420] Time since start: 15601.46s, 	Step: 4250, 	{'train/loss': 0.12266577961825349, 'validation/loss': 0.12458873719566994, 'validation/num_examples': 83274637, 'test/loss': 0.12697111148231907, 'test/num_examples': 95000000, 'score': 2909.3049216270447, 'total_duration': 15601.455958843231, 'accumulated_submission_time': 2909.3049216270447, 'accumulated_eval_time': 12691.46737909317, 'accumulated_logging_time': 0.5355861186981201}
I0313 16:21:14.806071 139931401824000 logging_writer.py:48] [4250] accumulated_eval_time=12691.467379, accumulated_logging_time=0.535586, accumulated_submission_time=2909.304922, global_step=4250, preemption_count=0, score=2909.304922, test/loss=0.126971, test/num_examples=95000000, total_duration=15601.455959, train/loss=0.122666, validation/loss=0.124589, validation/num_examples=83274637
I0313 16:21:37.091461 139931393431296 logging_writer.py:48] [4300] global_step=4300, grad_norm=0.01579144224524498, loss=0.13019061088562012
I0313 16:22:56.003561 139931401824000 logging_writer.py:48] [4400] global_step=4400, grad_norm=0.012395812198519707, loss=0.12255643308162689
I0313 16:23:15.019626 140108137154368 spec.py:321] Evaluating on the training split.
I0313 16:25:59.183736 140108137154368 spec.py:333] Evaluating on the validation split.
I0313 16:28:06.792728 140108137154368 spec.py:349] Evaluating on the test split.
I0313 16:30:45.670980 140108137154368 submission_runner.py:420] Time since start: 16172.33s, 	Step: 4427, 	{'train/loss': 0.12349770966706411, 'validation/loss': 0.12454153744047354, 'validation/num_examples': 83274637, 'test/loss': 0.12676891097861842, 'test/num_examples': 95000000, 'score': 3029.503550052643, 'total_duration': 16172.334873914719, 'accumulated_submission_time': 3029.503550052643, 'accumulated_eval_time': 13142.118698596954, 'accumulated_logging_time': 0.5581104755401611}
I0313 16:30:45.685332 139931393431296 logging_writer.py:48] [4427] accumulated_eval_time=13142.118699, accumulated_logging_time=0.558110, accumulated_submission_time=3029.503550, global_step=4427, preemption_count=0, score=3029.503550, test/loss=0.126769, test/num_examples=95000000, total_duration=16172.334874, train/loss=0.123498, validation/loss=0.124542, validation/num_examples=83274637
I0313 16:31:26.768373 139931401824000 logging_writer.py:48] [4500] global_step=4500, grad_norm=0.011335188522934914, loss=0.12226565182209015
I0313 16:32:45.745596 140108137154368 spec.py:321] Evaluating on the training split.
I0313 16:35:48.287935 140108137154368 spec.py:333] Evaluating on the validation split.
I0313 16:37:55.568977 140108137154368 spec.py:349] Evaluating on the test split.
I0313 16:40:34.074902 140108137154368 submission_runner.py:420] Time since start: 16760.74s, 	Step: 4600, 	{'train/loss': 0.12428326755996395, 'validation/loss': 0.12419431251309072, 'validation/num_examples': 83274637, 'test/loss': 0.12650228640008224, 'test/num_examples': 95000000, 'score': 3149.548124074936, 'total_duration': 16760.738788843155, 'accumulated_submission_time': 3149.548124074936, 'accumulated_eval_time': 13610.447952508926, 'accumulated_logging_time': 0.5820302963256836}
I0313 16:40:34.088864 139931393431296 logging_writer.py:48] [4600] accumulated_eval_time=13610.447953, accumulated_logging_time=0.582030, accumulated_submission_time=3149.548124, global_step=4600, preemption_count=0, score=3149.548124, test/loss=0.126502, test/num_examples=95000000, total_duration=16760.738789, train/loss=0.124283, validation/loss=0.124194, validation/num_examples=83274637
I0313 16:40:34.204313 139931401824000 logging_writer.py:48] [4600] global_step=4600, grad_norm=0.007830576971173286, loss=0.11811897158622742
I0313 16:41:38.133054 139931393431296 logging_writer.py:48] [4700] global_step=4700, grad_norm=0.004468882922083139, loss=0.11644040048122406
I0313 16:42:34.475238 140108137154368 spec.py:321] Evaluating on the training split.
I0313 16:45:38.558956 140108137154368 spec.py:333] Evaluating on the validation split.
I0313 16:48:01.210402 140108137154368 spec.py:349] Evaluating on the test split.
I0313 16:50:39.883266 140108137154368 submission_runner.py:420] Time since start: 17366.55s, 	Step: 4774, 	{'train/loss': 0.12296181465001227, 'validation/loss': 0.12436190392820326, 'validation/num_examples': 83274637, 'test/loss': 0.12672130377261512, 'test/num_examples': 95000000, 'score': 3269.919935464859, 'total_duration': 17366.54714846611, 'accumulated_submission_time': 3269.919935464859, 'accumulated_eval_time': 14095.855922222137, 'accumulated_logging_time': 0.6045966148376465}
I0313 16:50:39.897832 139931401824000 logging_writer.py:48] [4774] accumulated_eval_time=14095.855922, accumulated_logging_time=0.604597, accumulated_submission_time=3269.919935, global_step=4774, preemption_count=0, score=3269.919935, test/loss=0.126721, test/num_examples=95000000, total_duration=17366.547148, train/loss=0.122962, validation/loss=0.124362, validation/num_examples=83274637
I0313 16:50:42.495120 139931393431296 logging_writer.py:48] [4800] global_step=4800, grad_norm=0.004924645181745291, loss=0.13438409566879272
I0313 16:52:02.460190 139931401824000 logging_writer.py:48] [4900] global_step=4900, grad_norm=0.022185467183589935, loss=0.13152313232421875
I0313 16:52:40.034521 140108137154368 spec.py:321] Evaluating on the training split.
I0313 16:55:35.146703 140108137154368 spec.py:333] Evaluating on the validation split.
I0313 16:57:59.413388 140108137154368 spec.py:349] Evaluating on the test split.
I0313 17:00:38.547883 140108137154368 submission_runner.py:420] Time since start: 17965.21s, 	Step: 4955, 	{'train/loss': 0.12325817642956034, 'validation/loss': 0.12424465824980307, 'validation/num_examples': 83274637, 'test/loss': 0.12651160894325658, 'test/num_examples': 95000000, 'score': 3390.0426785945892, 'total_duration': 17965.211741685867, 'accumulated_submission_time': 3390.0426785945892, 'accumulated_eval_time': 14574.3692009449, 'accumulated_logging_time': 0.626798152923584}
I0313 17:00:38.566987 139931393431296 logging_writer.py:48] [4955] accumulated_eval_time=14574.369201, accumulated_logging_time=0.626798, accumulated_submission_time=3390.042679, global_step=4955, preemption_count=0, score=3390.042679, test/loss=0.126512, test/num_examples=95000000, total_duration=17965.211742, train/loss=0.123258, validation/loss=0.124245, validation/num_examples=83274637
I0313 17:00:56.855269 139931401824000 logging_writer.py:48] [5000] global_step=5000, grad_norm=0.014331178739666939, loss=0.13095463812351227
I0313 17:02:14.189192 139931393431296 logging_writer.py:48] [5100] global_step=5100, grad_norm=0.00950773898512125, loss=0.1202390044927597
I0313 17:02:39.082638 140108137154368 spec.py:321] Evaluating on the training split.
I0313 17:05:22.633440 140108137154368 spec.py:333] Evaluating on the validation split.
I0313 17:07:36.294367 140108137154368 spec.py:349] Evaluating on the test split.
I0313 17:10:21.046075 140108137154368 submission_runner.py:420] Time since start: 18547.71s, 	Step: 5133, 	{'train/loss': 0.12190723590224793, 'validation/loss': 0.12426243245080883, 'validation/num_examples': 83274637, 'test/loss': 0.1266374898334704, 'test/num_examples': 95000000, 'score': 3510.5426092147827, 'total_duration': 18547.709943056107, 'accumulated_submission_time': 3510.5426092147827, 'accumulated_eval_time': 15036.332559347153, 'accumulated_logging_time': 0.6554334163665771}
I0313 17:10:21.060959 139931401824000 logging_writer.py:48] [5133] accumulated_eval_time=15036.332559, accumulated_logging_time=0.655433, accumulated_submission_time=3510.542609, global_step=5133, preemption_count=0, score=3510.542609, test/loss=0.126637, test/num_examples=95000000, total_duration=18547.709943, train/loss=0.121907, validation/loss=0.124262, validation/num_examples=83274637
I0313 17:10:56.287389 139931393431296 logging_writer.py:48] [5200] global_step=5200, grad_norm=0.013233238831162453, loss=0.1289348006248474
I0313 17:12:15.158709 139931401824000 logging_writer.py:48] [5300] global_step=5300, grad_norm=0.01322975568473339, loss=0.12450665235519409
I0313 17:12:21.551230 140108137154368 spec.py:321] Evaluating on the training split.
I0313 17:15:10.010871 140108137154368 spec.py:333] Evaluating on the validation split.
I0313 17:17:25.115188 140108137154368 spec.py:349] Evaluating on the test split.
I0313 17:20:10.471215 140108137154368 submission_runner.py:420] Time since start: 19137.14s, 	Step: 5309, 	{'train/loss': 0.12219644191458165, 'validation/loss': 0.12415125172984467, 'validation/num_examples': 83274637, 'test/loss': 0.12648417453741775, 'test/num_examples': 95000000, 'score': 3631.0150191783905, 'total_duration': 19137.135103940964, 'accumulated_submission_time': 3631.0150191783905, 'accumulated_eval_time': 15505.252483844757, 'accumulated_logging_time': 0.6820833683013916}
I0313 17:20:10.485471 139931393431296 logging_writer.py:48] [5309] accumulated_eval_time=15505.252484, accumulated_logging_time=0.682083, accumulated_submission_time=3631.015019, global_step=5309, preemption_count=0, score=3631.015019, test/loss=0.126484, test/num_examples=95000000, total_duration=19137.135104, train/loss=0.122196, validation/loss=0.124151, validation/num_examples=83274637
I0313 17:21:06.470677 139931401824000 logging_writer.py:48] [5400] global_step=5400, grad_norm=0.005955325439572334, loss=0.12125753611326218
I0313 17:22:10.692258 140108137154368 spec.py:321] Evaluating on the training split.
I0313 17:25:14.150763 140108137154368 spec.py:333] Evaluating on the validation split.
I0313 17:27:38.063668 140108137154368 spec.py:349] Evaluating on the test split.
I0313 17:30:15.506571 140108137154368 submission_runner.py:420] Time since start: 19742.17s, 	Step: 5486, 	{'train/loss': 0.12163182068030415, 'validation/loss': 0.12416940008696765, 'validation/num_examples': 83274637, 'test/loss': 0.1265668650596217, 'test/num_examples': 95000000, 'score': 3751.208186149597, 'total_duration': 19742.1704621315, 'accumulated_submission_time': 3751.208186149597, 'accumulated_eval_time': 15990.066748857498, 'accumulated_logging_time': 0.7038779258728027}
I0313 17:30:15.521143 139931393431296 logging_writer.py:48] [5486] accumulated_eval_time=15990.066749, accumulated_logging_time=0.703878, accumulated_submission_time=3751.208186, global_step=5486, preemption_count=0, score=3751.208186, test/loss=0.126567, test/num_examples=95000000, total_duration=19742.170462, train/loss=0.121632, validation/loss=0.124169, validation/num_examples=83274637
I0313 17:30:16.976385 139931401824000 logging_writer.py:48] [5500] global_step=5500, grad_norm=0.00654655322432518, loss=0.12862342596054077
I0313 17:31:28.778187 139931393431296 logging_writer.py:48] [5600] global_step=5600, grad_norm=0.005355869885534048, loss=0.11656902730464935
I0313 17:32:15.788252 140108137154368 spec.py:321] Evaluating on the training split.
I0313 17:35:01.919455 140108137154368 spec.py:333] Evaluating on the validation split.
I0313 17:37:17.170024 140108137154368 spec.py:349] Evaluating on the test split.
I0313 17:39:54.501400 140108137154368 submission_runner.py:420] Time since start: 20321.17s, 	Step: 5662, 	{'train/loss': 0.12209118743362667, 'validation/loss': 0.12415771910549202, 'validation/num_examples': 83274637, 'test/loss': 0.1265098257401316, 'test/num_examples': 95000000, 'score': 3871.4612600803375, 'total_duration': 20321.16526722908, 'accumulated_submission_time': 3871.4612600803375, 'accumulated_eval_time': 16448.77982020378, 'accumulated_logging_time': 0.726233959197998}
I0313 17:39:54.516852 139931401824000 logging_writer.py:48] [5662] accumulated_eval_time=16448.779820, accumulated_logging_time=0.726234, accumulated_submission_time=3871.461260, global_step=5662, preemption_count=0, score=3871.461260, test/loss=0.126510, test/num_examples=95000000, total_duration=20321.165267, train/loss=0.122091, validation/loss=0.124158, validation/num_examples=83274637
I0313 17:40:06.984071 139931393431296 logging_writer.py:48] [5700] global_step=5700, grad_norm=0.0060189347714185715, loss=0.12926864624023438
I0313 17:41:27.959620 139931401824000 logging_writer.py:48] [5800] global_step=5800, grad_norm=0.005689730867743492, loss=0.12165969610214233
I0313 17:41:54.742794 140108137154368 spec.py:321] Evaluating on the training split.
I0313 17:44:41.036533 140108137154368 spec.py:333] Evaluating on the validation split.
I0313 17:46:52.361563 140108137154368 spec.py:349] Evaluating on the test split.
I0313 17:49:28.393916 140108137154368 submission_runner.py:420] Time since start: 20895.06s, 	Step: 5834, 	{'train/loss': 0.12143505098731638, 'validation/loss': 0.1240995046858006, 'validation/num_examples': 83274637, 'test/loss': 0.1264106695106908, 'test/num_examples': 95000000, 'score': 3991.6688067913055, 'total_duration': 20895.05779361725, 'accumulated_submission_time': 3991.6688067913055, 'accumulated_eval_time': 16902.430883169174, 'accumulated_logging_time': 0.7541337013244629}
I0313 17:49:28.408355 139931393431296 logging_writer.py:48] [5834] accumulated_eval_time=16902.430883, accumulated_logging_time=0.754134, accumulated_submission_time=3991.668807, global_step=5834, preemption_count=0, score=3991.668807, test/loss=0.126411, test/num_examples=95000000, total_duration=20895.057794, train/loss=0.121435, validation/loss=0.124100, validation/num_examples=83274637
I0313 17:50:04.255677 139931401824000 logging_writer.py:48] [5900] global_step=5900, grad_norm=0.009266991168260574, loss=0.12151732295751572
I0313 17:51:22.782459 139931393431296 logging_writer.py:48] [6000] global_step=6000, grad_norm=0.014719006605446339, loss=0.12057488411664963
I0313 17:51:28.639305 140108137154368 spec.py:321] Evaluating on the training split.
I0313 17:54:18.249203 140108137154368 spec.py:333] Evaluating on the validation split.
I0313 17:56:33.518559 140108137154368 spec.py:349] Evaluating on the test split.
I0313 17:59:05.392568 140108137154368 submission_runner.py:420] Time since start: 21472.06s, 	Step: 6009, 	{'train/loss': 0.12491755321059587, 'validation/loss': 0.12420460936730426, 'validation/num_examples': 83274637, 'test/loss': 0.1266430611225329, 'test/num_examples': 95000000, 'score': 4111.884814977646, 'total_duration': 21472.056456804276, 'accumulated_submission_time': 4111.884814977646, 'accumulated_eval_time': 17359.184082746506, 'accumulated_logging_time': 0.7772493362426758}
I0313 17:59:05.407156 139931401824000 logging_writer.py:48] [6009] accumulated_eval_time=17359.184083, accumulated_logging_time=0.777249, accumulated_submission_time=4111.884815, global_step=6009, preemption_count=0, score=4111.884815, test/loss=0.126643, test/num_examples=95000000, total_duration=21472.056457, train/loss=0.124918, validation/loss=0.124205, validation/num_examples=83274637
I0313 18:00:01.933188 139931393431296 logging_writer.py:48] [6100] global_step=6100, grad_norm=0.00894683413207531, loss=0.12171655148267746
I0313 18:01:06.080113 140108137154368 spec.py:321] Evaluating on the training split.
I0313 18:04:16.243995 140108137154368 spec.py:333] Evaluating on the validation split.
I0313 18:06:31.068172 140108137154368 spec.py:349] Evaluating on the test split.
I0313 18:09:13.368129 140108137154368 submission_runner.py:420] Time since start: 22080.03s, 	Step: 6186, 	{'train/loss': 0.12220027751096015, 'validation/loss': 0.12408686185496559, 'validation/num_examples': 83274637, 'test/loss': 0.12649880463610197, 'test/num_examples': 95000000, 'score': 4232.543785095215, 'total_duration': 22080.032007217407, 'accumulated_submission_time': 4232.543785095215, 'accumulated_eval_time': 17846.472038030624, 'accumulated_logging_time': 0.7994480133056641}
I0313 18:09:13.384145 139931401824000 logging_writer.py:48] [6186] accumulated_eval_time=17846.472038, accumulated_logging_time=0.799448, accumulated_submission_time=4232.543785, global_step=6186, preemption_count=0, score=4232.543785, test/loss=0.126499, test/num_examples=95000000, total_duration=22080.032007, train/loss=0.122200, validation/loss=0.124087, validation/num_examples=83274637
I0313 18:09:14.843172 139931393431296 logging_writer.py:48] [6200] global_step=6200, grad_norm=0.00966573040932417, loss=0.1166185736656189
I0313 18:10:27.427558 139931401824000 logging_writer.py:48] [6300] global_step=6300, grad_norm=0.00988319143652916, loss=0.1316916048526764
I0313 18:11:13.819388 140108137154368 spec.py:321] Evaluating on the training split.
I0313 18:13:51.080482 140108137154368 spec.py:333] Evaluating on the validation split.
I0313 18:16:08.387421 140108137154368 spec.py:349] Evaluating on the test split.
I0313 18:18:50.868065 140108137154368 submission_runner.py:420] Time since start: 22657.53s, 	Step: 6359, 	{'train/loss': 0.12460690742628004, 'validation/loss': 0.12399301625816266, 'validation/num_examples': 83274637, 'test/loss': 0.12645298344983552, 'test/num_examples': 95000000, 'score': 4352.96163725853, 'total_duration': 22657.531947612762, 'accumulated_submission_time': 4352.96163725853, 'accumulated_eval_time': 18303.52065062523, 'accumulated_logging_time': 0.8268420696258545}
I0313 18:18:50.882806 139931393431296 logging_writer.py:48] [6359] accumulated_eval_time=18303.520651, accumulated_logging_time=0.826842, accumulated_submission_time=4352.961637, global_step=6359, preemption_count=0, score=4352.961637, test/loss=0.126453, test/num_examples=95000000, total_duration=22657.531948, train/loss=0.124607, validation/loss=0.123993, validation/num_examples=83274637
I0313 18:19:05.652714 139931401824000 logging_writer.py:48] [6400] global_step=6400, grad_norm=0.005149467848241329, loss=0.11973844468593597
I0313 18:20:26.811258 139931393431296 logging_writer.py:48] [6500] global_step=6500, grad_norm=0.005994849372655153, loss=0.12524306774139404
I0313 18:20:51.037539 140108137154368 spec.py:321] Evaluating on the training split.
I0313 18:23:36.073944 140108137154368 spec.py:333] Evaluating on the validation split.
I0313 18:25:50.474430 140108137154368 spec.py:349] Evaluating on the test split.
I0313 18:28:23.149649 140108137154368 submission_runner.py:420] Time since start: 23229.81s, 	Step: 6534, 	{'train/loss': 0.1224327812193887, 'validation/loss': 0.1240451114243618, 'validation/num_examples': 83274637, 'test/loss': 0.1264160886821546, 'test/num_examples': 95000000, 'score': 4473.102373123169, 'total_duration': 23229.813537836075, 'accumulated_submission_time': 4473.102373123169, 'accumulated_eval_time': 18755.632698059082, 'accumulated_logging_time': 0.8494350910186768}
I0313 18:28:23.164566 139931401824000 logging_writer.py:48] [6534] accumulated_eval_time=18755.632698, accumulated_logging_time=0.849435, accumulated_submission_time=4473.102373, global_step=6534, preemption_count=0, score=4473.102373, test/loss=0.126416, test/num_examples=95000000, total_duration=23229.813538, train/loss=0.122433, validation/loss=0.124045, validation/num_examples=83274637
I0313 18:28:58.992387 139931393431296 logging_writer.py:48] [6600] global_step=6600, grad_norm=0.006910034455358982, loss=0.12103200703859329
I0313 18:30:19.331788 139931401824000 logging_writer.py:48] [6700] global_step=6700, grad_norm=0.0069918339140713215, loss=0.12798790633678436
I0313 18:30:23.355427 140108137154368 spec.py:321] Evaluating on the training split.
I0313 18:33:28.657120 140108137154368 spec.py:333] Evaluating on the validation split.
I0313 18:35:42.395015 140108137154368 spec.py:349] Evaluating on the test split.
I0313 18:38:32.502767 140108137154368 submission_runner.py:420] Time since start: 23839.17s, 	Step: 6706, 	{'train/loss': 0.12371667647886576, 'validation/loss': 0.12402604719948561, 'validation/num_examples': 83274637, 'test/loss': 0.12635988017064145, 'test/num_examples': 95000000, 'score': 4593.279596328735, 'total_duration': 23839.16663122177, 'accumulated_submission_time': 4593.279596328735, 'accumulated_eval_time': 19244.77996492386, 'accumulated_logging_time': 0.8721582889556885}
I0313 18:38:32.518649 139931393431296 logging_writer.py:48] [6706] accumulated_eval_time=19244.779965, accumulated_logging_time=0.872158, accumulated_submission_time=4593.279596, global_step=6706, preemption_count=0, score=4593.279596, test/loss=0.126360, test/num_examples=95000000, total_duration=23839.166631, train/loss=0.123717, validation/loss=0.124026, validation/num_examples=83274637
I0313 18:39:29.901558 139931401824000 logging_writer.py:48] [6800] global_step=6800, grad_norm=0.005329143721610308, loss=0.12091319262981415
I0313 18:40:32.503167 140108137154368 spec.py:321] Evaluating on the training split.
I0313 18:43:25.746296 140108137154368 spec.py:333] Evaluating on the validation split.
I0313 18:45:38.725739 140108137154368 spec.py:349] Evaluating on the test split.
I0313 18:48:34.079134 140108137154368 submission_runner.py:420] Time since start: 24440.74s, 	Step: 6886, 	{'train/loss': 0.12376239762272474, 'validation/loss': 0.12393297834705287, 'validation/num_examples': 83274637, 'test/loss': 0.12628569274259868, 'test/num_examples': 95000000, 'score': 4713.245164394379, 'total_duration': 24440.743014335632, 'accumulated_submission_time': 4713.245164394379, 'accumulated_eval_time': 19726.35587143898, 'accumulated_logging_time': 0.9004464149475098}
I0313 18:48:34.094432 139931393431296 logging_writer.py:48] [6886] accumulated_eval_time=19726.355871, accumulated_logging_time=0.900446, accumulated_submission_time=4713.245164, global_step=6886, preemption_count=0, score=4713.245164, test/loss=0.126286, test/num_examples=95000000, total_duration=24440.743014, train/loss=0.123762, validation/loss=0.123933, validation/num_examples=83274637
I0313 18:48:35.549257 139931401824000 logging_writer.py:48] [6900] global_step=6900, grad_norm=0.0069548566825687885, loss=0.1219898909330368
I0313 18:49:48.993284 139931393431296 logging_writer.py:48] [7000] global_step=7000, grad_norm=0.005346700549125671, loss=0.11623675376176834
I0313 18:50:34.114897 140108137154368 spec.py:321] Evaluating on the training split.
I0313 18:53:24.457351 140108137154368 spec.py:333] Evaluating on the validation split.
I0313 18:55:36.945740 140108137154368 spec.py:349] Evaluating on the test split.
I0313 18:58:14.715408 140108137154368 submission_runner.py:420] Time since start: 25021.38s, 	Step: 7058, 	{'train/loss': 0.12290297788362833, 'validation/loss': 0.12390701590204582, 'validation/num_examples': 83274637, 'test/loss': 0.12631294634046053, 'test/num_examples': 95000000, 'score': 4833.252229213715, 'total_duration': 25021.379301548004, 'accumulated_submission_time': 4833.252229213715, 'accumulated_eval_time': 20186.95633172989, 'accumulated_logging_time': 0.923396110534668}
I0313 18:58:14.730596 139931401824000 logging_writer.py:48] [7058] accumulated_eval_time=20186.956332, accumulated_logging_time=0.923396, accumulated_submission_time=4833.252229, global_step=7058, preemption_count=0, score=4833.252229, test/loss=0.126313, test/num_examples=95000000, total_duration=25021.379302, train/loss=0.122903, validation/loss=0.123907, validation/num_examples=83274637
I0313 18:58:29.776626 139931393431296 logging_writer.py:48] [7100] global_step=7100, grad_norm=0.00606457469984889, loss=0.11808312684297562
I0313 18:59:52.069971 139931401824000 logging_writer.py:48] [7200] global_step=7200, grad_norm=0.006028385832905769, loss=0.11373360455036163
I0313 19:00:15.195949 140108137154368 spec.py:321] Evaluating on the training split.
I0313 19:03:22.348752 140108137154368 spec.py:333] Evaluating on the validation split.
I0313 19:05:36.854721 140108137154368 spec.py:349] Evaluating on the test split.
I0313 19:08:22.633158 140108137154368 submission_runner.py:420] Time since start: 25629.30s, 	Step: 7230, 	{'train/loss': 0.12079943080415141, 'validation/loss': 0.12391408113825296, 'validation/num_examples': 83274637, 'test/loss': 0.12633386237664473, 'test/num_examples': 95000000, 'score': 4953.703994989395, 'total_duration': 25629.297053337097, 'accumulated_submission_time': 4953.703994989395, 'accumulated_eval_time': 20674.39349412918, 'accumulated_logging_time': 0.9461169242858887}
I0313 19:08:22.648059 139931393431296 logging_writer.py:48] [7230] accumulated_eval_time=20674.393494, accumulated_logging_time=0.946117, accumulated_submission_time=4953.703995, global_step=7230, preemption_count=0, score=4953.703995, test/loss=0.126334, test/num_examples=95000000, total_duration=25629.297053, train/loss=0.120799, validation/loss=0.123914, validation/num_examples=83274637
I0313 19:09:01.511269 139931401824000 logging_writer.py:48] [7300] global_step=7300, grad_norm=0.005390291567891836, loss=0.13075318932533264
I0313 19:10:20.347657 139931393431296 logging_writer.py:48] [7400] global_step=7400, grad_norm=0.005573165602982044, loss=0.12459304928779602
I0313 19:10:22.802464 140108137154368 spec.py:321] Evaluating on the training split.
I0313 19:13:25.736793 140108137154368 spec.py:333] Evaluating on the validation split.
I0313 19:15:42.487700 140108137154368 spec.py:349] Evaluating on the test split.
I0313 19:18:30.636447 140108137154368 submission_runner.py:420] Time since start: 26237.30s, 	Step: 7404, 	{'train/loss': 0.12115257379815639, 'validation/loss': 0.12393505708270718, 'validation/num_examples': 83274637, 'test/loss': 0.12630633538240132, 'test/num_examples': 95000000, 'score': 5073.844031572342, 'total_duration': 26237.300297021866, 'accumulated_submission_time': 5073.844031572342, 'accumulated_eval_time': 21162.2273747921, 'accumulated_logging_time': 0.9694068431854248}
I0313 19:18:30.654844 139931401824000 logging_writer.py:48] [7404] accumulated_eval_time=21162.227375, accumulated_logging_time=0.969407, accumulated_submission_time=5073.844032, global_step=7404, preemption_count=0, score=5073.844032, test/loss=0.126306, test/num_examples=95000000, total_duration=26237.300297, train/loss=0.121153, validation/loss=0.123935, validation/num_examples=83274637
I0313 19:19:28.411952 139931393431296 logging_writer.py:48] [7500] global_step=7500, grad_norm=0.006399163044989109, loss=0.12136135250329971
I0313 19:20:31.297809 140108137154368 spec.py:321] Evaluating on the training split.
I0313 19:23:32.573666 140108137154368 spec.py:333] Evaluating on the validation split.
I0313 19:25:43.602982 140108137154368 spec.py:349] Evaluating on the test split.
I0313 19:28:30.003000 140108137154368 submission_runner.py:420] Time since start: 26836.67s, 	Step: 7581, 	{'train/loss': 0.12262422990920784, 'validation/loss': 0.12379286799542354, 'validation/num_examples': 83274637, 'test/loss': 0.12609316804070725, 'test/num_examples': 95000000, 'score': 5194.468368291855, 'total_duration': 26836.66686487198, 'accumulated_submission_time': 5194.468368291855, 'accumulated_eval_time': 21640.932502031326, 'accumulated_logging_time': 1.0001626014709473}
I0313 19:28:30.019940 139931401824000 logging_writer.py:48] [7581] accumulated_eval_time=21640.932502, accumulated_logging_time=1.000163, accumulated_submission_time=5194.468368, global_step=7581, preemption_count=0, score=5194.468368, test/loss=0.126093, test/num_examples=95000000, total_duration=26836.666865, train/loss=0.122624, validation/loss=0.123793, validation/num_examples=83274637
I0313 19:28:31.954286 139931393431296 logging_writer.py:48] [7600] global_step=7600, grad_norm=0.006497596390545368, loss=0.12738896906375885
I0313 19:29:48.735532 139931401824000 logging_writer.py:48] [7700] global_step=7700, grad_norm=0.0070490106008946896, loss=0.1240776926279068
I0313 19:30:30.346178 140108137154368 spec.py:321] Evaluating on the training split.
I0313 19:33:34.509158 140108137154368 spec.py:333] Evaluating on the validation split.
I0313 19:35:50.466179 140108137154368 spec.py:349] Evaluating on the test split.
I0313 19:38:34.767927 140108137154368 submission_runner.py:420] Time since start: 27441.43s, 	Step: 7755, 	{'train/loss': 0.12048916913475255, 'validation/loss': 0.12385895559540236, 'validation/num_examples': 83274637, 'test/loss': 0.12623099653577302, 'test/num_examples': 95000000, 'score': 5314.780197143555, 'total_duration': 27441.431820869446, 'accumulated_submission_time': 5314.780197143555, 'accumulated_eval_time': 22125.35420370102, 'accumulated_logging_time': 1.0256502628326416}
I0313 19:38:34.783179 139931393431296 logging_writer.py:48] [7755] accumulated_eval_time=22125.354204, accumulated_logging_time=1.025650, accumulated_submission_time=5314.780197, global_step=7755, preemption_count=0, score=5314.780197, test/loss=0.126231, test/num_examples=95000000, total_duration=27441.431821, train/loss=0.120489, validation/loss=0.123859, validation/num_examples=83274637
I0313 19:38:52.769415 139931401824000 logging_writer.py:48] [7800] global_step=7800, grad_norm=0.006615667138248682, loss=0.1286812573671341
I0313 19:40:12.488766 139931393431296 logging_writer.py:48] [7900] global_step=7900, grad_norm=0.005217898171395063, loss=0.12460661679506302
I0313 19:40:35.443987 140108137154368 spec.py:321] Evaluating on the training split.
I0313 19:43:24.543762 140108137154368 spec.py:333] Evaluating on the validation split.
I0313 19:45:40.862791 140108137154368 spec.py:349] Evaluating on the test split.
I0313 19:48:29.291651 140108137154368 submission_runner.py:420] Time since start: 28035.96s, 	Step: 7931, 	{'train/loss': 0.12263182144166913, 'validation/loss': 0.1237735545950391, 'validation/num_examples': 83274637, 'test/loss': 0.12615802179276317, 'test/num_examples': 95000000, 'score': 5435.426011562347, 'total_duration': 28035.95552253723, 'accumulated_submission_time': 5435.426011562347, 'accumulated_eval_time': 22599.20179247856, 'accumulated_logging_time': 1.0498626232147217}
I0313 19:48:29.306799 139931401824000 logging_writer.py:48] [7931] accumulated_eval_time=22599.201792, accumulated_logging_time=1.049863, accumulated_submission_time=5435.426012, global_step=7931, preemption_count=0, score=5435.426012, test/loss=0.126158, test/num_examples=95000000, total_duration=28035.955523, train/loss=0.122632, validation/loss=0.123774, validation/num_examples=83274637
I0313 19:49:07.252856 139931393431296 logging_writer.py:48] [8000] global_step=8000, grad_norm=0.006740939803421497, loss=0.11890603601932526
I0313 19:50:24.808281 139931401824000 logging_writer.py:48] [8100] global_step=8100, grad_norm=0.00569786736741662, loss=0.12269659340381622
I0313 19:50:29.412014 140108137154368 spec.py:321] Evaluating on the training split.
I0313 19:53:22.195750 140108137154368 spec.py:333] Evaluating on the validation split.
I0313 19:55:31.480458 140108137154368 spec.py:349] Evaluating on the test split.
I0313 19:58:21.666333 140108137154368 submission_runner.py:420] Time since start: 28628.33s, 	Step: 8107, 	{'train/loss': 0.12112831763642014, 'validation/loss': 0.12375306252460758, 'validation/num_examples': 83274637, 'test/loss': 0.12607021859580592, 'test/num_examples': 95000000, 'score': 5555.516617774963, 'total_duration': 28628.330218553543, 'accumulated_submission_time': 5555.516617774963, 'accumulated_eval_time': 23071.456048965454, 'accumulated_logging_time': 1.0735130310058594}
I0313 19:58:21.681510 139931393431296 logging_writer.py:48] [8107] accumulated_eval_time=23071.456049, accumulated_logging_time=1.073513, accumulated_submission_time=5555.516618, global_step=8107, preemption_count=0, score=5555.516618, test/loss=0.126070, test/num_examples=95000000, total_duration=28628.330219, train/loss=0.121128, validation/loss=0.123753, validation/num_examples=83274637
I0313 19:59:20.248200 139931401824000 logging_writer.py:48] [8200] global_step=8200, grad_norm=0.010510831139981747, loss=0.11569102853536606
I0313 20:00:22.279021 140108137154368 spec.py:321] Evaluating on the training split.
I0313 20:03:11.801132 140108137154368 spec.py:333] Evaluating on the validation split.
I0313 20:05:38.836762 140108137154368 spec.py:349] Evaluating on the test split.
I0313 20:08:23.927187 140108137154368 submission_runner.py:420] Time since start: 29230.59s, 	Step: 8284, 	{'train/loss': 0.12196901766290455, 'validation/loss': 0.12383021580157488, 'validation/num_examples': 83274637, 'test/loss': 0.1262546892680921, 'test/num_examples': 95000000, 'score': 5676.100703716278, 'total_duration': 29230.590974092484, 'accumulated_submission_time': 5676.100703716278, 'accumulated_eval_time': 23553.10405778885, 'accumulated_logging_time': 1.096099615097046}
I0313 20:08:23.945224 139931393431296 logging_writer.py:48] [8284] accumulated_eval_time=23553.104058, accumulated_logging_time=1.096100, accumulated_submission_time=5676.100704, global_step=8284, preemption_count=0, score=5676.100704, test/loss=0.126255, test/num_examples=95000000, total_duration=29230.590974, train/loss=0.121969, validation/loss=0.123830, validation/num_examples=83274637
I0313 20:08:25.598714 139931401824000 logging_writer.py:48] [8300] global_step=8300, grad_norm=0.006145195569843054, loss=0.12271460890769958
I0313 20:09:40.080628 139931393431296 logging_writer.py:48] [8400] global_step=8400, grad_norm=0.0052087632939219475, loss=0.12407857179641724
I0313 20:10:24.273306 140108137154368 spec.py:321] Evaluating on the training split.
I0313 20:13:25.038093 140108137154368 spec.py:333] Evaluating on the validation split.
I0313 20:15:35.007256 140108137154368 spec.py:349] Evaluating on the test split.
I0313 20:18:16.106532 140108137154368 submission_runner.py:420] Time since start: 29822.77s, 	Step: 8459, 	{'train/loss': 0.11907991399086497, 'validation/loss': 0.12366733509119425, 'validation/num_examples': 83274637, 'test/loss': 0.1259658468544408, 'test/num_examples': 95000000, 'score': 5796.413721323013, 'total_duration': 29822.770414352417, 'accumulated_submission_time': 5796.413721323013, 'accumulated_eval_time': 24024.937223672867, 'accumulated_logging_time': 1.1230800151824951}
I0313 20:18:16.121886 139931401824000 logging_writer.py:48] [8459] accumulated_eval_time=24024.937224, accumulated_logging_time=1.123080, accumulated_submission_time=5796.413721, global_step=8459, preemption_count=0, score=5796.413721, test/loss=0.125966, test/num_examples=95000000, total_duration=29822.770414, train/loss=0.119080, validation/loss=0.123667, validation/num_examples=83274637
I0313 20:18:16.138623 139931393431296 logging_writer.py:48] [8459] global_step=8459, preemption_count=0, score=5796.413721
I0313 20:18:22.365040 140108137154368 checkpoints.py:490] Saving checkpoint at step: 8459
I0313 20:18:59.348140 140108137154368 checkpoints.py:422] Saved checkpoint at /experiment_runs/prize_qualification_self_tuning/study_4/criteo1tb_jax/trial_1/checkpoint_8459
I0313 20:18:59.722390 140108137154368 checkpoint_utils.py:240] Saved checkpoint to /experiment_runs/prize_qualification_self_tuning/study_4/criteo1tb_jax/trial_1/checkpoint_8459.
I0313 20:19:00.269212 140108137154368 submission_runner.py:683] Final criteo1tb score: 5796.413721323013
