python3 submission_runner.py --framework=jax --workload=criteo1tb --submission_path=prize_qualification_baselines/self_tuning/jax_nadamw_full_budget.py --data_dir=/data/criteo1tb --num_tuning_trials=1 --experiment_dir=/experiment_runs --experiment_name=prize_qualification_self_tuning/study_0 --overwrite=true --save_checkpoints=false --rng_seed=2120307278 --max_global_steps=31998 --tuning_ruleset=self 2>&1 | tee -a /logs/criteo1tb_jax_03-13-2024-10-14-45.log
I0313 10:15:04.765166 140173198743360 logger_utils.py:61] Removing existing experiment directory /experiment_runs/prize_qualification_self_tuning/study_0/criteo1tb_jax because --overwrite was set.
I0313 10:15:04.769873 140173198743360 logger_utils.py:76] Creating experiment directory at /experiment_runs/prize_qualification_self_tuning/study_0/criteo1tb_jax.
I0313 10:15:06.509088 140173198743360 xla_bridge.py:455] Unable to initialize backend 'rocm': NOT_FOUND: Could not find registered platform with name: "rocm". Available platform names are: Interpreter Host CUDA
I0313 10:15:06.510055 140173198743360 xla_bridge.py:455] Unable to initialize backend 'tpu': module 'jaxlib.xla_extension' has no attribute 'get_tpu_client'
I0313 10:15:06.510209 140173198743360 xla_bridge.py:455] Unable to initialize backend 'plugin': xla_extension has no attributes named get_plugin_device_client. Compile TensorFlow with //tensorflow/compiler/xla/python:enable_plugin_device set to true (defaults to false) to enable this.
I0313 10:15:07.380786 140173198743360 submission_runner.py:612] Creating directory at /experiment_runs/prize_qualification_self_tuning/study_0/criteo1tb_jax/trial_1.
I0313 10:15:07.581473 140173198743360 submission_runner.py:209] Initializing dataset.
I0313 10:15:07.581717 140173198743360 submission_runner.py:220] Initializing model.
I0313 10:15:13.613069 140173198743360 submission_runner.py:262] Initializing optimizer.
I0313 10:15:16.978702 140173198743360 submission_runner.py:269] Initializing metrics bundle.
I0313 10:15:16.978983 140173198743360 submission_runner.py:287] Initializing checkpoint and logger.
I0313 10:15:16.979976 140173198743360 checkpoints.py:915] Found no checkpoint files in /experiment_runs/prize_qualification_self_tuning/study_0/criteo1tb_jax/trial_1 with prefix checkpoint_
I0313 10:15:16.980147 140173198743360 submission_runner.py:307] Saving meta data to /experiment_runs/prize_qualification_self_tuning/study_0/criteo1tb_jax/trial_1/meta_data_0.json.
I0313 10:15:16.980350 140173198743360 logger_utils.py:257] Unable to record workload.train_mean information. Continuing without it.
I0313 10:15:16.980412 140173198743360 logger_utils.py:257] Unable to record workload.train_stddev information. Continuing without it.
fatal: detected dubious ownership in repository at '/algorithmic-efficiency'
To add an exception for this directory, call:

	git config --global --add safe.directory /algorithmic-efficiency
I0313 10:15:17.300877 140173198743360 logger_utils.py:220] Unable to record git information. Continuing without it.
I0313 10:15:17.586342 140173198743360 submission_runner.py:311] Saving flags to /experiment_runs/prize_qualification_self_tuning/study_0/criteo1tb_jax/trial_1/flags_0.json.
I0313 10:15:17.675581 140173198743360 submission_runner.py:321] Starting training loop.
I0313 10:15:36.480624 140011891562240 logging_writer.py:48] [0] global_step=0, grad_norm=11.462804794311523, loss=1.2058889865875244
I0313 10:15:36.492862 140173198743360 spec.py:321] Evaluating on the training split.
I0313 10:19:50.641085 140173198743360 spec.py:333] Evaluating on the validation split.
I0313 10:24:04.223539 140173198743360 spec.py:349] Evaluating on the test split.
I0313 10:28:45.537645 140173198743360 submission_runner.py:420] Time since start: 807.86s, 	Step: 1, 	{'train/loss': 1.2087496365391233, 'validation/loss': 1.2014791517681729, 'validation/num_examples': 83274637, 'test/loss': 1.2045833081414474, 'test/num_examples': 95000000, 'score': 18.817258834838867, 'total_duration': 807.8619921207428, 'accumulated_submission_time': 18.817258834838867, 'accumulated_eval_time': 789.0446937084198, 'accumulated_logging_time': 0}
I0313 10:28:45.556304 139997244012288 logging_writer.py:48] [1] accumulated_eval_time=789.044694, accumulated_logging_time=0, accumulated_submission_time=18.817259, global_step=1, preemption_count=0, score=18.817259, test/loss=1.204583, test/num_examples=95000000, total_duration=807.861992, train/loss=1.208750, validation/loss=1.201479, validation/num_examples=83274637
I0313 10:29:46.341424 139997235619584 logging_writer.py:48] [100] global_step=100, grad_norm=0.0714251846075058, loss=0.12019351124763489
I0313 10:30:46.268230 140173198743360 spec.py:321] Evaluating on the training split.
I0313 10:34:41.675549 140173198743360 spec.py:333] Evaluating on the validation split.
I0313 10:38:01.643261 140173198743360 spec.py:349] Evaluating on the test split.
I0313 10:41:48.417410 140173198743360 submission_runner.py:420] Time since start: 1590.74s, 	Step: 183, 	{'train/loss': 0.12785151884334642, 'validation/loss': 0.1287038725557954, 'validation/num_examples': 83274637, 'test/loss': 0.13148889693667762, 'test/num_examples': 95000000, 'score': 139.51362490653992, 'total_duration': 1590.7417414188385, 'accumulated_submission_time': 139.51362490653992, 'accumulated_eval_time': 1451.193811416626, 'accumulated_logging_time': 0.02791905403137207}
I0313 10:41:48.437292 139997244012288 logging_writer.py:48] [183] accumulated_eval_time=1451.193811, accumulated_logging_time=0.027919, accumulated_submission_time=139.513625, global_step=183, preemption_count=0, score=139.513625, test/loss=0.131489, test/num_examples=95000000, total_duration=1590.741741, train/loss=0.127852, validation/loss=0.128704, validation/num_examples=83274637
I0313 10:41:50.197106 139997235619584 logging_writer.py:48] [200] global_step=200, grad_norm=0.05924953892827034, loss=0.13903196156024933
I0313 10:43:04.147841 139997244012288 logging_writer.py:48] [300] global_step=300, grad_norm=0.06533367931842804, loss=0.12525701522827148
I0313 10:43:49.053095 140173198743360 spec.py:321] Evaluating on the training split.
I0313 10:47:41.817126 140173198743360 spec.py:333] Evaluating on the validation split.
I0313 10:50:45.277156 140173198743360 spec.py:349] Evaluating on the test split.
I0313 10:54:14.221531 140173198743360 submission_runner.py:420] Time since start: 2336.55s, 	Step: 357, 	{'train/loss': 0.12527760522404932, 'validation/loss': 0.1271161402895473, 'validation/num_examples': 83274637, 'test/loss': 0.12970147942023028, 'test/num_examples': 95000000, 'score': 260.11498379707336, 'total_duration': 2336.545876264572, 'accumulated_submission_time': 260.11498379707336, 'accumulated_eval_time': 2076.362182378769, 'accumulated_logging_time': 0.05648660659790039}
I0313 10:54:14.234496 139997235619584 logging_writer.py:48] [357] accumulated_eval_time=2076.362182, accumulated_logging_time=0.056487, accumulated_submission_time=260.114984, global_step=357, preemption_count=0, score=260.114984, test/loss=0.129701, test/num_examples=95000000, total_duration=2336.545876, train/loss=0.125278, validation/loss=0.127116, validation/num_examples=83274637
I0313 10:54:30.767101 139997244012288 logging_writer.py:48] [400] global_step=400, grad_norm=0.03337765485048294, loss=0.12183362245559692
I0313 10:55:45.258169 139997235619584 logging_writer.py:48] [500] global_step=500, grad_norm=0.03914203494787216, loss=0.12344750761985779
I0313 10:56:14.963169 140173198743360 spec.py:321] Evaluating on the training split.
I0313 11:00:02.745631 140173198743360 spec.py:333] Evaluating on the validation split.
I0313 11:03:04.313354 140173198743360 spec.py:349] Evaluating on the test split.
I0313 11:06:31.358750 140173198743360 submission_runner.py:420] Time since start: 3073.68s, 	Step: 538, 	{'train/loss': 0.1250187005824263, 'validation/loss': 0.12654321064936763, 'validation/num_examples': 83274637, 'test/loss': 0.12915698859991775, 'test/num_examples': 95000000, 'score': 380.83020520210266, 'total_duration': 3073.683103084564, 'accumulated_submission_time': 380.83020520210266, 'accumulated_eval_time': 2692.7577061653137, 'accumulated_logging_time': 0.07692337036132812}
I0313 11:06:31.373080 139997244012288 logging_writer.py:48] [538] accumulated_eval_time=2692.757706, accumulated_logging_time=0.076923, accumulated_submission_time=380.830205, global_step=538, preemption_count=0, score=380.830205, test/loss=0.129157, test/num_examples=95000000, total_duration=3073.683103, train/loss=0.125019, validation/loss=0.126543, validation/num_examples=83274637
I0313 11:07:03.140148 139997235619584 logging_writer.py:48] [600] global_step=600, grad_norm=0.013444310054183006, loss=0.12288744747638702
I0313 11:08:21.561204 139997244012288 logging_writer.py:48] [700] global_step=700, grad_norm=0.020722217857837677, loss=0.12357788532972336
I0313 11:08:32.062658 140173198743360 spec.py:321] Evaluating on the training split.
I0313 11:12:19.975990 140173198743360 spec.py:333] Evaluating on the validation split.
I0313 11:15:19.397533 140173198743360 spec.py:349] Evaluating on the test split.
I0313 11:18:43.649234 140173198743360 submission_runner.py:420] Time since start: 3805.97s, 	Step: 715, 	{'train/loss': 0.1250134759096417, 'validation/loss': 0.1261492000826922, 'validation/num_examples': 83274637, 'test/loss': 0.12878636122532894, 'test/num_examples': 95000000, 'score': 501.5063283443451, 'total_duration': 3805.9735865592957, 'accumulated_submission_time': 501.5063283443451, 'accumulated_eval_time': 3304.3442330360413, 'accumulated_logging_time': 0.09888839721679688}
I0313 11:18:43.664032 139997235619584 logging_writer.py:48] [715] accumulated_eval_time=3304.344233, accumulated_logging_time=0.098888, accumulated_submission_time=501.506328, global_step=715, preemption_count=0, score=501.506328, test/loss=0.128786, test/num_examples=95000000, total_duration=3805.973587, train/loss=0.125013, validation/loss=0.126149, validation/num_examples=83274637
I0313 11:19:33.371376 139997244012288 logging_writer.py:48] [800] global_step=800, grad_norm=0.052377406507730484, loss=0.12584583461284637
I0313 11:20:43.716228 140173198743360 spec.py:321] Evaluating on the training split.
I0313 11:24:18.928997 140173198743360 spec.py:333] Evaluating on the validation split.
I0313 11:27:13.764053 140173198743360 spec.py:349] Evaluating on the test split.
I0313 11:30:33.477282 140173198743360 submission_runner.py:420] Time since start: 4515.80s, 	Step: 888, 	{'train/loss': 0.1256469891599889, 'validation/loss': 0.1259796613389358, 'validation/num_examples': 83274637, 'test/loss': 0.12850036197574013, 'test/num_examples': 95000000, 'score': 621.5448927879333, 'total_duration': 4515.801623344421, 'accumulated_submission_time': 621.5448927879333, 'accumulated_eval_time': 3894.105229139328, 'accumulated_logging_time': 0.12156414985656738}
I0313 11:30:33.491736 139997235619584 logging_writer.py:48] [888] accumulated_eval_time=3894.105229, accumulated_logging_time=0.121564, accumulated_submission_time=621.544893, global_step=888, preemption_count=0, score=621.544893, test/loss=0.128500, test/num_examples=95000000, total_duration=4515.801623, train/loss=0.125647, validation/loss=0.125980, validation/num_examples=83274637
I0313 11:30:34.760850 139997244012288 logging_writer.py:48] [900] global_step=900, grad_norm=0.019178953021764755, loss=0.12763690948486328
I0313 11:31:41.490691 139997235619584 logging_writer.py:48] [1000] global_step=1000, grad_norm=0.04938806965947151, loss=0.1355026364326477
I0313 11:32:33.567543 140173198743360 spec.py:321] Evaluating on the training split.
I0313 11:36:06.182612 140173198743360 spec.py:333] Evaluating on the validation split.
I0313 11:39:04.222142 140173198743360 spec.py:349] Evaluating on the test split.
I0313 11:42:15.023737 140173198743360 submission_runner.py:420] Time since start: 5217.35s, 	Step: 1068, 	{'train/loss': 0.12347352863201555, 'validation/loss': 0.12601748353195877, 'validation/num_examples': 83274637, 'test/loss': 0.12852558286389804, 'test/num_examples': 95000000, 'score': 741.6070051193237, 'total_duration': 5217.348087310791, 'accumulated_submission_time': 741.6070051193237, 'accumulated_eval_time': 4475.561370134354, 'accumulated_logging_time': 0.14392733573913574}
I0313 11:42:15.036705 139997244012288 logging_writer.py:48] [1068] accumulated_eval_time=4475.561370, accumulated_logging_time=0.143927, accumulated_submission_time=741.607005, global_step=1068, preemption_count=0, score=741.607005, test/loss=0.128526, test/num_examples=95000000, total_duration=5217.348087, train/loss=0.123474, validation/loss=0.126017, validation/num_examples=83274637
I0313 11:42:22.836695 139997235619584 logging_writer.py:48] [1100] global_step=1100, grad_norm=0.00658262986689806, loss=0.1420445591211319
I0313 11:43:37.877931 139997244012288 logging_writer.py:48] [1200] global_step=1200, grad_norm=0.046776119619607925, loss=0.1293594241142273
I0313 11:44:15.123917 140173198743360 spec.py:321] Evaluating on the training split.
I0313 11:47:40.480273 140173198743360 spec.py:333] Evaluating on the validation split.
I0313 11:50:27.937697 140173198743360 spec.py:349] Evaluating on the test split.
I0313 11:53:27.093755 140173198743360 submission_runner.py:420] Time since start: 5889.42s, 	Step: 1249, 	{'train/loss': 0.12274902861026472, 'validation/loss': 0.1257213830206151, 'validation/num_examples': 83274637, 'test/loss': 0.12811142846422696, 'test/num_examples': 95000000, 'score': 861.6804373264313, 'total_duration': 5889.418105363846, 'accumulated_submission_time': 861.6804373264313, 'accumulated_eval_time': 5027.531148433685, 'accumulated_logging_time': 0.16469097137451172}
I0313 11:53:27.107051 139997235619584 logging_writer.py:48] [1249] accumulated_eval_time=5027.531148, accumulated_logging_time=0.164691, accumulated_submission_time=861.680437, global_step=1249, preemption_count=0, score=861.680437, test/loss=0.128111, test/num_examples=95000000, total_duration=5889.418105, train/loss=0.122749, validation/loss=0.125721, validation/num_examples=83274637
I0313 11:53:47.930534 139997244012288 logging_writer.py:48] [1300] global_step=1300, grad_norm=0.01810622774064541, loss=0.1224106177687645
I0313 11:55:07.872840 139997235619584 logging_writer.py:48] [1400] global_step=1400, grad_norm=0.07539979368448257, loss=0.1294139176607132
I0313 11:55:27.856997 140173198743360 spec.py:321] Evaluating on the training split.
I0313 11:58:49.701947 140173198743360 spec.py:333] Evaluating on the validation split.
I0313 12:01:29.601005 140173198743360 spec.py:349] Evaluating on the test split.
I0313 12:04:40.551622 140173198743360 submission_runner.py:420] Time since start: 6562.88s, 	Step: 1426, 	{'train/loss': 0.12469535702898067, 'validation/loss': 0.1255922103046157, 'validation/num_examples': 83274637, 'test/loss': 0.1279454642475329, 'test/num_examples': 95000000, 'score': 982.4170339107513, 'total_duration': 6562.875961303711, 'accumulated_submission_time': 982.4170339107513, 'accumulated_eval_time': 5580.225698709488, 'accumulated_logging_time': 0.18564319610595703}
I0313 12:04:40.565605 139997244012288 logging_writer.py:48] [1426] accumulated_eval_time=5580.225699, accumulated_logging_time=0.185643, accumulated_submission_time=982.417034, global_step=1426, preemption_count=0, score=982.417034, test/loss=0.127945, test/num_examples=95000000, total_duration=6562.875961, train/loss=0.124695, validation/loss=0.125592, validation/num_examples=83274637
I0313 12:05:21.071002 139997235619584 logging_writer.py:48] [1500] global_step=1500, grad_norm=0.004922091029584408, loss=0.13371750712394714
I0313 12:06:38.594027 139997244012288 logging_writer.py:48] [1600] global_step=1600, grad_norm=0.020099889487028122, loss=0.13911734521389008
I0313 12:06:40.731681 140173198743360 spec.py:321] Evaluating on the training split.
I0313 12:09:51.107530 140173198743360 spec.py:333] Evaluating on the validation split.
I0313 12:12:06.435221 140173198743360 spec.py:349] Evaluating on the test split.
I0313 12:14:50.951765 140173198743360 submission_runner.py:420] Time since start: 7173.28s, 	Step: 1604, 	{'train/loss': 0.12357650639829021, 'validation/loss': 0.12551720061366795, 'validation/num_examples': 83274637, 'test/loss': 0.12796448775699013, 'test/num_examples': 95000000, 'score': 1102.5696003437042, 'total_duration': 7173.276115179062, 'accumulated_submission_time': 1102.5696003437042, 'accumulated_eval_time': 6070.445714712143, 'accumulated_logging_time': 0.20743656158447266}
I0313 12:14:50.965580 139997235619584 logging_writer.py:48] [1604] accumulated_eval_time=6070.445715, accumulated_logging_time=0.207437, accumulated_submission_time=1102.569600, global_step=1604, preemption_count=0, score=1102.569600, test/loss=0.127964, test/num_examples=95000000, total_duration=7173.276115, train/loss=0.123577, validation/loss=0.125517, validation/num_examples=83274637
I0313 12:15:50.244740 139997244012288 logging_writer.py:48] [1700] global_step=1700, grad_norm=0.08849864453077316, loss=0.13060149550437927
I0313 12:16:51.054755 140173198743360 spec.py:321] Evaluating on the training split.
I0313 12:19:26.577566 140173198743360 spec.py:333] Evaluating on the validation split.
I0313 12:20:48.335775 140173198743360 spec.py:349] Evaluating on the test split.
I0313 12:22:35.512721 140173198743360 submission_runner.py:420] Time since start: 7637.84s, 	Step: 1776, 	{'train/loss': 0.12465174812472092, 'validation/loss': 0.12576251245326842, 'validation/num_examples': 83274637, 'test/loss': 0.1282788197060033, 'test/num_examples': 95000000, 'score': 1222.6450836658478, 'total_duration': 7637.837061882019, 'accumulated_submission_time': 1222.6450836658478, 'accumulated_eval_time': 6414.903634786606, 'accumulated_logging_time': 0.22907233238220215}
I0313 12:22:35.525668 139997235619584 logging_writer.py:48] [1776] accumulated_eval_time=6414.903635, accumulated_logging_time=0.229072, accumulated_submission_time=1222.645084, global_step=1776, preemption_count=0, score=1222.645084, test/loss=0.128279, test/num_examples=95000000, total_duration=7637.837062, train/loss=0.124652, validation/loss=0.125763, validation/num_examples=83274637
I0313 12:22:37.943517 139997244012288 logging_writer.py:48] [1800] global_step=1800, grad_norm=0.017637180164456367, loss=0.11722010374069214
I0313 12:23:53.703221 139997235619584 logging_writer.py:48] [1900] global_step=1900, grad_norm=0.03122643195092678, loss=0.12208927422761917
I0313 12:24:36.082122 140173198743360 spec.py:321] Evaluating on the training split.
I0313 12:27:46.196938 140173198743360 spec.py:333] Evaluating on the validation split.
I0313 12:30:05.363605 140173198743360 spec.py:349] Evaluating on the test split.
I0313 12:32:49.023346 140173198743360 submission_runner.py:420] Time since start: 8251.35s, 	Step: 1954, 	{'train/loss': 0.12469545642862905, 'validation/loss': 0.1251498707596344, 'validation/num_examples': 83274637, 'test/loss': 0.12767516411389804, 'test/num_examples': 95000000, 'score': 1343.1871309280396, 'total_duration': 8251.347687005997, 'accumulated_submission_time': 1343.1871309280396, 'accumulated_eval_time': 6907.844863176346, 'accumulated_logging_time': 0.2506551742553711}
I0313 12:32:49.038820 139997244012288 logging_writer.py:48] [1954] accumulated_eval_time=6907.844863, accumulated_logging_time=0.250655, accumulated_submission_time=1343.187131, global_step=1954, preemption_count=0, score=1343.187131, test/loss=0.127675, test/num_examples=95000000, total_duration=8251.347687, train/loss=0.124695, validation/loss=0.125150, validation/num_examples=83274637
I0313 12:33:07.905954 139997235619584 logging_writer.py:48] [2000] global_step=2000, grad_norm=0.013000767678022385, loss=0.12141036242246628
I0313 12:34:19.513141 139997244012288 logging_writer.py:48] [2100] global_step=2100, grad_norm=0.013495149090886116, loss=0.12043807655572891
I0313 12:34:49.023544 140173198743360 spec.py:321] Evaluating on the training split.
I0313 12:37:55.888098 140173198743360 spec.py:333] Evaluating on the validation split.
I0313 12:40:34.739110 140173198743360 spec.py:349] Evaluating on the test split.
I0313 12:43:27.388353 140173198743360 submission_runner.py:420] Time since start: 8889.71s, 	Step: 2144, 	{'train/loss': 0.12357612236537649, 'validation/loss': 0.12508317596439583, 'validation/num_examples': 83274637, 'test/loss': 0.12744393609169408, 'test/num_examples': 95000000, 'score': 1463.1581037044525, 'total_duration': 8889.712707042694, 'accumulated_submission_time': 1463.1581037044525, 'accumulated_eval_time': 7426.209614753723, 'accumulated_logging_time': 0.27370166778564453}
I0313 12:43:27.403322 139997235619584 logging_writer.py:48] [2144] accumulated_eval_time=7426.209615, accumulated_logging_time=0.273702, accumulated_submission_time=1463.158104, global_step=2144, preemption_count=0, score=1463.158104, test/loss=0.127444, test/num_examples=95000000, total_duration=8889.712707, train/loss=0.123576, validation/loss=0.125083, validation/num_examples=83274637
I0313 12:43:53.464846 139997244012288 logging_writer.py:48] [2200] global_step=2200, grad_norm=0.00528724817559123, loss=0.12703926861286163
I0313 12:45:04.949689 139997235619584 logging_writer.py:48] [2300] global_step=2300, grad_norm=0.009499347768723965, loss=0.11720041930675507
I0313 12:45:27.540640 140173198743360 spec.py:321] Evaluating on the training split.
I0313 12:48:53.878949 140173198743360 spec.py:333] Evaluating on the validation split.
I0313 12:51:35.508442 140173198743360 spec.py:349] Evaluating on the test split.
I0313 12:54:25.861462 140173198743360 submission_runner.py:420] Time since start: 9548.19s, 	Step: 2331, 	{'train/loss': 0.12525260943989708, 'validation/loss': 0.12508472236415866, 'validation/num_examples': 83274637, 'test/loss': 0.12750513093133223, 'test/num_examples': 95000000, 'score': 1583.281406402588, 'total_duration': 9548.18579506874, 'accumulated_submission_time': 1583.281406402588, 'accumulated_eval_time': 7964.530359506607, 'accumulated_logging_time': 0.29652881622314453}
I0313 12:54:25.874894 139997244012288 logging_writer.py:48] [2331] accumulated_eval_time=7964.530360, accumulated_logging_time=0.296529, accumulated_submission_time=1583.281406, global_step=2331, preemption_count=0, score=1583.281406, test/loss=0.127505, test/num_examples=95000000, total_duration=9548.185795, train/loss=0.125253, validation/loss=0.125085, validation/num_examples=83274637
I0313 12:55:03.544485 139997235619584 logging_writer.py:48] [2400] global_step=2400, grad_norm=0.011021092534065247, loss=0.1253526508808136
I0313 12:56:21.343391 139997244012288 logging_writer.py:48] [2500] global_step=2500, grad_norm=0.01284421980381012, loss=0.12337703257799149
I0313 12:56:26.222059 140173198743360 spec.py:321] Evaluating on the training split.
I0313 12:59:39.485267 140173198743360 spec.py:333] Evaluating on the validation split.
I0313 13:02:21.846350 140173198743360 spec.py:349] Evaluating on the test split.
I0313 13:05:03.577102 140173198743360 submission_runner.py:420] Time since start: 10185.90s, 	Step: 2507, 	{'train/loss': 0.1267426652048931, 'validation/loss': 0.1250378364413401, 'validation/num_examples': 83274637, 'test/loss': 0.12746990799753288, 'test/num_examples': 95000000, 'score': 1703.615050792694, 'total_duration': 10185.901446580887, 'accumulated_submission_time': 1703.615050792694, 'accumulated_eval_time': 8481.885344982147, 'accumulated_logging_time': 0.31756114959716797}
I0313 13:05:03.591193 139997235619584 logging_writer.py:48] [2507] accumulated_eval_time=8481.885345, accumulated_logging_time=0.317561, accumulated_submission_time=1703.615051, global_step=2507, preemption_count=0, score=1703.615051, test/loss=0.127470, test/num_examples=95000000, total_duration=10185.901447, train/loss=0.126743, validation/loss=0.125038, validation/num_examples=83274637
I0313 13:05:59.872536 139997244012288 logging_writer.py:48] [2600] global_step=2600, grad_norm=0.007535693701356649, loss=0.12415421009063721
I0313 13:07:04.056801 140173198743360 spec.py:321] Evaluating on the training split.
I0313 13:09:43.897742 140173198743360 spec.py:333] Evaluating on the validation split.
I0313 13:12:24.046061 140173198743360 spec.py:349] Evaluating on the test split.
I0313 13:15:33.112244 140173198743360 submission_runner.py:420] Time since start: 10815.44s, 	Step: 2684, 	{'train/loss': 0.1232916171422357, 'validation/loss': 0.12515178552237152, 'validation/num_examples': 83274637, 'test/loss': 0.12766101748560854, 'test/num_examples': 95000000, 'score': 1824.0671820640564, 'total_duration': 10815.436591625214, 'accumulated_submission_time': 1824.0671820640564, 'accumulated_eval_time': 8990.940734148026, 'accumulated_logging_time': 0.33928656578063965}
I0313 13:15:33.125542 139997235619584 logging_writer.py:48] [2684] accumulated_eval_time=8990.940734, accumulated_logging_time=0.339287, accumulated_submission_time=1824.067182, global_step=2684, preemption_count=0, score=1824.067182, test/loss=0.127661, test/num_examples=95000000, total_duration=10815.436592, train/loss=0.123292, validation/loss=0.125152, validation/num_examples=83274637
I0313 13:15:34.772660 139997244012288 logging_writer.py:48] [2700] global_step=2700, grad_norm=0.01180887222290039, loss=0.11976822465658188
I0313 13:16:47.317636 139997235619584 logging_writer.py:48] [2800] global_step=2800, grad_norm=0.008373471908271313, loss=0.12152785807847977
I0313 13:17:33.646385 140173198743360 spec.py:321] Evaluating on the training split.
I0313 13:21:00.914794 140173198743360 spec.py:333] Evaluating on the validation split.
I0313 13:23:38.142757 140173198743360 spec.py:349] Evaluating on the test split.
I0313 13:26:36.975209 140173198743360 submission_runner.py:420] Time since start: 11479.30s, 	Step: 2863, 	{'train/loss': 0.12335002989326634, 'validation/loss': 0.12482669945425205, 'validation/num_examples': 83274637, 'test/loss': 0.12720247097039475, 'test/num_examples': 95000000, 'score': 1944.574628829956, 'total_duration': 11479.299566030502, 'accumulated_submission_time': 1944.574628829956, 'accumulated_eval_time': 9534.269513607025, 'accumulated_logging_time': 0.3602786064147949}
I0313 13:26:36.989020 139997244012288 logging_writer.py:48] [2863] accumulated_eval_time=9534.269514, accumulated_logging_time=0.360279, accumulated_submission_time=1944.574629, global_step=2863, preemption_count=0, score=1944.574629, test/loss=0.127202, test/num_examples=95000000, total_duration=11479.299566, train/loss=0.123350, validation/loss=0.124827, validation/num_examples=83274637
I0313 13:26:48.275472 139997235619584 logging_writer.py:48] [2900] global_step=2900, grad_norm=0.0229848250746727, loss=0.1204894557595253
I0313 13:28:06.441101 139997244012288 logging_writer.py:48] [3000] global_step=3000, grad_norm=0.033123500645160675, loss=0.12072735279798508
I0313 13:28:37.165614 140173198743360 spec.py:321] Evaluating on the training split.
I0313 13:31:47.647907 140173198743360 spec.py:333] Evaluating on the validation split.
I0313 13:34:34.061862 140173198743360 spec.py:349] Evaluating on the test split.
I0313 13:37:38.733643 140173198743360 submission_runner.py:420] Time since start: 12141.06s, 	Step: 3045, 	{'train/loss': 0.12453528850942662, 'validation/loss': 0.12512300683005192, 'validation/num_examples': 83274637, 'test/loss': 0.12748495926192435, 'test/num_examples': 95000000, 'score': 2064.7363469600677, 'total_duration': 12141.058000802994, 'accumulated_submission_time': 2064.7363469600677, 'accumulated_eval_time': 10075.837491512299, 'accumulated_logging_time': 0.3829615116119385}
I0313 13:37:38.750195 139997235619584 logging_writer.py:48] [3045] accumulated_eval_time=10075.837492, accumulated_logging_time=0.382962, accumulated_submission_time=2064.736347, global_step=3045, preemption_count=0, score=2064.736347, test/loss=0.127485, test/num_examples=95000000, total_duration=12141.058001, train/loss=0.124535, validation/loss=0.125123, validation/num_examples=83274637
I0313 13:38:05.332451 139997244012288 logging_writer.py:48] [3100] global_step=3100, grad_norm=0.005888757761567831, loss=0.12511439621448517
I0313 13:39:24.169424 139997235619584 logging_writer.py:48] [3200] global_step=3200, grad_norm=0.016445346176624298, loss=0.11473449319601059
I0313 13:39:38.766461 140173198743360 spec.py:321] Evaluating on the training split.
I0313 13:43:04.792361 140173198743360 spec.py:333] Evaluating on the validation split.
I0313 13:45:46.060924 140173198743360 spec.py:349] Evaluating on the test split.
I0313 13:48:44.289389 140173198743360 submission_runner.py:420] Time since start: 12806.61s, 	Step: 3220, 	{'train/loss': 0.1227000882532799, 'validation/loss': 0.12480808384614303, 'validation/num_examples': 83274637, 'test/loss': 0.1271892849712171, 'test/num_examples': 95000000, 'score': 2184.739155292511, 'total_duration': 12806.613731145859, 'accumulated_submission_time': 2184.739155292511, 'accumulated_eval_time': 10621.36034655571, 'accumulated_logging_time': 0.4073977470397949}
I0313 13:48:44.303256 139997244012288 logging_writer.py:48] [3220] accumulated_eval_time=10621.360347, accumulated_logging_time=0.407398, accumulated_submission_time=2184.739155, global_step=3220, preemption_count=0, score=2184.739155, test/loss=0.127189, test/num_examples=95000000, total_duration=12806.613731, train/loss=0.122700, validation/loss=0.124808, validation/num_examples=83274637
I0313 13:49:31.442214 139997235619584 logging_writer.py:48] [3300] global_step=3300, grad_norm=0.00676727807149291, loss=0.12065528333187103
I0313 13:50:44.403131 140173198743360 spec.py:321] Evaluating on the training split.
I0313 13:53:58.189872 140173198743360 spec.py:333] Evaluating on the validation split.
I0313 13:56:51.738149 140173198743360 spec.py:349] Evaluating on the test split.
I0313 13:59:55.769478 140173198743360 submission_runner.py:420] Time since start: 13478.09s, 	Step: 3393, 	{'train/loss': 0.12524064289370798, 'validation/loss': 0.12475418483126727, 'validation/num_examples': 83274637, 'test/loss': 0.12719912337582237, 'test/num_examples': 95000000, 'score': 2304.8250658512115, 'total_duration': 13478.09382390976, 'accumulated_submission_time': 2304.8250658512115, 'accumulated_eval_time': 11172.7266330719, 'accumulated_logging_time': 0.4294459819793701}
I0313 13:59:55.785318 139997244012288 logging_writer.py:48] [3393] accumulated_eval_time=11172.726633, accumulated_logging_time=0.429446, accumulated_submission_time=2304.825066, global_step=3393, preemption_count=0, score=2304.825066, test/loss=0.127199, test/num_examples=95000000, total_duration=13478.093824, train/loss=0.125241, validation/loss=0.124754, validation/num_examples=83274637
I0313 13:59:56.578830 139997235619584 logging_writer.py:48] [3400] global_step=3400, grad_norm=0.027817262336611748, loss=0.12773971259593964
I0313 14:01:01.776293 139997244012288 logging_writer.py:48] [3500] global_step=3500, grad_norm=0.009975642897188663, loss=0.1272767186164856
I0313 14:01:55.846672 140173198743360 spec.py:321] Evaluating on the training split.
I0313 14:05:04.157084 140173198743360 spec.py:333] Evaluating on the validation split.
I0313 14:07:44.275218 140173198743360 spec.py:349] Evaluating on the test split.
I0313 14:10:43.301775 140173198743360 submission_runner.py:420] Time since start: 14125.63s, 	Step: 3571, 	{'train/loss': 0.124942989855911, 'validation/loss': 0.12470918290537512, 'validation/num_examples': 83274637, 'test/loss': 0.12723896994243422, 'test/num_examples': 95000000, 'score': 2424.872097969055, 'total_duration': 14125.62613105774, 'accumulated_submission_time': 2424.872097969055, 'accumulated_eval_time': 11700.181691408157, 'accumulated_logging_time': 0.45394277572631836}
I0313 14:10:43.316478 139997235619584 logging_writer.py:48] [3571] accumulated_eval_time=11700.181691, accumulated_logging_time=0.453943, accumulated_submission_time=2424.872098, global_step=3571, preemption_count=0, score=2424.872098, test/loss=0.127239, test/num_examples=95000000, total_duration=14125.626131, train/loss=0.124943, validation/loss=0.124709, validation/num_examples=83274637
I0313 14:10:48.354759 139997244012288 logging_writer.py:48] [3600] global_step=3600, grad_norm=0.01902366802096367, loss=0.12085980176925659
I0313 14:12:07.795031 139997235619584 logging_writer.py:48] [3700] global_step=3700, grad_norm=0.0086722606793046, loss=0.12713226675987244
I0313 14:12:44.061017 140173198743360 spec.py:321] Evaluating on the training split.
I0313 14:16:00.744620 140173198743360 spec.py:333] Evaluating on the validation split.
I0313 14:18:44.107877 140173198743360 spec.py:349] Evaluating on the test split.
I0313 14:21:42.416789 140173198743360 submission_runner.py:420] Time since start: 14784.74s, 	Step: 3746, 	{'train/loss': 0.1245335034627772, 'validation/loss': 0.12463199104068146, 'validation/num_examples': 83274637, 'test/loss': 0.12716220033922698, 'test/num_examples': 95000000, 'score': 2545.603095293045, 'total_duration': 14784.741124391556, 'accumulated_submission_time': 2545.603095293045, 'accumulated_eval_time': 12238.537390470505, 'accumulated_logging_time': 0.47659897804260254}
I0313 14:21:42.435869 139997244012288 logging_writer.py:48] [3746] accumulated_eval_time=12238.537390, accumulated_logging_time=0.476599, accumulated_submission_time=2545.603095, global_step=3746, preemption_count=0, score=2545.603095, test/loss=0.127162, test/num_examples=95000000, total_duration=14784.741124, train/loss=0.124534, validation/loss=0.124632, validation/num_examples=83274637
I0313 14:22:07.580373 139997235619584 logging_writer.py:48] [3800] global_step=3800, grad_norm=0.019418926909565926, loss=0.12083593010902405
I0313 14:23:26.591351 139997244012288 logging_writer.py:48] [3900] global_step=3900, grad_norm=0.0076151276007294655, loss=0.13499820232391357
I0313 14:23:43.254155 140173198743360 spec.py:321] Evaluating on the training split.
I0313 14:27:06.091042 140173198743360 spec.py:333] Evaluating on the validation split.
I0313 14:29:48.781958 140173198743360 spec.py:349] Evaluating on the test split.
I0313 14:32:52.924978 140173198743360 submission_runner.py:420] Time since start: 15455.25s, 	Step: 3923, 	{'train/loss': 0.12175240222388094, 'validation/loss': 0.12482405680186837, 'validation/num_examples': 83274637, 'test/loss': 0.12727435324835526, 'test/num_examples': 95000000, 'score': 2666.4074409008026, 'total_duration': 15455.249332904816, 'accumulated_submission_time': 2666.4074409008026, 'accumulated_eval_time': 12788.208154916763, 'accumulated_logging_time': 0.5039494037628174}
I0313 14:32:52.938870 139997235619584 logging_writer.py:48] [3923] accumulated_eval_time=12788.208155, accumulated_logging_time=0.503949, accumulated_submission_time=2666.407441, global_step=3923, preemption_count=0, score=2666.407441, test/loss=0.127274, test/num_examples=95000000, total_duration=15455.249333, train/loss=0.121752, validation/loss=0.124824, validation/num_examples=83274637
I0313 14:33:36.821614 139997244012288 logging_writer.py:48] [4000] global_step=4000, grad_norm=0.007945968769490719, loss=0.1321488469839096
I0313 14:34:53.658639 140173198743360 spec.py:321] Evaluating on the training split.
I0313 14:38:17.053622 140173198743360 spec.py:333] Evaluating on the validation split.
I0313 14:40:37.511976 140173198743360 spec.py:349] Evaluating on the test split.
I0313 14:43:12.675811 140173198743360 submission_runner.py:420] Time since start: 16075.00s, 	Step: 4099, 	{'train/loss': 0.12312011315294032, 'validation/loss': 0.12475934950028288, 'validation/num_examples': 83274637, 'test/loss': 0.1271502514083059, 'test/num_examples': 95000000, 'score': 2787.1132168769836, 'total_duration': 16075.00016617775, 'accumulated_submission_time': 2787.1132168769836, 'accumulated_eval_time': 13287.225280284882, 'accumulated_logging_time': 0.5254969596862793}
I0313 14:43:12.689852 139997235619584 logging_writer.py:48] [4099] accumulated_eval_time=13287.225280, accumulated_logging_time=0.525497, accumulated_submission_time=2787.113217, global_step=4099, preemption_count=0, score=2787.113217, test/loss=0.127150, test/num_examples=95000000, total_duration=16075.000166, train/loss=0.123120, validation/loss=0.124759, validation/num_examples=83274637
I0313 14:43:12.906851 139997244012288 logging_writer.py:48] [4100] global_step=4100, grad_norm=0.00823618471622467, loss=0.13203498721122742
I0313 14:44:16.096604 139997235619584 logging_writer.py:48] [4200] global_step=4200, grad_norm=0.00546308932825923, loss=0.1267065554857254
I0313 14:45:13.196539 140173198743360 spec.py:321] Evaluating on the training split.
I0313 14:48:47.601322 140173198743360 spec.py:333] Evaluating on the validation split.
I0313 14:51:27.810598 140173198743360 spec.py:349] Evaluating on the test split.
I0313 14:54:29.324374 140173198743360 submission_runner.py:420] Time since start: 16751.65s, 	Step: 4274, 	{'train/loss': 0.12231174126595447, 'validation/loss': 0.12493975288489549, 'validation/num_examples': 83274637, 'test/loss': 0.1273904122635691, 'test/num_examples': 95000000, 'score': 2907.6059803962708, 'total_duration': 16751.648733615875, 'accumulated_submission_time': 2907.6059803962708, 'accumulated_eval_time': 13843.353071928024, 'accumulated_logging_time': 0.547893762588501}
I0313 14:54:29.338324 139997244012288 logging_writer.py:48] [4274] accumulated_eval_time=13843.353072, accumulated_logging_time=0.547894, accumulated_submission_time=2907.605980, global_step=4274, preemption_count=0, score=2907.605980, test/loss=0.127390, test/num_examples=95000000, total_duration=16751.648734, train/loss=0.122312, validation/loss=0.124940, validation/num_examples=83274637
I0313 14:54:31.935196 139997235619584 logging_writer.py:48] [4300] global_step=4300, grad_norm=0.009874274954199791, loss=0.11865267902612686
I0313 14:55:52.024913 139997244012288 logging_writer.py:48] [4400] global_step=4400, grad_norm=0.006906057707965374, loss=0.13006435334682465
I0313 14:56:29.668791 140173198743360 spec.py:321] Evaluating on the training split.
I0313 14:59:57.038667 140173198743360 spec.py:333] Evaluating on the validation split.
I0313 15:02:38.355280 140173198743360 spec.py:349] Evaluating on the test split.
I0313 15:06:00.904730 140173198743360 submission_runner.py:420] Time since start: 17443.23s, 	Step: 4455, 	{'train/loss': 0.12259139470849773, 'validation/loss': 0.12442107611039106, 'validation/num_examples': 83274637, 'test/loss': 0.12678743900082237, 'test/num_examples': 95000000, 'score': 3027.9232020378113, 'total_duration': 17443.229073524475, 'accumulated_submission_time': 3027.9232020378113, 'accumulated_eval_time': 14414.588943958282, 'accumulated_logging_time': 0.5692830085754395}
I0313 15:06:00.920806 139997235619584 logging_writer.py:48] [4455] accumulated_eval_time=14414.588944, accumulated_logging_time=0.569283, accumulated_submission_time=3027.923202, global_step=4455, preemption_count=0, score=3027.923202, test/loss=0.126787, test/num_examples=95000000, total_duration=17443.229074, train/loss=0.122591, validation/loss=0.124421, validation/num_examples=83274637
I0313 15:06:19.390146 139997244012288 logging_writer.py:48] [4500] global_step=4500, grad_norm=0.006494584493339062, loss=0.12645456194877625
I0313 15:07:39.729357 139997235619584 logging_writer.py:48] [4600] global_step=4600, grad_norm=0.02013927698135376, loss=0.12209949642419815
I0313 15:08:01.201474 140173198743360 spec.py:321] Evaluating on the training split.
I0313 15:11:30.757856 140173198743360 spec.py:333] Evaluating on the validation split.
I0313 15:14:13.362566 140173198743360 spec.py:349] Evaluating on the test split.
I0313 15:17:18.577033 140173198743360 submission_runner.py:420] Time since start: 18120.90s, 	Step: 4628, 	{'train/loss': 0.12333793686292831, 'validation/loss': 0.1244669025799461, 'validation/num_examples': 83274637, 'test/loss': 0.12683189776932566, 'test/num_examples': 95000000, 'score': 3148.1890013217926, 'total_duration': 18120.901388406754, 'accumulated_submission_time': 3148.1890013217926, 'accumulated_eval_time': 14971.964445590973, 'accumulated_logging_time': 0.594536304473877}
I0313 15:17:18.591537 139997244012288 logging_writer.py:48] [4628] accumulated_eval_time=14971.964446, accumulated_logging_time=0.594536, accumulated_submission_time=3148.189001, global_step=4628, preemption_count=0, score=3148.189001, test/loss=0.126832, test/num_examples=95000000, total_duration=18120.901388, train/loss=0.123338, validation/loss=0.124467, validation/num_examples=83274637
I0313 15:17:55.207193 139997235619584 logging_writer.py:48] [4700] global_step=4700, grad_norm=0.00955177005380392, loss=0.12218832224607468
I0313 15:19:08.608766 139997244012288 logging_writer.py:48] [4800] global_step=4800, grad_norm=0.014003950171172619, loss=0.12096425145864487
I0313 15:19:19.225518 140173198743360 spec.py:321] Evaluating on the training split.
I0313 15:22:34.339509 140173198743360 spec.py:333] Evaluating on the validation split.
I0313 15:25:14.896950 140173198743360 spec.py:349] Evaluating on the test split.
I0313 15:28:15.307826 140173198743360 submission_runner.py:420] Time since start: 18777.63s, 	Step: 4814, 	{'train/loss': 0.1234617902188556, 'validation/loss': 0.12438102640700155, 'validation/num_examples': 83274637, 'test/loss': 0.12676129402754935, 'test/num_examples': 95000000, 'score': 3268.8093614578247, 'total_duration': 18777.632177591324, 'accumulated_submission_time': 3268.8093614578247, 'accumulated_eval_time': 15508.046690702438, 'accumulated_logging_time': 0.6166715621948242}
I0313 15:28:15.321935 139997235619584 logging_writer.py:48] [4814] accumulated_eval_time=15508.046691, accumulated_logging_time=0.616672, accumulated_submission_time=3268.809361, global_step=4814, preemption_count=0, score=3268.809361, test/loss=0.126761, test/num_examples=95000000, total_duration=18777.632178, train/loss=0.123462, validation/loss=0.124381, validation/num_examples=83274637
I0313 15:29:07.053781 139997244012288 logging_writer.py:48] [4900] global_step=4900, grad_norm=0.0072806826792657375, loss=0.1251840442419052
I0313 15:30:15.442034 140173198743360 spec.py:321] Evaluating on the training split.
I0313 15:33:33.212694 140173198743360 spec.py:333] Evaluating on the validation split.
I0313 15:36:24.570495 140173198743360 spec.py:349] Evaluating on the test split.
I0313 15:39:24.576558 140173198743360 submission_runner.py:420] Time since start: 19446.90s, 	Step: 4990, 	{'train/loss': 0.1227653210385228, 'validation/loss': 0.12423555771478663, 'validation/num_examples': 83274637, 'test/loss': 0.12655678776726972, 'test/num_examples': 95000000, 'score': 3388.9160392284393, 'total_duration': 19446.900912046432, 'accumulated_submission_time': 3388.9160392284393, 'accumulated_eval_time': 16057.181163549423, 'accumulated_logging_time': 0.6385774612426758}
I0313 15:39:24.590768 139997235619584 logging_writer.py:48] [4990] accumulated_eval_time=16057.181164, accumulated_logging_time=0.638577, accumulated_submission_time=3388.916039, global_step=4990, preemption_count=0, score=3388.916039, test/loss=0.126557, test/num_examples=95000000, total_duration=19446.900912, train/loss=0.122765, validation/loss=0.124236, validation/num_examples=83274637
I0313 15:39:25.666868 139997244012288 logging_writer.py:48] [5000] global_step=5000, grad_norm=0.0050934553146362305, loss=0.11679775267839432
I0313 15:40:33.434976 139997235619584 logging_writer.py:48] [5100] global_step=5100, grad_norm=0.04023546352982521, loss=0.11776761710643768
I0313 15:41:25.127892 140173198743360 spec.py:321] Evaluating on the training split.
I0313 15:44:41.362052 140173198743360 spec.py:333] Evaluating on the validation split.
I0313 15:47:25.763378 140173198743360 spec.py:349] Evaluating on the test split.
I0313 15:50:24.387646 140173198743360 submission_runner.py:420] Time since start: 20106.71s, 	Step: 5168, 	{'train/loss': 0.12416605626777658, 'validation/loss': 0.12429028071042883, 'validation/num_examples': 83274637, 'test/loss': 0.1266145437088816, 'test/num_examples': 95000000, 'score': 3509.4399082660675, 'total_duration': 20106.71199607849, 'accumulated_submission_time': 3509.4399082660675, 'accumulated_eval_time': 16596.44086575508, 'accumulated_logging_time': 0.6602156162261963}
I0313 15:50:24.401749 139997244012288 logging_writer.py:48] [5168] accumulated_eval_time=16596.440866, accumulated_logging_time=0.660216, accumulated_submission_time=3509.439908, global_step=5168, preemption_count=0, score=3509.439908, test/loss=0.126615, test/num_examples=95000000, total_duration=20106.711996, train/loss=0.124166, validation/loss=0.124290, validation/num_examples=83274637
I0313 15:50:32.011544 139997235619584 logging_writer.py:48] [5200] global_step=5200, grad_norm=0.005291338078677654, loss=0.12857696413993835
I0313 15:51:51.167055 139997244012288 logging_writer.py:48] [5300] global_step=5300, grad_norm=0.01096076425164938, loss=0.13334999978542328
I0313 15:52:24.987206 140173198743360 spec.py:321] Evaluating on the training split.
I0313 15:55:49.226579 140173198743360 spec.py:333] Evaluating on the validation split.
I0313 15:58:33.563006 140173198743360 spec.py:349] Evaluating on the test split.
I0313 16:01:41.589278 140173198743360 submission_runner.py:420] Time since start: 20783.91s, 	Step: 5344, 	{'train/loss': 0.12316630831070291, 'validation/loss': 0.12438672783885492, 'validation/num_examples': 83274637, 'test/loss': 0.12668093367598685, 'test/num_examples': 95000000, 'score': 3630.0084569454193, 'total_duration': 20783.91361641884, 'accumulated_submission_time': 3630.0084569454193, 'accumulated_eval_time': 17153.042880296707, 'accumulated_logging_time': 0.6854746341705322}
I0313 16:01:41.605906 139997235619584 logging_writer.py:48] [5344] accumulated_eval_time=17153.042880, accumulated_logging_time=0.685475, accumulated_submission_time=3630.008457, global_step=5344, preemption_count=0, score=3630.008457, test/loss=0.126681, test/num_examples=95000000, total_duration=20783.913616, train/loss=0.123166, validation/loss=0.124387, validation/num_examples=83274637
I0313 16:02:09.121068 139997244012288 logging_writer.py:48] [5400] global_step=5400, grad_norm=0.006199704948812723, loss=0.12580274045467377
I0313 16:03:29.408230 139997235619584 logging_writer.py:48] [5500] global_step=5500, grad_norm=0.008503447286784649, loss=0.11941835284233093
I0313 16:03:42.269774 140173198743360 spec.py:321] Evaluating on the training split.
I0313 16:07:02.757043 140173198743360 spec.py:333] Evaluating on the validation split.
I0313 16:09:46.360568 140173198743360 spec.py:349] Evaluating on the test split.
I0313 16:12:44.798399 140173198743360 submission_runner.py:420] Time since start: 21447.12s, 	Step: 5517, 	{'train/loss': 0.1235510464523386, 'validation/loss': 0.12449359222856962, 'validation/num_examples': 83274637, 'test/loss': 0.12683134513774671, 'test/num_examples': 95000000, 'score': 3750.658250808716, 'total_duration': 21447.122741937637, 'accumulated_submission_time': 3750.658250808716, 'accumulated_eval_time': 17695.571431159973, 'accumulated_logging_time': 0.7104918956756592}
I0313 16:12:44.812784 139997244012288 logging_writer.py:48] [5517] accumulated_eval_time=17695.571431, accumulated_logging_time=0.710492, accumulated_submission_time=3750.658251, global_step=5517, preemption_count=0, score=3750.658251, test/loss=0.126831, test/num_examples=95000000, total_duration=21447.122742, train/loss=0.123551, validation/loss=0.124494, validation/num_examples=83274637
I0313 16:13:29.836586 139997235619584 logging_writer.py:48] [5600] global_step=5600, grad_norm=0.0058985548093914986, loss=0.13242878019809723
I0313 16:14:45.290367 140173198743360 spec.py:321] Evaluating on the training split.
I0313 16:18:07.315389 140173198743360 spec.py:333] Evaluating on the validation split.
I0313 16:20:46.368395 140173198743360 spec.py:349] Evaluating on the test split.
I0313 16:23:49.891198 140173198743360 submission_runner.py:420] Time since start: 22112.22s, 	Step: 5699, 	{'train/loss': 0.12422612645669179, 'validation/loss': 0.12437674219603248, 'validation/num_examples': 83274637, 'test/loss': 0.12676835718544407, 'test/num_examples': 95000000, 'score': 3871.1222972869873, 'total_duration': 22112.21555185318, 'accumulated_submission_time': 3871.1222972869873, 'accumulated_eval_time': 18240.172213554382, 'accumulated_logging_time': 0.7323856353759766}
I0313 16:23:49.908224 139997244012288 logging_writer.py:48] [5699] accumulated_eval_time=18240.172214, accumulated_logging_time=0.732386, accumulated_submission_time=3871.122297, global_step=5699, preemption_count=0, score=3871.122297, test/loss=0.126768, test/num_examples=95000000, total_duration=22112.215552, train/loss=0.124226, validation/loss=0.124377, validation/num_examples=83274637
I0313 16:23:50.127784 139997235619584 logging_writer.py:48] [5700] global_step=5700, grad_norm=0.010520684532821178, loss=0.1128634586930275
I0313 16:24:51.783460 139997244012288 logging_writer.py:48] [5800] global_step=5800, grad_norm=0.004536920227110386, loss=0.12473185360431671
I0313 16:25:50.482033 140173198743360 spec.py:321] Evaluating on the training split.
I0313 16:29:16.127103 140173198743360 spec.py:333] Evaluating on the validation split.
I0313 16:31:57.862456 140173198743360 spec.py:349] Evaluating on the test split.
I0313 16:35:04.119035 140173198743360 submission_runner.py:420] Time since start: 22786.44s, 	Step: 5877, 	{'train/loss': 0.12264794319774369, 'validation/loss': 0.1241523478241509, 'validation/num_examples': 83274637, 'test/loss': 0.12654909149876645, 'test/num_examples': 95000000, 'score': 3991.6780228614807, 'total_duration': 22786.44338607788, 'accumulated_submission_time': 3991.6780228614807, 'accumulated_eval_time': 18793.809163808823, 'accumulated_logging_time': 0.7616417407989502}
I0313 16:35:04.134323 139997235619584 logging_writer.py:48] [5877] accumulated_eval_time=18793.809164, accumulated_logging_time=0.761642, accumulated_submission_time=3991.678023, global_step=5877, preemption_count=0, score=3991.678023, test/loss=0.126549, test/num_examples=95000000, total_duration=22786.443386, train/loss=0.122648, validation/loss=0.124152, validation/num_examples=83274637
I0313 16:35:06.452347 139997244012288 logging_writer.py:48] [5900] global_step=5900, grad_norm=0.006412352900952101, loss=0.12112440168857574
I0313 16:36:22.715163 139997235619584 logging_writer.py:48] [6000] global_step=6000, grad_norm=0.010110288858413696, loss=0.12107069790363312
I0313 16:37:04.406519 140173198743360 spec.py:321] Evaluating on the training split.
I0313 16:40:15.577421 140173198743360 spec.py:333] Evaluating on the validation split.
I0313 16:42:56.828845 140173198743360 spec.py:349] Evaluating on the test split.
I0313 16:45:58.399344 140173198743360 submission_runner.py:420] Time since start: 23440.72s, 	Step: 6056, 	{'train/loss': 0.1225242608185834, 'validation/loss': 0.12434872632225868, 'validation/num_examples': 83274637, 'test/loss': 0.12669301422697368, 'test/num_examples': 95000000, 'score': 4111.936642169952, 'total_duration': 23440.723692655563, 'accumulated_submission_time': 4111.936642169952, 'accumulated_eval_time': 19327.80193209648, 'accumulated_logging_time': 0.784590482711792}
I0313 16:45:58.416283 139997244012288 logging_writer.py:48] [6056] accumulated_eval_time=19327.801932, accumulated_logging_time=0.784590, accumulated_submission_time=4111.936642, global_step=6056, preemption_count=0, score=4111.936642, test/loss=0.126693, test/num_examples=95000000, total_duration=23440.723693, train/loss=0.122524, validation/loss=0.124349, validation/num_examples=83274637
I0313 16:46:15.427021 139997235619584 logging_writer.py:48] [6100] global_step=6100, grad_norm=0.0072887856513261795, loss=0.12463021278381348
I0313 16:47:34.234027 139997244012288 logging_writer.py:48] [6200] global_step=6200, grad_norm=0.013546781614422798, loss=0.11864754557609558
I0313 16:47:58.649868 140173198743360 spec.py:321] Evaluating on the training split.
I0313 16:51:34.453084 140173198743360 spec.py:333] Evaluating on the validation split.
I0313 16:54:15.287999 140173198743360 spec.py:349] Evaluating on the test split.
I0313 16:57:14.110853 140173198743360 submission_runner.py:420] Time since start: 24116.44s, 	Step: 6232, 	{'train/loss': 0.12345081435387614, 'validation/loss': 0.12428026729804674, 'validation/num_examples': 83274637, 'test/loss': 0.12664029050164474, 'test/num_examples': 95000000, 'score': 4232.155610084534, 'total_duration': 24116.43520641327, 'accumulated_submission_time': 4232.155610084534, 'accumulated_eval_time': 19883.262872695923, 'accumulated_logging_time': 0.8101849555969238}
I0313 16:57:14.125529 139997235619584 logging_writer.py:48] [6232] accumulated_eval_time=19883.262873, accumulated_logging_time=0.810185, accumulated_submission_time=4232.155610, global_step=6232, preemption_count=0, score=4232.155610, test/loss=0.126640, test/num_examples=95000000, total_duration=24116.435206, train/loss=0.123451, validation/loss=0.124280, validation/num_examples=83274637
I0313 16:57:48.763490 139997244012288 logging_writer.py:48] [6300] global_step=6300, grad_norm=0.006856788415461779, loss=0.12252311408519745
I0313 16:59:08.144057 139997235619584 logging_writer.py:48] [6400] global_step=6400, grad_norm=0.010439425706863403, loss=0.12558914721012115
I0313 16:59:14.446698 140173198743360 spec.py:321] Evaluating on the training split.
I0313 17:02:42.777413 140173198743360 spec.py:333] Evaluating on the validation split.
I0313 17:05:22.270944 140173198743360 spec.py:349] Evaluating on the test split.
I0313 17:08:21.071509 140173198743360 submission_runner.py:420] Time since start: 24783.40s, 	Step: 6409, 	{'train/loss': 0.12050274955167335, 'validation/loss': 0.12429604698678393, 'validation/num_examples': 83274637, 'test/loss': 0.12664244463404606, 'test/num_examples': 95000000, 'score': 4352.459222078323, 'total_duration': 24783.39586544037, 'accumulated_submission_time': 4352.459222078323, 'accumulated_eval_time': 20429.887636899948, 'accumulated_logging_time': 0.8363173007965088}
I0313 17:08:21.087267 139997244012288 logging_writer.py:48] [6409] accumulated_eval_time=20429.887637, accumulated_logging_time=0.836317, accumulated_submission_time=4352.459222, global_step=6409, preemption_count=0, score=4352.459222, test/loss=0.126642, test/num_examples=95000000, total_duration=24783.395865, train/loss=0.120503, validation/loss=0.124296, validation/num_examples=83274637
I0313 17:09:15.909401 139997235619584 logging_writer.py:48] [6500] global_step=6500, grad_norm=0.009170041419565678, loss=0.12407537549734116
I0313 17:10:21.326458 140173198743360 spec.py:321] Evaluating on the training split.
I0313 17:13:40.194202 140173198743360 spec.py:333] Evaluating on the validation split.
I0313 17:16:31.303987 140173198743360 spec.py:349] Evaluating on the test split.
I0313 17:19:25.044003 140173198743360 submission_runner.py:420] Time since start: 25447.37s, 	Step: 6590, 	{'train/loss': 0.12310920984911844, 'validation/loss': 0.12410062550650738, 'validation/num_examples': 83274637, 'test/loss': 0.12645597954358553, 'test/num_examples': 95000000, 'score': 4472.683204650879, 'total_duration': 25447.368352890015, 'accumulated_submission_time': 4472.683204650879, 'accumulated_eval_time': 20973.605124235153, 'accumulated_logging_time': 0.8614339828491211}
I0313 17:19:25.058828 139997244012288 logging_writer.py:48] [6590] accumulated_eval_time=20973.605124, accumulated_logging_time=0.861434, accumulated_submission_time=4472.683205, global_step=6590, preemption_count=0, score=4472.683205, test/loss=0.126456, test/num_examples=95000000, total_duration=25447.368353, train/loss=0.123109, validation/loss=0.124101, validation/num_examples=83274637
I0313 17:19:26.136534 139997235619584 logging_writer.py:48] [6600] global_step=6600, grad_norm=0.018652526661753654, loss=0.12477882206439972
I0313 17:20:33.392062 139997244012288 logging_writer.py:48] [6700] global_step=6700, grad_norm=0.0075468095019459724, loss=0.12340214848518372
I0313 17:21:25.596725 140173198743360 spec.py:321] Evaluating on the training split.
I0313 17:24:39.749193 140173198743360 spec.py:333] Evaluating on the validation split.
I0313 17:27:21.635803 140173198743360 spec.py:349] Evaluating on the test split.
I0313 17:30:20.548986 140173198743360 submission_runner.py:420] Time since start: 26102.87s, 	Step: 6770, 	{'train/loss': 0.12019832822371204, 'validation/loss': 0.12420776441966246, 'validation/num_examples': 83274637, 'test/loss': 0.12662303520764803, 'test/num_examples': 95000000, 'score': 4593.207630872726, 'total_duration': 26102.873340845108, 'accumulated_submission_time': 4593.207630872726, 'accumulated_eval_time': 21508.55733346939, 'accumulated_logging_time': 0.8837997913360596}
I0313 17:30:20.566388 139997235619584 logging_writer.py:48] [6770] accumulated_eval_time=21508.557333, accumulated_logging_time=0.883800, accumulated_submission_time=4593.207631, global_step=6770, preemption_count=0, score=4593.207631, test/loss=0.126623, test/num_examples=95000000, total_duration=26102.873341, train/loss=0.120198, validation/loss=0.124208, validation/num_examples=83274637
I0313 17:30:26.629096 139997244012288 logging_writer.py:48] [6800] global_step=6800, grad_norm=0.007258373778313398, loss=0.12598107755184174
I0313 17:31:47.001580 139997235619584 logging_writer.py:48] [6900] global_step=6900, grad_norm=0.005702285096049309, loss=0.1308063566684723
I0313 17:32:20.899047 140173198743360 spec.py:321] Evaluating on the training split.
I0313 17:35:46.529978 140173198743360 spec.py:333] Evaluating on the validation split.
I0313 17:38:26.348290 140173198743360 spec.py:349] Evaluating on the test split.
I0313 17:41:23.258090 140173198743360 submission_runner.py:420] Time since start: 26765.58s, 	Step: 6946, 	{'train/loss': 0.11799892028735119, 'validation/loss': 0.1241508252712629, 'validation/num_examples': 83274637, 'test/loss': 0.1264218494140625, 'test/num_examples': 95000000, 'score': 4713.524817228317, 'total_duration': 26765.58244419098, 'accumulated_submission_time': 4713.524817228317, 'accumulated_eval_time': 22050.916337251663, 'accumulated_logging_time': 0.9108951091766357}
I0313 17:41:23.273148 139997244012288 logging_writer.py:48] [6946] accumulated_eval_time=22050.916337, accumulated_logging_time=0.910895, accumulated_submission_time=4713.524817, global_step=6946, preemption_count=0, score=4713.524817, test/loss=0.126422, test/num_examples=95000000, total_duration=26765.582444, train/loss=0.117999, validation/loss=0.124151, validation/num_examples=83274637
I0313 17:41:47.600474 139997235619584 logging_writer.py:48] [7000] global_step=7000, grad_norm=0.010179522447288036, loss=0.13009855151176453
I0313 17:43:06.637269 139997244012288 logging_writer.py:48] [7100] global_step=7100, grad_norm=0.011751408688724041, loss=0.1251356601715088
I0313 17:43:23.429962 140173198743360 spec.py:321] Evaluating on the training split.
I0313 17:46:53.674338 140173198743360 spec.py:333] Evaluating on the validation split.
I0313 17:49:30.362613 140173198743360 spec.py:349] Evaluating on the test split.
I0313 17:52:23.662899 140173198743360 submission_runner.py:420] Time since start: 27425.99s, 	Step: 7123, 	{'train/loss': 0.12204554206076658, 'validation/loss': 0.12401805200552278, 'validation/num_examples': 83274637, 'test/loss': 0.1263023667865954, 'test/num_examples': 95000000, 'score': 4833.66826915741, 'total_duration': 27425.987258195877, 'accumulated_submission_time': 4833.66826915741, 'accumulated_eval_time': 22591.149223327637, 'accumulated_logging_time': 0.9335587024688721}
I0313 17:52:23.677761 139997235619584 logging_writer.py:48] [7123] accumulated_eval_time=22591.149223, accumulated_logging_time=0.933559, accumulated_submission_time=4833.668269, global_step=7123, preemption_count=0, score=4833.668269, test/loss=0.126302, test/num_examples=95000000, total_duration=27425.987258, train/loss=0.122046, validation/loss=0.124018, validation/num_examples=83274637
I0313 17:53:04.110822 139997244012288 logging_writer.py:48] [7200] global_step=7200, grad_norm=0.008777374401688576, loss=0.11831740289926529
I0313 17:54:19.729717 139997235619584 logging_writer.py:48] [7300] global_step=7300, grad_norm=0.006262179929763079, loss=0.13054190576076508
I0313 17:54:23.686663 140173198743360 spec.py:321] Evaluating on the training split.
I0313 17:57:49.009016 140173198743360 spec.py:333] Evaluating on the validation split.
I0313 18:00:30.434986 140173198743360 spec.py:349] Evaluating on the test split.
I0313 18:03:30.965991 140173198743360 submission_runner.py:420] Time since start: 28093.29s, 	Step: 7306, 	{'train/loss': 0.12216276284190095, 'validation/loss': 0.12407358887911228, 'validation/num_examples': 83274637, 'test/loss': 0.12644836393914474, 'test/num_examples': 95000000, 'score': 4953.663403511047, 'total_duration': 28093.290339946747, 'accumulated_submission_time': 4953.663403511047, 'accumulated_eval_time': 23138.428495168686, 'accumulated_logging_time': 0.9559965133666992}
I0313 18:03:30.983090 139997244012288 logging_writer.py:48] [7306] accumulated_eval_time=23138.428495, accumulated_logging_time=0.955997, accumulated_submission_time=4953.663404, global_step=7306, preemption_count=0, score=4953.663404, test/loss=0.126448, test/num_examples=95000000, total_duration=28093.290340, train/loss=0.122163, validation/loss=0.124074, validation/num_examples=83274637
I0313 18:04:27.272566 139997235619584 logging_writer.py:48] [7400] global_step=7400, grad_norm=0.011616846546530724, loss=0.12169291824102402
I0313 18:05:31.319709 140173198743360 spec.py:321] Evaluating on the training split.
I0313 18:08:41.520243 140173198743360 spec.py:333] Evaluating on the validation split.
I0313 18:11:26.741640 140173198743360 spec.py:349] Evaluating on the test split.
I0313 18:14:22.283896 140173198743360 submission_runner.py:420] Time since start: 28744.61s, 	Step: 7485, 	{'train/loss': 0.12037393702604111, 'validation/loss': 0.12401581225802132, 'validation/num_examples': 83274637, 'test/loss': 0.1263452935752467, 'test/num_examples': 95000000, 'score': 5073.9851770401, 'total_duration': 28744.60824251175, 'accumulated_submission_time': 5073.9851770401, 'accumulated_eval_time': 23669.392629384995, 'accumulated_logging_time': 0.9820210933685303}
I0313 18:14:22.298879 139997244012288 logging_writer.py:48] [7485] accumulated_eval_time=23669.392629, accumulated_logging_time=0.982021, accumulated_submission_time=5073.985177, global_step=7485, preemption_count=0, score=5073.985177, test/loss=0.126345, test/num_examples=95000000, total_duration=28744.608243, train/loss=0.120374, validation/loss=0.124016, validation/num_examples=83274637
I0313 18:14:23.852107 139997235619584 logging_writer.py:48] [7500] global_step=7500, grad_norm=0.004804678726941347, loss=0.11606922745704651
I0313 18:15:33.842690 139997244012288 logging_writer.py:48] [7600] global_step=7600, grad_norm=0.013483932241797447, loss=0.12034821510314941
I0313 18:16:22.725988 140173198743360 spec.py:321] Evaluating on the training split.
I0313 18:19:46.169004 140173198743360 spec.py:333] Evaluating on the validation split.
I0313 18:22:27.598677 140173198743360 spec.py:349] Evaluating on the test split.
I0313 18:25:26.978335 140173198743360 submission_runner.py:420] Time since start: 29409.30s, 	Step: 7663, 	{'train/loss': 0.12077960077930922, 'validation/loss': 0.12384378418667334, 'validation/num_examples': 83274637, 'test/loss': 0.12619580936472038, 'test/num_examples': 95000000, 'score': 5194.398851156235, 'total_duration': 29409.30269098282, 'accumulated_submission_time': 5194.398851156235, 'accumulated_eval_time': 24213.644921779633, 'accumulated_logging_time': 1.0047781467437744}
I0313 18:25:26.993301 139997235619584 logging_writer.py:48] [7663] accumulated_eval_time=24213.644922, accumulated_logging_time=1.004778, accumulated_submission_time=5194.398851, global_step=7663, preemption_count=0, score=5194.398851, test/loss=0.126196, test/num_examples=95000000, total_duration=29409.302691, train/loss=0.120780, validation/loss=0.123844, validation/num_examples=83274637
I0313 18:25:38.294157 139997244012288 logging_writer.py:48] [7700] global_step=7700, grad_norm=0.009994014166295528, loss=0.12005208432674408
I0313 18:26:53.970776 139997235619584 logging_writer.py:48] [7800] global_step=7800, grad_norm=0.009775801561772823, loss=0.13166305422782898
I0313 18:27:27.323343 140173198743360 spec.py:321] Evaluating on the training split.
I0313 18:30:46.662126 140173198743360 spec.py:333] Evaluating on the validation split.
I0313 18:33:27.596456 140173198743360 spec.py:349] Evaluating on the test split.
I0313 18:36:27.121712 140173198743360 submission_runner.py:420] Time since start: 30069.45s, 	Step: 7843, 	{'train/loss': 0.11959708969360627, 'validation/loss': 0.12384565399391767, 'validation/num_examples': 83274637, 'test/loss': 0.12619642868009867, 'test/num_examples': 95000000, 'score': 5314.715612649918, 'total_duration': 30069.446065425873, 'accumulated_submission_time': 5314.715612649918, 'accumulated_eval_time': 24753.443234682083, 'accumulated_logging_time': 1.0272042751312256}
I0313 18:36:27.136795 139997244012288 logging_writer.py:48] [7843] accumulated_eval_time=24753.443235, accumulated_logging_time=1.027204, accumulated_submission_time=5314.715613, global_step=7843, preemption_count=0, score=5314.715613, test/loss=0.126196, test/num_examples=95000000, total_duration=30069.446065, train/loss=0.119597, validation/loss=0.123846, validation/num_examples=83274637
I0313 18:36:54.463999 139997235619584 logging_writer.py:48] [7900] global_step=7900, grad_norm=0.010409527458250523, loss=0.12421111017465591
I0313 18:38:14.061891 139997244012288 logging_writer.py:48] [8000] global_step=8000, grad_norm=0.011801485903561115, loss=0.1203685998916626
I0313 18:38:27.707797 140173198743360 spec.py:321] Evaluating on the training split.
I0313 18:41:50.519057 140173198743360 spec.py:333] Evaluating on the validation split.
I0313 18:44:35.405733 140173198743360 spec.py:349] Evaluating on the test split.
I0313 18:47:37.655294 140173198743360 submission_runner.py:420] Time since start: 30739.98s, 	Step: 8018, 	{'train/loss': 0.12062166258692741, 'validation/loss': 0.12384761976328473, 'validation/num_examples': 83274637, 'test/loss': 0.1261577527138158, 'test/num_examples': 95000000, 'score': 5435.273231506348, 'total_duration': 30739.979630708694, 'accumulated_submission_time': 5435.273231506348, 'accumulated_eval_time': 25303.39065337181, 'accumulated_logging_time': 1.049952745437622}
I0313 18:47:37.672235 139997235619584 logging_writer.py:48] [8018] accumulated_eval_time=25303.390653, accumulated_logging_time=1.049953, accumulated_submission_time=5435.273232, global_step=8018, preemption_count=0, score=5435.273232, test/loss=0.126158, test/num_examples=95000000, total_duration=30739.979631, train/loss=0.120622, validation/loss=0.123848, validation/num_examples=83274637
I0313 18:48:21.763029 139997244012288 logging_writer.py:48] [8100] global_step=8100, grad_norm=0.0076918103732168674, loss=0.12085098028182983
I0313 18:49:38.355860 140173198743360 spec.py:321] Evaluating on the training split.
I0313 18:52:53.904645 140173198743360 spec.py:333] Evaluating on the validation split.
I0313 18:55:31.206305 140173198743360 spec.py:349] Evaluating on the test split.
I0313 18:58:35.388770 140173198743360 submission_runner.py:420] Time since start: 31397.71s, 	Step: 8198, 	{'train/loss': 0.12171114584044465, 'validation/loss': 0.123903496778799, 'validation/num_examples': 83274637, 'test/loss': 0.12629862344777962, 'test/num_examples': 95000000, 'score': 5555.939074039459, 'total_duration': 31397.71311402321, 'accumulated_submission_time': 5555.939074039459, 'accumulated_eval_time': 25840.423509836197, 'accumulated_logging_time': 1.0788283348083496}
I0313 18:58:35.403514 139997235619584 logging_writer.py:48] [8198] accumulated_eval_time=25840.423510, accumulated_logging_time=1.078828, accumulated_submission_time=5555.939074, global_step=8198, preemption_count=0, score=5555.939074, test/loss=0.126299, test/num_examples=95000000, total_duration=31397.713114, train/loss=0.121711, validation/loss=0.123903, validation/num_examples=83274637
I0313 18:58:35.715400 139997244012288 logging_writer.py:48] [8200] global_step=8200, grad_norm=0.02128693461418152, loss=0.11774483323097229
I0313 18:59:37.871552 139997235619584 logging_writer.py:48] [8300] global_step=8300, grad_norm=0.006513417698442936, loss=0.1265084445476532
I0313 19:00:35.509325 140173198743360 spec.py:321] Evaluating on the training split.
I0313 19:04:05.542677 140173198743360 spec.py:333] Evaluating on the validation split.
I0313 19:06:47.605456 140173198743360 spec.py:349] Evaluating on the test split.
I0313 19:09:48.891402 140173198743360 submission_runner.py:420] Time since start: 32071.22s, 	Step: 8374, 	{'train/loss': 0.11971040430871195, 'validation/loss': 0.1237947691900101, 'validation/num_examples': 83274637, 'test/loss': 0.1261533757915296, 'test/num_examples': 95000000, 'score': 5676.031098842621, 'total_duration': 32071.215763568878, 'accumulated_submission_time': 5676.031098842621, 'accumulated_eval_time': 26393.805539608, 'accumulated_logging_time': 1.1015920639038086}
I0313 19:09:48.906330 139997244012288 logging_writer.py:48] [8374] accumulated_eval_time=26393.805540, accumulated_logging_time=1.101592, accumulated_submission_time=5676.031099, global_step=8374, preemption_count=0, score=5676.031099, test/loss=0.126153, test/num_examples=95000000, total_duration=32071.215764, train/loss=0.119710, validation/loss=0.123795, validation/num_examples=83274637
I0313 19:09:51.510029 139997235619584 logging_writer.py:48] [8400] global_step=8400, grad_norm=0.005780420731753111, loss=0.11970233917236328
I0313 19:11:09.688477 139997244012288 logging_writer.py:48] [8500] global_step=8500, grad_norm=0.008060225285589695, loss=0.12869727611541748
I0313 19:11:49.163592 140173198743360 spec.py:321] Evaluating on the training split.
I0313 19:15:16.279356 140173198743360 spec.py:333] Evaluating on the validation split.
I0313 19:17:55.368313 140173198743360 spec.py:349] Evaluating on the test split.
I0313 19:20:51.053744 140173198743360 submission_runner.py:420] Time since start: 32733.38s, 	Step: 8553, 	{'train/loss': 0.12183492764268282, 'validation/loss': 0.12380675526137763, 'validation/num_examples': 83274637, 'test/loss': 0.12617543899054276, 'test/num_examples': 95000000, 'score': 5796.273926258087, 'total_duration': 32733.37809896469, 'accumulated_submission_time': 5796.273926258087, 'accumulated_eval_time': 26935.695637226105, 'accumulated_logging_time': 1.1250801086425781}
I0313 19:20:51.069265 139997235619584 logging_writer.py:48] [8553] accumulated_eval_time=26935.695637, accumulated_logging_time=1.125080, accumulated_submission_time=5796.273926, global_step=8553, preemption_count=0, score=5796.273926, test/loss=0.126175, test/num_examples=95000000, total_duration=32733.378099, train/loss=0.121835, validation/loss=0.123807, validation/num_examples=83274637
I0313 19:21:10.923538 139997244012288 logging_writer.py:48] [8600] global_step=8600, grad_norm=0.009370948188006878, loss=0.12444587051868439
I0313 19:22:26.605188 139997235619584 logging_writer.py:48] [8700] global_step=8700, grad_norm=0.00596973393112421, loss=0.13464675843715668
I0313 19:22:51.702509 140173198743360 spec.py:321] Evaluating on the training split.
I0313 19:26:15.969742 140173198743360 spec.py:333] Evaluating on the validation split.
I0313 19:28:52.970204 140173198743360 spec.py:349] Evaluating on the test split.
I0313 19:31:49.216531 140173198743360 submission_runner.py:420] Time since start: 33391.54s, 	Step: 8733, 	{'train/loss': 0.1219008069063695, 'validation/loss': 0.12375351593185832, 'validation/num_examples': 83274637, 'test/loss': 0.12606713364514802, 'test/num_examples': 95000000, 'score': 5916.893688201904, 'total_duration': 33391.54086971283, 'accumulated_submission_time': 5916.893688201904, 'accumulated_eval_time': 27473.209585905075, 'accumulated_logging_time': 1.1481850147247314}
I0313 19:31:49.232248 139997244012288 logging_writer.py:48] [8733] accumulated_eval_time=27473.209586, accumulated_logging_time=1.148185, accumulated_submission_time=5916.893688, global_step=8733, preemption_count=0, score=5916.893688, test/loss=0.126067, test/num_examples=95000000, total_duration=33391.540870, train/loss=0.121901, validation/loss=0.123754, validation/num_examples=83274637
I0313 19:32:24.860005 139997235619584 logging_writer.py:48] [8800] global_step=8800, grad_norm=0.00688245939090848, loss=0.11298489570617676
I0313 19:33:41.811753 139997244012288 logging_writer.py:48] [8900] global_step=8900, grad_norm=0.007367991376668215, loss=0.13360634446144104
I0313 19:33:49.229339 140173198743360 spec.py:321] Evaluating on the training split.
I0313 19:37:05.345429 140173198743360 spec.py:333] Evaluating on the validation split.
I0313 19:39:50.484268 140173198743360 spec.py:349] Evaluating on the test split.
I0313 19:42:46.483381 140173198743360 submission_runner.py:420] Time since start: 34048.81s, 	Step: 8912, 	{'train/loss': 0.12134552376825104, 'validation/loss': 0.12377328391219451, 'validation/num_examples': 83274637, 'test/loss': 0.1260618208778783, 'test/num_examples': 95000000, 'score': 6036.8774428367615, 'total_duration': 34048.80773925781, 'accumulated_submission_time': 6036.8774428367615, 'accumulated_eval_time': 28010.46356701851, 'accumulated_logging_time': 1.1713495254516602}
I0313 19:42:46.499274 139997235619584 logging_writer.py:48] [8912] accumulated_eval_time=28010.463567, accumulated_logging_time=1.171350, accumulated_submission_time=6036.877443, global_step=8912, preemption_count=0, score=6036.877443, test/loss=0.126062, test/num_examples=95000000, total_duration=34048.807739, train/loss=0.121346, validation/loss=0.123773, validation/num_examples=83274637
I0313 19:43:39.951539 139997244012288 logging_writer.py:48] [9000] global_step=9000, grad_norm=0.010680152103304863, loss=0.11689376831054688
I0313 19:44:47.111375 140173198743360 spec.py:321] Evaluating on the training split.
I0313 19:48:09.160962 140173198743360 spec.py:333] Evaluating on the validation split.
I0313 19:50:47.649526 140173198743360 spec.py:349] Evaluating on the test split.
I0313 19:53:49.186696 140173198743360 submission_runner.py:420] Time since start: 34711.51s, 	Step: 9084, 	{'train/loss': 0.12280092236099753, 'validation/loss': 0.12373237628420816, 'validation/num_examples': 83274637, 'test/loss': 0.12601664622738487, 'test/num_examples': 95000000, 'score': 6157.476182222366, 'total_duration': 34711.51103806496, 'accumulated_submission_time': 6157.476182222366, 'accumulated_eval_time': 28552.538821220398, 'accumulated_logging_time': 1.1950955390930176}
I0313 19:53:49.202045 139997235619584 logging_writer.py:48] [9084] accumulated_eval_time=28552.538821, accumulated_logging_time=1.195096, accumulated_submission_time=6157.476182, global_step=9084, preemption_count=0, score=6157.476182, test/loss=0.126017, test/num_examples=95000000, total_duration=34711.511038, train/loss=0.122801, validation/loss=0.123732, validation/num_examples=83274637
I0313 19:53:49.219283 139997244012288 logging_writer.py:48] [9084] global_step=9084, preemption_count=0, score=6157.476182
I0313 19:53:55.005723 140173198743360 checkpoints.py:490] Saving checkpoint at step: 9084
I0313 19:54:30.794542 140173198743360 checkpoints.py:422] Saved checkpoint at /experiment_runs/prize_qualification_self_tuning/study_0/criteo1tb_jax/trial_1/checkpoint_9084
I0313 19:54:31.128152 140173198743360 checkpoint_utils.py:240] Saved checkpoint to /experiment_runs/prize_qualification_self_tuning/study_0/criteo1tb_jax/trial_1/checkpoint_9084.
I0313 19:54:31.492157 140173198743360 submission_runner.py:683] Final criteo1tb score: 6157.476182222366
