python3 submission_runner.py --framework=jax --workload=fastmri --submission_path=prize_qualification_baselines/self_tuning/jax_nadamw_full_budget.py --data_dir=/data/fastmri --num_tuning_trials=1 --experiment_dir=/experiment_runs --experiment_name=prize_qualification_self_tuning/study_1 --overwrite=true --save_checkpoints=false --rng_seed=3141781972 --max_global_steps=108567 --tuning_ruleset=self 2>&1 | tee -a /logs/fastmri_jax_03-12-2024-03-32-44.log
I0312 03:33:06.743562 140042468230976 logger_utils.py:61] Removing existing experiment directory /experiment_runs/prize_qualification_self_tuning/study_1/fastmri_jax because --overwrite was set.
I0312 03:33:06.748892 140042468230976 logger_utils.py:76] Creating experiment directory at /experiment_runs/prize_qualification_self_tuning/study_1/fastmri_jax.
I0312 03:33:08.491846 140042468230976 xla_bridge.py:455] Unable to initialize backend 'rocm': NOT_FOUND: Could not find registered platform with name: "rocm". Available platform names are: CUDA Interpreter Host
I0312 03:33:08.492542 140042468230976 xla_bridge.py:455] Unable to initialize backend 'tpu': module 'jaxlib.xla_extension' has no attribute 'get_tpu_client'
I0312 03:33:08.492741 140042468230976 xla_bridge.py:455] Unable to initialize backend 'plugin': xla_extension has no attributes named get_plugin_device_client. Compile TensorFlow with //tensorflow/compiler/xla/python:enable_plugin_device set to true (defaults to false) to enable this.
I0312 03:33:09.495515 140042468230976 submission_runner.py:612] Creating directory at /experiment_runs/prize_qualification_self_tuning/study_1/fastmri_jax/trial_1.
I0312 03:33:09.710690 140042468230976 submission_runner.py:209] Initializing dataset.
I0312 03:33:16.214112 140042468230976 submission_runner.py:220] Initializing model.
I0312 03:33:23.279356 140042468230976 submission_runner.py:262] Initializing optimizer.
I0312 03:33:24.115442 140042468230976 submission_runner.py:269] Initializing metrics bundle.
I0312 03:33:24.115626 140042468230976 submission_runner.py:287] Initializing checkpoint and logger.
I0312 03:33:24.116234 140042468230976 checkpoints.py:915] Found no checkpoint files in /experiment_runs/prize_qualification_self_tuning/study_1/fastmri_jax/trial_1 with prefix checkpoint_
I0312 03:33:24.116370 140042468230976 submission_runner.py:307] Saving meta data to /experiment_runs/prize_qualification_self_tuning/study_1/fastmri_jax/trial_1/meta_data_0.json.
I0312 03:33:24.116579 140042468230976 logger_utils.py:257] Unable to record workload.train_mean information. Continuing without it.
I0312 03:33:24.116675 140042468230976 logger_utils.py:257] Unable to record workload.train_stddev information. Continuing without it.
fatal: detected dubious ownership in repository at '/algorithmic-efficiency'
To add an exception for this directory, call:

	git config --global --add safe.directory /algorithmic-efficiency
I0312 03:33:24.429606 140042468230976 logger_utils.py:220] Unable to record git information. Continuing without it.
I0312 03:33:24.718949 140042468230976 submission_runner.py:311] Saving flags to /experiment_runs/prize_qualification_self_tuning/study_1/fastmri_jax/trial_1/flags_0.json.
I0312 03:33:24.729974 140042468230976 submission_runner.py:321] Starting training loop.
I0312 03:34:21.883038 139880155830016 logging_writer.py:48] [0] global_step=0, grad_norm=6.004795551300049, loss=0.8782616257667542
I0312 03:34:21.898252 140042468230976 spec.py:321] Evaluating on the training split.
I0312 03:35:53.671727 140042468230976 spec.py:333] Evaluating on the validation split.
I0312 03:36:56.112330 140042468230976 spec.py:349] Evaluating on the test split.
I0312 03:37:53.777328 140042468230976 submission_runner.py:420] Time since start: 269.05s, 	Step: 1, 	{'train/ssim': 0.16667394978659494, 'train/loss': 0.9493921824863979, 'validation/ssim': 0.15655002368589968, 'validation/loss': 0.9540861749085537, 'validation/num_examples': 3554, 'test/ssim': 0.18068103848872522, 'test/loss': 0.9542218943076306, 'test/num_examples': 3581, 'score': 57.167845487594604, 'total_duration': 269.0472927093506, 'accumulated_submission_time': 57.167845487594604, 'accumulated_eval_time': 211.87901759147644, 'accumulated_logging_time': 0}
I0312 03:37:53.797384 139854901929728 logging_writer.py:48] [1] accumulated_eval_time=211.879018, accumulated_logging_time=0, accumulated_submission_time=57.167845, global_step=1, preemption_count=0, score=57.167845, test/loss=0.954222, test/num_examples=3581, test/ssim=0.180681, total_duration=269.047293, train/loss=0.949392, train/ssim=0.166674, validation/loss=0.954086, validation/num_examples=3554, validation/ssim=0.156550
I0312 03:38:15.339014 139854893537024 logging_writer.py:48] [100] global_step=100, grad_norm=0.199472576379776, loss=0.3283960819244385
I0312 03:38:39.219915 139854901929728 logging_writer.py:48] [200] global_step=200, grad_norm=0.20793069899082184, loss=0.29906758666038513
I0312 03:39:04.815198 139854893537024 logging_writer.py:48] [300] global_step=300, grad_norm=0.5084673166275024, loss=0.3142504394054413
I0312 03:39:14.032182 140042468230976 spec.py:321] Evaluating on the training split.
I0312 03:39:15.753398 140042468230976 spec.py:333] Evaluating on the validation split.
I0312 03:39:17.086413 140042468230976 spec.py:349] Evaluating on the test split.
I0312 03:39:18.419833 140042468230976 submission_runner.py:420] Time since start: 353.69s, 	Step: 321, 	{'train/ssim': 0.7165457861764091, 'train/loss': 0.296964304787772, 'validation/ssim': 0.6952132362962508, 'validation/loss': 0.31453737893262873, 'validation/num_examples': 3554, 'test/ssim': 0.7127972229736805, 'test/loss': 0.3166258811151738, 'test/num_examples': 3581, 'score': 137.38201189041138, 'total_duration': 353.6898150444031, 'accumulated_submission_time': 137.38201189041138, 'accumulated_eval_time': 216.2666301727295, 'accumulated_logging_time': 0.029357433319091797}
I0312 03:39:18.442877 139854901929728 logging_writer.py:48] [321] accumulated_eval_time=216.266630, accumulated_logging_time=0.029357, accumulated_submission_time=137.382012, global_step=321, preemption_count=0, score=137.382012, test/loss=0.316626, test/num_examples=3581, test/ssim=0.712797, total_duration=353.689815, train/loss=0.296964, train/ssim=0.716546, validation/loss=0.314537, validation/num_examples=3554, validation/ssim=0.695213
I0312 03:39:44.806919 139854893537024 logging_writer.py:48] [400] global_step=400, grad_norm=0.2963291108608246, loss=0.2915892004966736
I0312 03:40:22.667944 139854901929728 logging_writer.py:48] [500] global_step=500, grad_norm=0.23125620186328888, loss=0.2734539806842804
I0312 03:40:38.489663 140042468230976 spec.py:321] Evaluating on the training split.
I0312 03:40:39.872575 140042468230976 spec.py:333] Evaluating on the validation split.
I0312 03:40:41.202394 140042468230976 spec.py:349] Evaluating on the test split.
I0312 03:40:42.536171 140042468230976 submission_runner.py:420] Time since start: 437.81s, 	Step: 541, 	{'train/ssim': 0.7096298081534249, 'train/loss': 0.2996918814522879, 'validation/ssim': 0.6907452018192529, 'validation/loss': 0.31634105882016744, 'validation/num_examples': 3554, 'test/ssim': 0.7074705804070092, 'test/loss': 0.3186125831209858, 'test/num_examples': 3581, 'score': 217.40318703651428, 'total_duration': 437.80613350868225, 'accumulated_submission_time': 217.40318703651428, 'accumulated_eval_time': 220.31308269500732, 'accumulated_logging_time': 0.07029271125793457}
I0312 03:40:42.553144 139854893537024 logging_writer.py:48] [541] accumulated_eval_time=220.313083, accumulated_logging_time=0.070293, accumulated_submission_time=217.403187, global_step=541, preemption_count=0, score=217.403187, test/loss=0.318613, test/num_examples=3581, test/ssim=0.707471, total_duration=437.806134, train/loss=0.299692, train/ssim=0.709630, validation/loss=0.316341, validation/num_examples=3554, validation/ssim=0.690745
I0312 03:41:00.855873 139854901929728 logging_writer.py:48] [600] global_step=600, grad_norm=0.22478565573692322, loss=0.2837357521057129
I0312 03:41:38.593849 139854893537024 logging_writer.py:48] [700] global_step=700, grad_norm=0.46591702103614807, loss=0.2926753759384155
I0312 03:42:02.770741 140042468230976 spec.py:321] Evaluating on the training split.
I0312 03:42:04.153940 140042468230976 spec.py:333] Evaluating on the validation split.
I0312 03:42:05.489869 140042468230976 spec.py:349] Evaluating on the test split.
I0312 03:42:06.826683 140042468230976 submission_runner.py:420] Time since start: 522.10s, 	Step: 769, 	{'train/ssim': 0.7260971750531878, 'train/loss': 0.2861111504690988, 'validation/ssim': 0.7049438957424733, 'validation/loss': 0.30304387854134424, 'validation/num_examples': 3554, 'test/ssim': 0.7222035569673275, 'test/loss': 0.30510150277724446, 'test/num_examples': 3581, 'score': 297.60036516189575, 'total_duration': 522.0966551303864, 'accumulated_submission_time': 297.60036516189575, 'accumulated_eval_time': 224.36898016929626, 'accumulated_logging_time': 0.09975504875183105}
I0312 03:42:06.851772 139854901929728 logging_writer.py:48] [769] accumulated_eval_time=224.368980, accumulated_logging_time=0.099755, accumulated_submission_time=297.600365, global_step=769, preemption_count=0, score=297.600365, test/loss=0.305102, test/num_examples=3581, test/ssim=0.722204, total_duration=522.096655, train/loss=0.286111, train/ssim=0.726097, validation/loss=0.303044, validation/num_examples=3554, validation/ssim=0.704944
I0312 03:42:15.166982 139854893537024 logging_writer.py:48] [800] global_step=800, grad_norm=0.1569412648677826, loss=0.2505858838558197
I0312 03:42:53.293211 139854901929728 logging_writer.py:48] [900] global_step=900, grad_norm=0.09317387640476227, loss=0.3427567183971405
I0312 03:43:25.684219 139854893537024 logging_writer.py:48] [1000] global_step=1000, grad_norm=0.36214521527290344, loss=0.23676927387714386
I0312 03:43:26.873460 140042468230976 spec.py:321] Evaluating on the training split.
I0312 03:43:28.257561 140042468230976 spec.py:333] Evaluating on the validation split.
I0312 03:43:29.593389 140042468230976 spec.py:349] Evaluating on the test split.
I0312 03:43:30.929080 140042468230976 submission_runner.py:420] Time since start: 606.20s, 	Step: 1006, 	{'train/ssim': 0.7319478988647461, 'train/loss': 0.28057866437094553, 'validation/ssim': 0.7102617511738534, 'validation/loss': 0.2980949474843486, 'validation/num_examples': 3554, 'test/ssim': 0.7272784912995671, 'test/loss': 0.2999985819254398, 'test/num_examples': 3581, 'score': 377.60139751434326, 'total_duration': 606.199057340622, 'accumulated_submission_time': 377.60139751434326, 'accumulated_eval_time': 228.42456436157227, 'accumulated_logging_time': 0.13744831085205078}
I0312 03:43:30.943701 139854901929728 logging_writer.py:48] [1006] accumulated_eval_time=228.424564, accumulated_logging_time=0.137448, accumulated_submission_time=377.601398, global_step=1006, preemption_count=0, score=377.601398, test/loss=0.299999, test/num_examples=3581, test/ssim=0.727278, total_duration=606.199057, train/loss=0.280579, train/ssim=0.731948, validation/loss=0.298095, validation/num_examples=3554, validation/ssim=0.710262
I0312 03:43:51.414059 139854893537024 logging_writer.py:48] [1100] global_step=1100, grad_norm=0.3657238781452179, loss=0.3144650161266327
I0312 03:44:14.958238 139854901929728 logging_writer.py:48] [1200] global_step=1200, grad_norm=0.16738688945770264, loss=0.2492240071296692
I0312 03:44:38.313194 139854893537024 logging_writer.py:48] [1300] global_step=1300, grad_norm=0.1191074326634407, loss=0.2725030779838562
I0312 03:44:51.079197 140042468230976 spec.py:321] Evaluating on the training split.
I0312 03:44:52.464729 140042468230976 spec.py:333] Evaluating on the validation split.
I0312 03:44:53.798999 140042468230976 spec.py:349] Evaluating on the test split.
I0312 03:44:55.132895 140042468230976 submission_runner.py:420] Time since start: 690.40s, 	Step: 1356, 	{'train/ssim': 0.734635625566755, 'train/loss': 0.27892821175711496, 'validation/ssim': 0.7127662877655458, 'validation/loss': 0.29719199125325335, 'validation/num_examples': 3554, 'test/ssim': 0.7298116633360094, 'test/loss': 0.2988607134442195, 'test/num_examples': 3581, 'score': 457.715913772583, 'total_duration': 690.4028720855713, 'accumulated_submission_time': 457.715913772583, 'accumulated_eval_time': 232.47822403907776, 'accumulated_logging_time': 0.16036438941955566}
I0312 03:44:55.148152 139854901929728 logging_writer.py:48] [1356] accumulated_eval_time=232.478224, accumulated_logging_time=0.160364, accumulated_submission_time=457.715914, global_step=1356, preemption_count=0, score=457.715914, test/loss=0.298861, test/num_examples=3581, test/ssim=0.729812, total_duration=690.402872, train/loss=0.278928, train/ssim=0.734636, validation/loss=0.297192, validation/num_examples=3554, validation/ssim=0.712766
I0312 03:45:03.636083 139854893537024 logging_writer.py:48] [1400] global_step=1400, grad_norm=0.19823116064071655, loss=0.2764507532119751
I0312 03:45:27.157755 139854901929728 logging_writer.py:48] [1500] global_step=1500, grad_norm=0.13268506526947021, loss=0.2917788624763489
I0312 03:45:50.844465 139854893537024 logging_writer.py:48] [1600] global_step=1600, grad_norm=0.2809854745864868, loss=0.27154040336608887
I0312 03:46:14.688617 139854901929728 logging_writer.py:48] [1700] global_step=1700, grad_norm=0.08273352682590485, loss=0.4492930471897125
I0312 03:46:15.351973 140042468230976 spec.py:321] Evaluating on the training split.
I0312 03:46:16.739299 140042468230976 spec.py:333] Evaluating on the validation split.
I0312 03:46:18.075542 140042468230976 spec.py:349] Evaluating on the test split.
I0312 03:46:19.413595 140042468230976 submission_runner.py:420] Time since start: 774.68s, 	Step: 1704, 	{'train/ssim': 0.7371971266610282, 'train/loss': 0.27556816169193815, 'validation/ssim': 0.7156436986713914, 'validation/loss': 0.2936600238068022, 'validation/num_examples': 3554, 'test/ssim': 0.7326778783641091, 'test/loss': 0.29536965931304104, 'test/num_examples': 3581, 'score': 537.897935628891, 'total_duration': 774.6835222244263, 'accumulated_submission_time': 537.897935628891, 'accumulated_eval_time': 236.53975200653076, 'accumulated_logging_time': 0.18499159812927246}
I0312 03:46:19.432264 139854893537024 logging_writer.py:48] [1704] accumulated_eval_time=236.539752, accumulated_logging_time=0.184992, accumulated_submission_time=537.897936, global_step=1704, preemption_count=0, score=537.897936, test/loss=0.295370, test/num_examples=3581, test/ssim=0.732678, total_duration=774.683522, train/loss=0.275568, train/ssim=0.737197, validation/loss=0.293660, validation/num_examples=3554, validation/ssim=0.715644
I0312 03:46:39.844564 139854901929728 logging_writer.py:48] [1800] global_step=1800, grad_norm=0.14656837284564972, loss=0.2493867129087448
I0312 03:47:03.354916 139854893537024 logging_writer.py:48] [1900] global_step=1900, grad_norm=0.13903535902500153, loss=0.24097660183906555
I0312 03:47:26.902602 139854901929728 logging_writer.py:48] [2000] global_step=2000, grad_norm=0.07517547905445099, loss=0.26444607973098755
I0312 03:47:39.424191 140042468230976 spec.py:321] Evaluating on the training split.
I0312 03:47:40.811701 140042468230976 spec.py:333] Evaluating on the validation split.
I0312 03:47:42.147607 140042468230976 spec.py:349] Evaluating on the test split.
I0312 03:47:43.482272 140042468230976 submission_runner.py:420] Time since start: 858.75s, 	Step: 2053, 	{'train/ssim': 0.7376223291669574, 'train/loss': 0.2759322098323277, 'validation/ssim': 0.7158771229380627, 'validation/loss': 0.2937862844901871, 'validation/num_examples': 3554, 'test/ssim': 0.7331143453513335, 'test/loss': 0.295348592724623, 'test/num_examples': 3581, 'score': 617.8677086830139, 'total_duration': 858.7522346973419, 'accumulated_submission_time': 617.8677086830139, 'accumulated_eval_time': 240.59777998924255, 'accumulated_logging_time': 0.21328401565551758}
I0312 03:47:43.496602 139854893537024 logging_writer.py:48] [2053] accumulated_eval_time=240.597780, accumulated_logging_time=0.213284, accumulated_submission_time=617.867709, global_step=2053, preemption_count=0, score=617.867709, test/loss=0.295349, test/num_examples=3581, test/ssim=0.733114, total_duration=858.752235, train/loss=0.275932, train/ssim=0.737622, validation/loss=0.293786, validation/num_examples=3554, validation/ssim=0.715877
I0312 03:47:52.561201 139854901929728 logging_writer.py:48] [2100] global_step=2100, grad_norm=0.095066599547863, loss=0.23008015751838684
I0312 03:48:16.185782 139854893537024 logging_writer.py:48] [2200] global_step=2200, grad_norm=0.3365730345249176, loss=0.20569095015525818
I0312 03:48:39.786318 139854901929728 logging_writer.py:48] [2300] global_step=2300, grad_norm=0.20898737013339996, loss=0.243157297372818
I0312 03:49:03.512418 139854893537024 logging_writer.py:48] [2400] global_step=2400, grad_norm=0.2818644940853119, loss=0.337219774723053
I0312 03:49:03.516968 140042468230976 spec.py:321] Evaluating on the training split.
I0312 03:49:04.844848 140042468230976 spec.py:333] Evaluating on the validation split.
I0312 03:49:06.180000 140042468230976 spec.py:349] Evaluating on the test split.
I0312 03:49:07.515125 140042468230976 submission_runner.py:420] Time since start: 942.79s, 	Step: 2401, 	{'train/ssim': 0.7370893614632743, 'train/loss': 0.274444648197719, 'validation/ssim': 0.7161523822189786, 'validation/loss': 0.2920735219119302, 'validation/num_examples': 3554, 'test/ssim': 0.7331176178310876, 'test/loss': 0.2937181137753944, 'test/num_examples': 3581, 'score': 697.8672807216644, 'total_duration': 942.7851028442383, 'accumulated_submission_time': 697.8672807216644, 'accumulated_eval_time': 244.5958752632141, 'accumulated_logging_time': 0.23617792129516602}
I0312 03:49:07.529896 139854901929728 logging_writer.py:48] [2401] accumulated_eval_time=244.595875, accumulated_logging_time=0.236178, accumulated_submission_time=697.867281, global_step=2401, preemption_count=0, score=697.867281, test/loss=0.293718, test/num_examples=3581, test/ssim=0.733118, total_duration=942.785103, train/loss=0.274445, train/ssim=0.737089, validation/loss=0.292074, validation/num_examples=3554, validation/ssim=0.716152
I0312 03:49:28.779951 139854893537024 logging_writer.py:48] [2500] global_step=2500, grad_norm=0.11352337151765823, loss=0.22089838981628418
I0312 03:49:52.089295 139854901929728 logging_writer.py:48] [2600] global_step=2600, grad_norm=0.0906478762626648, loss=0.2709231376647949
I0312 03:50:15.342400 139854893537024 logging_writer.py:48] [2700] global_step=2700, grad_norm=0.08437186479568481, loss=0.2732171416282654
I0312 03:50:27.614182 140042468230976 spec.py:321] Evaluating on the training split.
I0312 03:50:28.999945 140042468230976 spec.py:333] Evaluating on the validation split.
I0312 03:50:30.335305 140042468230976 spec.py:349] Evaluating on the test split.
I0312 03:50:31.673345 140042468230976 submission_runner.py:420] Time since start: 1026.94s, 	Step: 2754, 	{'train/ssim': 0.7339754785810199, 'train/loss': 0.27772208622523714, 'validation/ssim': 0.7120074184677476, 'validation/loss': 0.29593961991550016, 'validation/num_examples': 3554, 'test/ssim': 0.7289458879110234, 'test/loss': 0.29759572957754465, 'test/num_examples': 3581, 'score': 777.9301776885986, 'total_duration': 1026.943326473236, 'accumulated_submission_time': 777.9301776885986, 'accumulated_eval_time': 248.6550018787384, 'accumulated_logging_time': 0.25958251953125}
I0312 03:50:31.687646 139854901929728 logging_writer.py:48] [2754] accumulated_eval_time=248.655002, accumulated_logging_time=0.259583, accumulated_submission_time=777.930178, global_step=2754, preemption_count=0, score=777.930178, test/loss=0.297596, test/num_examples=3581, test/ssim=0.728946, total_duration=1026.943326, train/loss=0.277722, train/ssim=0.733975, validation/loss=0.295940, validation/num_examples=3554, validation/ssim=0.712007
I0312 03:50:40.489296 139854893537024 logging_writer.py:48] [2800] global_step=2800, grad_norm=0.18306535482406616, loss=0.2668171226978302
I0312 03:51:03.968594 139854901929728 logging_writer.py:48] [2900] global_step=2900, grad_norm=0.12302786111831665, loss=0.21863891184329987
I0312 03:51:27.570990 139854893537024 logging_writer.py:48] [3000] global_step=3000, grad_norm=0.14579060673713684, loss=0.3072497248649597
I0312 03:51:51.134497 139854901929728 logging_writer.py:48] [3100] global_step=3100, grad_norm=0.12758387625217438, loss=0.2228214591741562
I0312 03:51:51.975851 140042468230976 spec.py:321] Evaluating on the training split.
I0312 03:51:53.363483 140042468230976 spec.py:333] Evaluating on the validation split.
I0312 03:51:54.697655 140042468230976 spec.py:349] Evaluating on the test split.
I0312 03:51:56.032921 140042468230976 submission_runner.py:420] Time since start: 1111.30s, 	Step: 3104, 	{'train/ssim': 0.7403870310102191, 'train/loss': 0.27315034185137066, 'validation/ssim': 0.7188271440410453, 'validation/loss': 0.29089856939364095, 'validation/num_examples': 3554, 'test/ssim': 0.7360860978515079, 'test/loss': 0.29241716671975354, 'test/num_examples': 3581, 'score': 858.1966280937195, 'total_duration': 1111.3028681278229, 'accumulated_submission_time': 858.1966280937195, 'accumulated_eval_time': 252.7120006084442, 'accumulated_logging_time': 0.283416748046875}
I0312 03:51:56.050185 139854893537024 logging_writer.py:48] [3104] accumulated_eval_time=252.712001, accumulated_logging_time=0.283417, accumulated_submission_time=858.196628, global_step=3104, preemption_count=0, score=858.196628, test/loss=0.292417, test/num_examples=3581, test/ssim=0.736086, total_duration=1111.302868, train/loss=0.273150, train/ssim=0.740387, validation/loss=0.290899, validation/num_examples=3554, validation/ssim=0.718827
I0312 03:52:16.418026 139854901929728 logging_writer.py:48] [3200] global_step=3200, grad_norm=0.07152757793664932, loss=0.2931932806968689
I0312 03:52:40.124428 139854893537024 logging_writer.py:48] [3300] global_step=3300, grad_norm=0.06558319181203842, loss=0.3074711263179779
I0312 03:53:03.624148 139854901929728 logging_writer.py:48] [3400] global_step=3400, grad_norm=0.0712447464466095, loss=0.4278421998023987
I0312 03:53:16.168192 140042468230976 spec.py:321] Evaluating on the training split.
I0312 03:53:17.553237 140042468230976 spec.py:333] Evaluating on the validation split.
I0312 03:53:18.887321 140042468230976 spec.py:349] Evaluating on the test split.
I0312 03:53:20.223835 140042468230976 submission_runner.py:420] Time since start: 1195.49s, 	Step: 3455, 	{'train/ssim': 0.7401855332510812, 'train/loss': 0.2730321543557303, 'validation/ssim': 0.717900728602455, 'validation/loss': 0.2911679896331598, 'validation/num_examples': 3554, 'test/ssim': 0.735108171818277, 'test/loss': 0.2927997400560248, 'test/num_examples': 3581, 'score': 938.2925367355347, 'total_duration': 1195.4938111305237, 'accumulated_submission_time': 938.2925367355347, 'accumulated_eval_time': 256.76760053634644, 'accumulated_logging_time': 0.3104734420776367}
I0312 03:53:20.238449 139854893537024 logging_writer.py:48] [3455] accumulated_eval_time=256.767601, accumulated_logging_time=0.310473, accumulated_submission_time=938.292537, global_step=3455, preemption_count=0, score=938.292537, test/loss=0.292800, test/num_examples=3581, test/ssim=0.735108, total_duration=1195.493811, train/loss=0.273032, train/ssim=0.740186, validation/loss=0.291168, validation/num_examples=3554, validation/ssim=0.717901
I0312 03:53:28.756192 139854901929728 logging_writer.py:48] [3500] global_step=3500, grad_norm=0.027598446235060692, loss=0.29487594962120056
I0312 03:53:52.453023 139854893537024 logging_writer.py:48] [3600] global_step=3600, grad_norm=0.04783197492361069, loss=0.28148847818374634
I0312 03:54:15.736107 139854901929728 logging_writer.py:48] [3700] global_step=3700, grad_norm=0.3169770836830139, loss=0.27066871523857117
I0312 03:54:39.163831 139854893537024 logging_writer.py:48] [3800] global_step=3800, grad_norm=0.11629857867956161, loss=0.2808988094329834
I0312 03:54:40.282358 140042468230976 spec.py:321] Evaluating on the training split.
I0312 03:54:41.668694 140042468230976 spec.py:333] Evaluating on the validation split.
I0312 03:54:43.002040 140042468230976 spec.py:349] Evaluating on the test split.
I0312 03:54:44.336058 140042468230976 submission_runner.py:420] Time since start: 1279.61s, 	Step: 3806, 	{'train/ssim': 0.7418031692504883, 'train/loss': 0.2719219582421439, 'validation/ssim': 0.7194951990714687, 'validation/loss': 0.2903851802656338, 'validation/num_examples': 3554, 'test/ssim': 0.7367013240453085, 'test/loss': 0.29189268366247206, 'test/num_examples': 3581, 'score': 1018.3152334690094, 'total_duration': 1279.606038093567, 'accumulated_submission_time': 1018.3152334690094, 'accumulated_eval_time': 260.8212649822235, 'accumulated_logging_time': 0.3337705135345459}
I0312 03:54:44.353276 139854901929728 logging_writer.py:48] [3806] accumulated_eval_time=260.821265, accumulated_logging_time=0.333771, accumulated_submission_time=1018.315233, global_step=3806, preemption_count=0, score=1018.315233, test/loss=0.291893, test/num_examples=3581, test/ssim=0.736701, total_duration=1279.606038, train/loss=0.271922, train/ssim=0.741803, validation/loss=0.290385, validation/num_examples=3554, validation/ssim=0.719495
I0312 03:55:04.651684 139854893537024 logging_writer.py:48] [3900] global_step=3900, grad_norm=0.06121038645505905, loss=0.3477281928062439
I0312 03:55:28.135911 139854901929728 logging_writer.py:48] [4000] global_step=4000, grad_norm=0.19546280801296234, loss=0.19057762622833252
I0312 03:55:51.467412 139854893537024 logging_writer.py:48] [4100] global_step=4100, grad_norm=0.12984487414360046, loss=0.2870773673057556
I0312 03:56:04.418367 140042468230976 spec.py:321] Evaluating on the training split.
I0312 03:56:05.805055 140042468230976 spec.py:333] Evaluating on the validation split.
I0312 03:56:07.139653 140042468230976 spec.py:349] Evaluating on the test split.
I0312 03:56:08.475552 140042468230976 submission_runner.py:420] Time since start: 1363.75s, 	Step: 4156, 	{'train/ssim': 0.7417457444327218, 'train/loss': 0.27178951672145296, 'validation/ssim': 0.7195797621298186, 'validation/loss': 0.28997596650560986, 'validation/num_examples': 3554, 'test/ssim': 0.7368092477005376, 'test/loss': 0.29146777261938006, 'test/num_examples': 3581, 'score': 1098.3594090938568, 'total_duration': 1363.7455296516418, 'accumulated_submission_time': 1098.3594090938568, 'accumulated_eval_time': 264.87840461730957, 'accumulated_logging_time': 0.3595108985900879}
I0312 03:56:08.490545 139854901929728 logging_writer.py:48] [4156] accumulated_eval_time=264.878405, accumulated_logging_time=0.359511, accumulated_submission_time=1098.359409, global_step=4156, preemption_count=0, score=1098.359409, test/loss=0.291468, test/num_examples=3581, test/ssim=0.736809, total_duration=1363.745530, train/loss=0.271790, train/ssim=0.741746, validation/loss=0.289976, validation/num_examples=3554, validation/ssim=0.719580
I0312 03:56:17.000983 139854893537024 logging_writer.py:48] [4200] global_step=4200, grad_norm=0.29106783866882324, loss=0.2805023789405823
I0312 03:56:40.501475 139854901929728 logging_writer.py:48] [4300] global_step=4300, grad_norm=0.1364879310131073, loss=0.3260742127895355
I0312 03:57:04.091994 139854893537024 logging_writer.py:48] [4400] global_step=4400, grad_norm=0.09143050760030746, loss=0.3712479770183563
I0312 03:57:27.607597 139854901929728 logging_writer.py:48] [4500] global_step=4500, grad_norm=0.1264333575963974, loss=0.2739410698413849
I0312 03:57:28.656148 140042468230976 spec.py:321] Evaluating on the training split.
I0312 03:57:30.044085 140042468230976 spec.py:333] Evaluating on the validation split.
I0312 03:57:31.378906 140042468230976 spec.py:349] Evaluating on the test split.
I0312 03:57:32.714677 140042468230976 submission_runner.py:420] Time since start: 1447.98s, 	Step: 4506, 	{'train/ssim': 0.7318805285862514, 'train/loss': 0.28479208265032085, 'validation/ssim': 0.7119016287765546, 'validation/loss': 0.30168228278216447, 'validation/num_examples': 3554, 'test/ssim': 0.7287131327885018, 'test/loss': 0.3034388785320965, 'test/num_examples': 3581, 'score': 1178.503762960434, 'total_duration': 1447.9846580028534, 'accumulated_submission_time': 1178.503762960434, 'accumulated_eval_time': 268.9368917942047, 'accumulated_logging_time': 0.3831746578216553}
I0312 03:57:32.729595 139854893537024 logging_writer.py:48] [4506] accumulated_eval_time=268.936892, accumulated_logging_time=0.383175, accumulated_submission_time=1178.503763, global_step=4506, preemption_count=0, score=1178.503763, test/loss=0.303439, test/num_examples=3581, test/ssim=0.728713, total_duration=1447.984658, train/loss=0.284792, train/ssim=0.731881, validation/loss=0.301682, validation/num_examples=3554, validation/ssim=0.711902
I0312 03:57:52.560581 139854901929728 logging_writer.py:48] [4600] global_step=4600, grad_norm=0.10757206380367279, loss=0.29190191626548767
I0312 03:58:15.679804 139854893537024 logging_writer.py:48] [4700] global_step=4700, grad_norm=0.17475241422653198, loss=0.2686169743537903
I0312 03:58:38.943307 139854901929728 logging_writer.py:48] [4800] global_step=4800, grad_norm=0.07495514303445816, loss=0.2914413511753082
I0312 03:58:52.938994 140042468230976 spec.py:321] Evaluating on the training split.
I0312 03:58:54.322768 140042468230976 spec.py:333] Evaluating on the validation split.
I0312 03:58:55.658374 140042468230976 spec.py:349] Evaluating on the test split.
I0312 03:58:56.995352 140042468230976 submission_runner.py:420] Time since start: 1532.27s, 	Step: 4861, 	{'train/ssim': 0.7416975157601493, 'train/loss': 0.27196158681597027, 'validation/ssim': 0.7205655984014491, 'validation/loss': 0.2896975816201815, 'validation/num_examples': 3554, 'test/ssim': 0.7375149443242112, 'test/loss': 0.2912022586109851, 'test/num_examples': 3581, 'score': 1258.6917498111725, 'total_duration': 1532.2653322219849, 'accumulated_submission_time': 1258.6917498111725, 'accumulated_eval_time': 272.99322748184204, 'accumulated_logging_time': 0.4068598747253418}
I0312 03:58:57.010587 139854893537024 logging_writer.py:48] [4861] accumulated_eval_time=272.993227, accumulated_logging_time=0.406860, accumulated_submission_time=1258.691750, global_step=4861, preemption_count=0, score=1258.691750, test/loss=0.291202, test/num_examples=3581, test/ssim=0.737515, total_duration=1532.265332, train/loss=0.271962, train/ssim=0.741698, validation/loss=0.289698, validation/num_examples=3554, validation/ssim=0.720566
I0312 03:59:04.210024 139854901929728 logging_writer.py:48] [4900] global_step=4900, grad_norm=0.054732393473386765, loss=0.39245685935020447
I0312 03:59:27.856550 139854893537024 logging_writer.py:48] [5000] global_step=5000, grad_norm=0.2191508561372757, loss=0.3903505802154541
I0312 03:59:51.128036 139854901929728 logging_writer.py:48] [5100] global_step=5100, grad_norm=0.08853671699762344, loss=0.305671364068985
I0312 04:00:14.659283 139854893537024 logging_writer.py:48] [5200] global_step=5200, grad_norm=0.08967044204473495, loss=0.23717756569385529
I0312 04:00:17.193366 140042468230976 spec.py:321] Evaluating on the training split.
I0312 04:00:18.583163 140042468230976 spec.py:333] Evaluating on the validation split.
I0312 04:00:19.917734 140042468230976 spec.py:349] Evaluating on the test split.
I0312 04:00:21.255287 140042468230976 submission_runner.py:420] Time since start: 1616.53s, 	Step: 5212, 	{'train/ssim': 0.7440947805132184, 'train/loss': 0.2708852631705148, 'validation/ssim': 0.7221770364378165, 'validation/loss': 0.2889249047068444, 'validation/num_examples': 3554, 'test/ssim': 0.7392886283510193, 'test/loss': 0.2904809154434865, 'test/num_examples': 3581, 'score': 1338.8532030582428, 'total_duration': 1616.525263786316, 'accumulated_submission_time': 1338.8532030582428, 'accumulated_eval_time': 277.0551047325134, 'accumulated_logging_time': 0.43099117279052734}
I0312 04:00:21.269591 139854901929728 logging_writer.py:48] [5212] accumulated_eval_time=277.055105, accumulated_logging_time=0.430991, accumulated_submission_time=1338.853203, global_step=5212, preemption_count=0, score=1338.853203, test/loss=0.290481, test/num_examples=3581, test/ssim=0.739289, total_duration=1616.525264, train/loss=0.270885, train/ssim=0.744095, validation/loss=0.288925, validation/num_examples=3554, validation/ssim=0.722177
I0312 04:00:40.334599 139854893537024 logging_writer.py:48] [5300] global_step=5300, grad_norm=0.06308083981275558, loss=0.2920072376728058
I0312 04:01:03.893947 139854901929728 logging_writer.py:48] [5400] global_step=5400, grad_norm=0.0971265658736229, loss=0.30976414680480957
I0312 04:01:27.517437 139854893537024 logging_writer.py:48] [5500] global_step=5500, grad_norm=0.15357765555381775, loss=0.26407724618911743
I0312 04:01:41.289256 140042468230976 spec.py:321] Evaluating on the training split.
I0312 04:01:42.675251 140042468230976 spec.py:333] Evaluating on the validation split.
I0312 04:01:44.009760 140042468230976 spec.py:349] Evaluating on the test split.
I0312 04:01:45.348028 140042468230976 submission_runner.py:420] Time since start: 1700.62s, 	Step: 5560, 	{'train/ssim': 0.7420173372541156, 'train/loss': 0.2704907315117972, 'validation/ssim': 0.7193733348427828, 'validation/loss': 0.2891139522588984, 'validation/num_examples': 3554, 'test/ssim': 0.7365404953007191, 'test/loss': 0.2906327789570825, 'test/num_examples': 3581, 'score': 1418.8516051769257, 'total_duration': 1700.6179819107056, 'accumulated_submission_time': 1418.8516051769257, 'accumulated_eval_time': 281.11381006240845, 'accumulated_logging_time': 0.45410966873168945}
I0312 04:01:45.365005 139854901929728 logging_writer.py:48] [5560] accumulated_eval_time=281.113810, accumulated_logging_time=0.454110, accumulated_submission_time=1418.851605, global_step=5560, preemption_count=0, score=1418.851605, test/loss=0.290633, test/num_examples=3581, test/ssim=0.736540, total_duration=1700.617982, train/loss=0.270491, train/ssim=0.742017, validation/loss=0.289114, validation/num_examples=3554, validation/ssim=0.719373
I0312 04:01:52.652700 139854893537024 logging_writer.py:48] [5600] global_step=5600, grad_norm=0.07552649080753326, loss=0.25062039494514465
I0312 04:02:16.128183 139854901929728 logging_writer.py:48] [5700] global_step=5700, grad_norm=0.10056261718273163, loss=0.22994838654994965
I0312 04:02:39.730700 139854893537024 logging_writer.py:48] [5800] global_step=5800, grad_norm=0.09610100090503693, loss=0.35810941457748413
I0312 04:03:03.409834 139854901929728 logging_writer.py:48] [5900] global_step=5900, grad_norm=0.05669720843434334, loss=0.31557756662368774
I0312 04:03:05.389698 140042468230976 spec.py:321] Evaluating on the training split.
I0312 04:03:06.774009 140042468230976 spec.py:333] Evaluating on the validation split.
I0312 04:03:08.106513 140042468230976 spec.py:349] Evaluating on the test split.
I0312 04:03:09.441249 140042468230976 submission_runner.py:420] Time since start: 1784.71s, 	Step: 5910, 	{'train/ssim': 0.7429211480276925, 'train/loss': 0.27045975412641254, 'validation/ssim': 0.7205333119372538, 'validation/loss': 0.2889580498535981, 'validation/num_examples': 3554, 'test/ssim': 0.7378017635393396, 'test/loss': 0.2903547886196244, 'test/num_examples': 3581, 'score': 1498.854224205017, 'total_duration': 1784.7112278938293, 'accumulated_submission_time': 1498.854224205017, 'accumulated_eval_time': 285.165326833725, 'accumulated_logging_time': 0.4809415340423584}
I0312 04:03:09.456730 139854893537024 logging_writer.py:48] [5910] accumulated_eval_time=285.165327, accumulated_logging_time=0.480942, accumulated_submission_time=1498.854224, global_step=5910, preemption_count=0, score=1498.854224, test/loss=0.290355, test/num_examples=3581, test/ssim=0.737802, total_duration=1784.711228, train/loss=0.270460, train/ssim=0.742921, validation/loss=0.288958, validation/num_examples=3554, validation/ssim=0.720533
I0312 04:03:28.580408 139854901929728 logging_writer.py:48] [6000] global_step=6000, grad_norm=0.17290745675563812, loss=0.2915334105491638
I0312 04:03:52.549771 139854893537024 logging_writer.py:48] [6100] global_step=6100, grad_norm=0.13837765157222748, loss=0.27843359112739563
I0312 04:04:16.053803 139854901929728 logging_writer.py:48] [6200] global_step=6200, grad_norm=0.05326353758573532, loss=0.2750971019268036
I0312 04:04:29.447104 140042468230976 spec.py:321] Evaluating on the training split.
I0312 04:04:30.833931 140042468230976 spec.py:333] Evaluating on the validation split.
I0312 04:04:32.166701 140042468230976 spec.py:349] Evaluating on the test split.
I0312 04:04:33.501293 140042468230976 submission_runner.py:420] Time since start: 1868.77s, 	Step: 6260, 	{'train/ssim': 0.7425744192940849, 'train/loss': 0.27173376083374023, 'validation/ssim': 0.7202327730418191, 'validation/loss': 0.2902517753433631, 'validation/num_examples': 3554, 'test/ssim': 0.7374155427516755, 'test/loss': 0.2918514708705669, 'test/num_examples': 3581, 'score': 1578.8222794532776, 'total_duration': 1868.7712697982788, 'accumulated_submission_time': 1578.8222794532776, 'accumulated_eval_time': 289.21947145462036, 'accumulated_logging_time': 0.5062820911407471}
I0312 04:04:33.516948 139854893537024 logging_writer.py:48] [6260] accumulated_eval_time=289.219471, accumulated_logging_time=0.506282, accumulated_submission_time=1578.822279, global_step=6260, preemption_count=0, score=1578.822279, test/loss=0.291851, test/num_examples=3581, test/ssim=0.737416, total_duration=1868.771270, train/loss=0.271734, train/ssim=0.742574, validation/loss=0.290252, validation/num_examples=3554, validation/ssim=0.720233
I0312 04:04:40.963841 139854901929728 logging_writer.py:48] [6300] global_step=6300, grad_norm=0.10582095384597778, loss=0.20120331645011902
I0312 04:05:05.127117 139854893537024 logging_writer.py:48] [6400] global_step=6400, grad_norm=0.10165949165821075, loss=0.24975541234016418
I0312 04:05:28.822585 139854901929728 logging_writer.py:48] [6500] global_step=6500, grad_norm=0.08480026572942734, loss=0.2872859835624695
I0312 04:05:52.491631 139854893537024 logging_writer.py:48] [6600] global_step=6600, grad_norm=0.08490534126758575, loss=0.26531749963760376
I0312 04:05:53.559878 140042468230976 spec.py:321] Evaluating on the training split.
I0312 04:05:54.946383 140042468230976 spec.py:333] Evaluating on the validation split.
I0312 04:05:56.280743 140042468230976 spec.py:349] Evaluating on the test split.
I0312 04:05:57.618788 140042468230976 submission_runner.py:420] Time since start: 1952.89s, 	Step: 6606, 	{'train/ssim': 0.7441070420401437, 'train/loss': 0.269721473966326, 'validation/ssim': 0.7215114544131612, 'validation/loss': 0.2883000929300612, 'validation/num_examples': 3554, 'test/ssim': 0.738683287773143, 'test/loss': 0.28980562561086287, 'test/num_examples': 3581, 'score': 1658.8429119586945, 'total_duration': 1952.8885478973389, 'accumulated_submission_time': 1658.8429119586945, 'accumulated_eval_time': 293.27813386917114, 'accumulated_logging_time': 0.5319225788116455}
I0312 04:05:57.634824 139854901929728 logging_writer.py:48] [6606] accumulated_eval_time=293.278134, accumulated_logging_time=0.531923, accumulated_submission_time=1658.842912, global_step=6606, preemption_count=0, score=1658.842912, test/loss=0.289806, test/num_examples=3581, test/ssim=0.738683, total_duration=1952.888548, train/loss=0.269721, train/ssim=0.744107, validation/loss=0.288300, validation/num_examples=3554, validation/ssim=0.721511
I0312 04:06:17.660800 139854893537024 logging_writer.py:48] [6700] global_step=6700, grad_norm=0.10983360558748245, loss=0.30272698402404785
I0312 04:06:40.985659 139854901929728 logging_writer.py:48] [6800] global_step=6800, grad_norm=0.13485071063041687, loss=0.2753516733646393
I0312 04:07:04.724771 139854893537024 logging_writer.py:48] [6900] global_step=6900, grad_norm=0.06421297043561935, loss=0.3410409092903137
I0312 04:07:17.694374 140042468230976 spec.py:321] Evaluating on the training split.
I0312 04:07:19.081544 140042468230976 spec.py:333] Evaluating on the validation split.
I0312 04:07:20.415009 140042468230976 spec.py:349] Evaluating on the test split.
I0312 04:07:21.749872 140042468230976 submission_runner.py:420] Time since start: 2037.02s, 	Step: 6957, 	{'train/ssim': 0.7371713774544852, 'train/loss': 0.27316716739109587, 'validation/ssim': 0.7164769642260481, 'validation/loss': 0.2910327986511677, 'validation/num_examples': 3554, 'test/ssim': 0.7333682352389347, 'test/loss': 0.29258784699193663, 'test/num_examples': 3581, 'score': 1738.8819456100464, 'total_duration': 2037.0198502540588, 'accumulated_submission_time': 1738.8819456100464, 'accumulated_eval_time': 297.333603143692, 'accumulated_logging_time': 0.5562727451324463}
I0312 04:07:21.765652 139854901929728 logging_writer.py:48] [6957] accumulated_eval_time=297.333603, accumulated_logging_time=0.556273, accumulated_submission_time=1738.881946, global_step=6957, preemption_count=0, score=1738.881946, test/loss=0.292588, test/num_examples=3581, test/ssim=0.733368, total_duration=2037.019850, train/loss=0.273167, train/ssim=0.737171, validation/loss=0.291033, validation/num_examples=3554, validation/ssim=0.716477
I0312 04:07:29.838979 139854893537024 logging_writer.py:48] [7000] global_step=7000, grad_norm=0.06797689944505692, loss=0.23027628660202026
I0312 04:07:53.320644 139854901929728 logging_writer.py:48] [7100] global_step=7100, grad_norm=0.09141699969768524, loss=0.239719957113266
I0312 04:08:16.854950 139854893537024 logging_writer.py:48] [7200] global_step=7200, grad_norm=0.13440072536468506, loss=0.26782357692718506
I0312 04:08:40.091891 139854901929728 logging_writer.py:48] [7300] global_step=7300, grad_norm=0.05783938989043236, loss=0.2617255449295044
I0312 04:08:41.875223 140042468230976 spec.py:321] Evaluating on the training split.
I0312 04:08:43.266306 140042468230976 spec.py:333] Evaluating on the validation split.
I0312 04:08:44.602202 140042468230976 spec.py:349] Evaluating on the test split.
I0312 04:08:45.940243 140042468230976 submission_runner.py:420] Time since start: 2121.21s, 	Step: 7309, 	{'train/ssim': 0.7429877008710589, 'train/loss': 0.27032715933663504, 'validation/ssim': 0.7205748034784749, 'validation/loss': 0.28881004732783483, 'validation/num_examples': 3554, 'test/ssim': 0.7377455177935632, 'test/loss': 0.2902679656411442, 'test/num_examples': 3581, 'score': 1818.9697902202606, 'total_duration': 2121.2102065086365, 'accumulated_submission_time': 1818.9697902202606, 'accumulated_eval_time': 301.3985674381256, 'accumulated_logging_time': 0.5810074806213379}
I0312 04:08:45.956328 139854893537024 logging_writer.py:48] [7309] accumulated_eval_time=301.398567, accumulated_logging_time=0.581007, accumulated_submission_time=1818.969790, global_step=7309, preemption_count=0, score=1818.969790, test/loss=0.290268, test/num_examples=3581, test/ssim=0.737746, total_duration=2121.210207, train/loss=0.270327, train/ssim=0.742988, validation/loss=0.288810, validation/num_examples=3554, validation/ssim=0.720575
I0312 04:09:05.376288 139854901929728 logging_writer.py:48] [7400] global_step=7400, grad_norm=0.0905880555510521, loss=0.2936202883720398
I0312 04:09:29.263814 139854893537024 logging_writer.py:48] [7500] global_step=7500, grad_norm=0.06190120428800583, loss=0.2141355574131012
I0312 04:09:52.913523 139854901929728 logging_writer.py:48] [7600] global_step=7600, grad_norm=0.1471973955631256, loss=0.2213531732559204
I0312 04:10:06.011353 140042468230976 spec.py:321] Evaluating on the training split.
I0312 04:10:07.397703 140042468230976 spec.py:333] Evaluating on the validation split.
I0312 04:10:08.732287 140042468230976 spec.py:349] Evaluating on the test split.
I0312 04:10:10.066231 140042468230976 submission_runner.py:420] Time since start: 2205.34s, 	Step: 7657, 	{'train/ssim': 0.7427032334463937, 'train/loss': 0.271768365587507, 'validation/ssim': 0.7201644906047763, 'validation/loss': 0.29065587135533905, 'validation/num_examples': 3554, 'test/ssim': 0.7372101264704343, 'test/loss': 0.29228548349797545, 'test/num_examples': 3581, 'score': 1899.003197669983, 'total_duration': 2205.3362097740173, 'accumulated_submission_time': 1899.003197669983, 'accumulated_eval_time': 305.453408241272, 'accumulated_logging_time': 0.6062729358673096}
I0312 04:10:10.082299 139854893537024 logging_writer.py:48] [7657] accumulated_eval_time=305.453408, accumulated_logging_time=0.606273, accumulated_submission_time=1899.003198, global_step=7657, preemption_count=0, score=1899.003198, test/loss=0.292285, test/num_examples=3581, test/ssim=0.737210, total_duration=2205.336210, train/loss=0.271768, train/ssim=0.742703, validation/loss=0.290656, validation/num_examples=3554, validation/ssim=0.720164
I0312 04:10:18.136535 139854901929728 logging_writer.py:48] [7700] global_step=7700, grad_norm=0.17762750387191772, loss=0.1777137815952301
I0312 04:10:41.188712 139854893537024 logging_writer.py:48] [7800] global_step=7800, grad_norm=0.04945620521903038, loss=0.2534530460834503
I0312 04:11:04.930819 139854901929728 logging_writer.py:48] [7900] global_step=7900, grad_norm=0.05486373230814934, loss=0.24318984150886536
I0312 04:11:28.177907 139854893537024 logging_writer.py:48] [8000] global_step=8000, grad_norm=0.0832052081823349, loss=0.24050775170326233
I0312 04:11:30.219874 140042468230976 spec.py:321] Evaluating on the training split.
I0312 04:11:31.608108 140042468230976 spec.py:333] Evaluating on the validation split.
I0312 04:11:32.943035 140042468230976 spec.py:349] Evaluating on the test split.
I0312 04:11:34.281258 140042468230976 submission_runner.py:420] Time since start: 2289.55s, 	Step: 8010, 	{'train/ssim': 0.7434444427490234, 'train/loss': 0.2699317421231951, 'validation/ssim': 0.7212056947277715, 'validation/loss': 0.2882308831158554, 'validation/num_examples': 3554, 'test/ssim': 0.7385266859815693, 'test/loss': 0.2895987094430676, 'test/num_examples': 3581, 'score': 1979.1196820735931, 'total_duration': 2289.5512356758118, 'accumulated_submission_time': 1979.1196820735931, 'accumulated_eval_time': 309.5147559642792, 'accumulated_logging_time': 0.6307752132415771}
I0312 04:11:34.296899 139854901929728 logging_writer.py:48] [8010] accumulated_eval_time=309.514756, accumulated_logging_time=0.630775, accumulated_submission_time=1979.119682, global_step=8010, preemption_count=0, score=1979.119682, test/loss=0.289599, test/num_examples=3581, test/ssim=0.738527, total_duration=2289.551236, train/loss=0.269932, train/ssim=0.743444, validation/loss=0.288231, validation/num_examples=3554, validation/ssim=0.721206
I0312 04:11:53.470698 139854893537024 logging_writer.py:48] [8100] global_step=8100, grad_norm=0.14088907837867737, loss=0.1959589719772339
I0312 04:12:17.187928 139854901929728 logging_writer.py:48] [8200] global_step=8200, grad_norm=0.049236979335546494, loss=0.3142887055873871
I0312 04:12:40.521988 139854893537024 logging_writer.py:48] [8300] global_step=8300, grad_norm=0.3002391755580902, loss=0.22071675956249237
I0312 04:12:54.296671 140042468230976 spec.py:321] Evaluating on the training split.
I0312 04:12:55.682761 140042468230976 spec.py:333] Evaluating on the validation split.
I0312 04:12:57.017622 140042468230976 spec.py:349] Evaluating on the test split.
I0312 04:12:58.355361 140042468230976 submission_runner.py:420] Time since start: 2373.63s, 	Step: 8361, 	{'train/ssim': 0.7458525385175433, 'train/loss': 0.26916165011269705, 'validation/ssim': 0.7233962282815138, 'validation/loss': 0.28767376987197524, 'validation/num_examples': 3554, 'test/ssim': 0.7405470331698548, 'test/loss': 0.2890893275163188, 'test/num_examples': 3581, 'score': 2059.097370862961, 'total_duration': 2373.625335931778, 'accumulated_submission_time': 2059.097370862961, 'accumulated_eval_time': 313.5734236240387, 'accumulated_logging_time': 0.6558754444122314}
I0312 04:12:58.370981 139854901929728 logging_writer.py:48] [8361] accumulated_eval_time=313.573424, accumulated_logging_time=0.655875, accumulated_submission_time=2059.097371, global_step=8361, preemption_count=0, score=2059.097371, test/loss=0.289089, test/num_examples=3581, test/ssim=0.740547, total_duration=2373.625336, train/loss=0.269162, train/ssim=0.745853, validation/loss=0.287674, validation/num_examples=3554, validation/ssim=0.723396
I0312 04:13:05.576184 139854893537024 logging_writer.py:48] [8400] global_step=8400, grad_norm=0.11500409990549088, loss=0.2621292173862457
I0312 04:13:28.710909 139854901929728 logging_writer.py:48] [8500] global_step=8500, grad_norm=0.15695461630821228, loss=0.2821313440799713
I0312 04:13:52.496763 139854893537024 logging_writer.py:48] [8600] global_step=8600, grad_norm=0.09194674342870712, loss=0.2301585078239441
I0312 04:14:16.104369 139854901929728 logging_writer.py:48] [8700] global_step=8700, grad_norm=0.16563677787780762, loss=0.25171875953674316
I0312 04:14:18.429762 140042468230976 spec.py:321] Evaluating on the training split.
I0312 04:14:19.816509 140042468230976 spec.py:333] Evaluating on the validation split.
I0312 04:14:21.153322 140042468230976 spec.py:349] Evaluating on the test split.
I0312 04:14:22.492018 140042468230976 submission_runner.py:420] Time since start: 2457.76s, 	Step: 8711, 	{'train/ssim': 0.7459323746817452, 'train/loss': 0.2688164710998535, 'validation/ssim': 0.723511154355128, 'validation/loss': 0.28736078007944393, 'validation/num_examples': 3554, 'test/ssim': 0.7406608200179768, 'test/loss': 0.28878304386431863, 'test/num_examples': 3581, 'score': 2139.133618593216, 'total_duration': 2457.7619621753693, 'accumulated_submission_time': 2139.133618593216, 'accumulated_eval_time': 317.63561153411865, 'accumulated_logging_time': 0.6815152168273926}
I0312 04:14:22.510802 139854893537024 logging_writer.py:48] [8711] accumulated_eval_time=317.635612, accumulated_logging_time=0.681515, accumulated_submission_time=2139.133619, global_step=8711, preemption_count=0, score=2139.133619, test/loss=0.288783, test/num_examples=3581, test/ssim=0.740661, total_duration=2457.761962, train/loss=0.268816, train/ssim=0.745932, validation/loss=0.287361, validation/num_examples=3554, validation/ssim=0.723511
I0312 04:14:41.436944 139854901929728 logging_writer.py:48] [8800] global_step=8800, grad_norm=0.1743048131465912, loss=0.24715402722358704
I0312 04:15:04.607013 139854893537024 logging_writer.py:48] [8900] global_step=8900, grad_norm=0.12610042095184326, loss=0.2909592092037201
I0312 04:15:27.971258 139854901929728 logging_writer.py:48] [9000] global_step=9000, grad_norm=0.21756209433078766, loss=0.2964809238910675
I0312 04:15:42.663225 140042468230976 spec.py:321] Evaluating on the training split.
I0312 04:15:44.053975 140042468230976 spec.py:333] Evaluating on the validation split.
I0312 04:15:45.387352 140042468230976 spec.py:349] Evaluating on the test split.
I0312 04:15:46.722148 140042468230976 submission_runner.py:420] Time since start: 2541.99s, 	Step: 9065, 	{'train/ssim': 0.7447177342006138, 'train/loss': 0.27007532119750977, 'validation/ssim': 0.7228308716850732, 'validation/loss': 0.28830146682215463, 'validation/num_examples': 3554, 'test/ssim': 0.7399505555579796, 'test/loss': 0.2897788662712057, 'test/num_examples': 3581, 'score': 2219.2638289928436, 'total_duration': 2541.992125272751, 'accumulated_submission_time': 2219.2638289928436, 'accumulated_eval_time': 321.69448947906494, 'accumulated_logging_time': 0.7097055912017822}
I0312 04:15:46.738043 139854893537024 logging_writer.py:48] [9065] accumulated_eval_time=321.694489, accumulated_logging_time=0.709706, accumulated_submission_time=2219.263829, global_step=9065, preemption_count=0, score=2219.263829, test/loss=0.289779, test/num_examples=3581, test/ssim=0.739951, total_duration=2541.992125, train/loss=0.270075, train/ssim=0.744718, validation/loss=0.288301, validation/num_examples=3554, validation/ssim=0.722831
I0312 04:15:52.855109 139854901929728 logging_writer.py:48] [9100] global_step=9100, grad_norm=0.04008913412690163, loss=0.34056079387664795
I0312 04:16:16.370118 139854893537024 logging_writer.py:48] [9200] global_step=9200, grad_norm=0.14756909012794495, loss=0.2238314151763916
I0312 04:16:39.872816 139854901929728 logging_writer.py:48] [9300] global_step=9300, grad_norm=0.162593275308609, loss=0.32274961471557617
I0312 04:17:03.158591 139854893537024 logging_writer.py:48] [9400] global_step=9400, grad_norm=0.07292044907808304, loss=0.26158106327056885
I0312 04:17:06.939083 140042468230976 spec.py:321] Evaluating on the training split.
I0312 04:17:08.324776 140042468230976 spec.py:333] Evaluating on the validation split.
I0312 04:17:09.660124 140042468230976 spec.py:349] Evaluating on the test split.
I0312 04:17:10.993669 140042468230976 submission_runner.py:420] Time since start: 2626.26s, 	Step: 9417, 	{'train/ssim': 0.7454489299229213, 'train/loss': 0.26960909366607666, 'validation/ssim': 0.7230337955472707, 'validation/loss': 0.28828449925480093, 'validation/num_examples': 3554, 'test/ssim': 0.7402204669610444, 'test/loss': 0.28967629448390814, 'test/num_examples': 3581, 'score': 2299.4439175128937, 'total_duration': 2626.263649225235, 'accumulated_submission_time': 2299.4439175128937, 'accumulated_eval_time': 325.7490336894989, 'accumulated_logging_time': 0.7341964244842529}
I0312 04:17:11.009384 139854901929728 logging_writer.py:48] [9417] accumulated_eval_time=325.749034, accumulated_logging_time=0.734196, accumulated_submission_time=2299.443918, global_step=9417, preemption_count=0, score=2299.443918, test/loss=0.289676, test/num_examples=3581, test/ssim=0.740220, total_duration=2626.263649, train/loss=0.269609, train/ssim=0.745449, validation/loss=0.288284, validation/num_examples=3554, validation/ssim=0.723034
I0312 04:17:28.468475 139854893537024 logging_writer.py:48] [9500] global_step=9500, grad_norm=0.057001035660505295, loss=0.27998748421669006
I0312 04:17:51.810625 139854901929728 logging_writer.py:48] [9600] global_step=9600, grad_norm=0.05102666839957237, loss=0.27770110964775085
I0312 04:18:15.754559 139854893537024 logging_writer.py:48] [9700] global_step=9700, grad_norm=0.02529343031346798, loss=0.25962966680526733
I0312 04:18:31.201108 140042468230976 spec.py:321] Evaluating on the training split.
I0312 04:18:32.588498 140042468230976 spec.py:333] Evaluating on the validation split.
I0312 04:18:33.919764 140042468230976 spec.py:349] Evaluating on the test split.
I0312 04:18:35.255927 140042468230976 submission_runner.py:420] Time since start: 2710.53s, 	Step: 9767, 	{'train/ssim': 0.7458797182355609, 'train/loss': 0.26908956255231586, 'validation/ssim': 0.7234043342448649, 'validation/loss': 0.2877059189469612, 'validation/num_examples': 3554, 'test/ssim': 0.7405805079106744, 'test/loss': 0.2891634696357512, 'test/num_examples': 3581, 'score': 2379.613367795944, 'total_duration': 2710.5259046554565, 'accumulated_submission_time': 2379.613367795944, 'accumulated_eval_time': 329.8038098812103, 'accumulated_logging_time': 0.7595300674438477}
I0312 04:18:35.272000 139854901929728 logging_writer.py:48] [9767] accumulated_eval_time=329.803810, accumulated_logging_time=0.759530, accumulated_submission_time=2379.613368, global_step=9767, preemption_count=0, score=2379.613368, test/loss=0.289163, test/num_examples=3581, test/ssim=0.740581, total_duration=2710.525905, train/loss=0.269090, train/ssim=0.745880, validation/loss=0.287706, validation/num_examples=3554, validation/ssim=0.723404
I0312 04:18:41.144782 139854893537024 logging_writer.py:48] [9800] global_step=9800, grad_norm=0.12466394901275635, loss=0.21524418890476227
I0312 04:19:04.867631 139854901929728 logging_writer.py:48] [9900] global_step=9900, grad_norm=0.13484328985214233, loss=0.26114171743392944
I0312 04:19:28.202870 139854893537024 logging_writer.py:48] [10000] global_step=10000, grad_norm=0.05420598387718201, loss=0.21022292971611023
I0312 04:19:51.562224 139854901929728 logging_writer.py:48] [10100] global_step=10100, grad_norm=0.13685832917690277, loss=0.275020033121109
I0312 04:19:55.295918 140042468230976 spec.py:321] Evaluating on the training split.
I0312 04:19:56.683749 140042468230976 spec.py:333] Evaluating on the validation split.
I0312 04:19:58.017864 140042468230976 spec.py:349] Evaluating on the test split.
I0312 04:19:59.355454 140042468230976 submission_runner.py:420] Time since start: 2794.63s, 	Step: 10117, 	{'train/ssim': 0.7448987279619489, 'train/loss': 0.2684458153588431, 'validation/ssim': 0.7223642292355444, 'validation/loss': 0.2871320785668437, 'validation/num_examples': 3554, 'test/ssim': 0.7396588957998813, 'test/loss': 0.2885292903300405, 'test/num_examples': 3581, 'score': 2459.616132259369, 'total_duration': 2794.6254320144653, 'accumulated_submission_time': 2459.616132259369, 'accumulated_eval_time': 333.86331367492676, 'accumulated_logging_time': 0.7841873168945312}
I0312 04:19:59.371958 139854893537024 logging_writer.py:48] [10117] accumulated_eval_time=333.863314, accumulated_logging_time=0.784187, accumulated_submission_time=2459.616132, global_step=10117, preemption_count=0, score=2459.616132, test/loss=0.288529, test/num_examples=3581, test/ssim=0.739659, total_duration=2794.625432, train/loss=0.268446, train/ssim=0.744899, validation/loss=0.287132, validation/num_examples=3554, validation/ssim=0.722364
I0312 04:20:17.174230 139854901929728 logging_writer.py:48] [10200] global_step=10200, grad_norm=0.05785660445690155, loss=0.2803060710430145
I0312 04:20:40.620684 139854893537024 logging_writer.py:48] [10300] global_step=10300, grad_norm=0.08051610738039017, loss=0.25937727093696594
I0312 04:21:04.080396 139854901929728 logging_writer.py:48] [10400] global_step=10400, grad_norm=0.1089266985654831, loss=0.2659768760204315
I0312 04:21:19.570595 140042468230976 spec.py:321] Evaluating on the training split.
I0312 04:21:20.955702 140042468230976 spec.py:333] Evaluating on the validation split.
I0312 04:21:22.290859 140042468230976 spec.py:349] Evaluating on the test split.
I0312 04:21:23.626027 140042468230976 submission_runner.py:420] Time since start: 2878.90s, 	Step: 10466, 	{'train/ssim': 0.7444917815072196, 'train/loss': 0.26868949617658344, 'validation/ssim': 0.7220280378402856, 'validation/loss': 0.2871836853886026, 'validation/num_examples': 3554, 'test/ssim': 0.7394358899399609, 'test/loss': 0.2884751580607721, 'test/num_examples': 3581, 'score': 2539.793482542038, 'total_duration': 2878.8959987163544, 'accumulated_submission_time': 2539.793482542038, 'accumulated_eval_time': 337.9186999797821, 'accumulated_logging_time': 0.8094024658203125}
I0312 04:21:23.642218 139854893537024 logging_writer.py:48] [10466] accumulated_eval_time=337.918700, accumulated_logging_time=0.809402, accumulated_submission_time=2539.793483, global_step=10466, preemption_count=0, score=2539.793483, test/loss=0.288475, test/num_examples=3581, test/ssim=0.739436, total_duration=2878.895999, train/loss=0.268689, train/ssim=0.744492, validation/loss=0.287184, validation/num_examples=3554, validation/ssim=0.722028
I0312 04:21:29.678158 139854901929728 logging_writer.py:48] [10500] global_step=10500, grad_norm=0.06374385207891464, loss=0.37624457478523254
I0312 04:21:52.961720 139854893537024 logging_writer.py:48] [10600] global_step=10600, grad_norm=0.06316930055618286, loss=0.2287621796131134
I0312 04:22:17.014406 139854901929728 logging_writer.py:48] [10700] global_step=10700, grad_norm=0.14779998362064362, loss=0.23684269189834595
I0312 04:22:40.451794 139854893537024 logging_writer.py:48] [10800] global_step=10800, grad_norm=0.0848703533411026, loss=0.33668166399002075
I0312 04:22:43.633337 140042468230976 spec.py:321] Evaluating on the training split.
I0312 04:22:45.021765 140042468230976 spec.py:333] Evaluating on the validation split.
I0312 04:22:46.355187 140042468230976 spec.py:349] Evaluating on the test split.
I0312 04:22:47.689975 140042468230976 submission_runner.py:420] Time since start: 2962.96s, 	Step: 10815, 	{'train/ssim': 0.7452566283089774, 'train/loss': 0.27010176862989155, 'validation/ssim': 0.7227582614879361, 'validation/loss': 0.28920387349641247, 'validation/num_examples': 3554, 'test/ssim': 0.7398273603305641, 'test/loss': 0.29083011630393046, 'test/num_examples': 3581, 'score': 2619.7638115882874, 'total_duration': 2962.9599463939667, 'accumulated_submission_time': 2619.7638115882874, 'accumulated_eval_time': 341.9752879142761, 'accumulated_logging_time': 0.8340375423431396}
I0312 04:22:47.706309 139854901929728 logging_writer.py:48] [10815] accumulated_eval_time=341.975288, accumulated_logging_time=0.834038, accumulated_submission_time=2619.763812, global_step=10815, preemption_count=0, score=2619.763812, test/loss=0.290830, test/num_examples=3581, test/ssim=0.739827, total_duration=2962.959946, train/loss=0.270102, train/ssim=0.745257, validation/loss=0.289204, validation/num_examples=3554, validation/ssim=0.722758
I0312 04:23:05.935483 139854893537024 logging_writer.py:48] [10900] global_step=10900, grad_norm=0.06182771921157837, loss=0.34851741790771484
I0312 04:23:29.269168 139854901929728 logging_writer.py:48] [11000] global_step=11000, grad_norm=0.08406753093004227, loss=0.3525004982948303
I0312 04:23:52.545723 139854893537024 logging_writer.py:48] [11100] global_step=11100, grad_norm=0.06992767006158829, loss=0.32123905420303345
I0312 04:24:07.877822 140042468230976 spec.py:321] Evaluating on the training split.
I0312 04:24:09.266078 140042468230976 spec.py:333] Evaluating on the validation split.
I0312 04:24:10.600529 140042468230976 spec.py:349] Evaluating on the test split.
I0312 04:24:11.938338 140042468230976 submission_runner.py:420] Time since start: 3047.21s, 	Step: 11166, 	{'train/ssim': 0.744647707257952, 'train/loss': 0.26888179779052734, 'validation/ssim': 0.7218623464538196, 'validation/loss': 0.2875809119401115, 'validation/num_examples': 3554, 'test/ssim': 0.7390223303110165, 'test/loss': 0.2890474329577981, 'test/num_examples': 3581, 'score': 2699.914743423462, 'total_duration': 3047.208276987076, 'accumulated_submission_time': 2699.914743423462, 'accumulated_eval_time': 346.03573846817017, 'accumulated_logging_time': 0.8586001396179199}
I0312 04:24:11.956494 139854901929728 logging_writer.py:48] [11166] accumulated_eval_time=346.035738, accumulated_logging_time=0.858600, accumulated_submission_time=2699.914743, global_step=11166, preemption_count=0, score=2699.914743, test/loss=0.289047, test/num_examples=3581, test/ssim=0.739022, total_duration=3047.208277, train/loss=0.268882, train/ssim=0.744648, validation/loss=0.287581, validation/num_examples=3554, validation/ssim=0.721862
I0312 04:24:17.840153 139854893537024 logging_writer.py:48] [11200] global_step=11200, grad_norm=0.04767546430230141, loss=0.2882772386074066
I0312 04:24:41.208161 139854901929728 logging_writer.py:48] [11300] global_step=11300, grad_norm=0.09423501044511795, loss=0.3192717432975769
I0312 04:25:04.686458 139854893537024 logging_writer.py:48] [11400] global_step=11400, grad_norm=0.07137800753116608, loss=0.3477979302406311
I0312 04:25:28.069698 139854901929728 logging_writer.py:48] [11500] global_step=11500, grad_norm=0.06156903877854347, loss=0.33353501558303833
I0312 04:25:32.045479 140042468230976 spec.py:321] Evaluating on the training split.
I0312 04:25:33.430866 140042468230976 spec.py:333] Evaluating on the validation split.
I0312 04:25:34.764172 140042468230976 spec.py:349] Evaluating on the test split.
I0312 04:25:36.103530 140042468230976 submission_runner.py:420] Time since start: 3131.37s, 	Step: 11518, 	{'train/ssim': 0.745260374886649, 'train/loss': 0.2679336241313389, 'validation/ssim': 0.7225378205015476, 'validation/loss': 0.2866494817953802, 'validation/num_examples': 3554, 'test/ssim': 0.7399262164898073, 'test/loss': 0.28800695483759775, 'test/num_examples': 3581, 'score': 2779.982065677643, 'total_duration': 3131.3735089302063, 'accumulated_submission_time': 2779.982065677643, 'accumulated_eval_time': 350.09374594688416, 'accumulated_logging_time': 0.8860418796539307}
I0312 04:25:36.119998 139854893537024 logging_writer.py:48] [11518] accumulated_eval_time=350.093746, accumulated_logging_time=0.886042, accumulated_submission_time=2779.982066, global_step=11518, preemption_count=0, score=2779.982066, test/loss=0.288007, test/num_examples=3581, test/ssim=0.739926, total_duration=3131.373509, train/loss=0.267934, train/ssim=0.745260, validation/loss=0.286649, validation/num_examples=3554, validation/ssim=0.722538
I0312 04:25:53.081146 139854901929728 logging_writer.py:48] [11600] global_step=11600, grad_norm=0.19963347911834717, loss=0.22291713953018188
I0312 04:26:16.501135 139854893537024 logging_writer.py:48] [11700] global_step=11700, grad_norm=0.07106788456439972, loss=0.22832581400871277
I0312 04:26:40.412402 139854901929728 logging_writer.py:48] [11800] global_step=11800, grad_norm=0.08529575169086456, loss=0.21123546361923218
I0312 04:26:56.334012 140042468230976 spec.py:321] Evaluating on the training split.
I0312 04:26:57.718595 140042468230976 spec.py:333] Evaluating on the validation split.
I0312 04:26:59.049862 140042468230976 spec.py:349] Evaluating on the test split.
I0312 04:27:00.386379 140042468230976 submission_runner.py:420] Time since start: 3215.66s, 	Step: 11869, 	{'train/ssim': 0.7469045775277274, 'train/loss': 0.2677281413759504, 'validation/ssim': 0.724327658426245, 'validation/loss': 0.28639936473977384, 'validation/num_examples': 3554, 'test/ssim': 0.7416352008648073, 'test/loss': 0.28770135295221305, 'test/num_examples': 3581, 'score': 2860.175224542618, 'total_duration': 3215.6563110351562, 'accumulated_submission_time': 2860.175224542618, 'accumulated_eval_time': 354.1460373401642, 'accumulated_logging_time': 0.9109201431274414}
I0312 04:27:00.406799 139854893537024 logging_writer.py:48] [11869] accumulated_eval_time=354.146037, accumulated_logging_time=0.910920, accumulated_submission_time=2860.175225, global_step=11869, preemption_count=0, score=2860.175225, test/loss=0.287701, test/num_examples=3581, test/ssim=0.741635, total_duration=3215.656311, train/loss=0.267728, train/ssim=0.746905, validation/loss=0.286399, validation/num_examples=3554, validation/ssim=0.724328
I0312 04:27:00.426668 139854901929728 logging_writer.py:48] [11869] global_step=11869, preemption_count=0, score=2860.175225
I0312 04:27:00.494630 140042468230976 checkpoints.py:490] Saving checkpoint at step: 11869
I0312 04:27:00.782058 140042468230976 checkpoints.py:422] Saved checkpoint at /experiment_runs/prize_qualification_self_tuning/study_1/fastmri_jax/trial_1/checkpoint_11869
I0312 04:27:00.783852 140042468230976 checkpoint_utils.py:240] Saved checkpoint to /experiment_runs/prize_qualification_self_tuning/study_1/fastmri_jax/trial_1/checkpoint_11869.
I0312 04:27:01.540547 140042468230976 submission_runner.py:683] Final fastmri score: 2860.175224542618
