python3 submission_runner.py --framework=jax --workload=fastmri --submission_path=prize_qualification_baselines/self_tuning/jax_nadamw_full_budget.py --data_dir=/data/fastmri --num_tuning_trials=1 --experiment_dir=/experiment_runs --experiment_name=prize_qualification_self_tuning/study_3 --overwrite=true --save_checkpoints=false --rng_seed=1324278342 --max_global_steps=108567 --tuning_ruleset=self 2>&1 | tee -a /logs/fastmri_jax_03-12-2024-03-34-36.log
I0312 03:34:55.905969 140138215077696 logger_utils.py:61] Removing existing experiment directory /experiment_runs/prize_qualification_self_tuning/study_3/fastmri_jax because --overwrite was set.
I0312 03:34:55.909836 140138215077696 logger_utils.py:76] Creating experiment directory at /experiment_runs/prize_qualification_self_tuning/study_3/fastmri_jax.
I0312 03:34:57.596814 140138215077696 xla_bridge.py:455] Unable to initialize backend 'rocm': NOT_FOUND: Could not find registered platform with name: "rocm". Available platform names are: Interpreter Host CUDA
I0312 03:34:57.597490 140138215077696 xla_bridge.py:455] Unable to initialize backend 'tpu': module 'jaxlib.xla_extension' has no attribute 'get_tpu_client'
I0312 03:34:57.597616 140138215077696 xla_bridge.py:455] Unable to initialize backend 'plugin': xla_extension has no attributes named get_plugin_device_client. Compile TensorFlow with //tensorflow/compiler/xla/python:enable_plugin_device set to true (defaults to false) to enable this.
I0312 03:34:58.485620 140138215077696 submission_runner.py:612] Creating directory at /experiment_runs/prize_qualification_self_tuning/study_3/fastmri_jax/trial_1.
I0312 03:34:58.677851 140138215077696 submission_runner.py:209] Initializing dataset.
I0312 03:35:05.136721 140138215077696 submission_runner.py:220] Initializing model.
I0312 03:35:12.096095 140138215077696 submission_runner.py:262] Initializing optimizer.
I0312 03:35:12.916162 140138215077696 submission_runner.py:269] Initializing metrics bundle.
I0312 03:35:12.916346 140138215077696 submission_runner.py:287] Initializing checkpoint and logger.
I0312 03:35:12.916919 140138215077696 checkpoints.py:915] Found no checkpoint files in /experiment_runs/prize_qualification_self_tuning/study_3/fastmri_jax/trial_1 with prefix checkpoint_
I0312 03:35:12.917056 140138215077696 submission_runner.py:307] Saving meta data to /experiment_runs/prize_qualification_self_tuning/study_3/fastmri_jax/trial_1/meta_data_0.json.
I0312 03:35:12.917233 140138215077696 logger_utils.py:257] Unable to record workload.train_mean information. Continuing without it.
I0312 03:35:12.917294 140138215077696 logger_utils.py:257] Unable to record workload.train_stddev information. Continuing without it.
fatal: detected dubious ownership in repository at '/algorithmic-efficiency'
To add an exception for this directory, call:

	git config --global --add safe.directory /algorithmic-efficiency
I0312 03:35:13.208958 140138215077696 logger_utils.py:220] Unable to record git information. Continuing without it.
I0312 03:35:13.480833 140138215077696 submission_runner.py:311] Saving flags to /experiment_runs/prize_qualification_self_tuning/study_3/fastmri_jax/trial_1/flags_0.json.
I0312 03:35:13.489773 140138215077696 submission_runner.py:321] Starting training loop.
I0312 03:36:09.348056 139975785961216 logging_writer.py:48] [0] global_step=0, grad_norm=5.5884528160095215, loss=1.132475733757019
I0312 03:36:09.361251 140138215077696 spec.py:321] Evaluating on the training split.
I0312 03:37:30.682577 140138215077696 spec.py:333] Evaluating on the validation split.
I0312 03:38:28.208671 140138215077696 spec.py:349] Evaluating on the test split.
I0312 03:39:22.267404 140138215077696 submission_runner.py:420] Time since start: 248.78s, 	Step: 1, 	{'train/ssim': 0.1986473628452846, 'train/loss': 1.120415415082659, 'validation/ssim': 0.196472271010657, 'validation/loss': 1.1201521530537775, 'validation/num_examples': 3554, 'test/ssim': 0.2186063006416242, 'test/loss': 1.1173639412000838, 'test/num_examples': 3581, 'score': 55.87105417251587, 'total_duration': 248.77755641937256, 'accumulated_submission_time': 55.87105417251587, 'accumulated_eval_time': 192.90609097480774, 'accumulated_logging_time': 0}
I0312 03:39:22.286904 139950938896128 logging_writer.py:48] [1] accumulated_eval_time=192.906091, accumulated_logging_time=0, accumulated_submission_time=55.871054, global_step=1, preemption_count=0, score=55.871054, test/loss=1.117364, test/num_examples=3581, test/ssim=0.218606, total_duration=248.777556, train/loss=1.120415, train/ssim=0.198647, validation/loss=1.120152, validation/num_examples=3554, validation/ssim=0.196472
I0312 03:39:43.645629 139950930503424 logging_writer.py:48] [100] global_step=100, grad_norm=0.21883173286914825, loss=0.23392078280448914
I0312 03:40:07.539754 139950938896128 logging_writer.py:48] [200] global_step=200, grad_norm=0.17892344295978546, loss=0.29985615611076355
I0312 03:40:31.425040 139950930503424 logging_writer.py:48] [300] global_step=300, grad_norm=0.19309820234775543, loss=0.339098185300827
I0312 03:40:42.691889 140138215077696 spec.py:321] Evaluating on the training split.
I0312 03:40:44.396486 140138215077696 spec.py:333] Evaluating on the validation split.
I0312 03:40:45.722179 140138215077696 spec.py:349] Evaluating on the test split.
I0312 03:40:47.049529 140138215077696 submission_runner.py:420] Time since start: 333.56s, 	Step: 342, 	{'train/ssim': 0.7166670390537807, 'train/loss': 0.291083744594029, 'validation/ssim': 0.6954936476725169, 'validation/loss': 0.31196490337691685, 'validation/num_examples': 3554, 'test/ssim': 0.7130424544252653, 'test/loss': 0.31425708300972144, 'test/num_examples': 3581, 'score': 136.2571702003479, 'total_duration': 333.5596721172333, 'accumulated_submission_time': 136.2571702003479, 'accumulated_eval_time': 197.26366686820984, 'accumulated_logging_time': 0.027730703353881836}
I0312 03:40:47.069621 139950938896128 logging_writer.py:48] [342] accumulated_eval_time=197.263667, accumulated_logging_time=0.027731, accumulated_submission_time=136.257170, global_step=342, preemption_count=0, score=136.257170, test/loss=0.314257, test/num_examples=3581, test/ssim=0.713042, total_duration=333.559672, train/loss=0.291084, train/ssim=0.716667, validation/loss=0.311965, validation/num_examples=3554, validation/ssim=0.695494
I0312 03:41:02.852943 139950930503424 logging_writer.py:48] [400] global_step=400, grad_norm=0.6057908535003662, loss=0.3258189558982849
I0312 03:41:35.823873 139950938896128 logging_writer.py:48] [500] global_step=500, grad_norm=0.4643697142601013, loss=0.2652689218521118
I0312 03:42:07.369870 140138215077696 spec.py:321] Evaluating on the training split.
I0312 03:42:08.746661 140138215077696 spec.py:333] Evaluating on the validation split.
I0312 03:42:10.070359 140138215077696 spec.py:349] Evaluating on the test split.
I0312 03:42:11.394814 140138215077696 submission_runner.py:420] Time since start: 417.90s, 	Step: 598, 	{'train/ssim': 0.727783203125, 'train/loss': 0.2812513794217791, 'validation/ssim': 0.7064778462647721, 'validation/loss': 0.30193610934642306, 'validation/num_examples': 3554, 'test/ssim': 0.7237157834971027, 'test/loss': 0.30395524856665385, 'test/num_examples': 3581, 'score': 216.53292417526245, 'total_duration': 417.9049689769745, 'accumulated_submission_time': 216.53292417526245, 'accumulated_eval_time': 201.28857111930847, 'accumulated_logging_time': 0.06471872329711914}
I0312 03:42:11.415861 139950930503424 logging_writer.py:48] [598] accumulated_eval_time=201.288571, accumulated_logging_time=0.064719, accumulated_submission_time=216.532924, global_step=598, preemption_count=0, score=216.532924, test/loss=0.303955, test/num_examples=3581, test/ssim=0.723716, total_duration=417.904969, train/loss=0.281251, train/ssim=0.727783, validation/loss=0.301936, validation/num_examples=3554, validation/ssim=0.706478
I0312 03:42:11.656408 139950938896128 logging_writer.py:48] [600] global_step=600, grad_norm=0.10041085630655289, loss=0.32968395948410034
I0312 03:42:41.638246 139950930503424 logging_writer.py:48] [700] global_step=700, grad_norm=0.35001784563064575, loss=0.2589086890220642
I0312 03:43:13.444687 139950938896128 logging_writer.py:48] [800] global_step=800, grad_norm=0.12324807047843933, loss=0.35265278816223145
I0312 03:43:31.407443 140138215077696 spec.py:321] Evaluating on the training split.
I0312 03:43:32.783853 140138215077696 spec.py:333] Evaluating on the validation split.
I0312 03:43:34.107188 140138215077696 spec.py:349] Evaluating on the test split.
I0312 03:43:35.433063 140138215077696 submission_runner.py:420] Time since start: 501.94s, 	Step: 857, 	{'train/ssim': 0.7322325706481934, 'train/loss': 0.2770792245864868, 'validation/ssim': 0.7111753207213702, 'validation/loss': 0.29744832517058245, 'validation/num_examples': 3554, 'test/ssim': 0.7282441455337196, 'test/loss': 0.29935380114885857, 'test/num_examples': 3581, 'score': 296.5067882537842, 'total_duration': 501.9431965351105, 'accumulated_submission_time': 296.5067882537842, 'accumulated_eval_time': 205.31412816047668, 'accumulated_logging_time': 0.0955805778503418}
I0312 03:43:35.452821 139950930503424 logging_writer.py:48] [857] accumulated_eval_time=205.314128, accumulated_logging_time=0.095581, accumulated_submission_time=296.506788, global_step=857, preemption_count=0, score=296.506788, test/loss=0.299354, test/num_examples=3581, test/ssim=0.728244, total_duration=501.943197, train/loss=0.277079, train/ssim=0.732233, validation/loss=0.297448, validation/num_examples=3554, validation/ssim=0.711175
I0312 03:43:46.603085 139950938896128 logging_writer.py:48] [900] global_step=900, grad_norm=0.14609451591968536, loss=0.3204136788845062
I0312 03:44:15.944083 139950930503424 logging_writer.py:48] [1000] global_step=1000, grad_norm=0.2121347188949585, loss=0.30569106340408325
I0312 03:44:39.897289 139950938896128 logging_writer.py:48] [1100] global_step=1100, grad_norm=0.22185993194580078, loss=0.27031823992729187
I0312 03:44:55.466767 140138215077696 spec.py:321] Evaluating on the training split.
I0312 03:44:56.846889 140138215077696 spec.py:333] Evaluating on the validation split.
I0312 03:44:58.171463 140138215077696 spec.py:349] Evaluating on the test split.
I0312 03:44:59.496607 140138215077696 submission_runner.py:420] Time since start: 586.01s, 	Step: 1167, 	{'train/ssim': 0.7352104187011719, 'train/loss': 0.27434238365718294, 'validation/ssim': 0.7133506040728756, 'validation/loss': 0.29561599963289603, 'validation/num_examples': 3554, 'test/ssim': 0.7305277228122382, 'test/loss': 0.2972662317722878, 'test/num_examples': 3581, 'score': 376.4983882904053, 'total_duration': 586.0067405700684, 'accumulated_submission_time': 376.4983882904053, 'accumulated_eval_time': 209.34389734268188, 'accumulated_logging_time': 0.1279308795928955}
I0312 03:44:59.515567 139950930503424 logging_writer.py:48] [1167] accumulated_eval_time=209.343897, accumulated_logging_time=0.127931, accumulated_submission_time=376.498388, global_step=1167, preemption_count=0, score=376.498388, test/loss=0.297266, test/num_examples=3581, test/ssim=0.730528, total_duration=586.006741, train/loss=0.274342, train/ssim=0.735210, validation/loss=0.295616, validation/num_examples=3554, validation/ssim=0.713351
I0312 03:45:05.390456 139950938896128 logging_writer.py:48] [1200] global_step=1200, grad_norm=0.11944818496704102, loss=0.2897670865058899
I0312 03:45:28.800761 139950930503424 logging_writer.py:48] [1300] global_step=1300, grad_norm=0.3055420219898224, loss=0.24948260188102722
I0312 03:45:52.334041 139950938896128 logging_writer.py:48] [1400] global_step=1400, grad_norm=0.21089419722557068, loss=0.3394867479801178
I0312 03:46:15.721563 139950930503424 logging_writer.py:48] [1500] global_step=1500, grad_norm=0.42780977487564087, loss=0.2952568829059601
I0312 03:46:19.652087 140138215077696 spec.py:321] Evaluating on the training split.
I0312 03:46:21.030161 140138215077696 spec.py:333] Evaluating on the validation split.
I0312 03:46:22.356536 140138215077696 spec.py:349] Evaluating on the test split.
I0312 03:46:23.683176 140138215077696 submission_runner.py:420] Time since start: 670.19s, 	Step: 1518, 	{'train/ssim': 0.7365893636431012, 'train/loss': 0.27208845955984934, 'validation/ssim': 0.7156296162774338, 'validation/loss': 0.29252803976373454, 'validation/num_examples': 3554, 'test/ssim': 0.7327835521895071, 'test/loss': 0.294206463202056, 'test/num_examples': 3581, 'score': 456.6143398284912, 'total_duration': 670.193336725235, 'accumulated_submission_time': 456.6143398284912, 'accumulated_eval_time': 213.37495374679565, 'accumulated_logging_time': 0.15616416931152344}
I0312 03:46:23.697846 139950938896128 logging_writer.py:48] [1518] accumulated_eval_time=213.374954, accumulated_logging_time=0.156164, accumulated_submission_time=456.614340, global_step=1518, preemption_count=0, score=456.614340, test/loss=0.294206, test/num_examples=3581, test/ssim=0.732784, total_duration=670.193337, train/loss=0.272088, train/ssim=0.736589, validation/loss=0.292528, validation/num_examples=3554, validation/ssim=0.715630
I0312 03:46:41.032764 139950930503424 logging_writer.py:48] [1600] global_step=1600, grad_norm=0.3475538194179535, loss=0.3339070677757263
I0312 03:47:04.969458 139950938896128 logging_writer.py:48] [1700] global_step=1700, grad_norm=0.04429243877530098, loss=0.4648461639881134
I0312 03:47:28.138567 139950930503424 logging_writer.py:48] [1800] global_step=1800, grad_norm=0.08863002806901932, loss=0.3783816397190094
I0312 03:47:43.788548 140138215077696 spec.py:321] Evaluating on the training split.
I0312 03:47:45.165513 140138215077696 spec.py:333] Evaluating on the validation split.
I0312 03:47:46.489072 140138215077696 spec.py:349] Evaluating on the test split.
I0312 03:47:47.815133 140138215077696 submission_runner.py:420] Time since start: 754.33s, 	Step: 1868, 	{'train/ssim': 0.7352070127214704, 'train/loss': 0.274249792098999, 'validation/ssim': 0.7147479210264842, 'validation/loss': 0.2943375930399726, 'validation/num_examples': 3554, 'test/ssim': 0.7319947482154077, 'test/loss': 0.2959254354579726, 'test/num_examples': 3581, 'score': 536.6856021881104, 'total_duration': 754.3252778053284, 'accumulated_submission_time': 536.6856021881104, 'accumulated_eval_time': 217.40148663520813, 'accumulated_logging_time': 0.1792163848876953}
I0312 03:47:47.829128 139950938896128 logging_writer.py:48] [1868] accumulated_eval_time=217.401487, accumulated_logging_time=0.179216, accumulated_submission_time=536.685602, global_step=1868, preemption_count=0, score=536.685602, test/loss=0.295925, test/num_examples=3581, test/ssim=0.731995, total_duration=754.325278, train/loss=0.274250, train/ssim=0.735207, validation/loss=0.294338, validation/num_examples=3554, validation/ssim=0.714748
I0312 03:47:53.303848 139950930503424 logging_writer.py:48] [1900] global_step=1900, grad_norm=0.059442464262247086, loss=0.2836341857910156
I0312 03:48:17.109601 139950938896128 logging_writer.py:48] [2000] global_step=2000, grad_norm=0.18554016947746277, loss=0.31605756282806396
I0312 03:48:41.143191 139950930503424 logging_writer.py:48] [2100] global_step=2100, grad_norm=0.06135139614343643, loss=0.28339216113090515
I0312 03:49:05.185413 139950938896128 logging_writer.py:48] [2200] global_step=2200, grad_norm=0.04539597034454346, loss=0.30509090423583984
I0312 03:49:08.032398 140138215077696 spec.py:321] Evaluating on the training split.
I0312 03:49:09.410051 140138215077696 spec.py:333] Evaluating on the validation split.
I0312 03:49:10.735982 140138215077696 spec.py:349] Evaluating on the test split.
I0312 03:49:12.062768 140138215077696 submission_runner.py:420] Time since start: 838.57s, 	Step: 2213, 	{'train/ssim': 0.7384180341448102, 'train/loss': 0.2714700869151524, 'validation/ssim': 0.7174992086381542, 'validation/loss': 0.2921553715333955, 'validation/num_examples': 3554, 'test/ssim': 0.7346562969055431, 'test/loss': 0.29367192408719633, 'test/num_examples': 3581, 'score': 616.8693685531616, 'total_duration': 838.5729329586029, 'accumulated_submission_time': 616.8693685531616, 'accumulated_eval_time': 221.4318311214447, 'accumulated_logging_time': 0.2015833854675293}
I0312 03:49:12.076894 139950930503424 logging_writer.py:48] [2213] accumulated_eval_time=221.431831, accumulated_logging_time=0.201583, accumulated_submission_time=616.869369, global_step=2213, preemption_count=0, score=616.869369, test/loss=0.293672, test/num_examples=3581, test/ssim=0.734656, total_duration=838.572933, train/loss=0.271470, train/ssim=0.738418, validation/loss=0.292155, validation/num_examples=3554, validation/ssim=0.717499
I0312 03:49:30.205312 139950938896128 logging_writer.py:48] [2300] global_step=2300, grad_norm=0.11329267174005508, loss=0.285035640001297
I0312 03:49:53.460809 139950930503424 logging_writer.py:48] [2400] global_step=2400, grad_norm=0.12629729509353638, loss=0.26010170578956604
I0312 03:50:17.215644 139950938896128 logging_writer.py:48] [2500] global_step=2500, grad_norm=0.0959809347987175, loss=0.24639049172401428
I0312 03:50:32.275112 140138215077696 spec.py:321] Evaluating on the training split.
I0312 03:50:33.654036 140138215077696 spec.py:333] Evaluating on the validation split.
I0312 03:50:34.978777 140138215077696 spec.py:349] Evaluating on the test split.
I0312 03:50:36.304440 140138215077696 submission_runner.py:420] Time since start: 922.81s, 	Step: 2565, 	{'train/ssim': 0.7383323396955218, 'train/loss': 0.2710255725043161, 'validation/ssim': 0.7165508796206739, 'validation/loss': 0.291980406375299, 'validation/num_examples': 3554, 'test/ssim': 0.7338752650708601, 'test/loss': 0.2934958919470818, 'test/num_examples': 3581, 'score': 697.048171043396, 'total_duration': 922.8145685195923, 'accumulated_submission_time': 697.048171043396, 'accumulated_eval_time': 225.46109986305237, 'accumulated_logging_time': 0.2239062786102295}
I0312 03:50:36.321315 139950930503424 logging_writer.py:48] [2565] accumulated_eval_time=225.461100, accumulated_logging_time=0.223906, accumulated_submission_time=697.048171, global_step=2565, preemption_count=0, score=697.048171, test/loss=0.293496, test/num_examples=3581, test/ssim=0.733875, total_duration=922.814569, train/loss=0.271026, train/ssim=0.738332, validation/loss=0.291980, validation/num_examples=3554, validation/ssim=0.716551
I0312 03:50:42.539467 139950938896128 logging_writer.py:48] [2600] global_step=2600, grad_norm=0.09259839355945587, loss=0.29258057475090027
I0312 03:51:06.207239 139950930503424 logging_writer.py:48] [2700] global_step=2700, grad_norm=0.067825086414814, loss=0.3288649320602417
I0312 03:51:29.941131 139950938896128 logging_writer.py:48] [2800] global_step=2800, grad_norm=0.14498348534107208, loss=0.25120750069618225
I0312 03:51:53.390029 139950930503424 logging_writer.py:48] [2900] global_step=2900, grad_norm=0.10461870580911636, loss=0.23867790400981903
I0312 03:51:56.444624 140138215077696 spec.py:321] Evaluating on the training split.
I0312 03:51:57.822092 140138215077696 spec.py:333] Evaluating on the validation split.
I0312 03:51:59.147088 140138215077696 spec.py:349] Evaluating on the test split.
I0312 03:52:00.474680 140138215077696 submission_runner.py:420] Time since start: 1006.98s, 	Step: 2914, 	{'train/ssim': 0.7385595185416085, 'train/loss': 0.2712868962969099, 'validation/ssim': 0.7167994167003728, 'validation/loss': 0.29221355586355163, 'validation/num_examples': 3554, 'test/ssim': 0.7338329955407009, 'test/loss': 0.2938542625685039, 'test/num_examples': 3581, 'score': 777.1508128643036, 'total_duration': 1006.9848296642303, 'accumulated_submission_time': 777.1508128643036, 'accumulated_eval_time': 229.491126537323, 'accumulated_logging_time': 0.25012683868408203}
I0312 03:52:00.490325 139950938896128 logging_writer.py:48] [2914] accumulated_eval_time=229.491127, accumulated_logging_time=0.250127, accumulated_submission_time=777.150813, global_step=2914, preemption_count=0, score=777.150813, test/loss=0.293854, test/num_examples=3581, test/ssim=0.733833, total_duration=1006.984830, train/loss=0.271287, train/ssim=0.738560, validation/loss=0.292214, validation/num_examples=3554, validation/ssim=0.716799
I0312 03:52:18.663091 139950930503424 logging_writer.py:48] [3000] global_step=3000, grad_norm=0.06842082738876343, loss=0.29711011052131653
I0312 03:52:42.167661 139950938896128 logging_writer.py:48] [3100] global_step=3100, grad_norm=0.07095983624458313, loss=0.23243582248687744
I0312 03:53:05.896675 139950930503424 logging_writer.py:48] [3200] global_step=3200, grad_norm=0.08253879100084305, loss=0.24771013855934143
I0312 03:53:20.630515 140138215077696 spec.py:321] Evaluating on the training split.
I0312 03:53:22.007752 140138215077696 spec.py:333] Evaluating on the validation split.
I0312 03:53:23.333537 140138215077696 spec.py:349] Evaluating on the test split.
I0312 03:53:24.657747 140138215077696 submission_runner.py:420] Time since start: 1091.17s, 	Step: 3263, 	{'train/ssim': 0.740112168448312, 'train/loss': 0.2709583214351109, 'validation/ssim': 0.7193421474922622, 'validation/loss': 0.29168783605400606, 'validation/num_examples': 3554, 'test/ssim': 0.7363712808267593, 'test/loss': 0.293154190519408, 'test/num_examples': 3581, 'score': 857.2717974185944, 'total_duration': 1091.1679165363312, 'accumulated_submission_time': 857.2717974185944, 'accumulated_eval_time': 233.51832556724548, 'accumulated_logging_time': 0.27410340309143066}
I0312 03:53:24.671701 139950938896128 logging_writer.py:48] [3263] accumulated_eval_time=233.518326, accumulated_logging_time=0.274103, accumulated_submission_time=857.271797, global_step=3263, preemption_count=0, score=857.271797, test/loss=0.293154, test/num_examples=3581, test/ssim=0.736371, total_duration=1091.167917, train/loss=0.270958, train/ssim=0.740112, validation/loss=0.291688, validation/num_examples=3554, validation/ssim=0.719342
I0312 03:53:31.305007 139950930503424 logging_writer.py:48] [3300] global_step=3300, grad_norm=0.308639794588089, loss=0.29279255867004395
I0312 03:53:54.734937 139950938896128 logging_writer.py:48] [3400] global_step=3400, grad_norm=0.06330595165491104, loss=0.27320581674575806
I0312 03:54:18.483643 139950930503424 logging_writer.py:48] [3500] global_step=3500, grad_norm=0.07664914429187775, loss=0.35211747884750366
I0312 03:54:42.028240 139950938896128 logging_writer.py:48] [3600] global_step=3600, grad_norm=0.15413111448287964, loss=0.33071088790893555
I0312 03:54:44.765734 140138215077696 spec.py:321] Evaluating on the training split.
I0312 03:54:46.144220 140138215077696 spec.py:333] Evaluating on the validation split.
I0312 03:54:47.468465 140138215077696 spec.py:349] Evaluating on the test split.
I0312 03:54:48.799319 140138215077696 submission_runner.py:420] Time since start: 1175.31s, 	Step: 3613, 	{'train/ssim': 0.7433418546404157, 'train/loss': 0.26782664230891634, 'validation/ssim': 0.7216860074036298, 'validation/loss': 0.2887829129589899, 'validation/num_examples': 3554, 'test/ssim': 0.7388256406424533, 'test/loss': 0.2902872937246928, 'test/num_examples': 3581, 'score': 937.3469772338867, 'total_duration': 1175.3094856739044, 'accumulated_submission_time': 937.3469772338867, 'accumulated_eval_time': 237.5518708229065, 'accumulated_logging_time': 0.2962205410003662}
I0312 03:54:48.813510 139950930503424 logging_writer.py:48] [3613] accumulated_eval_time=237.551871, accumulated_logging_time=0.296221, accumulated_submission_time=937.346977, global_step=3613, preemption_count=0, score=937.346977, test/loss=0.290287, test/num_examples=3581, test/ssim=0.738826, total_duration=1175.309486, train/loss=0.267827, train/ssim=0.743342, validation/loss=0.288783, validation/num_examples=3554, validation/ssim=0.721686
I0312 03:55:07.285100 139950938896128 logging_writer.py:48] [3700] global_step=3700, grad_norm=0.11081450432538986, loss=0.278277724981308
I0312 03:55:30.750894 139950930503424 logging_writer.py:48] [3800] global_step=3800, grad_norm=0.05030259117484093, loss=0.2948818802833557
I0312 03:55:54.456988 139950938896128 logging_writer.py:48] [3900] global_step=3900, grad_norm=0.0757172703742981, loss=0.3133765459060669
I0312 03:56:08.877948 140138215077696 spec.py:321] Evaluating on the training split.
I0312 03:56:10.256591 140138215077696 spec.py:333] Evaluating on the validation split.
I0312 03:56:11.581856 140138215077696 spec.py:349] Evaluating on the test split.
I0312 03:56:12.909055 140138215077696 submission_runner.py:420] Time since start: 1259.42s, 	Step: 3962, 	{'train/ssim': 0.741295405796596, 'train/loss': 0.26856982707977295, 'validation/ssim': 0.7198487702017093, 'validation/loss': 0.2893246729587261, 'validation/num_examples': 3554, 'test/ssim': 0.7370695461943242, 'test/loss': 0.29084545605277856, 'test/num_examples': 3581, 'score': 1017.3912198543549, 'total_duration': 1259.4191937446594, 'accumulated_submission_time': 1017.3912198543549, 'accumulated_eval_time': 241.58291339874268, 'accumulated_logging_time': 0.3197650909423828}
I0312 03:56:12.926312 139950930503424 logging_writer.py:48] [3962] accumulated_eval_time=241.582913, accumulated_logging_time=0.319765, accumulated_submission_time=1017.391220, global_step=3962, preemption_count=0, score=1017.391220, test/loss=0.290845, test/num_examples=3581, test/ssim=0.737070, total_duration=1259.419194, train/loss=0.268570, train/ssim=0.741295, validation/loss=0.289325, validation/num_examples=3554, validation/ssim=0.719849
I0312 03:56:19.706191 139950938896128 logging_writer.py:48] [4000] global_step=4000, grad_norm=0.2250598967075348, loss=0.22097629308700562
I0312 03:56:42.817700 139950930503424 logging_writer.py:48] [4100] global_step=4100, grad_norm=0.19083939492702484, loss=0.2705863416194916
I0312 03:57:07.039335 139950938896128 logging_writer.py:48] [4200] global_step=4200, grad_norm=0.09590618312358856, loss=0.2351953238248825
I0312 03:57:30.558795 139950930503424 logging_writer.py:48] [4300] global_step=4300, grad_norm=0.11774375289678574, loss=0.30664387345314026
I0312 03:57:32.963507 140138215077696 spec.py:321] Evaluating on the training split.
I0312 03:57:34.344306 140138215077696 spec.py:333] Evaluating on the validation split.
I0312 03:57:35.669160 140138215077696 spec.py:349] Evaluating on the test split.
I0312 03:57:36.995307 140138215077696 submission_runner.py:420] Time since start: 1343.51s, 	Step: 4312, 	{'train/ssim': 0.7433052062988281, 'train/loss': 0.2683579410825457, 'validation/ssim': 0.7217283232801069, 'validation/loss': 0.2891037167628025, 'validation/num_examples': 3554, 'test/ssim': 0.7388518886571488, 'test/loss': 0.290724067506894, 'test/num_examples': 3581, 'score': 1097.4083876609802, 'total_duration': 1343.5054585933685, 'accumulated_submission_time': 1097.4083876609802, 'accumulated_eval_time': 245.614670753479, 'accumulated_logging_time': 0.3463306427001953}
I0312 03:57:37.009648 139950938896128 logging_writer.py:48] [4312] accumulated_eval_time=245.614671, accumulated_logging_time=0.346331, accumulated_submission_time=1097.408388, global_step=4312, preemption_count=0, score=1097.408388, test/loss=0.290724, test/num_examples=3581, test/ssim=0.738852, total_duration=1343.505459, train/loss=0.268358, train/ssim=0.743305, validation/loss=0.289104, validation/num_examples=3554, validation/ssim=0.721728
I0312 03:57:55.824078 139950930503424 logging_writer.py:48] [4400] global_step=4400, grad_norm=0.0866987556219101, loss=0.327604204416275
I0312 03:58:19.524978 139950938896128 logging_writer.py:48] [4500] global_step=4500, grad_norm=0.11501222848892212, loss=0.216018944978714
I0312 03:58:43.114827 139950930503424 logging_writer.py:48] [4600] global_step=4600, grad_norm=0.037372931838035583, loss=0.2534007728099823
I0312 03:58:57.086736 140138215077696 spec.py:321] Evaluating on the training split.
I0312 03:58:58.462833 140138215077696 spec.py:333] Evaluating on the validation split.
I0312 03:58:59.788606 140138215077696 spec.py:349] Evaluating on the test split.
I0312 03:59:01.117102 140138215077696 submission_runner.py:420] Time since start: 1427.63s, 	Step: 4660, 	{'train/ssim': 0.7444005693708148, 'train/loss': 0.2671342747552054, 'validation/ssim': 0.72267816357889, 'validation/loss': 0.28841543117130347, 'validation/num_examples': 3554, 'test/ssim': 0.7398959460520804, 'test/loss': 0.28999522490662527, 'test/num_examples': 3581, 'score': 1177.465470790863, 'total_duration': 1427.6272311210632, 'accumulated_submission_time': 1177.465470790863, 'accumulated_eval_time': 249.64495658874512, 'accumulated_logging_time': 0.36983323097229004}
I0312 03:59:01.134342 139950938896128 logging_writer.py:48] [4660] accumulated_eval_time=249.644957, accumulated_logging_time=0.369833, accumulated_submission_time=1177.465471, global_step=4660, preemption_count=0, score=1177.465471, test/loss=0.289995, test/num_examples=3581, test/ssim=0.739896, total_duration=1427.627231, train/loss=0.267134, train/ssim=0.744401, validation/loss=0.288415, validation/num_examples=3554, validation/ssim=0.722678
I0312 03:59:08.651985 139950930503424 logging_writer.py:48] [4700] global_step=4700, grad_norm=0.06933459639549255, loss=0.3398607075214386
I0312 03:59:32.172822 139950938896128 logging_writer.py:48] [4800] global_step=4800, grad_norm=0.1514366716146469, loss=0.22684279084205627
I0312 03:59:55.620903 139950930503424 logging_writer.py:48] [4900] global_step=4900, grad_norm=0.06786487996578217, loss=0.30162227153778076
I0312 04:00:19.529816 139950938896128 logging_writer.py:48] [5000] global_step=5000, grad_norm=0.07394580543041229, loss=0.2551584243774414
I0312 04:00:21.144591 140138215077696 spec.py:321] Evaluating on the training split.
I0312 04:00:22.524653 140138215077696 spec.py:333] Evaluating on the validation split.
I0312 04:00:23.849377 140138215077696 spec.py:349] Evaluating on the test split.
I0312 04:00:25.176132 140138215077696 submission_runner.py:420] Time since start: 1511.69s, 	Step: 5008, 	{'train/ssim': 0.7439136505126953, 'train/loss': 0.2669192041669573, 'validation/ssim': 0.7216956246482836, 'validation/loss': 0.28811015234814646, 'validation/num_examples': 3554, 'test/ssim': 0.738936155010821, 'test/loss': 0.2896336840704412, 'test/num_examples': 3581, 'score': 1257.4558582305908, 'total_duration': 1511.6863014698029, 'accumulated_submission_time': 1257.4558582305908, 'accumulated_eval_time': 253.6764862537384, 'accumulated_logging_time': 0.3961493968963623}
I0312 04:00:25.191277 139950930503424 logging_writer.py:48] [5008] accumulated_eval_time=253.676486, accumulated_logging_time=0.396149, accumulated_submission_time=1257.455858, global_step=5008, preemption_count=0, score=1257.455858, test/loss=0.289634, test/num_examples=3581, test/ssim=0.738936, total_duration=1511.686301, train/loss=0.266919, train/ssim=0.743914, validation/loss=0.288110, validation/num_examples=3554, validation/ssim=0.721696
I0312 04:00:44.634371 139950938896128 logging_writer.py:48] [5100] global_step=5100, grad_norm=0.09052414447069168, loss=0.2457958161830902
I0312 04:01:07.931915 139950930503424 logging_writer.py:48] [5200] global_step=5200, grad_norm=0.16392427682876587, loss=0.2443038821220398
I0312 04:01:31.735316 139950938896128 logging_writer.py:48] [5300] global_step=5300, grad_norm=0.1635337918996811, loss=0.2660275399684906
I0312 04:01:45.222568 140138215077696 spec.py:321] Evaluating on the training split.
I0312 04:01:46.599534 140138215077696 spec.py:333] Evaluating on the validation split.
I0312 04:01:47.923404 140138215077696 spec.py:349] Evaluating on the test split.
I0312 04:01:49.252802 140138215077696 submission_runner.py:420] Time since start: 1595.76s, 	Step: 5360, 	{'train/ssim': 0.7439980506896973, 'train/loss': 0.26636448928288053, 'validation/ssim': 0.7221791659705613, 'validation/loss': 0.28745477147228476, 'validation/num_examples': 3554, 'test/ssim': 0.7394307766903448, 'test/loss': 0.28884365291643394, 'test/num_examples': 3581, 'score': 1337.4680411815643, 'total_duration': 1595.7629663944244, 'accumulated_submission_time': 1337.4680411815643, 'accumulated_eval_time': 257.7066810131073, 'accumulated_logging_time': 0.41960668563842773}
I0312 04:01:49.268439 139950930503424 logging_writer.py:48] [5360] accumulated_eval_time=257.706681, accumulated_logging_time=0.419607, accumulated_submission_time=1337.468041, global_step=5360, preemption_count=0, score=1337.468041, test/loss=0.288844, test/num_examples=3581, test/ssim=0.739431, total_duration=1595.762966, train/loss=0.266364, train/ssim=0.743998, validation/loss=0.287455, validation/num_examples=3554, validation/ssim=0.722179
I0312 04:01:56.692854 139950938896128 logging_writer.py:48] [5400] global_step=5400, grad_norm=0.11574315279722214, loss=0.34114977717399597
I0312 04:02:20.353815 139950930503424 logging_writer.py:48] [5500] global_step=5500, grad_norm=0.2828684151172638, loss=0.2182803750038147
I0312 04:02:43.830938 139950938896128 logging_writer.py:48] [5600] global_step=5600, grad_norm=0.06912850588560104, loss=0.2532580494880676
I0312 04:03:07.335551 139950930503424 logging_writer.py:48] [5700] global_step=5700, grad_norm=0.05976066738367081, loss=0.3171611726284027
I0312 04:03:09.423224 140138215077696 spec.py:321] Evaluating on the training split.
I0312 04:03:10.804030 140138215077696 spec.py:333] Evaluating on the validation split.
I0312 04:03:12.128787 140138215077696 spec.py:349] Evaluating on the test split.
I0312 04:03:13.457211 140138215077696 submission_runner.py:420] Time since start: 1679.97s, 	Step: 5710, 	{'train/ssim': 0.7441534314836774, 'train/loss': 0.2666572162083217, 'validation/ssim': 0.7222601569094682, 'validation/loss': 0.28780307029161684, 'validation/num_examples': 3554, 'test/ssim': 0.7395519947945756, 'test/loss': 0.2892508721158545, 'test/num_examples': 3581, 'score': 1417.6038916110992, 'total_duration': 1679.9671909809113, 'accumulated_submission_time': 1417.6038916110992, 'accumulated_eval_time': 261.74045395851135, 'accumulated_logging_time': 0.44348812103271484}
I0312 04:03:13.472316 139950938896128 logging_writer.py:48] [5710] accumulated_eval_time=261.740454, accumulated_logging_time=0.443488, accumulated_submission_time=1417.603892, global_step=5710, preemption_count=0, score=1417.603892, test/loss=0.289251, test/num_examples=3581, test/ssim=0.739552, total_duration=1679.967191, train/loss=0.266657, train/ssim=0.744153, validation/loss=0.287803, validation/num_examples=3554, validation/ssim=0.722260
I0312 04:03:32.430609 139950930503424 logging_writer.py:48] [5800] global_step=5800, grad_norm=0.18202073872089386, loss=0.39349111914634705
I0312 04:03:56.008958 139950938896128 logging_writer.py:48] [5900] global_step=5900, grad_norm=0.07162933796644211, loss=0.24536074697971344
I0312 04:04:19.429212 139950930503424 logging_writer.py:48] [6000] global_step=6000, grad_norm=0.34127748012542725, loss=0.21366159617900848
I0312 04:04:33.482553 140138215077696 spec.py:321] Evaluating on the training split.
I0312 04:04:34.860514 140138215077696 spec.py:333] Evaluating on the validation split.
I0312 04:04:36.184931 140138215077696 spec.py:349] Evaluating on the test split.
I0312 04:04:37.509290 140138215077696 submission_runner.py:420] Time since start: 1764.02s, 	Step: 6061, 	{'train/ssim': 0.7459335327148438, 'train/loss': 0.26613690171922955, 'validation/ssim': 0.7240817317415237, 'validation/loss': 0.2874238760738341, 'validation/num_examples': 3554, 'test/ssim': 0.7412142781564158, 'test/loss': 0.2888793433987538, 'test/num_examples': 3581, 'score': 1497.594055891037, 'total_duration': 1764.0194532871246, 'accumulated_submission_time': 1497.594055891037, 'accumulated_eval_time': 265.7671477794647, 'accumulated_logging_time': 0.46773791313171387}
I0312 04:04:37.525002 139950938896128 logging_writer.py:48] [6061] accumulated_eval_time=265.767148, accumulated_logging_time=0.467738, accumulated_submission_time=1497.594056, global_step=6061, preemption_count=0, score=1497.594056, test/loss=0.288879, test/num_examples=3581, test/ssim=0.741214, total_duration=1764.019453, train/loss=0.266137, train/ssim=0.745934, validation/loss=0.287424, validation/num_examples=3554, validation/ssim=0.724082
I0312 04:04:38.842714 139950930503424 logging_writer.py:48] [6061] global_step=6061, preemption_count=0, score=1497.594056
I0312 04:04:38.929992 140138215077696 checkpoints.py:490] Saving checkpoint at step: 6061
I0312 04:04:39.179494 140138215077696 checkpoints.py:422] Saved checkpoint at /experiment_runs/prize_qualification_self_tuning/study_3/fastmri_jax/trial_1/checkpoint_6061
I0312 04:04:39.180957 140138215077696 checkpoint_utils.py:240] Saved checkpoint to /experiment_runs/prize_qualification_self_tuning/study_3/fastmri_jax/trial_1/checkpoint_6061.
I0312 04:04:39.704259 140138215077696 submission_runner.py:683] Final fastmri score: 1497.594055891037
