python3 submission_runner.py --framework=jax --workload=imagenet_resnet_silu --submission_path=reference_algorithms/target_setting_algorithms/jax_nadamw.py --data_dir=/data/imagenet/jax --num_tuning_trials=1 --experiment_dir=/experiment_runs --experiment_name=variants_target_setting/study_0 --overwrite=true --save_checkpoints=false --rng_seed=2084390207 --max_global_steps=186666 --imagenet_v2_data_dir=/data/imagenet/jax --tuning_ruleset=external --submission_path=reference_algorithms/target_setting_algorithms/jax_nadamw.py --num_tuning_trials=1 2>&1 | tee -a /logs/imagenet_resnet_silu_jax_03-05-2024-23-50-17.log
/usr/local/lib/python3.8/dist-packages/tensorflow_addons/utils/tfa_eol_msg.py:23: UserWarning: 

TensorFlow Addons (TFA) has ended development and introduction of new features.
TFA has entered a minimal maintenance and release mode until a planned end of life in May 2024.
Please modify downstream libraries to take dependencies from other repositories in our TensorFlow community (e.g. Keras, Keras-CV, and Keras-NLP). 

For more information see: https://github.com/tensorflow/addons/issues/2807 

  warnings.warn(
I0305 23:50:37.487432 140428854171456 logger_utils.py:61] Removing existing experiment directory /experiment_runs/variants_target_setting/study_0/imagenet_resnet_silu_jax because --overwrite was set.
I0305 23:50:37.490209 140428854171456 logger_utils.py:76] Creating experiment directory at /experiment_runs/variants_target_setting/study_0/imagenet_resnet_silu_jax.
I0305 23:50:38.483268 140428854171456 xla_bridge.py:455] Unable to initialize backend 'rocm': NOT_FOUND: Could not find registered platform with name: "rocm". Available platform names are: Interpreter CUDA Host
I0305 23:50:38.484677 140428854171456 xla_bridge.py:455] Unable to initialize backend 'tpu': module 'jaxlib.xla_extension' has no attribute 'get_tpu_client'
I0305 23:50:38.484823 140428854171456 xla_bridge.py:455] Unable to initialize backend 'plugin': xla_extension has no attributes named get_plugin_device_client. Compile TensorFlow with //tensorflow/compiler/xla/python:enable_plugin_device set to true (defaults to false) to enable this.
Traceback (most recent call last):
  File "submission_runner.py", line 692, in <module>
    app.run(main)
  File "/usr/local/lib/python3.8/dist-packages/absl/app.py", line 308, in run
    _run_main(main, args)
  File "/usr/local/lib/python3.8/dist-packages/absl/app.py", line 254, in _run_main
    sys.exit(main(argv))
  File "submission_runner.py", line 660, in main
    score = score_submission_on_workload(
  File "submission_runner.py", line 531, in score_submission_on_workload
    raise ValueError(
ValueError: Must provide a tuning search space JSON file when using external tuning.
