python3 submission_runner.py --framework=jax --workload=fastmri --submission_path=prize_qualification_baselines/self_tuning/jax_nadamw_full_budget.py --data_dir=/data/fastmri --num_tuning_trials=1 --experiment_dir=/experiment_runs --experiment_name=prize_qualification_self_tuning/study_0 --overwrite=true --save_checkpoints=false --rng_seed=4011720625 --max_global_steps=108567 --tuning_ruleset=self 2>&1 | tee -a /logs/fastmri_jax_03-12-2024-03-47-57.log
I0312 03:48:16.147686 139815548319552 logger_utils.py:61] Removing existing experiment directory /experiment_runs/prize_qualification_self_tuning/study_0/fastmri_jax because --overwrite was set.
I0312 03:48:16.162713 139815548319552 logger_utils.py:76] Creating experiment directory at /experiment_runs/prize_qualification_self_tuning/study_0/fastmri_jax.
I0312 03:48:17.808402 139815548319552 xla_bridge.py:455] Unable to initialize backend 'rocm': NOT_FOUND: Could not find registered platform with name: "rocm". Available platform names are: Host CUDA Interpreter
I0312 03:48:17.809224 139815548319552 xla_bridge.py:455] Unable to initialize backend 'tpu': module 'jaxlib.xla_extension' has no attribute 'get_tpu_client'
I0312 03:48:17.809352 139815548319552 xla_bridge.py:455] Unable to initialize backend 'plugin': xla_extension has no attributes named get_plugin_device_client. Compile TensorFlow with //tensorflow/compiler/xla/python:enable_plugin_device set to true (defaults to false) to enable this.
I0312 03:48:18.678683 139815548319552 submission_runner.py:612] Creating directory at /experiment_runs/prize_qualification_self_tuning/study_0/fastmri_jax/trial_1.
I0312 03:48:18.878872 139815548319552 submission_runner.py:209] Initializing dataset.
I0312 03:48:25.446020 139815548319552 submission_runner.py:220] Initializing model.
I0312 03:48:32.509832 139815548319552 submission_runner.py:262] Initializing optimizer.
I0312 03:48:33.437642 139815548319552 submission_runner.py:269] Initializing metrics bundle.
I0312 03:48:33.437917 139815548319552 submission_runner.py:287] Initializing checkpoint and logger.
I0312 03:48:33.438715 139815548319552 checkpoints.py:915] Found no checkpoint files in /experiment_runs/prize_qualification_self_tuning/study_0/fastmri_jax/trial_1 with prefix checkpoint_
I0312 03:48:33.438908 139815548319552 submission_runner.py:307] Saving meta data to /experiment_runs/prize_qualification_self_tuning/study_0/fastmri_jax/trial_1/meta_data_0.json.
I0312 03:48:33.439147 139815548319552 logger_utils.py:257] Unable to record workload.train_mean information. Continuing without it.
I0312 03:48:33.439216 139815548319552 logger_utils.py:257] Unable to record workload.train_stddev information. Continuing without it.
fatal: detected dubious ownership in repository at '/algorithmic-efficiency'
To add an exception for this directory, call:

	git config --global --add safe.directory /algorithmic-efficiency
I0312 03:48:33.831585 139815548319552 logger_utils.py:220] Unable to record git information. Continuing without it.
I0312 03:48:34.193278 139815548319552 submission_runner.py:311] Saving flags to /experiment_runs/prize_qualification_self_tuning/study_0/fastmri_jax/trial_1/flags_0.json.
I0312 03:48:34.203736 139815548319552 submission_runner.py:321] Starting training loop.
I0312 03:49:28.875516 139653336262400 logging_writer.py:48] [0] global_step=0, grad_norm=5.136233329772949, loss=0.6871885061264038
I0312 03:49:28.890509 139815548319552 spec.py:321] Evaluating on the training split.
I0312 03:50:55.315114 139815548319552 spec.py:333] Evaluating on the validation split.
I0312 03:51:54.695943 139815548319552 spec.py:349] Evaluating on the test split.
I0312 03:52:50.255321 139815548319552 submission_runner.py:420] Time since start: 256.05s, 	Step: 1, 	{'train/ssim': 0.22614756652287074, 'train/loss': 0.7593945094517299, 'validation/ssim': 0.2178304368482256, 'validation/loss': 0.7711199501222215, 'validation/num_examples': 3554, 'test/ssim': 0.24242608422708392, 'test/loss': 0.7713690200886624, 'test/num_examples': 3581, 'score': 54.686328411102295, 'total_duration': 256.05149149894714, 'accumulated_submission_time': 54.686328411102295, 'accumulated_eval_time': 201.36471915245056, 'accumulated_logging_time': 0}
I0312 03:52:50.273832 139629277718272 logging_writer.py:48] [1] accumulated_eval_time=201.364719, accumulated_logging_time=0, accumulated_submission_time=54.686328, global_step=1, preemption_count=0, score=54.686328, test/loss=0.771369, test/num_examples=3581, test/ssim=0.242426, total_duration=256.051491, train/loss=0.759395, train/ssim=0.226148, validation/loss=0.771120, validation/num_examples=3554, validation/ssim=0.217830
I0312 03:53:12.078288 139629269325568 logging_writer.py:48] [100] global_step=100, grad_norm=0.1886773407459259, loss=0.2556013762950897
I0312 03:53:36.065922 139629277718272 logging_writer.py:48] [200] global_step=200, grad_norm=0.13936792314052582, loss=0.3638390600681305
I0312 03:54:00.065385 139629269325568 logging_writer.py:48] [300] global_step=300, grad_norm=0.7191837430000305, loss=0.31675058603286743
I0312 03:54:10.475857 139815548319552 spec.py:321] Evaluating on the training split.
I0312 03:54:12.267778 139815548319552 spec.py:333] Evaluating on the validation split.
I0312 03:54:13.607657 139815548319552 spec.py:349] Evaluating on the test split.
I0312 03:54:14.947851 139815548319552 submission_runner.py:420] Time since start: 340.74s, 	Step: 339, 	{'train/ssim': 0.716214793069022, 'train/loss': 0.2890044961656843, 'validation/ssim': 0.6970787756752954, 'validation/loss': 0.31120957185125914, 'validation/num_examples': 3554, 'test/ssim': 0.7145979731351229, 'test/loss': 0.31338056976054174, 'test/num_examples': 3581, 'score': 134.86516547203064, 'total_duration': 340.744056224823, 'accumulated_submission_time': 134.86516547203064, 'accumulated_eval_time': 205.83667707443237, 'accumulated_logging_time': 0.028977394104003906}
I0312 03:54:14.970921 139629277718272 logging_writer.py:48] [339] accumulated_eval_time=205.836677, accumulated_logging_time=0.028977, accumulated_submission_time=134.865165, global_step=339, preemption_count=0, score=134.865165, test/loss=0.313381, test/num_examples=3581, test/ssim=0.714598, total_duration=340.744056, train/loss=0.289004, train/ssim=0.716215, validation/loss=0.311210, validation/num_examples=3554, validation/ssim=0.697079
I0312 03:54:32.643134 139629269325568 logging_writer.py:48] [400] global_step=400, grad_norm=0.34530436992645264, loss=0.2957260310649872
I0312 03:55:07.095963 139629277718272 logging_writer.py:48] [500] global_step=500, grad_norm=0.17815068364143372, loss=0.21675649285316467
I0312 03:55:34.995755 139815548319552 spec.py:321] Evaluating on the training split.
I0312 03:55:36.390953 139815548319552 spec.py:333] Evaluating on the validation split.
I0312 03:55:37.733762 139815548319552 spec.py:349] Evaluating on the test split.
I0312 03:55:39.078401 139815548319552 submission_runner.py:420] Time since start: 424.87s, 	Step: 582, 	{'train/ssim': 0.72406005859375, 'train/loss': 0.2816087688718523, 'validation/ssim': 0.7046305109559651, 'validation/loss': 0.30353136980339057, 'validation/num_examples': 3554, 'test/ssim': 0.7219551212126502, 'test/loss': 0.3054640662633517, 'test/num_examples': 3581, 'score': 214.8670153617859, 'total_duration': 424.87459111213684, 'accumulated_submission_time': 214.8670153617859, 'accumulated_eval_time': 209.91926383972168, 'accumulated_logging_time': 0.06629800796508789}
I0312 03:55:39.101091 139629269325568 logging_writer.py:48] [582] accumulated_eval_time=209.919264, accumulated_logging_time=0.066298, accumulated_submission_time=214.867015, global_step=582, preemption_count=0, score=214.867015, test/loss=0.305464, test/num_examples=3581, test/ssim=0.721955, total_duration=424.874591, train/loss=0.281609, train/ssim=0.724060, validation/loss=0.303531, validation/num_examples=3554, validation/ssim=0.704631
I0312 03:55:42.202066 139629277718272 logging_writer.py:48] [600] global_step=600, grad_norm=0.3996742069721222, loss=0.3549392521381378
I0312 03:56:16.720081 139629269325568 logging_writer.py:48] [700] global_step=700, grad_norm=0.17787037789821625, loss=0.22358857095241547
I0312 03:56:50.792307 139629277718272 logging_writer.py:48] [800] global_step=800, grad_norm=0.26794442534446716, loss=0.27551624178886414
I0312 03:56:59.179881 139815548319552 spec.py:321] Evaluating on the training split.
I0312 03:57:00.573301 139815548319552 spec.py:333] Evaluating on the validation split.
I0312 03:57:01.912995 139815548319552 spec.py:349] Evaluating on the test split.
I0312 03:57:03.253923 139815548319552 submission_runner.py:420] Time since start: 509.05s, 	Step: 827, 	{'train/ssim': 0.7303955214364188, 'train/loss': 0.2767578193119594, 'validation/ssim': 0.7108409153858328, 'validation/loss': 0.29853229168498524, 'validation/num_examples': 3554, 'test/ssim': 0.7280137084176906, 'test/loss': 0.30042465197177814, 'test/num_examples': 3581, 'score': 294.9222095012665, 'total_duration': 509.0501329898834, 'accumulated_submission_time': 294.9222095012665, 'accumulated_eval_time': 213.99327325820923, 'accumulated_logging_time': 0.10385870933532715}
I0312 03:57:03.273069 139629269325568 logging_writer.py:48] [827] accumulated_eval_time=213.993273, accumulated_logging_time=0.103859, accumulated_submission_time=294.922210, global_step=827, preemption_count=0, score=294.922210, test/loss=0.300425, test/num_examples=3581, test/ssim=0.728014, total_duration=509.050133, train/loss=0.276758, train/ssim=0.730396, validation/loss=0.298532, validation/num_examples=3554, validation/ssim=0.710841
I0312 03:57:26.555554 139629277718272 logging_writer.py:48] [900] global_step=900, grad_norm=0.09775496274232864, loss=0.34897753596305847
I0312 03:57:56.984522 139629269325568 logging_writer.py:48] [1000] global_step=1000, grad_norm=0.12532401084899902, loss=0.27639228105545044
I0312 03:58:21.063989 139629277718272 logging_writer.py:48] [1100] global_step=1100, grad_norm=0.660967230796814, loss=0.23494620621204376
I0312 03:58:23.364590 139815548319552 spec.py:321] Evaluating on the training split.
I0312 03:58:24.756931 139815548319552 spec.py:333] Evaluating on the validation split.
I0312 03:58:26.098131 139815548319552 spec.py:349] Evaluating on the test split.
I0312 03:58:27.438252 139815548319552 submission_runner.py:420] Time since start: 593.23s, 	Step: 1111, 	{'train/ssim': 0.7323812076023647, 'train/loss': 0.274313143321446, 'validation/ssim': 0.7131611443531936, 'validation/loss': 0.2958636780300366, 'validation/num_examples': 3554, 'test/ssim': 0.7302057244397515, 'test/loss': 0.29766077011266057, 'test/num_examples': 3581, 'score': 374.98722434043884, 'total_duration': 593.234457731247, 'accumulated_submission_time': 374.98722434043884, 'accumulated_eval_time': 218.06689977645874, 'accumulated_logging_time': 0.13924193382263184}
I0312 03:58:27.453064 139629269325568 logging_writer.py:48] [1111] accumulated_eval_time=218.066900, accumulated_logging_time=0.139242, accumulated_submission_time=374.987224, global_step=1111, preemption_count=0, score=374.987224, test/loss=0.297661, test/num_examples=3581, test/ssim=0.730206, total_duration=593.234458, train/loss=0.274313, train/ssim=0.732381, validation/loss=0.295864, validation/num_examples=3554, validation/ssim=0.713161
I0312 03:58:46.467645 139629277718272 logging_writer.py:48] [1200] global_step=1200, grad_norm=0.12151770293712616, loss=0.26651984453201294
I0312 03:59:10.421377 139629269325568 logging_writer.py:48] [1300] global_step=1300, grad_norm=0.18117694556713104, loss=0.29726293683052063
I0312 03:59:34.412105 139629277718272 logging_writer.py:48] [1400] global_step=1400, grad_norm=0.08233434706926346, loss=0.2719007134437561
I0312 03:59:47.512949 139815548319552 spec.py:321] Evaluating on the training split.
I0312 03:59:48.907747 139815548319552 spec.py:333] Evaluating on the validation split.
I0312 03:59:50.247013 139815548319552 spec.py:349] Evaluating on the test split.
I0312 03:59:51.587363 139815548319552 submission_runner.py:420] Time since start: 677.38s, 	Step: 1458, 	{'train/ssim': 0.728395802634103, 'train/loss': 0.27681311539241243, 'validation/ssim': 0.7095637452957935, 'validation/loss': 0.2979012630464793, 'validation/num_examples': 3554, 'test/ssim': 0.7264880510855907, 'test/loss': 0.29979234752426, 'test/num_examples': 3581, 'score': 455.0248363018036, 'total_duration': 677.3835711479187, 'accumulated_submission_time': 455.0248363018036, 'accumulated_eval_time': 222.1412708759308, 'accumulated_logging_time': 0.16357088088989258}
I0312 03:59:51.602115 139629269325568 logging_writer.py:48] [1458] accumulated_eval_time=222.141271, accumulated_logging_time=0.163571, accumulated_submission_time=455.024836, global_step=1458, preemption_count=0, score=455.024836, test/loss=0.299792, test/num_examples=3581, test/ssim=0.726488, total_duration=677.383571, train/loss=0.276813, train/ssim=0.728396, validation/loss=0.297901, validation/num_examples=3554, validation/ssim=0.709564
I0312 03:59:59.524649 139629277718272 logging_writer.py:48] [1500] global_step=1500, grad_norm=0.2719300091266632, loss=0.27510377764701843
I0312 04:00:23.275636 139629269325568 logging_writer.py:48] [1600] global_step=1600, grad_norm=0.2528996765613556, loss=0.20034413039684296
I0312 04:00:47.309546 139629277718272 logging_writer.py:48] [1700] global_step=1700, grad_norm=0.12687687575817108, loss=0.2942725718021393
I0312 04:01:11.035154 139629269325568 logging_writer.py:48] [1800] global_step=1800, grad_norm=0.06503364443778992, loss=0.27312731742858887
I0312 04:01:11.699039 139815548319552 spec.py:321] Evaluating on the training split.
I0312 04:01:13.091832 139815548319552 spec.py:333] Evaluating on the validation split.
I0312 04:01:14.431650 139815548319552 spec.py:349] Evaluating on the test split.
I0312 04:01:15.774507 139815548319552 submission_runner.py:420] Time since start: 761.57s, 	Step: 1804, 	{'train/ssim': 0.7374175616673061, 'train/loss': 0.2701465232031686, 'validation/ssim': 0.7174316131471581, 'validation/loss': 0.2921151164950584, 'validation/num_examples': 3554, 'test/ssim': 0.7347816737861281, 'test/loss': 0.29366077720303335, 'test/num_examples': 3581, 'score': 535.0989918708801, 'total_duration': 761.5707142353058, 'accumulated_submission_time': 535.0989918708801, 'accumulated_eval_time': 226.21669507026672, 'accumulated_logging_time': 0.18810033798217773}
I0312 04:01:15.789591 139629277718272 logging_writer.py:48] [1804] accumulated_eval_time=226.216695, accumulated_logging_time=0.188100, accumulated_submission_time=535.098992, global_step=1804, preemption_count=0, score=535.098992, test/loss=0.293661, test/num_examples=3581, test/ssim=0.734782, total_duration=761.570714, train/loss=0.270147, train/ssim=0.737418, validation/loss=0.292115, validation/num_examples=3554, validation/ssim=0.717432
I0312 04:01:36.712807 139629269325568 logging_writer.py:48] [1900] global_step=1900, grad_norm=0.13386966288089752, loss=0.35460165143013
I0312 04:02:00.641925 139629277718272 logging_writer.py:48] [2000] global_step=2000, grad_norm=0.10274796187877655, loss=0.3663675785064697
I0312 04:02:24.719434 139629269325568 logging_writer.py:48] [2100] global_step=2100, grad_norm=0.08899946510791779, loss=0.2739056944847107
I0312 04:02:35.846364 139815548319552 spec.py:321] Evaluating on the training split.
I0312 04:02:37.242302 139815548319552 spec.py:333] Evaluating on the validation split.
I0312 04:02:38.584817 139815548319552 spec.py:349] Evaluating on the test split.
I0312 04:02:39.930499 139815548319552 submission_runner.py:420] Time since start: 845.73s, 	Step: 2149, 	{'train/ssim': 0.7391834940229144, 'train/loss': 0.2696566752025059, 'validation/ssim': 0.7197018324423186, 'validation/loss': 0.29157685992016036, 'validation/num_examples': 3554, 'test/ssim': 0.7366957335590617, 'test/loss': 0.2932166403413851, 'test/num_examples': 3581, 'score': 615.1334404945374, 'total_duration': 845.7267036437988, 'accumulated_submission_time': 615.1334404945374, 'accumulated_eval_time': 230.30079555511475, 'accumulated_logging_time': 0.2125391960144043}
I0312 04:02:39.946151 139629277718272 logging_writer.py:48] [2149] accumulated_eval_time=230.300796, accumulated_logging_time=0.212539, accumulated_submission_time=615.133440, global_step=2149, preemption_count=0, score=615.133440, test/loss=0.293217, test/num_examples=3581, test/ssim=0.736696, total_duration=845.726704, train/loss=0.269657, train/ssim=0.739183, validation/loss=0.291577, validation/num_examples=3554, validation/ssim=0.719702
I0312 04:02:49.913880 139629269325568 logging_writer.py:48] [2200] global_step=2200, grad_norm=0.1586351990699768, loss=0.2106150984764099
I0312 04:03:13.858555 139629277718272 logging_writer.py:48] [2300] global_step=2300, grad_norm=0.08152793347835541, loss=0.2908053994178772
I0312 04:03:37.497212 139629269325568 logging_writer.py:48] [2400] global_step=2400, grad_norm=0.12522609531879425, loss=0.2806338965892792
I0312 04:04:00.172158 139815548319552 spec.py:321] Evaluating on the training split.
I0312 04:04:01.566610 139815548319552 spec.py:333] Evaluating on the validation split.
I0312 04:04:02.904137 139815548319552 spec.py:349] Evaluating on the test split.
I0312 04:04:04.248064 139815548319552 submission_runner.py:420] Time since start: 930.04s, 	Step: 2497, 	{'train/ssim': 0.7255415916442871, 'train/loss': 0.27845426968165804, 'validation/ssim': 0.7071849198306486, 'validation/loss': 0.29931091068162635, 'validation/num_examples': 3554, 'test/ssim': 0.7240060797219702, 'test/loss': 0.30095070309227523, 'test/num_examples': 3581, 'score': 695.336752653122, 'total_duration': 930.0442731380463, 'accumulated_submission_time': 695.336752653122, 'accumulated_eval_time': 234.3766646385193, 'accumulated_logging_time': 0.23793506622314453}
I0312 04:04:04.263224 139629277718272 logging_writer.py:48] [2497] accumulated_eval_time=234.376665, accumulated_logging_time=0.237935, accumulated_submission_time=695.336753, global_step=2497, preemption_count=0, score=695.336753, test/loss=0.300951, test/num_examples=3581, test/ssim=0.724006, total_duration=930.044273, train/loss=0.278454, train/ssim=0.725542, validation/loss=0.299311, validation/num_examples=3554, validation/ssim=0.707185
I0312 04:04:04.574530 139629269325568 logging_writer.py:48] [2500] global_step=2500, grad_norm=0.11423849314451218, loss=0.25861304998397827
I0312 04:04:26.433841 139629277718272 logging_writer.py:48] [2600] global_step=2600, grad_norm=0.07589804381132126, loss=0.22241967916488647
I0312 04:04:50.269643 139629269325568 logging_writer.py:48] [2700] global_step=2700, grad_norm=0.1169823706150055, loss=0.27981695532798767
I0312 04:05:14.080795 139629277718272 logging_writer.py:48] [2800] global_step=2800, grad_norm=0.21528886258602142, loss=0.3104892373085022
I0312 04:05:24.359014 139815548319552 spec.py:321] Evaluating on the training split.
I0312 04:05:25.753163 139815548319552 spec.py:333] Evaluating on the validation split.
I0312 04:05:27.093446 139815548319552 spec.py:349] Evaluating on the test split.
I0312 04:05:28.435172 139815548319552 submission_runner.py:420] Time since start: 1014.23s, 	Step: 2844, 	{'train/ssim': 0.7352662767682757, 'train/loss': 0.27038940361567904, 'validation/ssim': 0.7170392295652785, 'validation/loss': 0.2916783905458638, 'validation/num_examples': 3554, 'test/ssim': 0.7338836508002304, 'test/loss': 0.2932444564192963, 'test/num_examples': 3581, 'score': 775.4102036952972, 'total_duration': 1014.231377363205, 'accumulated_submission_time': 775.4102036952972, 'accumulated_eval_time': 238.4527871608734, 'accumulated_logging_time': 0.26250314712524414}
I0312 04:05:28.451188 139629269325568 logging_writer.py:48] [2844] accumulated_eval_time=238.452787, accumulated_logging_time=0.262503, accumulated_submission_time=775.410204, global_step=2844, preemption_count=0, score=775.410204, test/loss=0.293244, test/num_examples=3581, test/ssim=0.733884, total_duration=1014.231377, train/loss=0.270389, train/ssim=0.735266, validation/loss=0.291678, validation/num_examples=3554, validation/ssim=0.717039
I0312 04:05:39.921813 139629277718272 logging_writer.py:48] [2900] global_step=2900, grad_norm=0.14399614930152893, loss=0.2726494371891022
I0312 04:06:03.784329 139629269325568 logging_writer.py:48] [3000] global_step=3000, grad_norm=0.05595720186829567, loss=0.3209209740161896
I0312 04:06:27.752551 139629277718272 logging_writer.py:48] [3100] global_step=3100, grad_norm=0.17403677105903625, loss=0.2411503940820694
I0312 04:06:48.478536 139815548319552 spec.py:321] Evaluating on the training split.
I0312 04:06:49.874161 139815548319552 spec.py:333] Evaluating on the validation split.
I0312 04:06:51.213516 139815548319552 spec.py:349] Evaluating on the test split.
I0312 04:06:52.559249 139815548319552 submission_runner.py:420] Time since start: 1098.36s, 	Step: 3188, 	{'train/ssim': 0.7407202039446149, 'train/loss': 0.26761691910879953, 'validation/ssim': 0.7203461878341305, 'validation/loss': 0.2895971501081528, 'validation/num_examples': 3554, 'test/ssim': 0.7376729778256772, 'test/loss': 0.29110953835128106, 'test/num_examples': 3581, 'score': 855.4152998924255, 'total_duration': 1098.3554491996765, 'accumulated_submission_time': 855.4152998924255, 'accumulated_eval_time': 242.53347277641296, 'accumulated_logging_time': 0.28811073303222656}
I0312 04:06:52.576288 139629269325568 logging_writer.py:48] [3188] accumulated_eval_time=242.533473, accumulated_logging_time=0.288111, accumulated_submission_time=855.415300, global_step=3188, preemption_count=0, score=855.415300, test/loss=0.291110, test/num_examples=3581, test/ssim=0.737673, total_duration=1098.355449, train/loss=0.267617, train/ssim=0.740720, validation/loss=0.289597, validation/num_examples=3554, validation/ssim=0.720346
I0312 04:06:53.543954 139629277718272 logging_writer.py:48] [3200] global_step=3200, grad_norm=0.23296436667442322, loss=0.2514152228832245
I0312 04:07:17.119857 139629269325568 logging_writer.py:48] [3300] global_step=3300, grad_norm=0.19181005656719208, loss=0.3214036226272583
I0312 04:07:40.966520 139629277718272 logging_writer.py:48] [3400] global_step=3400, grad_norm=0.07361996918916702, loss=0.35843396186828613
I0312 04:08:04.600871 139629269325568 logging_writer.py:48] [3500] global_step=3500, grad_norm=0.10419288277626038, loss=0.23305872082710266
I0312 04:08:12.642595 139815548319552 spec.py:321] Evaluating on the training split.
I0312 04:08:14.037466 139815548319552 spec.py:333] Evaluating on the validation split.
I0312 04:08:15.379677 139815548319552 spec.py:349] Evaluating on the test split.
I0312 04:08:16.722962 139815548319552 submission_runner.py:420] Time since start: 1182.52s, 	Step: 3535, 	{'train/ssim': 0.7404157093593052, 'train/loss': 0.26749180044446674, 'validation/ssim': 0.7198601735060847, 'validation/loss': 0.2897985626890476, 'validation/num_examples': 3554, 'test/ssim': 0.7371134519643605, 'test/loss': 0.2913536448879503, 'test/num_examples': 3581, 'score': 935.4591746330261, 'total_duration': 1182.519168138504, 'accumulated_submission_time': 935.4591746330261, 'accumulated_eval_time': 246.6138072013855, 'accumulated_logging_time': 0.31451845169067383}
I0312 04:08:16.739570 139629277718272 logging_writer.py:48] [3535] accumulated_eval_time=246.613807, accumulated_logging_time=0.314518, accumulated_submission_time=935.459175, global_step=3535, preemption_count=0, score=935.459175, test/loss=0.291354, test/num_examples=3581, test/ssim=0.737113, total_duration=1182.519168, train/loss=0.267492, train/ssim=0.740416, validation/loss=0.289799, validation/num_examples=3554, validation/ssim=0.719860
I0312 04:08:30.115726 139629269325568 logging_writer.py:48] [3600] global_step=3600, grad_norm=0.06174444779753685, loss=0.3161911964416504
I0312 04:08:53.595156 139629277718272 logging_writer.py:48] [3700] global_step=3700, grad_norm=0.15843845903873444, loss=0.31731635332107544
I0312 04:09:17.529977 139629269325568 logging_writer.py:48] [3800] global_step=3800, grad_norm=0.08700882643461227, loss=0.2891464829444885
I0312 04:09:36.891315 139815548319552 spec.py:321] Evaluating on the training split.
I0312 04:09:38.283907 139815548319552 spec.py:333] Evaluating on the validation split.
I0312 04:09:39.624739 139815548319552 spec.py:349] Evaluating on the test split.
I0312 04:09:40.966900 139815548319552 submission_runner.py:420] Time since start: 1266.76s, 	Step: 3883, 	{'train/ssim': 0.738018308367048, 'train/loss': 0.2685514858790806, 'validation/ssim': 0.7190554162123663, 'validation/loss': 0.29005637354037705, 'validation/num_examples': 3554, 'test/ssim': 0.7358972484990226, 'test/loss': 0.29166272378307384, 'test/num_examples': 3581, 'score': 1015.5872983932495, 'total_duration': 1266.763106584549, 'accumulated_submission_time': 1015.5872983932495, 'accumulated_eval_time': 250.6893527507782, 'accumulated_logging_time': 0.3417632579803467}
I0312 04:09:40.982222 139629277718272 logging_writer.py:48] [3883] accumulated_eval_time=250.689353, accumulated_logging_time=0.341763, accumulated_submission_time=1015.587298, global_step=3883, preemption_count=0, score=1015.587298, test/loss=0.291663, test/num_examples=3581, test/ssim=0.735897, total_duration=1266.763107, train/loss=0.268551, train/ssim=0.738018, validation/loss=0.290056, validation/num_examples=3554, validation/ssim=0.719055
I0312 04:09:42.927548 139629269325568 logging_writer.py:48] [3900] global_step=3900, grad_norm=0.13392554223537445, loss=0.29748713970184326
I0312 04:10:06.684020 139629277718272 logging_writer.py:48] [4000] global_step=4000, grad_norm=0.14078137278556824, loss=0.2527919113636017
I0312 04:10:30.375880 139629269325568 logging_writer.py:48] [4100] global_step=4100, grad_norm=0.09767304360866547, loss=0.2511356472969055
I0312 04:10:55.077434 139629277718272 logging_writer.py:48] [4200] global_step=4200, grad_norm=0.15204742550849915, loss=0.2765968441963196
I0312 04:11:01.063483 139815548319552 spec.py:321] Evaluating on the training split.
I0312 04:11:02.457408 139815548319552 spec.py:333] Evaluating on the validation split.
I0312 04:11:03.799506 139815548319552 spec.py:349] Evaluating on the test split.
I0312 04:11:05.144646 139815548319552 submission_runner.py:420] Time since start: 1350.94s, 	Step: 4227, 	{'train/ssim': 0.7423955372401646, 'train/loss': 0.26657971314021517, 'validation/ssim': 0.7223245237540448, 'validation/loss': 0.2886444589832759, 'validation/num_examples': 3554, 'test/ssim': 0.7396287617154775, 'test/loss': 0.2900163596717048, 'test/num_examples': 3581, 'score': 1095.6436443328857, 'total_duration': 1350.940851688385, 'accumulated_submission_time': 1095.6436443328857, 'accumulated_eval_time': 254.77047514915466, 'accumulated_logging_time': 0.3691582679748535}
I0312 04:11:05.160317 139629269325568 logging_writer.py:48] [4227] accumulated_eval_time=254.770475, accumulated_logging_time=0.369158, accumulated_submission_time=1095.643644, global_step=4227, preemption_count=0, score=1095.643644, test/loss=0.290016, test/num_examples=3581, test/ssim=0.739629, total_duration=1350.940852, train/loss=0.266580, train/ssim=0.742396, validation/loss=0.288644, validation/num_examples=3554, validation/ssim=0.722325
I0312 04:11:20.471655 139629277718272 logging_writer.py:48] [4300] global_step=4300, grad_norm=0.23288589715957642, loss=0.37302571535110474
I0312 04:11:44.544307 139629269325568 logging_writer.py:48] [4400] global_step=4400, grad_norm=0.056407488882541656, loss=0.2835080325603485
I0312 04:12:08.499438 139629277718272 logging_writer.py:48] [4500] global_step=4500, grad_norm=0.09913139790296555, loss=0.2926692068576813
I0312 04:12:25.346836 139815548319552 spec.py:321] Evaluating on the training split.
I0312 04:12:26.740685 139815548319552 spec.py:333] Evaluating on the validation split.
I0312 04:12:28.081877 139815548319552 spec.py:349] Evaluating on the test split.
I0312 04:12:29.424435 139815548319552 submission_runner.py:420] Time since start: 1435.22s, 	Step: 4571, 	{'train/ssim': 0.7432968275887626, 'train/loss': 0.26599572386060444, 'validation/ssim': 0.7228588990837789, 'validation/loss': 0.2883094697435988, 'validation/num_examples': 3554, 'test/ssim': 0.7400900450075049, 'test/loss': 0.28977746864964393, 'test/num_examples': 3581, 'score': 1175.8080520629883, 'total_duration': 1435.2206432819366, 'accumulated_submission_time': 1175.8080520629883, 'accumulated_eval_time': 258.84808468818665, 'accumulated_logging_time': 0.3941807746887207}
I0312 04:12:29.440421 139629269325568 logging_writer.py:48] [4571] accumulated_eval_time=258.848085, accumulated_logging_time=0.394181, accumulated_submission_time=1175.808052, global_step=4571, preemption_count=0, score=1175.808052, test/loss=0.289777, test/num_examples=3581, test/ssim=0.740090, total_duration=1435.220643, train/loss=0.265996, train/ssim=0.743297, validation/loss=0.288309, validation/num_examples=3554, validation/ssim=0.722859
I0312 04:12:34.295277 139629277718272 logging_writer.py:48] [4600] global_step=4600, grad_norm=0.04445568844676018, loss=0.30986279249191284
I0312 04:12:58.221728 139629269325568 logging_writer.py:48] [4700] global_step=4700, grad_norm=0.19781102240085602, loss=0.20798873901367188
I0312 04:13:22.359412 139629277718272 logging_writer.py:48] [4800] global_step=4800, grad_norm=0.33237627148628235, loss=0.24614779651165009
I0312 04:13:46.208167 139629269325568 logging_writer.py:48] [4900] global_step=4900, grad_norm=0.07761949300765991, loss=0.261578768491745
I0312 04:13:49.542125 139815548319552 spec.py:321] Evaluating on the training split.
I0312 04:13:50.935097 139815548319552 spec.py:333] Evaluating on the validation split.
I0312 04:13:52.273920 139815548319552 spec.py:349] Evaluating on the test split.
I0312 04:13:53.620362 139815548319552 submission_runner.py:420] Time since start: 1519.42s, 	Step: 4915, 	{'train/ssim': 0.7437765257699149, 'train/loss': 0.26596849305289133, 'validation/ssim': 0.7234973467395892, 'validation/loss': 0.28818087344365506, 'validation/num_examples': 3554, 'test/ssim': 0.7406827047263335, 'test/loss': 0.2895973799981674, 'test/num_examples': 3581, 'score': 1255.8872196674347, 'total_duration': 1519.4165687561035, 'accumulated_submission_time': 1255.8872196674347, 'accumulated_eval_time': 262.92627787590027, 'accumulated_logging_time': 0.41989755630493164}
I0312 04:13:53.636111 139629277718272 logging_writer.py:48] [4915] accumulated_eval_time=262.926278, accumulated_logging_time=0.419898, accumulated_submission_time=1255.887220, global_step=4915, preemption_count=0, score=1255.887220, test/loss=0.289597, test/num_examples=3581, test/ssim=0.740683, total_duration=1519.416569, train/loss=0.265968, train/ssim=0.743777, validation/loss=0.288181, validation/num_examples=3554, validation/ssim=0.723497
I0312 04:14:11.799093 139629269325568 logging_writer.py:48] [5000] global_step=5000, grad_norm=0.18235881626605988, loss=0.24055908620357513
I0312 04:14:35.560842 139629277718272 logging_writer.py:48] [5100] global_step=5100, grad_norm=0.06296898424625397, loss=0.29583871364593506
I0312 04:14:59.326108 139629269325568 logging_writer.py:48] [5200] global_step=5200, grad_norm=0.05963504686951637, loss=0.30806779861450195
I0312 04:15:13.812500 139815548319552 spec.py:321] Evaluating on the training split.
I0312 04:15:15.206789 139815548319552 spec.py:333] Evaluating on the validation split.
I0312 04:15:16.546603 139815548319552 spec.py:349] Evaluating on the test split.
I0312 04:15:17.891141 139815548319552 submission_runner.py:420] Time since start: 1603.69s, 	Step: 5262, 	{'train/ssim': 0.7419512612479073, 'train/loss': 0.2657807043620518, 'validation/ssim': 0.7215963609445343, 'validation/loss': 0.2879154203175559, 'validation/num_examples': 3554, 'test/ssim': 0.7389619257888858, 'test/loss': 0.2892613031450712, 'test/num_examples': 3581, 'score': 1336.0409696102142, 'total_duration': 1603.6873452663422, 'accumulated_submission_time': 1336.0409696102142, 'accumulated_eval_time': 267.0048804283142, 'accumulated_logging_time': 0.44530677795410156}
I0312 04:15:17.906698 139629277718272 logging_writer.py:48] [5262] accumulated_eval_time=267.004880, accumulated_logging_time=0.445307, accumulated_submission_time=1336.040970, global_step=5262, preemption_count=0, score=1336.040970, test/loss=0.289261, test/num_examples=3581, test/ssim=0.738962, total_duration=1603.687345, train/loss=0.265781, train/ssim=0.741951, validation/loss=0.287915, validation/num_examples=3554, validation/ssim=0.721596
I0312 04:15:25.206514 139629269325568 logging_writer.py:48] [5300] global_step=5300, grad_norm=0.15675757825374603, loss=0.20586958527565002
I0312 04:15:48.863120 139629277718272 logging_writer.py:48] [5400] global_step=5400, grad_norm=0.20995831489562988, loss=0.34418049454689026
I0312 04:16:13.117123 139629269325568 logging_writer.py:48] [5500] global_step=5500, grad_norm=0.07650982588529587, loss=0.2537634074687958
I0312 04:16:37.076238 139629277718272 logging_writer.py:48] [5600] global_step=5600, grad_norm=0.0519932359457016, loss=0.23338603973388672
I0312 04:16:37.950454 139815548319552 spec.py:321] Evaluating on the training split.
I0312 04:16:39.342804 139815548319552 spec.py:333] Evaluating on the validation split.
I0312 04:16:40.687795 139815548319552 spec.py:349] Evaluating on the test split.
I0312 04:16:42.029904 139815548319552 submission_runner.py:420] Time since start: 1687.83s, 	Step: 5605, 	{'train/ssim': 0.7413966315133231, 'train/loss': 0.26560699939727783, 'validation/ssim': 0.721058070022334, 'validation/loss': 0.2878381560609524, 'validation/num_examples': 3554, 'test/ssim': 0.7384023317509075, 'test/loss': 0.28923304391885996, 'test/num_examples': 3581, 'score': 1416.0627336502075, 'total_duration': 1687.8261096477509, 'accumulated_submission_time': 1416.0627336502075, 'accumulated_eval_time': 271.0842912197113, 'accumulated_logging_time': 0.47011876106262207}
I0312 04:16:42.046617 139629269325568 logging_writer.py:48] [5605] accumulated_eval_time=271.084291, accumulated_logging_time=0.470119, accumulated_submission_time=1416.062734, global_step=5605, preemption_count=0, score=1416.062734, test/loss=0.289233, test/num_examples=3581, test/ssim=0.738402, total_duration=1687.826110, train/loss=0.265607, train/ssim=0.741397, validation/loss=0.287838, validation/num_examples=3554, validation/ssim=0.721058
I0312 04:17:02.637764 139629277718272 logging_writer.py:48] [5700] global_step=5700, grad_norm=0.14551329612731934, loss=0.2379731833934784
I0312 04:17:26.495006 139629269325568 logging_writer.py:48] [5800] global_step=5800, grad_norm=0.07751338928937912, loss=0.3031260371208191
I0312 04:17:50.316309 139629277718272 logging_writer.py:48] [5900] global_step=5900, grad_norm=0.104023776948452, loss=0.25818949937820435
I0312 04:18:02.139999 139815548319552 spec.py:321] Evaluating on the training split.
I0312 04:18:03.534401 139815548319552 spec.py:333] Evaluating on the validation split.
I0312 04:18:04.875418 139815548319552 spec.py:349] Evaluating on the test split.
I0312 04:18:06.217482 139815548319552 submission_runner.py:420] Time since start: 1772.01s, 	Step: 5951, 	{'train/ssim': 0.7431563649858747, 'train/loss': 0.2650624173028128, 'validation/ssim': 0.7223671144089406, 'validation/loss': 0.28750618938388084, 'validation/num_examples': 3554, 'test/ssim': 0.7396513281904495, 'test/loss': 0.28886553762479056, 'test/num_examples': 3581, 'score': 1496.1338346004486, 'total_duration': 1772.013376712799, 'accumulated_submission_time': 1496.1338346004486, 'accumulated_eval_time': 275.16144132614136, 'accumulated_logging_time': 0.4962143898010254}
I0312 04:18:06.236556 139629269325568 logging_writer.py:48] [5951] accumulated_eval_time=275.161441, accumulated_logging_time=0.496214, accumulated_submission_time=1496.133835, global_step=5951, preemption_count=0, score=1496.133835, test/loss=0.288866, test/num_examples=3581, test/ssim=0.739651, total_duration=1772.013377, train/loss=0.265062, train/ssim=0.743156, validation/loss=0.287506, validation/num_examples=3554, validation/ssim=0.722367
I0312 04:18:15.888709 139629277718272 logging_writer.py:48] [6000] global_step=6000, grad_norm=0.15605047345161438, loss=0.2578015923500061
I0312 04:18:40.419492 139629269325568 logging_writer.py:48] [6100] global_step=6100, grad_norm=0.1652178317308426, loss=0.3369539976119995
I0312 04:19:04.153079 139629277718272 logging_writer.py:48] [6200] global_step=6200, grad_norm=0.05741160362958908, loss=0.2523978352546692
I0312 04:19:26.307935 139815548319552 spec.py:321] Evaluating on the training split.
I0312 04:19:27.704290 139815548319552 spec.py:333] Evaluating on the validation split.
I0312 04:19:29.047113 139815548319552 spec.py:349] Evaluating on the test split.
I0312 04:19:30.389998 139815548319552 submission_runner.py:420] Time since start: 1856.19s, 	Step: 6294, 	{'train/ssim': 0.743187495640346, 'train/loss': 0.26550240176064627, 'validation/ssim': 0.7226340616426913, 'validation/loss': 0.28786377914849465, 'validation/num_examples': 3554, 'test/ssim': 0.7398609032480452, 'test/loss': 0.28920785264241833, 'test/num_examples': 3581, 'score': 1576.1826355457306, 'total_duration': 1856.1862041950226, 'accumulated_submission_time': 1576.1826355457306, 'accumulated_eval_time': 279.24346709251404, 'accumulated_logging_time': 0.5249452590942383}
I0312 04:19:30.407250 139629269325568 logging_writer.py:48] [6294] accumulated_eval_time=279.243467, accumulated_logging_time=0.524945, accumulated_submission_time=1576.182636, global_step=6294, preemption_count=0, score=1576.182636, test/loss=0.289208, test/num_examples=3581, test/ssim=0.739861, total_duration=1856.186204, train/loss=0.265502, train/ssim=0.743187, validation/loss=0.287864, validation/num_examples=3554, validation/ssim=0.722634
I0312 04:19:30.937994 139629277718272 logging_writer.py:48] [6300] global_step=6300, grad_norm=0.2283400595188141, loss=0.22516624629497528
I0312 04:19:53.932936 139629269325568 logging_writer.py:48] [6400] global_step=6400, grad_norm=0.11513727903366089, loss=0.286091685295105
I0312 04:20:17.901590 139629277718272 logging_writer.py:48] [6500] global_step=6500, grad_norm=0.11564614623785019, loss=0.23372775316238403
I0312 04:20:41.571348 139629269325568 logging_writer.py:48] [6600] global_step=6600, grad_norm=0.08623608201742172, loss=0.28001585602760315
I0312 04:20:50.475655 139815548319552 spec.py:321] Evaluating on the training split.
I0312 04:20:51.868626 139815548319552 spec.py:333] Evaluating on the validation split.
I0312 04:20:53.213283 139815548319552 spec.py:349] Evaluating on the test split.
I0312 04:20:54.558063 139815548319552 submission_runner.py:420] Time since start: 1940.35s, 	Step: 6639, 	{'train/ssim': 0.7422693116324288, 'train/loss': 0.2648814746311733, 'validation/ssim': 0.7217326510402012, 'validation/loss': 0.2872580301245076, 'validation/num_examples': 3554, 'test/ssim': 0.7390587366482826, 'test/loss': 0.28862347638796776, 'test/num_examples': 3581, 'score': 1656.2280633449554, 'total_duration': 1940.3542692661285, 'accumulated_submission_time': 1656.2280633449554, 'accumulated_eval_time': 283.3258457183838, 'accumulated_logging_time': 0.5521426200866699}
I0312 04:20:54.575658 139629277718272 logging_writer.py:48] [6639] accumulated_eval_time=283.325846, accumulated_logging_time=0.552143, accumulated_submission_time=1656.228063, global_step=6639, preemption_count=0, score=1656.228063, test/loss=0.288623, test/num_examples=3581, test/ssim=0.739059, total_duration=1940.354269, train/loss=0.264881, train/ssim=0.742269, validation/loss=0.287258, validation/num_examples=3554, validation/ssim=0.721733
I0312 04:21:07.089951 139629269325568 logging_writer.py:48] [6700] global_step=6700, grad_norm=0.090455062687397, loss=0.20667937397956848
I0312 04:21:30.946102 139629277718272 logging_writer.py:48] [6800] global_step=6800, grad_norm=0.0670352354645729, loss=0.25470054149627686
I0312 04:21:54.566121 139629269325568 logging_writer.py:48] [6900] global_step=6900, grad_norm=0.06514287739992142, loss=0.32365652918815613
I0312 04:22:14.563312 139815548319552 spec.py:321] Evaluating on the training split.
I0312 04:22:15.955538 139815548319552 spec.py:333] Evaluating on the validation split.
I0312 04:22:17.299251 139815548319552 spec.py:349] Evaluating on the test split.
I0312 04:22:18.643463 139815548319552 submission_runner.py:420] Time since start: 2024.44s, 	Step: 6985, 	{'train/ssim': 0.7416989462716239, 'train/loss': 0.26502386161259245, 'validation/ssim': 0.7212246544386607, 'validation/loss': 0.2872385208567811, 'validation/num_examples': 3554, 'test/ssim': 0.7385842270839151, 'test/loss': 0.28866335973497276, 'test/num_examples': 3581, 'score': 1736.1933739185333, 'total_duration': 2024.4396481513977, 'accumulated_submission_time': 1736.1933739185333, 'accumulated_eval_time': 287.40594720840454, 'accumulated_logging_time': 0.5793905258178711}
I0312 04:22:18.662536 139629277718272 logging_writer.py:48] [6985] accumulated_eval_time=287.405947, accumulated_logging_time=0.579391, accumulated_submission_time=1736.193374, global_step=6985, preemption_count=0, score=1736.193374, test/loss=0.288663, test/num_examples=3581, test/ssim=0.738584, total_duration=2024.439648, train/loss=0.265024, train/ssim=0.741699, validation/loss=0.287239, validation/num_examples=3554, validation/ssim=0.721225
I0312 04:22:20.158865 139629269325568 logging_writer.py:48] [7000] global_step=7000, grad_norm=0.1960315853357315, loss=0.21868012845516205
I0312 04:22:43.959889 139629277718272 logging_writer.py:48] [7100] global_step=7100, grad_norm=0.08028178662061691, loss=0.26402196288108826
I0312 04:23:07.832348 139629269325568 logging_writer.py:48] [7200] global_step=7200, grad_norm=0.09921887516975403, loss=0.29664337635040283
I0312 04:23:31.825647 139629277718272 logging_writer.py:48] [7300] global_step=7300, grad_norm=0.130752831697464, loss=0.30743134021759033
I0312 04:23:38.825457 139815548319552 spec.py:321] Evaluating on the training split.
I0312 04:23:40.220556 139815548319552 spec.py:333] Evaluating on the validation split.
I0312 04:23:41.560930 139815548319552 spec.py:349] Evaluating on the test split.
I0312 04:23:42.905055 139815548319552 submission_runner.py:420] Time since start: 2108.70s, 	Step: 7331, 	{'train/ssim': 0.7430637904575893, 'train/loss': 0.26464567865644184, 'validation/ssim': 0.7226036299328221, 'validation/loss': 0.28690493985649973, 'validation/num_examples': 3554, 'test/ssim': 0.7398701070973541, 'test/loss': 0.28828119545867076, 'test/num_examples': 3581, 'score': 1816.3327956199646, 'total_duration': 2108.7012643814087, 'accumulated_submission_time': 1816.3327956199646, 'accumulated_eval_time': 291.48550271987915, 'accumulated_logging_time': 0.6093320846557617}
I0312 04:23:42.921946 139629269325568 logging_writer.py:48] [7331] accumulated_eval_time=291.485503, accumulated_logging_time=0.609332, accumulated_submission_time=1816.332796, global_step=7331, preemption_count=0, score=1816.332796, test/loss=0.288281, test/num_examples=3581, test/ssim=0.739870, total_duration=2108.701264, train/loss=0.264646, train/ssim=0.743064, validation/loss=0.286905, validation/num_examples=3554, validation/ssim=0.722604
I0312 04:23:57.140240 139629277718272 logging_writer.py:48] [7400] global_step=7400, grad_norm=0.04530740901827812, loss=0.256253182888031
I0312 04:24:21.384490 139629269325568 logging_writer.py:48] [7500] global_step=7500, grad_norm=0.11061286181211472, loss=0.17940588295459747
I0312 04:24:45.235026 139629277718272 logging_writer.py:48] [7600] global_step=7600, grad_norm=0.12354575097560883, loss=0.2676639258861542
I0312 04:25:02.957188 139815548319552 spec.py:321] Evaluating on the training split.
I0312 04:25:04.349829 139815548319552 spec.py:333] Evaluating on the validation split.
I0312 04:25:05.693092 139815548319552 spec.py:349] Evaluating on the test split.
I0312 04:25:07.037460 139815548319552 submission_runner.py:420] Time since start: 2192.83s, 	Step: 7676, 	{'train/ssim': 0.7440517289297921, 'train/loss': 0.26493305819375174, 'validation/ssim': 0.7231099091692459, 'validation/loss': 0.28765250889182964, 'validation/num_examples': 3554, 'test/ssim': 0.7402495102188634, 'test/loss': 0.28896521190397234, 'test/num_examples': 3581, 'score': 1896.345843076706, 'total_duration': 2192.833665370941, 'accumulated_submission_time': 1896.345843076706, 'accumulated_eval_time': 295.5657305717468, 'accumulated_logging_time': 0.6355040073394775}
I0312 04:25:07.055710 139629269325568 logging_writer.py:48] [7676] accumulated_eval_time=295.565731, accumulated_logging_time=0.635504, accumulated_submission_time=1896.345843, global_step=7676, preemption_count=0, score=1896.345843, test/loss=0.288965, test/num_examples=3581, test/ssim=0.740250, total_duration=2192.833665, train/loss=0.264933, train/ssim=0.744052, validation/loss=0.287653, validation/num_examples=3554, validation/ssim=0.723110
I0312 04:25:10.703136 139629277718272 logging_writer.py:48] [7700] global_step=7700, grad_norm=0.14753900468349457, loss=0.20948106050491333
I0312 04:25:34.382847 139629269325568 logging_writer.py:48] [7800] global_step=7800, grad_norm=0.043592654168605804, loss=0.2863491177558899
I0312 04:25:58.081302 139629277718272 logging_writer.py:48] [7900] global_step=7900, grad_norm=0.10196593403816223, loss=0.3133699297904968
I0312 04:26:22.133677 139629269325568 logging_writer.py:48] [8000] global_step=8000, grad_norm=0.07219043374061584, loss=0.2711474895477295
I0312 04:26:27.119466 139815548319552 spec.py:321] Evaluating on the training split.
I0312 04:26:28.514814 139815548319552 spec.py:333] Evaluating on the validation split.
I0312 04:26:29.855840 139815548319552 spec.py:349] Evaluating on the test split.
I0312 04:26:31.200042 139815548319552 submission_runner.py:420] Time since start: 2277.00s, 	Step: 8022, 	{'train/ssim': 0.7439615385872977, 'train/loss': 0.2646443673542568, 'validation/ssim': 0.723860054252251, 'validation/loss': 0.286903943784732, 'validation/num_examples': 3554, 'test/ssim': 0.7410538584717956, 'test/loss': 0.28833481640297753, 'test/num_examples': 3581, 'score': 1976.387057542801, 'total_duration': 2276.996250152588, 'accumulated_submission_time': 1976.387057542801, 'accumulated_eval_time': 299.64626455307007, 'accumulated_logging_time': 0.6633594036102295}
I0312 04:26:31.217512 139629277718272 logging_writer.py:48] [8022] accumulated_eval_time=299.646265, accumulated_logging_time=0.663359, accumulated_submission_time=1976.387058, global_step=8022, preemption_count=0, score=1976.387058, test/loss=0.288335, test/num_examples=3581, test/ssim=0.741054, total_duration=2276.996250, train/loss=0.264644, train/ssim=0.743962, validation/loss=0.286904, validation/num_examples=3554, validation/ssim=0.723860
I0312 04:26:31.233715 139629269325568 logging_writer.py:48] [8022] global_step=8022, preemption_count=0, score=1976.387058
I0312 04:26:31.301057 139815548319552 checkpoints.py:490] Saving checkpoint at step: 8022
I0312 04:26:31.543656 139815548319552 checkpoints.py:422] Saved checkpoint at /experiment_runs/prize_qualification_self_tuning/study_0/fastmri_jax/trial_1/checkpoint_8022
I0312 04:26:31.545142 139815548319552 checkpoint_utils.py:240] Saved checkpoint to /experiment_runs/prize_qualification_self_tuning/study_0/fastmri_jax/trial_1/checkpoint_8022.
I0312 04:26:32.035764 139815548319552 submission_runner.py:683] Final fastmri score: 1976.387057542801
