python3 submission_runner.py --framework=jax --workload=criteo1tb --submission_path=prize_qualification_baselines/self_tuning/jax_nadamw_full_budget.py --data_dir=/data/criteo1tb --num_tuning_trials=1 --experiment_dir=/experiment_runs --experiment_name=prize_qualification_self_tuning/study_1 --overwrite=true --save_checkpoints=false --rng_seed=3550110902 --max_global_steps=31998 --tuning_ruleset=self 2>&1 | tee -a /logs/criteo1tb_jax_03-13-2024-10-39-31.log
I0313 10:39:52.134482 140412216989504 logger_utils.py:61] Removing existing experiment directory /experiment_runs/prize_qualification_self_tuning/study_1/criteo1tb_jax because --overwrite was set.
I0313 10:39:52.137870 140412216989504 logger_utils.py:76] Creating experiment directory at /experiment_runs/prize_qualification_self_tuning/study_1/criteo1tb_jax.
I0313 10:39:53.839366 140412216989504 xla_bridge.py:455] Unable to initialize backend 'rocm': NOT_FOUND: Could not find registered platform with name: "rocm". Available platform names are: Interpreter Host CUDA
I0313 10:39:53.840190 140412216989504 xla_bridge.py:455] Unable to initialize backend 'tpu': module 'jaxlib.xla_extension' has no attribute 'get_tpu_client'
I0313 10:39:53.840352 140412216989504 xla_bridge.py:455] Unable to initialize backend 'plugin': xla_extension has no attributes named get_plugin_device_client. Compile TensorFlow with //tensorflow/compiler/xla/python:enable_plugin_device set to true (defaults to false) to enable this.
I0313 10:39:54.847817 140412216989504 submission_runner.py:612] Creating directory at /experiment_runs/prize_qualification_self_tuning/study_1/criteo1tb_jax/trial_1.
I0313 10:39:55.048211 140412216989504 submission_runner.py:209] Initializing dataset.
I0313 10:39:55.048420 140412216989504 submission_runner.py:220] Initializing model.
I0313 10:40:00.832034 140412216989504 submission_runner.py:262] Initializing optimizer.
I0313 10:40:03.969368 140412216989504 submission_runner.py:269] Initializing metrics bundle.
I0313 10:40:03.969578 140412216989504 submission_runner.py:287] Initializing checkpoint and logger.
I0313 10:40:03.970434 140412216989504 checkpoints.py:915] Found no checkpoint files in /experiment_runs/prize_qualification_self_tuning/study_1/criteo1tb_jax/trial_1 with prefix checkpoint_
I0313 10:40:03.970603 140412216989504 submission_runner.py:307] Saving meta data to /experiment_runs/prize_qualification_self_tuning/study_1/criteo1tb_jax/trial_1/meta_data_0.json.
I0313 10:40:03.970819 140412216989504 logger_utils.py:257] Unable to record workload.train_mean information. Continuing without it.
I0313 10:40:03.970883 140412216989504 logger_utils.py:257] Unable to record workload.train_stddev information. Continuing without it.
fatal: detected dubious ownership in repository at '/algorithmic-efficiency'
To add an exception for this directory, call:

	git config --global --add safe.directory /algorithmic-efficiency
I0313 10:40:04.279972 140412216989504 logger_utils.py:220] Unable to record git information. Continuing without it.
I0313 10:40:04.552153 140412216989504 submission_runner.py:311] Saving flags to /experiment_runs/prize_qualification_self_tuning/study_1/criteo1tb_jax/trial_1/flags_0.json.
I0313 10:40:04.667889 140412216989504 submission_runner.py:321] Starting training loop.
I0313 10:40:24.706596 140250564253440 logging_writer.py:48] [0] global_step=0, grad_norm=9.193443298339844, loss=1.2755130529403687
I0313 10:40:24.722494 140412216989504 spec.py:321] Evaluating on the training split.
I0313 10:44:30.819522 140412216989504 spec.py:333] Evaluating on the validation split.
I0313 10:48:36.911611 140412216989504 spec.py:349] Evaluating on the test split.
I0313 10:53:14.513260 140412216989504 submission_runner.py:420] Time since start: 789.85s, 	Step: 1, 	{'train/loss': 1.2750268968396217, 'validation/loss': 1.2720396894750199, 'validation/num_examples': 83274637, 'test/loss': 1.2727720309210526, 'test/num_examples': 95000000, 'score': 20.054532766342163, 'total_duration': 789.845296382904, 'accumulated_submission_time': 20.054532766342163, 'accumulated_eval_time': 769.7907042503357, 'accumulated_logging_time': 0}
I0313 10:53:14.531970 140235363047168 logging_writer.py:48] [1] accumulated_eval_time=769.790704, accumulated_logging_time=0, accumulated_submission_time=20.054533, global_step=1, preemption_count=0, score=20.054533, test/loss=1.272772, test/num_examples=95000000, total_duration=789.845296, train/loss=1.275027, validation/loss=1.272040, validation/num_examples=83274637
I0313 10:54:14.539304 140235354654464 logging_writer.py:48] [100] global_step=100, grad_norm=0.17406147718429565, loss=0.129473477602005
I0313 10:55:15.099132 140412216989504 spec.py:321] Evaluating on the training split.
I0313 10:59:04.694348 140412216989504 spec.py:333] Evaluating on the validation split.
I0313 11:02:07.000903 140412216989504 spec.py:349] Evaluating on the test split.
I0313 11:05:35.132504 140412216989504 submission_runner.py:420] Time since start: 1530.46s, 	Step: 183, 	{'train/loss': 0.13069152006141418, 'validation/loss': 0.1286313995871501, 'validation/num_examples': 83274637, 'test/loss': 0.13141001981907896, 'test/num_examples': 95000000, 'score': 140.60763335227966, 'total_duration': 1530.4645409584045, 'accumulated_submission_time': 140.60763335227966, 'accumulated_eval_time': 1389.8240342140198, 'accumulated_logging_time': 0.0265195369720459}
I0313 11:05:35.146384 140235363047168 logging_writer.py:48] [183] accumulated_eval_time=1389.824034, accumulated_logging_time=0.026520, accumulated_submission_time=140.607633, global_step=183, preemption_count=0, score=140.607633, test/loss=0.131410, test/num_examples=95000000, total_duration=1530.464541, train/loss=0.130692, validation/loss=0.128631, validation/num_examples=83274637
I0313 11:05:36.893486 140235354654464 logging_writer.py:48] [200] global_step=200, grad_norm=0.2902163565158844, loss=0.1376567780971527
I0313 11:06:46.606086 140235363047168 logging_writer.py:48] [300] global_step=300, grad_norm=0.0057042865082621574, loss=0.12443295121192932
I0313 11:07:35.370221 140412216989504 spec.py:321] Evaluating on the training split.
I0313 11:11:26.654273 140412216989504 spec.py:333] Evaluating on the validation split.
I0313 11:14:27.797989 140412216989504 spec.py:349] Evaluating on the test split.
I0313 11:17:54.813790 140412216989504 submission_runner.py:420] Time since start: 2270.15s, 	Step: 366, 	{'train/loss': 0.1270057580919948, 'validation/loss': 0.1276038683119875, 'validation/num_examples': 83274637, 'test/loss': 0.13020613113692434, 'test/num_examples': 95000000, 'score': 260.8166162967682, 'total_duration': 2270.1458444595337, 'accumulated_submission_time': 260.8166162967682, 'accumulated_eval_time': 2009.2675638198853, 'accumulated_logging_time': 0.049102067947387695}
I0313 11:17:54.826391 140235354654464 logging_writer.py:48] [366] accumulated_eval_time=2009.267564, accumulated_logging_time=0.049102, accumulated_submission_time=260.816616, global_step=366, preemption_count=0, score=260.816616, test/loss=0.130206, test/num_examples=95000000, total_duration=2270.145844, train/loss=0.127006, validation/loss=0.127604, validation/num_examples=83274637
I0313 11:18:03.874720 140235363047168 logging_writer.py:48] [400] global_step=400, grad_norm=0.006964740343391895, loss=0.12963494658470154
I0313 11:19:21.985773 140235354654464 logging_writer.py:48] [500] global_step=500, grad_norm=0.05887550860643387, loss=0.12835484743118286
I0313 11:19:55.104696 140412216989504 spec.py:321] Evaluating on the training split.
I0313 11:23:46.858718 140412216989504 spec.py:333] Evaluating on the validation split.
I0313 11:26:47.556586 140412216989504 spec.py:349] Evaluating on the test split.
I0313 11:30:15.696494 140412216989504 submission_runner.py:420] Time since start: 3011.03s, 	Step: 544, 	{'train/loss': 0.1258156687935006, 'validation/loss': 0.12671610507703263, 'validation/num_examples': 83274637, 'test/loss': 0.12939797099095396, 'test/num_examples': 95000000, 'score': 381.08206129074097, 'total_duration': 3011.0285456180573, 'accumulated_submission_time': 381.08206129074097, 'accumulated_eval_time': 2629.8593261241913, 'accumulated_logging_time': 0.06900501251220703}
I0313 11:30:15.709044 140235363047168 logging_writer.py:48] [544] accumulated_eval_time=2629.859326, accumulated_logging_time=0.069005, accumulated_submission_time=381.082061, global_step=544, preemption_count=0, score=381.082061, test/loss=0.129398, test/num_examples=95000000, total_duration=3011.028546, train/loss=0.125816, validation/loss=0.126716, validation/num_examples=83274637
I0313 11:30:41.725555 140235354654464 logging_writer.py:48] [600] global_step=600, grad_norm=0.00865039974451065, loss=0.11867523193359375
I0313 11:31:59.367886 140235363047168 logging_writer.py:48] [700] global_step=700, grad_norm=0.03764297440648079, loss=0.12500731647014618
I0313 11:32:15.812428 140412216989504 spec.py:321] Evaluating on the training split.
I0313 11:35:54.337824 140412216989504 spec.py:333] Evaluating on the validation split.
I0313 11:38:51.892780 140412216989504 spec.py:349] Evaluating on the test split.
I0313 11:42:16.973598 140412216989504 submission_runner.py:420] Time since start: 3732.31s, 	Step: 722, 	{'train/loss': 0.12543000634642518, 'validation/loss': 0.1272029359363006, 'validation/num_examples': 83274637, 'test/loss': 0.12972021437088815, 'test/num_examples': 95000000, 'score': 501.17224311828613, 'total_duration': 3732.305637359619, 'accumulated_submission_time': 501.17224311828613, 'accumulated_eval_time': 3231.0204243659973, 'accumulated_logging_time': 0.08920621871948242}
I0313 11:42:16.987373 140235354654464 logging_writer.py:48] [722] accumulated_eval_time=3231.020424, accumulated_logging_time=0.089206, accumulated_submission_time=501.172243, global_step=722, preemption_count=0, score=501.172243, test/loss=0.129720, test/num_examples=95000000, total_duration=3732.305637, train/loss=0.125430, validation/loss=0.127203, validation/num_examples=83274637
I0313 11:43:00.489609 140235363047168 logging_writer.py:48] [800] global_step=800, grad_norm=0.011826223693788052, loss=0.12378580868244171
I0313 11:44:14.558570 140235354654464 logging_writer.py:48] [900] global_step=900, grad_norm=0.15060850977897644, loss=0.13373075425624847
I0313 11:44:17.589423 140412216989504 spec.py:321] Evaluating on the training split.
I0313 11:47:49.921946 140412216989504 spec.py:333] Evaluating on the validation split.
I0313 11:50:43.556320 140412216989504 spec.py:349] Evaluating on the test split.
I0313 11:54:03.790482 140412216989504 submission_runner.py:420] Time since start: 4439.12s, 	Step: 905, 	{'train/loss': 0.12616513811239283, 'validation/loss': 0.12652327534218943, 'validation/num_examples': 83274637, 'test/loss': 0.12926322025082237, 'test/num_examples': 95000000, 'score': 621.7608590126038, 'total_duration': 4439.122531175613, 'accumulated_submission_time': 621.7608590126038, 'accumulated_eval_time': 3817.221437215805, 'accumulated_logging_time': 0.11058640480041504}
I0313 11:54:03.803738 140235363047168 logging_writer.py:48] [905] accumulated_eval_time=3817.221437, accumulated_logging_time=0.110586, accumulated_submission_time=621.760859, global_step=905, preemption_count=0, score=621.760859, test/loss=0.129263, test/num_examples=95000000, total_duration=4439.122531, train/loss=0.126165, validation/loss=0.126523, validation/num_examples=83274637
I0313 11:55:00.545557 140235354654464 logging_writer.py:48] [1000] global_step=1000, grad_norm=0.007049973588436842, loss=0.12068531662225723
I0313 11:56:04.436449 140412216989504 spec.py:321] Evaluating on the training split.
I0313 11:59:30.625156 140412216989504 spec.py:333] Evaluating on the validation split.
I0313 12:02:15.497600 140412216989504 spec.py:349] Evaluating on the test split.
I0313 12:05:27.664801 140412216989504 submission_runner.py:420] Time since start: 5123.00s, 	Step: 1083, 	{'train/loss': 0.12665144149096882, 'validation/loss': 0.12585995078962336, 'validation/num_examples': 83274637, 'test/loss': 0.1282775658614309, 'test/num_examples': 95000000, 'score': 742.3804759979248, 'total_duration': 5122.996841669083, 'accumulated_submission_time': 742.3804759979248, 'accumulated_eval_time': 4380.449725151062, 'accumulated_logging_time': 0.1312270164489746}
I0313 12:05:27.681061 140235363047168 logging_writer.py:48] [1083] accumulated_eval_time=4380.449725, accumulated_logging_time=0.131227, accumulated_submission_time=742.380476, global_step=1083, preemption_count=0, score=742.380476, test/loss=0.128278, test/num_examples=95000000, total_duration=5122.996842, train/loss=0.126651, validation/loss=0.125860, validation/num_examples=83274637
I0313 12:05:29.431427 140235354654464 logging_writer.py:48] [1100] global_step=1100, grad_norm=0.07079528272151947, loss=0.12993387877941132
I0313 12:06:42.800084 140235363047168 logging_writer.py:48] [1200] global_step=1200, grad_norm=0.04685753211379051, loss=0.12441496551036835
I0313 12:07:27.968417 140412216989504 spec.py:321] Evaluating on the training split.
I0313 12:10:49.201725 140412216989504 spec.py:333] Evaluating on the validation split.
I0313 12:13:27.661328 140412216989504 spec.py:349] Evaluating on the test split.
I0313 12:16:28.068710 140412216989504 submission_runner.py:420] Time since start: 5783.40s, 	Step: 1259, 	{'train/loss': 0.12412509199161574, 'validation/loss': 0.12554888456716945, 'validation/num_examples': 83274637, 'test/loss': 0.12795924286595395, 'test/num_examples': 95000000, 'score': 862.654314994812, 'total_duration': 5783.400713682175, 'accumulated_submission_time': 862.654314994812, 'accumulated_eval_time': 4920.549924612045, 'accumulated_logging_time': 0.1552424430847168}
I0313 12:16:28.086623 140235354654464 logging_writer.py:48] [1259] accumulated_eval_time=4920.549925, accumulated_logging_time=0.155242, accumulated_submission_time=862.654315, global_step=1259, preemption_count=0, score=862.654315, test/loss=0.127959, test/num_examples=95000000, total_duration=5783.400714, train/loss=0.124125, validation/loss=0.125549, validation/num_examples=83274637
I0313 12:16:42.817071 140235363047168 logging_writer.py:48] [1300] global_step=1300, grad_norm=0.033175937831401825, loss=0.12900809943675995
I0313 12:17:54.929025 140235354654464 logging_writer.py:48] [1400] global_step=1400, grad_norm=0.01609738916158676, loss=0.1273621916770935
I0313 12:18:28.071299 140412216989504 spec.py:321] Evaluating on the training split.
I0313 12:21:43.951879 140412216989504 spec.py:333] Evaluating on the validation split.
I0313 12:24:20.979244 140412216989504 spec.py:349] Evaluating on the test split.
I0313 12:27:22.978855 140412216989504 submission_runner.py:420] Time since start: 6438.31s, 	Step: 1444, 	{'train/loss': 0.1254901969981081, 'validation/loss': 0.1256811114304696, 'validation/num_examples': 83274637, 'test/loss': 0.12805104479851973, 'test/num_examples': 95000000, 'score': 982.6249959468842, 'total_duration': 6438.310907840729, 'accumulated_submission_time': 982.6249959468842, 'accumulated_eval_time': 5455.457439184189, 'accumulated_logging_time': 0.1811528205871582}
I0313 12:27:22.991572 140235363047168 logging_writer.py:48] [1444] accumulated_eval_time=5455.457439, accumulated_logging_time=0.181153, accumulated_submission_time=982.624996, global_step=1444, preemption_count=0, score=982.624996, test/loss=0.128051, test/num_examples=95000000, total_duration=6438.310908, train/loss=0.125490, validation/loss=0.125681, validation/num_examples=83274637
I0313 12:27:48.485760 140235354654464 logging_writer.py:48] [1500] global_step=1500, grad_norm=0.10705738514661789, loss=0.13133014738559723
I0313 12:29:06.654690 140235363047168 logging_writer.py:48] [1600] global_step=1600, grad_norm=0.04195135086774826, loss=0.11826688051223755
I0313 12:29:23.520881 140412216989504 spec.py:321] Evaluating on the training split.
I0313 12:32:38.886168 140412216989504 spec.py:333] Evaluating on the validation split.
I0313 12:35:11.590348 140412216989504 spec.py:349] Evaluating on the test split.
I0313 12:38:16.219973 140412216989504 submission_runner.py:420] Time since start: 7091.55s, 	Step: 1623, 	{'train/loss': 0.12500052548851232, 'validation/loss': 0.1256984208138439, 'validation/num_examples': 83274637, 'test/loss': 0.12793047590460527, 'test/num_examples': 95000000, 'score': 1103.1413357257843, 'total_duration': 7091.552002668381, 'accumulated_submission_time': 1103.1413357257843, 'accumulated_eval_time': 5988.156452178955, 'accumulated_logging_time': 0.20122289657592773}
I0313 12:38:16.234626 140235354654464 logging_writer.py:48] [1623] accumulated_eval_time=5988.156452, accumulated_logging_time=0.201223, accumulated_submission_time=1103.141336, global_step=1623, preemption_count=0, score=1103.141336, test/loss=0.127930, test/num_examples=95000000, total_duration=7091.552003, train/loss=0.125001, validation/loss=0.125698, validation/num_examples=83274637
I0313 12:38:59.621823 140235363047168 logging_writer.py:48] [1700] global_step=1700, grad_norm=0.03926645219326019, loss=0.12991930544376373
I0313 12:40:10.779205 140235354654464 logging_writer.py:48] [1800] global_step=1800, grad_norm=0.025198403745889664, loss=0.13812538981437683
I0313 12:40:16.860776 140412216989504 spec.py:321] Evaluating on the training split.
I0313 12:43:38.950269 140412216989504 spec.py:333] Evaluating on the validation split.
I0313 12:45:50.936779 140412216989504 spec.py:349] Evaluating on the test split.
I0313 12:48:49.995297 140412216989504 submission_runner.py:420] Time since start: 7725.33s, 	Step: 1809, 	{'train/loss': 0.12465291795959263, 'validation/loss': 0.1253543950441038, 'validation/num_examples': 83274637, 'test/loss': 0.12770262131990132, 'test/num_examples': 95000000, 'score': 1223.7536084651947, 'total_duration': 7725.327343940735, 'accumulated_submission_time': 1223.7536084651947, 'accumulated_eval_time': 6501.290910720825, 'accumulated_logging_time': 0.22383499145507812}
I0313 12:48:50.007952 140235363047168 logging_writer.py:48] [1809] accumulated_eval_time=6501.290911, accumulated_logging_time=0.223835, accumulated_submission_time=1223.753608, global_step=1809, preemption_count=0, score=1223.753608, test/loss=0.127703, test/num_examples=95000000, total_duration=7725.327344, train/loss=0.124653, validation/loss=0.125354, validation/num_examples=83274637
I0313 12:49:45.392387 140235354654464 logging_writer.py:48] [1900] global_step=1900, grad_norm=0.014120885170996189, loss=0.12303955107927322
I0313 12:50:50.606635 140412216989504 spec.py:321] Evaluating on the training split.
I0313 12:53:43.577577 140412216989504 spec.py:333] Evaluating on the validation split.
I0313 12:56:13.457089 140412216989504 spec.py:349] Evaluating on the test split.
I0313 12:58:40.944156 140412216989504 submission_runner.py:420] Time since start: 8316.28s, 	Step: 1984, 	{'train/loss': 0.12497081074559088, 'validation/loss': 0.12529977186877064, 'validation/num_examples': 83274637, 'test/loss': 0.1277069748046875, 'test/num_examples': 95000000, 'score': 1344.3381459712982, 'total_duration': 8316.276195287704, 'accumulated_submission_time': 1344.3381459712982, 'accumulated_eval_time': 6971.628367900848, 'accumulated_logging_time': 0.24496793746948242}
I0313 12:58:40.958376 140235363047168 logging_writer.py:48] [1984] accumulated_eval_time=6971.628368, accumulated_logging_time=0.244968, accumulated_submission_time=1344.338146, global_step=1984, preemption_count=0, score=1344.338146, test/loss=0.127707, test/num_examples=95000000, total_duration=8316.276195, train/loss=0.124971, validation/loss=0.125300, validation/num_examples=83274637
I0313 12:58:42.607805 140235354654464 logging_writer.py:48] [2000] global_step=2000, grad_norm=0.0469282791018486, loss=0.130501851439476
I0313 12:59:51.261917 140235363047168 logging_writer.py:48] [2100] global_step=2100, grad_norm=0.0043330504558980465, loss=0.12000799179077148
I0313 13:00:41.557130 140412216989504 spec.py:321] Evaluating on the training split.
I0313 13:03:51.377285 140412216989504 spec.py:333] Evaluating on the validation split.
I0313 13:06:31.399712 140412216989504 spec.py:349] Evaluating on the test split.
I0313 13:09:24.250025 140412216989504 submission_runner.py:420] Time since start: 8959.58s, 	Step: 2170, 	{'train/loss': 0.12570937066895407, 'validation/loss': 0.12561531764486256, 'validation/num_examples': 83274637, 'test/loss': 0.12783158506373354, 'test/num_examples': 95000000, 'score': 1464.9220495224, 'total_duration': 8959.58207988739, 'accumulated_submission_time': 1464.9220495224, 'accumulated_eval_time': 7494.321210861206, 'accumulated_logging_time': 0.2679464817047119}
I0313 13:09:24.262969 140235354654464 logging_writer.py:48] [2170] accumulated_eval_time=7494.321211, accumulated_logging_time=0.267946, accumulated_submission_time=1464.922050, global_step=2170, preemption_count=0, score=1464.922050, test/loss=0.127832, test/num_examples=95000000, total_duration=8959.582080, train/loss=0.125709, validation/loss=0.125615, validation/num_examples=83274637
I0313 13:09:28.995400 140235363047168 logging_writer.py:48] [2200] global_step=2200, grad_norm=0.014911162666976452, loss=0.1365717351436615
I0313 13:10:47.054945 140235354654464 logging_writer.py:48] [2300] global_step=2300, grad_norm=0.042424462735652924, loss=0.12691496312618256
I0313 13:11:24.581908 140412216989504 spec.py:321] Evaluating on the training split.
I0313 13:14:39.003243 140412216989504 spec.py:333] Evaluating on the validation split.
I0313 13:17:16.421028 140412216989504 spec.py:349] Evaluating on the test split.
I0313 13:20:11.553128 140412216989504 submission_runner.py:420] Time since start: 9606.89s, 	Step: 2349, 	{'train/loss': 0.12255435011718634, 'validation/loss': 0.12532915802020772, 'validation/num_examples': 83274637, 'test/loss': 0.12767122908100328, 'test/num_examples': 95000000, 'score': 1585.228083372116, 'total_duration': 9606.885175466537, 'accumulated_submission_time': 1585.228083372116, 'accumulated_eval_time': 8021.292371273041, 'accumulated_logging_time': 0.28806591033935547}
I0313 13:20:11.566116 140235363047168 logging_writer.py:48] [2349] accumulated_eval_time=8021.292371, accumulated_logging_time=0.288066, accumulated_submission_time=1585.228083, global_step=2349, preemption_count=0, score=1585.228083, test/loss=0.127671, test/num_examples=95000000, total_duration=9606.885175, train/loss=0.122554, validation/loss=0.125329, validation/num_examples=83274637
I0313 13:20:34.314548 140235354654464 logging_writer.py:48] [2400] global_step=2400, grad_norm=0.0202900692820549, loss=0.13111671805381775
I0313 13:21:52.543185 140235363047168 logging_writer.py:48] [2500] global_step=2500, grad_norm=0.03459655120968819, loss=0.13408192992210388
I0313 13:22:11.578779 140412216989504 spec.py:321] Evaluating on the training split.
I0313 13:25:21.110891 140412216989504 spec.py:333] Evaluating on the validation split.
I0313 13:27:59.229269 140412216989504 spec.py:349] Evaluating on the test split.
I0313 13:31:02.435684 140412216989504 submission_runner.py:420] Time since start: 10257.77s, 	Step: 2525, 	{'train/loss': 0.12319174902103606, 'validation/loss': 0.1250012444585731, 'validation/num_examples': 83274637, 'test/loss': 0.1273398111636513, 'test/num_examples': 95000000, 'score': 1705.2277812957764, 'total_duration': 10257.767736196518, 'accumulated_submission_time': 1705.2277812957764, 'accumulated_eval_time': 8552.149214029312, 'accumulated_logging_time': 0.3084101676940918}
I0313 13:31:02.448676 140235354654464 logging_writer.py:48] [2525] accumulated_eval_time=8552.149214, accumulated_logging_time=0.308410, accumulated_submission_time=1705.227781, global_step=2525, preemption_count=0, score=1705.227781, test/loss=0.127340, test/num_examples=95000000, total_duration=10257.767736, train/loss=0.123192, validation/loss=0.125001, validation/num_examples=83274637
I0313 13:31:44.349472 140235363047168 logging_writer.py:48] [2600] global_step=2600, grad_norm=0.032073549926280975, loss=0.12317153811454773
I0313 13:33:01.927844 140235354654464 logging_writer.py:48] [2700] global_step=2700, grad_norm=0.047921087592840195, loss=0.12274328619241714
I0313 13:33:02.773575 140412216989504 spec.py:321] Evaluating on the training split.
I0313 13:36:18.027327 140412216989504 spec.py:333] Evaluating on the validation split.
I0313 13:38:57.617716 140412216989504 spec.py:349] Evaluating on the test split.
I0313 13:42:02.413579 140412216989504 submission_runner.py:420] Time since start: 10917.75s, 	Step: 2702, 	{'train/loss': 0.12489188223514917, 'validation/loss': 0.12534106208459442, 'validation/num_examples': 83274637, 'test/loss': 0.1275802810958059, 'test/num_examples': 95000000, 'score': 1825.5393612384796, 'total_duration': 10917.745633125305, 'accumulated_submission_time': 1825.5393612384796, 'accumulated_eval_time': 9091.789171218872, 'accumulated_logging_time': 0.32896971702575684}
I0313 13:42:02.427086 140235363047168 logging_writer.py:48] [2702] accumulated_eval_time=9091.789171, accumulated_logging_time=0.328970, accumulated_submission_time=1825.539361, global_step=2702, preemption_count=0, score=1825.539361, test/loss=0.127580, test/num_examples=95000000, total_duration=10917.745633, train/loss=0.124892, validation/loss=0.125341, validation/num_examples=83274637
I0313 13:43:02.552846 140235354654464 logging_writer.py:48] [2800] global_step=2800, grad_norm=0.046090561896562576, loss=0.1284959316253662
I0313 13:44:02.423745 140412216989504 spec.py:321] Evaluating on the training split.
I0313 13:47:20.427346 140412216989504 spec.py:333] Evaluating on the validation split.
I0313 13:49:35.407268 140412216989504 spec.py:349] Evaluating on the test split.
I0313 13:52:37.526051 140412216989504 submission_runner.py:420] Time since start: 11552.86s, 	Step: 2878, 	{'train/loss': 0.12170016189228813, 'validation/loss': 0.12489830651807021, 'validation/num_examples': 83274637, 'test/loss': 0.12730023283305922, 'test/num_examples': 95000000, 'score': 1945.5233039855957, 'total_duration': 11552.858093500137, 'accumulated_submission_time': 1945.5233039855957, 'accumulated_eval_time': 9606.891416788101, 'accumulated_logging_time': 0.34966087341308594}
I0313 13:52:37.539484 140235363047168 logging_writer.py:48] [2878] accumulated_eval_time=9606.891417, accumulated_logging_time=0.349661, accumulated_submission_time=1945.523304, global_step=2878, preemption_count=0, score=1945.523304, test/loss=0.127300, test/num_examples=95000000, total_duration=11552.858094, train/loss=0.121700, validation/loss=0.124898, validation/num_examples=83274637
I0313 13:52:39.754131 140235354654464 logging_writer.py:48] [2900] global_step=2900, grad_norm=0.009070435538887978, loss=0.12944296002388
I0313 13:53:57.151331 140235363047168 logging_writer.py:48] [3000] global_step=3000, grad_norm=0.06067177653312683, loss=0.13111279904842377
I0313 13:54:37.705067 140412216989504 spec.py:321] Evaluating on the training split.
I0313 13:57:57.664115 140412216989504 spec.py:333] Evaluating on the validation split.
I0313 14:00:19.917573 140412216989504 spec.py:349] Evaluating on the test split.
I0313 14:03:19.761853 140412216989504 submission_runner.py:420] Time since start: 12195.09s, 	Step: 3053, 	{'train/loss': 0.12333059296855386, 'validation/loss': 0.1248150544981511, 'validation/num_examples': 83274637, 'test/loss': 0.1271365337890625, 'test/num_examples': 95000000, 'score': 2065.6756069660187, 'total_duration': 12195.09390592575, 'accumulated_submission_time': 2065.6756069660187, 'accumulated_eval_time': 10128.94816493988, 'accumulated_logging_time': 0.37065553665161133}
I0313 14:03:19.775366 140235354654464 logging_writer.py:48] [3053] accumulated_eval_time=10128.948165, accumulated_logging_time=0.370656, accumulated_submission_time=2065.675607, global_step=3053, preemption_count=0, score=2065.675607, test/loss=0.127137, test/num_examples=95000000, total_duration=12195.093906, train/loss=0.123331, validation/loss=0.124815, validation/num_examples=83274637
I0313 14:03:39.469592 140235363047168 logging_writer.py:48] [3100] global_step=3100, grad_norm=0.009896473959088326, loss=0.12225275486707687
I0313 14:04:55.571278 140235354654464 logging_writer.py:48] [3200] global_step=3200, grad_norm=0.04368220269680023, loss=0.12375926971435547
I0313 14:05:19.981848 140412216989504 spec.py:321] Evaluating on the training split.
I0313 14:08:16.481395 140412216989504 spec.py:333] Evaluating on the validation split.
I0313 14:10:48.971434 140412216989504 spec.py:349] Evaluating on the test split.
I0313 14:13:48.043451 140412216989504 submission_runner.py:420] Time since start: 12823.38s, 	Step: 3232, 	{'train/loss': 0.12390321665355619, 'validation/loss': 0.12488194909232238, 'validation/num_examples': 83274637, 'test/loss': 0.12720281060855262, 'test/num_examples': 95000000, 'score': 2185.8685386180878, 'total_duration': 12823.375492572784, 'accumulated_submission_time': 2185.8685386180878, 'accumulated_eval_time': 10637.009717226028, 'accumulated_logging_time': 0.3918793201446533}
I0313 14:13:48.057080 140235363047168 logging_writer.py:48] [3232] accumulated_eval_time=10637.009717, accumulated_logging_time=0.391879, accumulated_submission_time=2185.868539, global_step=3232, preemption_count=0, score=2185.868539, test/loss=0.127203, test/num_examples=95000000, total_duration=12823.375493, train/loss=0.123903, validation/loss=0.124882, validation/num_examples=83274637
I0313 14:14:24.488257 140235354654464 logging_writer.py:48] [3300] global_step=3300, grad_norm=0.016766196116805077, loss=0.12798166275024414
I0313 14:15:43.282088 140235363047168 logging_writer.py:48] [3400] global_step=3400, grad_norm=0.012344062328338623, loss=0.12014663219451904
I0313 14:15:48.589283 140412216989504 spec.py:321] Evaluating on the training split.
I0313 14:19:15.214010 140412216989504 spec.py:333] Evaluating on the validation split.
I0313 14:21:48.668367 140412216989504 spec.py:349] Evaluating on the test split.
I0313 14:24:49.020358 140412216989504 submission_runner.py:420] Time since start: 13484.35s, 	Step: 3408, 	{'train/loss': 0.12382420892797925, 'validation/loss': 0.12491677513397251, 'validation/num_examples': 83274637, 'test/loss': 0.12710357017886514, 'test/num_examples': 95000000, 'score': 2306.386968612671, 'total_duration': 13484.352406978607, 'accumulated_submission_time': 2306.386968612671, 'accumulated_eval_time': 11177.440727949142, 'accumulated_logging_time': 0.41340208053588867}
I0313 14:24:49.036977 140235354654464 logging_writer.py:48] [3408] accumulated_eval_time=11177.440728, accumulated_logging_time=0.413402, accumulated_submission_time=2306.386969, global_step=3408, preemption_count=0, score=2306.386969, test/loss=0.127104, test/num_examples=95000000, total_duration=13484.352407, train/loss=0.123824, validation/loss=0.124917, validation/num_examples=83274637
I0313 14:25:44.669389 140235363047168 logging_writer.py:48] [3500] global_step=3500, grad_norm=0.01310230977833271, loss=0.1260562241077423
I0313 14:26:49.101950 140412216989504 spec.py:321] Evaluating on the training split.
I0313 14:30:06.720583 140412216989504 spec.py:333] Evaluating on the validation split.
I0313 14:32:44.481290 140412216989504 spec.py:349] Evaluating on the test split.
I0313 14:35:45.166665 140412216989504 submission_runner.py:420] Time since start: 14140.50s, 	Step: 3584, 	{'train/loss': 0.12210141774852695, 'validation/loss': 0.12494081059083452, 'validation/num_examples': 83274637, 'test/loss': 0.1273806009662829, 'test/num_examples': 95000000, 'score': 2426.4390614032745, 'total_duration': 14140.498716831207, 'accumulated_submission_time': 2426.4390614032745, 'accumulated_eval_time': 11713.505402088165, 'accumulated_logging_time': 0.4371469020843506}
I0313 14:35:45.180424 140235354654464 logging_writer.py:48] [3584] accumulated_eval_time=11713.505402, accumulated_logging_time=0.437147, accumulated_submission_time=2426.439061, global_step=3584, preemption_count=0, score=2426.439061, test/loss=0.127381, test/num_examples=95000000, total_duration=14140.498717, train/loss=0.122101, validation/loss=0.124941, validation/num_examples=83274637
I0313 14:35:46.829018 140235363047168 logging_writer.py:48] [3600] global_step=3600, grad_norm=0.00942514929920435, loss=0.12211418151855469
I0313 14:36:57.385811 140235354654464 logging_writer.py:48] [3700] global_step=3700, grad_norm=0.004727795720100403, loss=0.12497343868017197
I0313 14:37:45.668254 140412216989504 spec.py:321] Evaluating on the training split.
I0313 14:40:53.793985 140412216989504 spec.py:333] Evaluating on the validation split.
I0313 14:43:33.813664 140412216989504 spec.py:349] Evaluating on the test split.
I0313 14:46:29.340559 140412216989504 submission_runner.py:420] Time since start: 14784.67s, 	Step: 3770, 	{'train/loss': 0.12387161371561717, 'validation/loss': 0.12451022476410832, 'validation/num_examples': 83274637, 'test/loss': 0.12680829857113488, 'test/num_examples': 95000000, 'score': 2546.913526058197, 'total_duration': 14784.672607421875, 'accumulated_submission_time': 2546.913526058197, 'accumulated_eval_time': 12237.177653312683, 'accumulated_logging_time': 0.4585399627685547}
I0313 14:46:29.353946 140235363047168 logging_writer.py:48] [3770] accumulated_eval_time=12237.177653, accumulated_logging_time=0.458540, accumulated_submission_time=2546.913526, global_step=3770, preemption_count=0, score=2546.913526, test/loss=0.126808, test/num_examples=95000000, total_duration=14784.672607, train/loss=0.123872, validation/loss=0.124510, validation/num_examples=83274637
I0313 14:46:34.894773 140235354654464 logging_writer.py:48] [3800] global_step=3800, grad_norm=0.012949806638062, loss=0.12357980757951736
I0313 14:47:56.499010 140235363047168 logging_writer.py:48] [3900] global_step=3900, grad_norm=0.03065025806427002, loss=0.11829204857349396
I0313 14:48:29.350739 140412216989504 spec.py:321] Evaluating on the training split.
I0313 14:51:57.839160 140412216989504 spec.py:333] Evaluating on the validation split.
I0313 14:54:37.249658 140412216989504 spec.py:349] Evaluating on the test split.
I0313 14:57:40.285237 140412216989504 submission_runner.py:420] Time since start: 15455.62s, 	Step: 3943, 	{'train/loss': 0.1250578743997235, 'validation/loss': 0.12464981435440503, 'validation/num_examples': 83274637, 'test/loss': 0.1268686580489309, 'test/num_examples': 95000000, 'score': 2666.8965351581573, 'total_duration': 15455.617283582687, 'accumulated_submission_time': 2666.8965351581573, 'accumulated_eval_time': 12788.11208820343, 'accumulated_logging_time': 0.4802253246307373}
I0313 14:57:40.299068 140235354654464 logging_writer.py:48] [3943] accumulated_eval_time=12788.112088, accumulated_logging_time=0.480225, accumulated_submission_time=2666.896535, global_step=3943, preemption_count=0, score=2666.896535, test/loss=0.126869, test/num_examples=95000000, total_duration=15455.617284, train/loss=0.125058, validation/loss=0.124650, validation/num_examples=83274637
I0313 14:58:07.914312 140235363047168 logging_writer.py:48] [4000] global_step=4000, grad_norm=0.009529897943139076, loss=0.12376109510660172
I0313 14:59:25.659008 140235354654464 logging_writer.py:48] [4100] global_step=4100, grad_norm=0.022971846163272858, loss=0.12185048311948776
I0313 14:59:40.304912 140412216989504 spec.py:321] Evaluating on the training split.
I0313 15:03:12.779468 140412216989504 spec.py:333] Evaluating on the validation split.
I0313 15:05:52.501442 140412216989504 spec.py:349] Evaluating on the test split.
I0313 15:08:51.930502 140412216989504 submission_runner.py:420] Time since start: 16127.26s, 	Step: 4122, 	{'train/loss': 0.12291659085583762, 'validation/loss': 0.12492308981808628, 'validation/num_examples': 83274637, 'test/loss': 0.1278794684004934, 'test/num_examples': 95000000, 'score': 2786.889313220978, 'total_duration': 16127.262543678284, 'accumulated_submission_time': 2786.889313220978, 'accumulated_eval_time': 13339.737609863281, 'accumulated_logging_time': 0.5014171600341797}
I0313 15:08:51.944241 140235363047168 logging_writer.py:48] [4122] accumulated_eval_time=13339.737610, accumulated_logging_time=0.501417, accumulated_submission_time=2786.889313, global_step=4122, preemption_count=0, score=2786.889313, test/loss=0.127879, test/num_examples=95000000, total_duration=16127.262544, train/loss=0.122917, validation/loss=0.124923, validation/num_examples=83274637
I0313 15:09:36.676362 140235354654464 logging_writer.py:48] [4200] global_step=4200, grad_norm=0.023565640673041344, loss=0.12624911963939667
I0313 15:10:52.272696 140412216989504 spec.py:321] Evaluating on the training split.
I0313 15:14:12.375925 140412216989504 spec.py:333] Evaluating on the validation split.
I0313 15:16:50.084462 140412216989504 spec.py:349] Evaluating on the test split.
I0313 15:19:57.476828 140412216989504 submission_runner.py:420] Time since start: 16792.81s, 	Step: 4300, 	{'train/loss': 0.12253544963427684, 'validation/loss': 0.1246359960725872, 'validation/num_examples': 83274637, 'test/loss': 0.12688369718338816, 'test/num_examples': 95000000, 'score': 2907.2045364379883, 'total_duration': 16792.80887746811, 'accumulated_submission_time': 2907.2045364379883, 'accumulated_eval_time': 13884.941725730896, 'accumulated_logging_time': 0.5227134227752686}
I0313 15:19:57.490410 140235363047168 logging_writer.py:48] [4300] accumulated_eval_time=13884.941726, accumulated_logging_time=0.522713, accumulated_submission_time=2907.204536, global_step=4300, preemption_count=0, score=2907.204536, test/loss=0.126884, test/num_examples=95000000, total_duration=16792.808877, train/loss=0.122535, validation/loss=0.124636, validation/num_examples=83274637
I0313 15:19:57.605531 140235354654464 logging_writer.py:48] [4300] global_step=4300, grad_norm=0.005354329943656921, loss=0.12115465849637985
I0313 15:20:59.018679 140235363047168 logging_writer.py:48] [4400] global_step=4400, grad_norm=0.007105941418558359, loss=0.12047343701124191
I0313 15:21:57.967847 140412216989504 spec.py:321] Evaluating on the training split.
I0313 15:25:22.386561 140412216989504 spec.py:333] Evaluating on the validation split.
I0313 15:28:03.920476 140412216989504 spec.py:349] Evaluating on the test split.
I0313 15:30:55.903621 140412216989504 submission_runner.py:420] Time since start: 17451.24s, 	Step: 4478, 	{'train/loss': 0.12502194666918717, 'validation/loss': 0.1247609821932487, 'validation/num_examples': 83274637, 'test/loss': 0.1272580874897204, 'test/num_examples': 95000000, 'score': 3027.667422056198, 'total_duration': 17451.23566007614, 'accumulated_submission_time': 3027.667422056198, 'accumulated_eval_time': 14422.877438545227, 'accumulated_logging_time': 0.5451195240020752}
I0313 15:30:55.919303 140235354654464 logging_writer.py:48] [4478] accumulated_eval_time=14422.877439, accumulated_logging_time=0.545120, accumulated_submission_time=3027.667422, global_step=4478, preemption_count=0, score=3027.667422, test/loss=0.127258, test/num_examples=95000000, total_duration=17451.235660, train/loss=0.125022, validation/loss=0.124761, validation/num_examples=83274637
I0313 15:30:58.138469 140235363047168 logging_writer.py:48] [4500] global_step=4500, grad_norm=0.013148361817002296, loss=0.12408627569675446
I0313 15:32:12.962526 140235354654464 logging_writer.py:48] [4600] global_step=4600, grad_norm=0.0058811130002141, loss=0.12432527542114258
I0313 15:32:55.915885 140412216989504 spec.py:321] Evaluating on the training split.
I0313 15:36:15.472002 140412216989504 spec.py:333] Evaluating on the validation split.
I0313 15:38:57.624104 140412216989504 spec.py:349] Evaluating on the test split.
I0313 15:41:59.991067 140412216989504 submission_runner.py:420] Time since start: 18115.32s, 	Step: 4660, 	{'train/loss': 0.125849908112355, 'validation/loss': 0.12463485940868992, 'validation/num_examples': 83274637, 'test/loss': 0.12702265807976973, 'test/num_examples': 95000000, 'score': 3147.6467897892, 'total_duration': 18115.323104143143, 'accumulated_submission_time': 3147.6467897892, 'accumulated_eval_time': 14966.952553272247, 'accumulated_logging_time': 0.5720090866088867}
I0313 15:42:00.005592 140235363047168 logging_writer.py:48] [4660] accumulated_eval_time=14966.952553, accumulated_logging_time=0.572009, accumulated_submission_time=3147.646790, global_step=4660, preemption_count=0, score=3147.646790, test/loss=0.127023, test/num_examples=95000000, total_duration=18115.323104, train/loss=0.125850, validation/loss=0.124635, validation/num_examples=83274637
I0313 15:42:14.117055 140235354654464 logging_writer.py:48] [4700] global_step=4700, grad_norm=0.004637918900698423, loss=0.13239270448684692
I0313 15:43:31.910728 140235363047168 logging_writer.py:48] [4800] global_step=4800, grad_norm=0.01962713524699211, loss=0.12196121364831924
I0313 15:44:00.647986 140412216989504 spec.py:321] Evaluating on the training split.
I0313 15:47:22.228920 140412216989504 spec.py:333] Evaluating on the validation split.
I0313 15:50:06.004973 140412216989504 spec.py:349] Evaluating on the test split.
I0313 15:53:03.885585 140412216989504 submission_runner.py:420] Time since start: 18779.22s, 	Step: 4843, 	{'train/loss': 0.12485123992715992, 'validation/loss': 0.12458424409147192, 'validation/num_examples': 83274637, 'test/loss': 0.1269167181332237, 'test/num_examples': 95000000, 'score': 3268.2762217521667, 'total_duration': 18779.21762752533, 'accumulated_submission_time': 3268.2762217521667, 'accumulated_eval_time': 15510.190085411072, 'accumulated_logging_time': 0.5935556888580322}
I0313 15:53:03.899641 140235354654464 logging_writer.py:48] [4843] accumulated_eval_time=15510.190085, accumulated_logging_time=0.593556, accumulated_submission_time=3268.276222, global_step=4843, preemption_count=0, score=3268.276222, test/loss=0.126917, test/num_examples=95000000, total_duration=18779.217628, train/loss=0.124851, validation/loss=0.124584, validation/num_examples=83274637
I0313 15:53:31.543180 140235363047168 logging_writer.py:48] [4900] global_step=4900, grad_norm=0.0058309054002165794, loss=0.12810780107975006
I0313 15:54:46.064818 140235354654464 logging_writer.py:48] [5000] global_step=5000, grad_norm=0.007906484417617321, loss=0.12993887066841125
I0313 15:55:04.471738 140412216989504 spec.py:321] Evaluating on the training split.
I0313 15:58:24.031359 140412216989504 spec.py:333] Evaluating on the validation split.
I0313 16:01:03.244019 140412216989504 spec.py:349] Evaluating on the test split.
I0313 16:04:06.070506 140412216989504 submission_runner.py:420] Time since start: 19441.40s, 	Step: 5025, 	{'train/loss': 0.12227598536736185, 'validation/loss': 0.12462849422220763, 'validation/num_examples': 83274637, 'test/loss': 0.12695161086554277, 'test/num_examples': 95000000, 'score': 3388.835000038147, 'total_duration': 19441.402559518814, 'accumulated_submission_time': 3388.835000038147, 'accumulated_eval_time': 16051.788796186447, 'accumulated_logging_time': 0.6148788928985596}
I0313 16:04:06.084390 140235363047168 logging_writer.py:48] [5025] accumulated_eval_time=16051.788796, accumulated_logging_time=0.614879, accumulated_submission_time=3388.835000, global_step=5025, preemption_count=0, score=3388.835000, test/loss=0.126952, test/num_examples=95000000, total_duration=19441.402560, train/loss=0.122276, validation/loss=0.124628, validation/num_examples=83274637
I0313 16:04:49.178182 140235354654464 logging_writer.py:48] [5100] global_step=5100, grad_norm=0.00652597239241004, loss=0.12941913306713104
I0313 16:06:03.295131 140235363047168 logging_writer.py:48] [5200] global_step=5200, grad_norm=0.00629099365323782, loss=0.11960567533969879
I0313 16:06:06.327775 140412216989504 spec.py:321] Evaluating on the training split.
I0313 16:09:28.649956 140412216989504 spec.py:333] Evaluating on the validation split.
I0313 16:12:08.850612 140412216989504 spec.py:349] Evaluating on the test split.
I0313 16:15:10.677034 140412216989504 submission_runner.py:420] Time since start: 20106.01s, 	Step: 5205, 	{'train/loss': 0.1194243619113036, 'validation/loss': 0.12414132380736541, 'validation/num_examples': 83274637, 'test/loss': 0.1265438617084704, 'test/num_examples': 95000000, 'score': 3509.062576532364, 'total_duration': 20106.009090423584, 'accumulated_submission_time': 3509.062576532364, 'accumulated_eval_time': 16596.137999773026, 'accumulated_logging_time': 0.6388421058654785}
I0313 16:15:10.690808 140235354654464 logging_writer.py:48] [5205] accumulated_eval_time=16596.138000, accumulated_logging_time=0.638842, accumulated_submission_time=3509.062577, global_step=5205, preemption_count=0, score=3509.062577, test/loss=0.126544, test/num_examples=95000000, total_duration=20106.009090, train/loss=0.119424, validation/loss=0.124141, validation/num_examples=83274637
I0313 16:16:07.179080 140235363047168 logging_writer.py:48] [5300] global_step=5300, grad_norm=0.06372389942407608, loss=0.1204301193356514
I0313 16:17:11.054718 140412216989504 spec.py:321] Evaluating on the training split.
I0313 16:20:24.181941 140412216989504 spec.py:333] Evaluating on the validation split.
I0313 16:23:02.388054 140412216989504 spec.py:349] Evaluating on the test split.
I0313 16:26:09.468533 140412216989504 submission_runner.py:420] Time since start: 20764.80s, 	Step: 5385, 	{'train/loss': 0.1242270162504799, 'validation/loss': 0.12431867255214289, 'validation/num_examples': 83274637, 'test/loss': 0.12665114111842105, 'test/num_examples': 95000000, 'score': 3629.4132442474365, 'total_duration': 20764.800588607788, 'accumulated_submission_time': 3629.4132442474365, 'accumulated_eval_time': 17134.551802396774, 'accumulated_logging_time': 0.6600420475006104}
I0313 16:26:09.486868 140235354654464 logging_writer.py:48] [5385] accumulated_eval_time=17134.551802, accumulated_logging_time=0.660042, accumulated_submission_time=3629.413244, global_step=5385, preemption_count=0, score=3629.413244, test/loss=0.126651, test/num_examples=95000000, total_duration=20764.800589, train/loss=0.124227, validation/loss=0.124319, validation/num_examples=83274637
I0313 16:26:11.034721 140235363047168 logging_writer.py:48] [5400] global_step=5400, grad_norm=0.022803252562880516, loss=0.11806701123714447
I0313 16:27:19.354569 140235354654464 logging_writer.py:48] [5500] global_step=5500, grad_norm=0.00603224104270339, loss=0.12168556451797485
I0313 16:28:10.005767 140412216989504 spec.py:321] Evaluating on the training split.
I0313 16:31:29.407843 140412216989504 spec.py:333] Evaluating on the validation split.
I0313 16:34:08.439534 140412216989504 spec.py:349] Evaluating on the test split.
I0313 16:37:11.346285 140412216989504 submission_runner.py:420] Time since start: 21426.68s, 	Step: 5567, 	{'train/loss': 0.1234444462746944, 'validation/loss': 0.12415471223563207, 'validation/num_examples': 83274637, 'test/loss': 0.12659543430304276, 'test/num_examples': 95000000, 'score': 3749.918417453766, 'total_duration': 21426.67833852768, 'accumulated_submission_time': 3749.918417453766, 'accumulated_eval_time': 17675.89226746559, 'accumulated_logging_time': 0.6861846446990967}
I0313 16:37:11.361120 140235363047168 logging_writer.py:48] [5567] accumulated_eval_time=17675.892267, accumulated_logging_time=0.686185, accumulated_submission_time=3749.918417, global_step=5567, preemption_count=0, score=3749.918417, test/loss=0.126595, test/num_examples=95000000, total_duration=21426.678339, train/loss=0.123444, validation/loss=0.124155, validation/num_examples=83274637
I0313 16:37:19.491077 140235354654464 logging_writer.py:48] [5600] global_step=5600, grad_norm=0.013336350210011005, loss=0.12859362363815308
I0313 16:38:38.964614 140235363047168 logging_writer.py:48] [5700] global_step=5700, grad_norm=0.018904848024249077, loss=0.11879940330982208
I0313 16:39:12.034948 140412216989504 spec.py:321] Evaluating on the training split.
I0313 16:42:32.201699 140412216989504 spec.py:333] Evaluating on the validation split.
I0313 16:45:09.403812 140412216989504 spec.py:349] Evaluating on the test split.
I0313 16:48:11.145610 140412216989504 submission_runner.py:420] Time since start: 22086.48s, 	Step: 5744, 	{'train/loss': 0.12252581583441428, 'validation/loss': 0.1241873344085678, 'validation/num_examples': 83274637, 'test/loss': 0.1266719728824013, 'test/num_examples': 95000000, 'score': 3870.579716682434, 'total_duration': 22086.477658748627, 'accumulated_submission_time': 3870.579716682434, 'accumulated_eval_time': 18215.002883434296, 'accumulated_logging_time': 0.7078261375427246}
I0313 16:48:11.159929 140235354654464 logging_writer.py:48] [5744] accumulated_eval_time=18215.002883, accumulated_logging_time=0.707826, accumulated_submission_time=3870.579717, global_step=5744, preemption_count=0, score=3870.579717, test/loss=0.126672, test/num_examples=95000000, total_duration=22086.477659, train/loss=0.122526, validation/loss=0.124187, validation/num_examples=83274637
I0313 16:48:38.162338 140235363047168 logging_writer.py:48] [5800] global_step=5800, grad_norm=0.020199738442897797, loss=0.12306994944810867
I0313 16:49:56.560889 140235354654464 logging_writer.py:48] [5900] global_step=5900, grad_norm=0.010616281069815159, loss=0.1302521675825119
I0313 16:50:11.470096 140412216989504 spec.py:321] Evaluating on the training split.
I0313 16:53:41.818313 140412216989504 spec.py:333] Evaluating on the validation split.
I0313 16:56:21.397765 140412216989504 spec.py:349] Evaluating on the test split.
I0313 16:59:23.905449 140412216989504 submission_runner.py:420] Time since start: 22759.24s, 	Step: 5920, 	{'train/loss': 0.12337710859500012, 'validation/loss': 0.12411380115404128, 'validation/num_examples': 83274637, 'test/loss': 0.12649988410773028, 'test/num_examples': 95000000, 'score': 3990.8730747699738, 'total_duration': 22759.237500190735, 'accumulated_submission_time': 3990.8730747699738, 'accumulated_eval_time': 18767.438177347183, 'accumulated_logging_time': 0.7333683967590332}
I0313 16:59:23.919466 140235363047168 logging_writer.py:48] [5920] accumulated_eval_time=18767.438177, accumulated_logging_time=0.733368, accumulated_submission_time=3990.873075, global_step=5920, preemption_count=0, score=3990.873075, test/loss=0.126500, test/num_examples=95000000, total_duration=22759.237500, train/loss=0.123377, validation/loss=0.124114, validation/num_examples=83274637
I0313 17:00:10.025282 140235354654464 logging_writer.py:48] [6000] global_step=6000, grad_norm=0.005531469825655222, loss=0.12645098567008972
I0313 17:01:24.058899 140412216989504 spec.py:321] Evaluating on the training split.
I0313 17:04:36.926784 140412216989504 spec.py:333] Evaluating on the validation split.
I0313 17:07:15.442400 140412216989504 spec.py:349] Evaluating on the test split.
I0313 17:10:15.878126 140412216989504 submission_runner.py:420] Time since start: 23411.21s, 	Step: 6100, 	{'train/loss': 0.12205509976161726, 'validation/loss': 0.12412515221368137, 'validation/num_examples': 83274637, 'test/loss': 0.1265815414165296, 'test/num_examples': 95000000, 'score': 4110.999460935593, 'total_duration': 23411.210180282593, 'accumulated_submission_time': 4110.999460935593, 'accumulated_eval_time': 19299.25735974312, 'accumulated_logging_time': 0.7545573711395264}
I0313 17:10:15.892234 140235363047168 logging_writer.py:48] [6100] accumulated_eval_time=19299.257360, accumulated_logging_time=0.754557, accumulated_submission_time=4110.999461, global_step=6100, preemption_count=0, score=4110.999461, test/loss=0.126582, test/num_examples=95000000, total_duration=23411.210180, train/loss=0.122055, validation/loss=0.124125, validation/num_examples=83274637
I0313 17:10:16.005392 140235354654464 logging_writer.py:48] [6100] global_step=6100, grad_norm=0.007334963418543339, loss=0.11364169418811798
I0313 17:11:17.629585 140235363047168 logging_writer.py:48] [6200] global_step=6200, grad_norm=0.013990974053740501, loss=0.13040542602539062
I0313 17:12:16.496281 140412216989504 spec.py:321] Evaluating on the training split.
I0313 17:15:39.933849 140412216989504 spec.py:333] Evaluating on the validation split.
I0313 17:18:20.366318 140412216989504 spec.py:349] Evaluating on the test split.
I0313 17:21:26.328450 140412216989504 submission_runner.py:420] Time since start: 24081.66s, 	Step: 6280, 	{'train/loss': 0.12269111152199454, 'validation/loss': 0.12401833847878631, 'validation/num_examples': 83274637, 'test/loss': 0.12641073582442433, 'test/num_examples': 95000000, 'score': 4231.5901963710785, 'total_duration': 24081.660502672195, 'accumulated_submission_time': 4231.5901963710785, 'accumulated_eval_time': 19849.08947825432, 'accumulated_logging_time': 0.7763080596923828}
I0313 17:21:26.346163 140235354654464 logging_writer.py:48] [6280] accumulated_eval_time=19849.089478, accumulated_logging_time=0.776308, accumulated_submission_time=4231.590196, global_step=6280, preemption_count=0, score=4231.590196, test/loss=0.126411, test/num_examples=95000000, total_duration=24081.660503, train/loss=0.122691, validation/loss=0.124018, validation/num_examples=83274637
I0313 17:21:28.370750 140235363047168 logging_writer.py:48] [6300] global_step=6300, grad_norm=0.02714395709335804, loss=0.11945921182632446
I0313 17:22:41.883780 140235354654464 logging_writer.py:48] [6400] global_step=6400, grad_norm=0.013295011594891548, loss=0.11907414346933365
I0313 17:23:26.467712 140412216989504 spec.py:321] Evaluating on the training split.
I0313 17:26:51.264443 140412216989504 spec.py:333] Evaluating on the validation split.
I0313 17:29:35.261035 140412216989504 spec.py:349] Evaluating on the test split.
I0313 17:32:39.393222 140412216989504 submission_runner.py:420] Time since start: 24754.73s, 	Step: 6458, 	{'train/loss': 0.12277615295266206, 'validation/loss': 0.1239687272867987, 'validation/num_examples': 83274637, 'test/loss': 0.12632911047491777, 'test/num_examples': 95000000, 'score': 4351.695854663849, 'total_duration': 24754.725270986557, 'accumulated_submission_time': 4351.695854663849, 'accumulated_eval_time': 20402.014936208725, 'accumulated_logging_time': 0.8041188716888428}
I0313 17:32:39.408979 140235363047168 logging_writer.py:48] [6458] accumulated_eval_time=20402.014936, accumulated_logging_time=0.804119, accumulated_submission_time=4351.695855, global_step=6458, preemption_count=0, score=4351.695855, test/loss=0.126329, test/num_examples=95000000, total_duration=24754.725271, train/loss=0.122776, validation/loss=0.123969, validation/num_examples=83274637
I0313 17:32:54.728796 140235354654464 logging_writer.py:48] [6500] global_step=6500, grad_norm=0.009181278757750988, loss=0.13156823813915253
I0313 17:34:12.838428 140235363047168 logging_writer.py:48] [6600] global_step=6600, grad_norm=0.016354605555534363, loss=0.1318402886390686
I0313 17:34:39.736049 140412216989504 spec.py:321] Evaluating on the training split.
I0313 17:38:04.411017 140412216989504 spec.py:333] Evaluating on the validation split.
I0313 17:40:45.045020 140412216989504 spec.py:349] Evaluating on the test split.
I0313 17:43:49.043024 140412216989504 submission_runner.py:420] Time since start: 25424.38s, 	Step: 6636, 	{'train/loss': 0.12192958257155223, 'validation/loss': 0.12390272304240688, 'validation/num_examples': 83274637, 'test/loss': 0.12626329016241777, 'test/num_examples': 95000000, 'score': 4472.008096218109, 'total_duration': 25424.37505888939, 'accumulated_submission_time': 4472.008096218109, 'accumulated_eval_time': 20951.32184123993, 'accumulated_logging_time': 0.8290243148803711}
I0313 17:43:49.058026 140235354654464 logging_writer.py:48] [6636] accumulated_eval_time=20951.321841, accumulated_logging_time=0.829024, accumulated_submission_time=4472.008096, global_step=6636, preemption_count=0, score=4472.008096, test/loss=0.126263, test/num_examples=95000000, total_duration=25424.375059, train/loss=0.121930, validation/loss=0.123903, validation/num_examples=83274637
I0313 17:44:22.172755 140235363047168 logging_writer.py:48] [6700] global_step=6700, grad_norm=0.008869215846061707, loss=0.12238988280296326
I0313 17:45:39.760802 140235354654464 logging_writer.py:48] [6800] global_step=6800, grad_norm=0.02594204619526863, loss=0.12326771020889282
I0313 17:45:49.097862 140412216989504 spec.py:321] Evaluating on the training split.
I0313 17:49:14.631521 140412216989504 spec.py:333] Evaluating on the validation split.
I0313 17:51:55.860560 140412216989504 spec.py:349] Evaluating on the test split.
I0313 17:54:59.750387 140412216989504 submission_runner.py:420] Time since start: 26095.08s, 	Step: 6813, 	{'train/loss': 0.12210595334803909, 'validation/loss': 0.12415843649946465, 'validation/num_examples': 83274637, 'test/loss': 0.12655404945518092, 'test/num_examples': 95000000, 'score': 4592.035045385361, 'total_duration': 26095.08243894577, 'accumulated_submission_time': 4592.035045385361, 'accumulated_eval_time': 21501.974306821823, 'accumulated_logging_time': 0.8511290550231934}
I0313 17:54:59.764750 140235363047168 logging_writer.py:48] [6813] accumulated_eval_time=21501.974307, accumulated_logging_time=0.851129, accumulated_submission_time=4592.035045, global_step=6813, preemption_count=0, score=4592.035045, test/loss=0.126554, test/num_examples=95000000, total_duration=26095.082439, train/loss=0.122106, validation/loss=0.124158, validation/num_examples=83274637
I0313 17:55:48.381436 140235354654464 logging_writer.py:48] [6900] global_step=6900, grad_norm=0.005782997701317072, loss=0.12079890817403793
I0313 17:57:00.327862 140412216989504 spec.py:321] Evaluating on the training split.
I0313 18:00:21.729786 140412216989504 spec.py:333] Evaluating on the validation split.
I0313 18:03:02.485228 140412216989504 spec.py:349] Evaluating on the test split.
I0313 18:06:00.572452 140412216989504 submission_runner.py:420] Time since start: 26755.90s, 	Step: 6994, 	{'train/loss': 0.1226234874518225, 'validation/loss': 0.12392160951512914, 'validation/num_examples': 83274637, 'test/loss': 0.1262784921875, 'test/num_examples': 95000000, 'score': 4712.584577083588, 'total_duration': 26755.904494524002, 'accumulated_submission_time': 4712.584577083588, 'accumulated_eval_time': 22042.21883559227, 'accumulated_logging_time': 0.8733363151550293}
I0313 18:06:00.586959 140235363047168 logging_writer.py:48] [6994] accumulated_eval_time=22042.218836, accumulated_logging_time=0.873336, accumulated_submission_time=4712.584577, global_step=6994, preemption_count=0, score=4712.584577, test/loss=0.126278, test/num_examples=95000000, total_duration=26755.904495, train/loss=0.122623, validation/loss=0.123922, validation/num_examples=83274637
I0313 18:06:01.285117 140235354654464 logging_writer.py:48] [7000] global_step=7000, grad_norm=0.0065383994951844215, loss=0.11927109211683273
I0313 18:07:07.952258 140235363047168 logging_writer.py:48] [7100] global_step=7100, grad_norm=0.010537244379520416, loss=0.12599514424800873
I0313 18:08:00.958004 140412216989504 spec.py:321] Evaluating on the training split.
I0313 18:11:26.187912 140412216989504 spec.py:333] Evaluating on the validation split.
I0313 18:14:06.473916 140412216989504 spec.py:349] Evaluating on the test split.
I0313 18:17:09.695910 140412216989504 submission_runner.py:420] Time since start: 27425.03s, 	Step: 7169, 	{'train/loss': 0.1214132299939604, 'validation/loss': 0.12395003578734454, 'validation/num_examples': 83274637, 'test/loss': 0.12632485773026317, 'test/num_examples': 95000000, 'score': 4832.942766189575, 'total_duration': 27425.027945756912, 'accumulated_submission_time': 4832.942766189575, 'accumulated_eval_time': 22590.956671714783, 'accumulated_logging_time': 0.8951373100280762}
I0313 18:17:09.710877 140235354654464 logging_writer.py:48] [7169] accumulated_eval_time=22590.956672, accumulated_logging_time=0.895137, accumulated_submission_time=4832.942766, global_step=7169, preemption_count=0, score=4832.942766, test/loss=0.126325, test/num_examples=95000000, total_duration=27425.027946, train/loss=0.121413, validation/loss=0.123950, validation/num_examples=83274637
I0313 18:17:16.102796 140235363047168 logging_writer.py:48] [7200] global_step=7200, grad_norm=0.011179820634424686, loss=0.12362922728061676
I0313 18:18:37.342596 140235354654464 logging_writer.py:48] [7300] global_step=7300, grad_norm=0.005597011651843786, loss=0.13018736243247986
I0313 18:19:10.409685 140412216989504 spec.py:321] Evaluating on the training split.
I0313 18:22:28.778759 140412216989504 spec.py:333] Evaluating on the validation split.
I0313 18:25:09.019868 140412216989504 spec.py:349] Evaluating on the test split.
I0313 18:28:09.140882 140412216989504 submission_runner.py:420] Time since start: 28084.47s, 	Step: 7343, 	{'train/loss': 0.12390692831960114, 'validation/loss': 0.12374680962424595, 'validation/num_examples': 83274637, 'test/loss': 0.1261030070518092, 'test/num_examples': 95000000, 'score': 4953.628441810608, 'total_duration': 28084.47293281555, 'accumulated_submission_time': 4953.628441810608, 'accumulated_eval_time': 23129.687811613083, 'accumulated_logging_time': 0.917670726776123}
I0313 18:28:09.155334 140235363047168 logging_writer.py:48] [7343] accumulated_eval_time=23129.687812, accumulated_logging_time=0.917671, accumulated_submission_time=4953.628442, global_step=7343, preemption_count=0, score=4953.628442, test/loss=0.126103, test/num_examples=95000000, total_duration=28084.472933, train/loss=0.123907, validation/loss=0.123747, validation/num_examples=83274637
I0313 18:28:37.106806 140235354654464 logging_writer.py:48] [7400] global_step=7400, grad_norm=0.0074973334558308125, loss=0.11573349684476852
I0313 18:29:55.330243 140235363047168 logging_writer.py:48] [7500] global_step=7500, grad_norm=0.006859855726361275, loss=0.1293204128742218
I0313 18:30:09.280244 140412216989504 spec.py:321] Evaluating on the training split.
I0313 18:33:33.465838 140412216989504 spec.py:333] Evaluating on the validation split.
I0313 18:36:12.908247 140412216989504 spec.py:349] Evaluating on the test split.
I0313 18:39:14.120523 140412216989504 submission_runner.py:420] Time since start: 28749.45s, 	Step: 7520, 	{'train/loss': 0.12312518485452768, 'validation/loss': 0.12385541567430332, 'validation/num_examples': 83274637, 'test/loss': 0.12621207375616778, 'test/num_examples': 95000000, 'score': 5073.737655878067, 'total_duration': 28749.45256137848, 'accumulated_submission_time': 5073.737655878067, 'accumulated_eval_time': 23674.528027772903, 'accumulated_logging_time': 0.9421184062957764}
I0313 18:39:14.135430 140235354654464 logging_writer.py:48] [7520] accumulated_eval_time=23674.528028, accumulated_logging_time=0.942118, accumulated_submission_time=5073.737656, global_step=7520, preemption_count=0, score=5073.737656, test/loss=0.126212, test/num_examples=95000000, total_duration=28749.452561, train/loss=0.123125, validation/loss=0.123855, validation/num_examples=83274637
I0313 18:39:59.916804 140235363047168 logging_writer.py:48] [7600] global_step=7600, grad_norm=0.008074706420302391, loss=0.11606063693761826
I0313 18:41:14.749733 140412216989504 spec.py:321] Evaluating on the training split.
I0313 18:44:41.525480 140412216989504 spec.py:333] Evaluating on the validation split.
I0313 18:47:19.585871 140412216989504 spec.py:349] Evaluating on the test split.
I0313 18:50:21.659441 140412216989504 submission_runner.py:420] Time since start: 29416.99s, 	Step: 7697, 	{'train/loss': 0.12258872778723075, 'validation/loss': 0.12390020446178888, 'validation/num_examples': 83274637, 'test/loss': 0.12629738238075658, 'test/num_examples': 95000000, 'score': 5194.339241266251, 'total_duration': 29416.991481542587, 'accumulated_submission_time': 5194.339241266251, 'accumulated_eval_time': 24221.437679052353, 'accumulated_logging_time': 0.9639968872070312}
I0313 18:50:21.674021 140235354654464 logging_writer.py:48] [7697] accumulated_eval_time=24221.437679, accumulated_logging_time=0.963997, accumulated_submission_time=5194.339241, global_step=7697, preemption_count=0, score=5194.339241, test/loss=0.126297, test/num_examples=95000000, total_duration=29416.991482, train/loss=0.122589, validation/loss=0.123900, validation/num_examples=83274637
I0313 18:50:22.085034 140235363047168 logging_writer.py:48] [7700] global_step=7700, grad_norm=0.006675051990896463, loss=0.12449771910905838
I0313 18:51:25.055580 140235354654464 logging_writer.py:48] [7800] global_step=7800, grad_norm=0.008349892683327198, loss=0.11555251479148865
I0313 18:52:22.213913 140412216989504 spec.py:321] Evaluating on the training split.
I0313 18:55:40.216792 140412216989504 spec.py:333] Evaluating on the validation split.
I0313 18:58:14.023314 140412216989504 spec.py:349] Evaluating on the test split.
I0313 19:01:12.028196 140412216989504 submission_runner.py:420] Time since start: 30067.36s, 	Step: 7875, 	{'train/loss': 0.12288032229638325, 'validation/loss': 0.12372574837752107, 'validation/num_examples': 83274637, 'test/loss': 0.12604254712171054, 'test/num_examples': 95000000, 'score': 5314.863927364349, 'total_duration': 30067.360248565674, 'accumulated_submission_time': 5314.863927364349, 'accumulated_eval_time': 24751.25191283226, 'accumulated_logging_time': 0.9881429672241211}
I0313 19:01:12.044241 140235363047168 logging_writer.py:48] [7875] accumulated_eval_time=24751.251913, accumulated_logging_time=0.988143, accumulated_submission_time=5314.863927, global_step=7875, preemption_count=0, score=5314.863927, test/loss=0.126043, test/num_examples=95000000, total_duration=30067.360249, train/loss=0.122880, validation/loss=0.123726, validation/num_examples=83274637
I0313 19:01:14.539110 140235354654464 logging_writer.py:48] [7900] global_step=7900, grad_norm=0.0058765416033566, loss=0.11952848732471466
I0313 19:02:32.897002 140235363047168 logging_writer.py:48] [8000] global_step=8000, grad_norm=0.00646514818072319, loss=0.1316034197807312
I0313 19:03:12.173293 140412216989504 spec.py:321] Evaluating on the training split.
I0313 19:06:30.696381 140412216989504 spec.py:333] Evaluating on the validation split.
I0313 19:09:09.897017 140412216989504 spec.py:349] Evaluating on the test split.
I0313 19:12:12.772161 140412216989504 submission_runner.py:420] Time since start: 30728.10s, 	Step: 8052, 	{'train/loss': 0.12319176278586658, 'validation/loss': 0.12377579833558747, 'validation/num_examples': 83274637, 'test/loss': 0.12608292330386514, 'test/num_examples': 95000000, 'score': 5434.98015499115, 'total_duration': 30728.104213237762, 'accumulated_submission_time': 5434.98015499115, 'accumulated_eval_time': 25291.850727558136, 'accumulated_logging_time': 1.0113427639007568}
I0313 19:12:12.786978 140235354654464 logging_writer.py:48] [8052] accumulated_eval_time=25291.850728, accumulated_logging_time=1.011343, accumulated_submission_time=5434.980155, global_step=8052, preemption_count=0, score=5434.980155, test/loss=0.126083, test/num_examples=95000000, total_duration=30728.104213, train/loss=0.123192, validation/loss=0.123776, validation/num_examples=83274637
I0313 19:12:29.716117 140235363047168 logging_writer.py:48] [8100] global_step=8100, grad_norm=0.0088612399995327, loss=0.11351249366998672
I0313 19:13:48.132001 140235354654464 logging_writer.py:48] [8200] global_step=8200, grad_norm=0.012977886945009232, loss=0.1327231228351593
I0313 19:14:13.334778 140412216989504 spec.py:321] Evaluating on the training split.
I0313 19:17:36.564862 140412216989504 spec.py:333] Evaluating on the validation split.
I0313 19:20:17.215458 140412216989504 spec.py:349] Evaluating on the test split.
I0313 19:23:15.673363 140412216989504 submission_runner.py:420] Time since start: 31391.01s, 	Step: 8234, 	{'train/loss': 0.12030185303363786, 'validation/loss': 0.12373582030768301, 'validation/num_examples': 83274637, 'test/loss': 0.1261384195106908, 'test/num_examples': 95000000, 'score': 5555.511506319046, 'total_duration': 31391.005412340164, 'accumulated_submission_time': 5555.511506319046, 'accumulated_eval_time': 25834.18929052353, 'accumulated_logging_time': 1.0366320610046387}
I0313 19:23:15.688359 140235363047168 logging_writer.py:48] [8234] accumulated_eval_time=25834.189291, accumulated_logging_time=1.036632, accumulated_submission_time=5555.511506, global_step=8234, preemption_count=0, score=5555.511506, test/loss=0.126138, test/num_examples=95000000, total_duration=31391.005412, train/loss=0.120302, validation/loss=0.123736, validation/num_examples=83274637
I0313 19:23:50.614098 140235354654464 logging_writer.py:48] [8300] global_step=8300, grad_norm=0.010996833443641663, loss=0.11954325437545776
I0313 19:25:04.689572 140235363047168 logging_writer.py:48] [8400] global_step=8400, grad_norm=0.00615795748308301, loss=0.11885491013526917
I0313 19:25:16.392573 140412216989504 spec.py:321] Evaluating on the training split.
I0313 19:28:45.565665 140412216989504 spec.py:333] Evaluating on the validation split.
I0313 19:31:19.409162 140412216989504 spec.py:349] Evaluating on the test split.
I0313 19:34:21.777214 140412216989504 submission_runner.py:420] Time since start: 32057.11s, 	Step: 8416, 	{'train/loss': 0.12350531009102017, 'validation/loss': 0.12371821569683224, 'validation/num_examples': 83274637, 'test/loss': 0.12604274164268092, 'test/num_examples': 95000000, 'score': 5676.200478792191, 'total_duration': 32057.109263181686, 'accumulated_submission_time': 5676.200478792191, 'accumulated_eval_time': 26379.57387113571, 'accumulated_logging_time': 1.0609583854675293}
I0313 19:34:21.791741 140235354654464 logging_writer.py:48] [8416] accumulated_eval_time=26379.573871, accumulated_logging_time=1.060958, accumulated_submission_time=5676.200479, global_step=8416, preemption_count=0, score=5676.200479, test/loss=0.126043, test/num_examples=95000000, total_duration=32057.109263, train/loss=0.123505, validation/loss=0.123718, validation/num_examples=83274637
I0313 19:35:11.345393 140235363047168 logging_writer.py:48] [8500] global_step=8500, grad_norm=0.005402910057455301, loss=0.12067863345146179
I0313 19:36:22.348482 140412216989504 spec.py:321] Evaluating on the training split.
I0313 19:39:42.682099 140412216989504 spec.py:333] Evaluating on the validation split.
I0313 19:42:21.675008 140412216989504 spec.py:349] Evaluating on the test split.
I0313 19:45:23.866833 140412216989504 submission_runner.py:420] Time since start: 32719.20s, 	Step: 8592, 	{'train/loss': 0.11987802426114022, 'validation/loss': 0.12362843281709719, 'validation/num_examples': 83274637, 'test/loss': 0.12596203797286185, 'test/num_examples': 95000000, 'score': 5796.7442128658295, 'total_duration': 32719.198880910873, 'accumulated_submission_time': 5796.7442128658295, 'accumulated_eval_time': 26921.09217262268, 'accumulated_logging_time': 1.082719326019287}
I0313 19:45:23.884941 140235354654464 logging_writer.py:48] [8592] accumulated_eval_time=26921.092173, accumulated_logging_time=1.082719, accumulated_submission_time=5796.744213, global_step=8592, preemption_count=0, score=5796.744213, test/loss=0.125962, test/num_examples=95000000, total_duration=32719.198881, train/loss=0.119878, validation/loss=0.123628, validation/num_examples=83274637
I0313 19:45:23.900965 140235363047168 logging_writer.py:48] [8592] global_step=8592, preemption_count=0, score=5796.744213
I0313 19:45:29.493320 140412216989504 checkpoints.py:490] Saving checkpoint at step: 8592
I0313 19:46:03.996722 140412216989504 checkpoints.py:422] Saved checkpoint at /experiment_runs/prize_qualification_self_tuning/study_1/criteo1tb_jax/trial_1/checkpoint_8592
I0313 19:46:04.323252 140412216989504 checkpoint_utils.py:240] Saved checkpoint to /experiment_runs/prize_qualification_self_tuning/study_1/criteo1tb_jax/trial_1/checkpoint_8592.
I0313 19:46:04.742422 140412216989504 submission_runner.py:683] Final criteo1tb score: 5796.7442128658295
