python3 submission_runner.py --framework=jax --workload=criteo1tb --submission_path=prize_qualification_baselines/self_tuning/jax_nadamw_full_budget.py --data_dir=/data/criteo1tb --num_tuning_trials=1 --experiment_dir=/experiment_runs --experiment_name=prize_qualification_self_tuning/study_3 --overwrite=true --save_checkpoints=false --rng_seed=2795563892 --max_global_steps=31998 --tuning_ruleset=self 2>&1 | tee -a /logs/criteo1tb_jax_03-16-2024-12-03-01.log
I0316 12:03:20.734014 140200861927232 logger_utils.py:61] Removing existing experiment directory /experiment_runs/prize_qualification_self_tuning/study_3/criteo1tb_jax because --overwrite was set.
I0316 12:03:20.739607 140200861927232 logger_utils.py:76] Creating experiment directory at /experiment_runs/prize_qualification_self_tuning/study_3/criteo1tb_jax.
I0316 12:03:22.408156 140200861927232 xla_bridge.py:455] Unable to initialize backend 'rocm': NOT_FOUND: Could not find registered platform with name: "rocm". Available platform names are: Host Interpreter CUDA
I0316 12:03:22.409159 140200861927232 xla_bridge.py:455] Unable to initialize backend 'tpu': module 'jaxlib.xla_extension' has no attribute 'get_tpu_client'
I0316 12:03:22.409468 140200861927232 xla_bridge.py:455] Unable to initialize backend 'plugin': xla_extension has no attributes named get_plugin_device_client. Compile TensorFlow with //tensorflow/compiler/xla/python:enable_plugin_device set to true (defaults to false) to enable this.
I0316 12:03:23.372878 140200861927232 submission_runner.py:612] Creating directory at /experiment_runs/prize_qualification_self_tuning/study_3/criteo1tb_jax/trial_1.
I0316 12:03:23.574782 140200861927232 submission_runner.py:209] Initializing dataset.
I0316 12:03:23.575061 140200861927232 submission_runner.py:220] Initializing model.
I0316 12:03:30.180196 140200861927232 submission_runner.py:262] Initializing optimizer.
I0316 12:03:33.506942 140200861927232 submission_runner.py:269] Initializing metrics bundle.
I0316 12:03:33.507226 140200861927232 submission_runner.py:287] Initializing checkpoint and logger.
I0316 12:03:33.508341 140200861927232 checkpoints.py:915] Found no checkpoint files in /experiment_runs/prize_qualification_self_tuning/study_3/criteo1tb_jax/trial_1 with prefix checkpoint_
I0316 12:03:33.508534 140200861927232 submission_runner.py:307] Saving meta data to /experiment_runs/prize_qualification_self_tuning/study_3/criteo1tb_jax/trial_1/meta_data_0.json.
I0316 12:03:33.508776 140200861927232 logger_utils.py:257] Unable to record workload.train_mean information. Continuing without it.
I0316 12:03:33.508846 140200861927232 logger_utils.py:257] Unable to record workload.train_stddev information. Continuing without it.
fatal: detected dubious ownership in repository at '/algorithmic-efficiency'
To add an exception for this directory, call:

	git config --global --add safe.directory /algorithmic-efficiency
I0316 12:03:33.826880 140200861927232 logger_utils.py:220] Unable to record git information. Continuing without it.
I0316 12:03:34.139177 140200861927232 submission_runner.py:311] Saving flags to /experiment_runs/prize_qualification_self_tuning/study_3/criteo1tb_jax/trial_1/flags_0.json.
I0316 12:03:34.237942 140200861927232 submission_runner.py:321] Starting training loop.
I0316 12:03:54.642309 140038844180224 logging_writer.py:48] [0] global_step=0, grad_norm=4.4073896408081055, loss=0.7080874443054199
I0316 12:03:54.653436 140200861927232 spec.py:321] Evaluating on the training split.
I0316 12:08:03.494110 140200861927232 spec.py:333] Evaluating on the validation split.
I0316 12:12:14.647331 140200861927232 spec.py:349] Evaluating on the test split.
I0316 12:16:55.577745 140200861927232 submission_runner.py:420] Time since start: 801.34s, 	Step: 1, 	{'train/loss': 0.7075171364740755, 'validation/loss': 0.7065163343942286, 'validation/num_examples': 83274637, 'test/loss': 0.7073875930098684, 'test/num_examples': 95000000, 'score': 20.415497541427612, 'total_duration': 801.339747428894, 'accumulated_submission_time': 20.415497541427612, 'accumulated_eval_time': 780.9242124557495, 'accumulated_logging_time': 0}
I0316 12:16:55.596121 140024020449024 logging_writer.py:48] [1] accumulated_eval_time=780.924212, accumulated_logging_time=0, accumulated_submission_time=20.415498, global_step=1, preemption_count=0, score=20.415498, test/loss=0.707388, test/num_examples=95000000, total_duration=801.339747, train/loss=0.707517, validation/loss=0.706516, validation/num_examples=83274637
I0316 12:17:53.691082 140024012056320 logging_writer.py:48] [100] global_step=100, grad_norm=0.10371735692024231, loss=0.12664556503295898
I0316 12:18:55.865573 140200861927232 spec.py:321] Evaluating on the training split.
I0316 12:22:53.045112 140200861927232 spec.py:333] Evaluating on the validation split.
I0316 12:25:56.342613 140200861927232 spec.py:349] Evaluating on the test split.
I0316 12:29:27.053868 140200861927232 submission_runner.py:420] Time since start: 1552.82s, 	Step: 183, 	{'train/loss': 0.12718713880991037, 'validation/loss': 0.12892047936042603, 'validation/num_examples': 83274637, 'test/loss': 0.1318383534745066, 'test/num_examples': 95000000, 'score': 140.66957092285156, 'total_duration': 1552.8158721923828, 'accumulated_submission_time': 140.66957092285156, 'accumulated_eval_time': 1412.1124548912048, 'accumulated_logging_time': 0.027562856674194336}
I0316 12:29:27.067039 140024020449024 logging_writer.py:48] [183] accumulated_eval_time=1412.112455, accumulated_logging_time=0.027563, accumulated_submission_time=140.669571, global_step=183, preemption_count=0, score=140.669571, test/loss=0.131838, test/num_examples=95000000, total_duration=1552.815872, train/loss=0.127187, validation/loss=0.128920, validation/num_examples=83274637
I0316 12:29:28.817290 140024012056320 logging_writer.py:48] [200] global_step=200, grad_norm=0.059609729796648026, loss=0.12568417191505432
I0316 12:30:42.537480 140024020449024 logging_writer.py:48] [300] global_step=300, grad_norm=0.010365392081439495, loss=0.1220967024564743
I0316 12:31:27.470510 140200861927232 spec.py:321] Evaluating on the training split.
I0316 12:35:20.496806 140200861927232 spec.py:333] Evaluating on the validation split.
I0316 12:38:21.710941 140200861927232 spec.py:349] Evaluating on the test split.
I0316 12:41:49.856626 140200861927232 submission_runner.py:420] Time since start: 2295.62s, 	Step: 357, 	{'train/loss': 0.13018331713037296, 'validation/loss': 0.1277769713631602, 'validation/num_examples': 83274637, 'test/loss': 0.13045744253700658, 'test/num_examples': 95000000, 'score': 261.05939412117004, 'total_duration': 2295.6186287403107, 'accumulated_submission_time': 261.05939412117004, 'accumulated_eval_time': 2034.4985084533691, 'accumulated_logging_time': 0.04827094078063965}
I0316 12:41:49.869729 140024012056320 logging_writer.py:48] [357] accumulated_eval_time=2034.498508, accumulated_logging_time=0.048271, accumulated_submission_time=261.059394, global_step=357, preemption_count=0, score=261.059394, test/loss=0.130457, test/num_examples=95000000, total_duration=2295.618629, train/loss=0.130183, validation/loss=0.127777, validation/num_examples=83274637
I0316 12:42:06.062714 140024020449024 logging_writer.py:48] [400] global_step=400, grad_norm=0.04421311244368553, loss=0.12639197707176208
I0316 12:43:25.243232 140024012056320 logging_writer.py:48] [500] global_step=500, grad_norm=0.02943876013159752, loss=0.1302626132965088
I0316 12:43:50.155946 140200861927232 spec.py:321] Evaluating on the training split.
I0316 12:47:35.318274 140200861927232 spec.py:333] Evaluating on the validation split.
I0316 12:50:35.660951 140200861927232 spec.py:349] Evaluating on the test split.
I0316 12:54:02.989197 140200861927232 submission_runner.py:420] Time since start: 3028.75s, 	Step: 537, 	{'train/loss': 0.12623070417054044, 'validation/loss': 0.1273617779289393, 'validation/num_examples': 83274637, 'test/loss': 0.1297183601459704, 'test/num_examples': 95000000, 'score': 381.33195638656616, 'total_duration': 3028.751186609268, 'accumulated_submission_time': 381.33195638656616, 'accumulated_eval_time': 2647.331680059433, 'accumulated_logging_time': 0.06904029846191406}
I0316 12:54:03.005741 140024020449024 logging_writer.py:48] [537] accumulated_eval_time=2647.331680, accumulated_logging_time=0.069040, accumulated_submission_time=381.331956, global_step=537, preemption_count=0, score=381.331956, test/loss=0.129718, test/num_examples=95000000, total_duration=3028.751187, train/loss=0.126231, validation/loss=0.127362, validation/num_examples=83274637
I0316 12:54:34.156693 140024012056320 logging_writer.py:48] [600] global_step=600, grad_norm=0.005786222405731678, loss=0.12046848237514496
I0316 12:55:52.919411 140024020449024 logging_writer.py:48] [700] global_step=700, grad_norm=0.01840652897953987, loss=0.12634962797164917
I0316 12:56:03.478996 140200861927232 spec.py:321] Evaluating on the training split.
I0316 12:59:41.047173 140200861927232 spec.py:333] Evaluating on the validation split.
I0316 13:02:40.150892 140200861927232 spec.py:349] Evaluating on the test split.
I0316 13:06:05.746258 140200861927232 submission_runner.py:420] Time since start: 3751.51s, 	Step: 714, 	{'train/loss': 0.12600304434696832, 'validation/loss': 0.12654299951041628, 'validation/num_examples': 83274637, 'test/loss': 0.1287761107319079, 'test/num_examples': 95000000, 'score': 501.79072880744934, 'total_duration': 3751.5082404613495, 'accumulated_submission_time': 501.79072880744934, 'accumulated_eval_time': 3249.5988550186157, 'accumulated_logging_time': 0.09387540817260742}
I0316 13:06:05.761227 140024012056320 logging_writer.py:48] [714] accumulated_eval_time=3249.598855, accumulated_logging_time=0.093875, accumulated_submission_time=501.790729, global_step=714, preemption_count=0, score=501.790729, test/loss=0.128776, test/num_examples=95000000, total_duration=3751.508240, train/loss=0.126003, validation/loss=0.126543, validation/num_examples=83274637
I0316 13:06:55.988541 140024020449024 logging_writer.py:48] [800] global_step=800, grad_norm=0.0348953902721405, loss=0.12097597867250443
I0316 13:08:05.926526 140200861927232 spec.py:321] Evaluating on the training split.
I0316 13:11:34.668433 140200861927232 spec.py:333] Evaluating on the validation split.
I0316 13:14:30.014428 140200861927232 spec.py:349] Evaluating on the test split.
I0316 13:17:50.660831 140200861927232 submission_runner.py:420] Time since start: 4456.42s, 	Step: 889, 	{'train/loss': 0.12664421780163762, 'validation/loss': 0.12693297992593058, 'validation/num_examples': 83274637, 'test/loss': 0.12932025737047698, 'test/num_examples': 95000000, 'score': 621.9414341449738, 'total_duration': 4456.42281794548, 'accumulated_submission_time': 621.9414341449738, 'accumulated_eval_time': 3834.3330936431885, 'accumulated_logging_time': 0.11737275123596191}
I0316 13:17:50.675582 140024012056320 logging_writer.py:48] [889] accumulated_eval_time=3834.333094, accumulated_logging_time=0.117373, accumulated_submission_time=621.941434, global_step=889, preemption_count=0, score=621.941434, test/loss=0.129320, test/num_examples=95000000, total_duration=4456.422818, train/loss=0.126644, validation/loss=0.126933, validation/num_examples=83274637
I0316 13:17:51.850232 140024020449024 logging_writer.py:48] [900] global_step=900, grad_norm=0.012612062506377697, loss=0.12574845552444458
I0316 13:18:58.888884 140024012056320 logging_writer.py:48] [1000] global_step=1000, grad_norm=0.03339704871177673, loss=0.13155031204223633
I0316 13:19:51.073663 140200861927232 spec.py:321] Evaluating on the training split.
I0316 13:22:57.398693 140200861927232 spec.py:333] Evaluating on the validation split.
I0316 13:25:43.007831 140200861927232 spec.py:349] Evaluating on the test split.
I0316 13:28:55.589821 140200861927232 submission_runner.py:420] Time since start: 5121.35s, 	Step: 1069, 	{'train/loss': 0.1271526435003528, 'validation/loss': 0.1278378501184768, 'validation/num_examples': 83274637, 'test/loss': 0.1301694638363487, 'test/num_examples': 95000000, 'score': 742.3252635002136, 'total_duration': 5121.351807594299, 'accumulated_submission_time': 742.3252635002136, 'accumulated_eval_time': 4378.849170207977, 'accumulated_logging_time': 0.1401965618133545}
I0316 13:28:55.604147 140024020449024 logging_writer.py:48] [1069] accumulated_eval_time=4378.849170, accumulated_logging_time=0.140197, accumulated_submission_time=742.325264, global_step=1069, preemption_count=0, score=742.325264, test/loss=0.130169, test/num_examples=95000000, total_duration=5121.351808, train/loss=0.127153, validation/loss=0.127838, validation/num_examples=83274637
I0316 13:29:02.157279 140024012056320 logging_writer.py:48] [1100] global_step=1100, grad_norm=0.012081907130777836, loss=0.12793505191802979
I0316 13:30:18.226289 140024020449024 logging_writer.py:48] [1200] global_step=1200, grad_norm=0.009121255949139595, loss=0.11979329586029053
I0316 13:30:55.648424 140200861927232 spec.py:321] Evaluating on the training split.
I0316 13:34:03.270392 140200861927232 spec.py:333] Evaluating on the validation split.
I0316 13:36:40.008147 140200861927232 spec.py:349] Evaluating on the test split.
I0316 13:39:47.995105 140200861927232 submission_runner.py:420] Time since start: 5773.76s, 	Step: 1254, 	{'train/loss': 0.12425608497183278, 'validation/loss': 0.125565447074868, 'validation/num_examples': 83274637, 'test/loss': 0.12805325867598685, 'test/num_examples': 95000000, 'score': 862.3552062511444, 'total_duration': 5773.757102012634, 'accumulated_submission_time': 862.3552062511444, 'accumulated_eval_time': 4911.195806980133, 'accumulated_logging_time': 0.16225385665893555}
I0316 13:39:48.008738 140024012056320 logging_writer.py:48] [1254] accumulated_eval_time=4911.195807, accumulated_logging_time=0.162254, accumulated_submission_time=862.355206, global_step=1254, preemption_count=0, score=862.355206, test/loss=0.128053, test/num_examples=95000000, total_duration=5773.757102, train/loss=0.124256, validation/loss=0.125565, validation/num_examples=83274637
I0316 13:40:06.720766 140024020449024 logging_writer.py:48] [1300] global_step=1300, grad_norm=0.03893512114882469, loss=0.1360522359609604
I0316 13:41:22.709319 140024012056320 logging_writer.py:48] [1400] global_step=1400, grad_norm=0.04171888902783394, loss=0.13143442571163177
I0316 13:41:48.209975 140200861927232 spec.py:321] Evaluating on the training split.
I0316 13:45:07.220200 140200861927232 spec.py:333] Evaluating on the validation split.
I0316 13:47:58.335850 140200861927232 spec.py:349] Evaluating on the test split.
I0316 13:50:52.560848 140200861927232 submission_runner.py:420] Time since start: 6438.32s, 	Step: 1434, 	{'train/loss': 0.1224136979629596, 'validation/loss': 0.12571000161733667, 'validation/num_examples': 83274637, 'test/loss': 0.1281122845497533, 'test/num_examples': 95000000, 'score': 982.542487859726, 'total_duration': 6438.3228328228, 'accumulated_submission_time': 982.542487859726, 'accumulated_eval_time': 5455.546610832214, 'accumulated_logging_time': 0.18364357948303223}
I0316 13:50:52.573950 140024020449024 logging_writer.py:48] [1434] accumulated_eval_time=5455.546611, accumulated_logging_time=0.183644, accumulated_submission_time=982.542488, global_step=1434, preemption_count=0, score=982.542488, test/loss=0.128112, test/num_examples=95000000, total_duration=6438.322833, train/loss=0.122414, validation/loss=0.125710, validation/num_examples=83274637
I0316 13:51:27.210038 140024012056320 logging_writer.py:48] [1500] global_step=1500, grad_norm=0.034444019198417664, loss=0.12839965522289276
I0316 13:52:46.588483 140024020449024 logging_writer.py:48] [1600] global_step=1600, grad_norm=0.013148672878742218, loss=0.12607082724571228
I0316 13:52:52.961476 140200861927232 spec.py:321] Evaluating on the training split.
I0316 13:56:22.151471 140200861927232 spec.py:333] Evaluating on the validation split.
I0316 13:59:04.208040 140200861927232 spec.py:349] Evaluating on the test split.
I0316 14:01:51.133579 140200861927232 submission_runner.py:420] Time since start: 7096.90s, 	Step: 1609, 	{'train/loss': 0.1236820129455073, 'validation/loss': 0.1255223536084451, 'validation/num_examples': 83274637, 'test/loss': 0.1278192471011513, 'test/num_examples': 95000000, 'score': 1102.916160583496, 'total_duration': 7096.895583152771, 'accumulated_submission_time': 1102.916160583496, 'accumulated_eval_time': 5993.718648195267, 'accumulated_logging_time': 0.20444798469543457}
I0316 14:01:51.146905 140024012056320 logging_writer.py:48] [1609] accumulated_eval_time=5993.718648, accumulated_logging_time=0.204448, accumulated_submission_time=1102.916161, global_step=1609, preemption_count=0, score=1102.916161, test/loss=0.127819, test/num_examples=95000000, total_duration=7096.895583, train/loss=0.123682, validation/loss=0.125522, validation/num_examples=83274637
I0316 14:02:45.731768 140024020449024 logging_writer.py:48] [1700] global_step=1700, grad_norm=0.02415204793214798, loss=0.12251245975494385
I0316 14:03:51.730747 140200861927232 spec.py:321] Evaluating on the training split.
I0316 14:06:53.071950 140200861927232 spec.py:333] Evaluating on the validation split.
I0316 14:09:17.336754 140200861927232 spec.py:349] Evaluating on the test split.
I0316 14:11:13.387461 140200861927232 submission_runner.py:420] Time since start: 7659.15s, 	Step: 1785, 	{'train/loss': 0.12581794642193136, 'validation/loss': 0.1255218474179224, 'validation/num_examples': 83274637, 'test/loss': 0.12793753894942433, 'test/num_examples': 95000000, 'score': 1223.486125946045, 'total_duration': 7659.149473905563, 'accumulated_submission_time': 1223.486125946045, 'accumulated_eval_time': 6435.375310897827, 'accumulated_logging_time': 0.22544050216674805}
I0316 14:11:13.401076 140024012056320 logging_writer.py:48] [1785] accumulated_eval_time=6435.375311, accumulated_logging_time=0.225441, accumulated_submission_time=1223.486126, global_step=1785, preemption_count=0, score=1223.486126, test/loss=0.127938, test/num_examples=95000000, total_duration=7659.149474, train/loss=0.125818, validation/loss=0.125522, validation/num_examples=83274637
I0316 14:11:14.957401 140024020449024 logging_writer.py:48] [1800] global_step=1800, grad_norm=0.04974723234772682, loss=0.12641695141792297
I0316 14:12:27.345504 140024012056320 logging_writer.py:48] [1900] global_step=1900, grad_norm=0.025512276217341423, loss=0.12431541085243225
I0316 14:13:13.781321 140200861927232 spec.py:321] Evaluating on the training split.
I0316 14:15:29.162061 140200861927232 spec.py:333] Evaluating on the validation split.
I0316 14:17:59.415166 140200861927232 spec.py:349] Evaluating on the test split.
I0316 14:20:42.252485 140200861927232 submission_runner.py:420] Time since start: 8228.01s, 	Step: 1960, 	{'train/loss': 0.12417944111867146, 'validation/loss': 0.1253777853219207, 'validation/num_examples': 83274637, 'test/loss': 0.1277369629214638, 'test/num_examples': 95000000, 'score': 1343.8530678749084, 'total_duration': 8228.014498233795, 'accumulated_submission_time': 1343.8530678749084, 'accumulated_eval_time': 6883.846434593201, 'accumulated_logging_time': 0.24648475646972656}
I0316 14:20:42.265868 140024020449024 logging_writer.py:48] [1960] accumulated_eval_time=6883.846435, accumulated_logging_time=0.246485, accumulated_submission_time=1343.853068, global_step=1960, preemption_count=0, score=1343.853068, test/loss=0.127737, test/num_examples=95000000, total_duration=8228.014498, train/loss=0.124179, validation/loss=0.125378, validation/num_examples=83274637
I0316 14:20:55.983655 140024012056320 logging_writer.py:48] [2000] global_step=2000, grad_norm=0.050720345228910446, loss=0.12486274540424347
I0316 14:22:12.693946 140024020449024 logging_writer.py:48] [2100] global_step=2100, grad_norm=0.011547484435141087, loss=0.11715243756771088
I0316 14:22:42.483502 140200861927232 spec.py:321] Evaluating on the training split.
I0316 14:26:02.425511 140200861927232 spec.py:333] Evaluating on the validation split.
I0316 14:28:42.310507 140200861927232 spec.py:349] Evaluating on the test split.
I0316 14:31:48.433006 140200861927232 submission_runner.py:420] Time since start: 8894.20s, 	Step: 2141, 	{'train/loss': 0.12465098849351301, 'validation/loss': 0.1250960292481521, 'validation/num_examples': 83274637, 'test/loss': 0.12754202624383223, 'test/num_examples': 95000000, 'score': 1464.0568370819092, 'total_duration': 8894.195020198822, 'accumulated_submission_time': 1464.0568370819092, 'accumulated_eval_time': 7429.795899629593, 'accumulated_logging_time': 0.2674703598022461}
I0316 14:31:48.448922 140024012056320 logging_writer.py:48] [2141] accumulated_eval_time=7429.795900, accumulated_logging_time=0.267470, accumulated_submission_time=1464.056837, global_step=2141, preemption_count=0, score=1464.056837, test/loss=0.127542, test/num_examples=95000000, total_duration=8894.195020, train/loss=0.124651, validation/loss=0.125096, validation/num_examples=83274637
I0316 14:32:17.450402 140024020449024 logging_writer.py:48] [2200] global_step=2200, grad_norm=0.006143465638160706, loss=0.12310567498207092
I0316 14:33:32.118866 140024012056320 logging_writer.py:48] [2300] global_step=2300, grad_norm=0.010326745919883251, loss=0.12477688491344452
I0316 14:33:48.522877 140200861927232 spec.py:321] Evaluating on the training split.
I0316 14:37:15.406214 140200861927232 spec.py:333] Evaluating on the validation split.
I0316 14:39:51.987870 140200861927232 spec.py:349] Evaluating on the test split.
I0316 14:42:50.450268 140200861927232 submission_runner.py:420] Time since start: 9556.21s, 	Step: 2323, 	{'train/loss': 0.12636593667169413, 'validation/loss': 0.1258524653687848, 'validation/num_examples': 83274637, 'test/loss': 0.1281815174136513, 'test/num_examples': 95000000, 'score': 1584.1165263652802, 'total_duration': 9556.212258338928, 'accumulated_submission_time': 1584.1165263652802, 'accumulated_eval_time': 7971.723219394684, 'accumulated_logging_time': 0.2913937568664551}
I0316 14:42:50.464660 140024020449024 logging_writer.py:48] [2323] accumulated_eval_time=7971.723219, accumulated_logging_time=0.291394, accumulated_submission_time=1584.116526, global_step=2323, preemption_count=0, score=1584.116526, test/loss=0.128182, test/num_examples=95000000, total_duration=9556.212258, train/loss=0.126366, validation/loss=0.125852, validation/num_examples=83274637
I0316 14:43:30.066711 140024012056320 logging_writer.py:48] [2400] global_step=2400, grad_norm=0.019478347152471542, loss=0.12167990952730179
I0316 14:44:48.465637 140024020449024 logging_writer.py:48] [2500] global_step=2500, grad_norm=0.03759712353348732, loss=0.12351764738559723
I0316 14:44:50.783895 140200861927232 spec.py:321] Evaluating on the training split.
I0316 14:48:06.035243 140200861927232 spec.py:333] Evaluating on the validation split.
I0316 14:50:18.547170 140200861927232 spec.py:349] Evaluating on the test split.
I0316 14:52:43.831073 140200861927232 submission_runner.py:420] Time since start: 10149.59s, 	Step: 2504, 	{'train/loss': 0.12385334741066462, 'validation/loss': 0.12488059631135798, 'validation/num_examples': 83274637, 'test/loss': 0.1272554857319079, 'test/num_examples': 95000000, 'score': 1704.4217224121094, 'total_duration': 10149.593060016632, 'accumulated_submission_time': 1704.4217224121094, 'accumulated_eval_time': 8444.770316362381, 'accumulated_logging_time': 0.3136165142059326}
I0316 14:52:43.844890 140024012056320 logging_writer.py:48] [2504] accumulated_eval_time=8444.770316, accumulated_logging_time=0.313617, accumulated_submission_time=1704.421722, global_step=2504, preemption_count=0, score=1704.421722, test/loss=0.127255, test/num_examples=95000000, total_duration=10149.593060, train/loss=0.123853, validation/loss=0.124881, validation/num_examples=83274637
I0316 14:53:41.842183 140024020449024 logging_writer.py:48] [2600] global_step=2600, grad_norm=0.030353989452123642, loss=0.13829879462718964
I0316 14:54:44.068941 140200861927232 spec.py:321] Evaluating on the training split.
I0316 14:57:33.425822 140200861927232 spec.py:333] Evaluating on the validation split.
I0316 15:00:07.295587 140200861927232 spec.py:349] Evaluating on the test split.
I0316 15:02:55.719481 140200861927232 submission_runner.py:420] Time since start: 10761.48s, 	Step: 2687, 	{'train/loss': 0.12204457758545126, 'validation/loss': 0.12466259115460217, 'validation/num_examples': 83274637, 'test/loss': 0.12703450269325658, 'test/num_examples': 95000000, 'score': 1824.6317229270935, 'total_duration': 10761.481485366821, 'accumulated_submission_time': 1824.6317229270935, 'accumulated_eval_time': 8936.420797586441, 'accumulated_logging_time': 0.33532071113586426}
I0316 15:02:55.733512 140024012056320 logging_writer.py:48] [2687] accumulated_eval_time=8936.420798, accumulated_logging_time=0.335321, accumulated_submission_time=1824.631723, global_step=2687, preemption_count=0, score=1824.631723, test/loss=0.127035, test/num_examples=95000000, total_duration=10761.481485, train/loss=0.122045, validation/loss=0.124663, validation/num_examples=83274637
I0316 15:02:57.094287 140024020449024 logging_writer.py:48] [2700] global_step=2700, grad_norm=0.017557399347424507, loss=0.1232491284608841
I0316 15:04:04.524295 140024012056320 logging_writer.py:48] [2800] global_step=2800, grad_norm=0.005698186811059713, loss=0.12901172041893005
I0316 15:04:56.070256 140200861927232 spec.py:321] Evaluating on the training split.
I0316 15:08:06.782481 140200861927232 spec.py:333] Evaluating on the validation split.
I0316 15:10:47.231566 140200861927232 spec.py:349] Evaluating on the test split.
I0316 15:13:51.843827 140200861927232 submission_runner.py:420] Time since start: 11417.61s, 	Step: 2868, 	{'train/loss': 0.12146465577560026, 'validation/loss': 0.12494821073285645, 'validation/num_examples': 83274637, 'test/loss': 0.12731769755345396, 'test/num_examples': 95000000, 'score': 1944.9548075199127, 'total_duration': 11417.605824232101, 'accumulated_submission_time': 1944.9548075199127, 'accumulated_eval_time': 9472.194302797318, 'accumulated_logging_time': 0.3567848205566406}
I0316 15:13:51.857134 140024020449024 logging_writer.py:48] [2868] accumulated_eval_time=9472.194303, accumulated_logging_time=0.356785, accumulated_submission_time=1944.954808, global_step=2868, preemption_count=0, score=1944.954808, test/loss=0.127318, test/num_examples=95000000, total_duration=11417.605824, train/loss=0.121465, validation/loss=0.124948, validation/num_examples=83274637
I0316 15:13:59.398643 140024012056320 logging_writer.py:48] [2900] global_step=2900, grad_norm=0.007590302266180515, loss=0.11817081272602081
I0316 15:15:18.489733 140024020449024 logging_writer.py:48] [3000] global_step=3000, grad_norm=0.013829896226525307, loss=0.12688380479812622
I0316 15:15:52.426871 140200861927232 spec.py:321] Evaluating on the training split.
I0316 15:19:10.373725 140200861927232 spec.py:333] Evaluating on the validation split.
I0316 15:21:39.428129 140200861927232 spec.py:349] Evaluating on the test split.
I0316 15:24:42.755109 140200861927232 submission_runner.py:420] Time since start: 12068.52s, 	Step: 3043, 	{'train/loss': 0.12254764501638007, 'validation/loss': 0.12484598180151403, 'validation/num_examples': 83274637, 'test/loss': 0.1271934990028783, 'test/num_examples': 95000000, 'score': 2065.5100462436676, 'total_duration': 12068.517102956772, 'accumulated_submission_time': 2065.5100462436676, 'accumulated_eval_time': 10002.52248263359, 'accumulated_logging_time': 0.3787112236022949}
I0316 15:24:42.768806 140024012056320 logging_writer.py:48] [3043] accumulated_eval_time=10002.522483, accumulated_logging_time=0.378711, accumulated_submission_time=2065.510046, global_step=3043, preemption_count=0, score=2065.510046, test/loss=0.127193, test/num_examples=95000000, total_duration=12068.517103, train/loss=0.122548, validation/loss=0.124846, validation/num_examples=83274637
I0316 15:25:10.592485 140024020449024 logging_writer.py:48] [3100] global_step=3100, grad_norm=0.009573644958436489, loss=0.1345454603433609
I0316 15:26:27.473357 140024012056320 logging_writer.py:48] [3200] global_step=3200, grad_norm=0.025800468400120735, loss=0.12423524260520935
I0316 15:26:42.972068 140200861927232 spec.py:321] Evaluating on the training split.
I0316 15:29:54.540481 140200861927232 spec.py:333] Evaluating on the validation split.
I0316 15:32:41.829089 140200861927232 spec.py:349] Evaluating on the test split.
I0316 15:35:41.319987 140200861927232 submission_runner.py:420] Time since start: 12727.08s, 	Step: 3222, 	{'train/loss': 0.1253731692760433, 'validation/loss': 0.12479206945889142, 'validation/num_examples': 83274637, 'test/loss': 0.12698392722039473, 'test/num_examples': 95000000, 'score': 2185.699591398239, 'total_duration': 12727.081996917725, 'accumulated_submission_time': 2185.699591398239, 'accumulated_eval_time': 10540.870343446732, 'accumulated_logging_time': 0.39998602867126465}
I0316 15:35:41.334474 140024020449024 logging_writer.py:48] [3222] accumulated_eval_time=10540.870343, accumulated_logging_time=0.399986, accumulated_submission_time=2185.699591, global_step=3222, preemption_count=0, score=2185.699591, test/loss=0.126984, test/num_examples=95000000, total_duration=12727.081997, train/loss=0.125373, validation/loss=0.124792, validation/num_examples=83274637
I0316 15:36:25.351223 140024012056320 logging_writer.py:48] [3300] global_step=3300, grad_norm=0.010809551924467087, loss=0.1193198636174202
I0316 15:37:41.714037 140200861927232 spec.py:321] Evaluating on the training split.
I0316 15:41:09.955584 140200861927232 spec.py:333] Evaluating on the validation split.
I0316 15:43:48.942795 140200861927232 spec.py:349] Evaluating on the test split.
I0316 15:46:57.904180 140200861927232 submission_runner.py:420] Time since start: 13403.67s, 	Step: 3400, 	{'train/loss': 0.12333624050864633, 'validation/loss': 0.12479539593081812, 'validation/num_examples': 83274637, 'test/loss': 0.12709441549136513, 'test/num_examples': 95000000, 'score': 2306.06552362442, 'total_duration': 13403.666176319122, 'accumulated_submission_time': 2306.06552362442, 'accumulated_eval_time': 11097.06042098999, 'accumulated_logging_time': 0.4221045970916748}
I0316 15:46:57.919129 140024020449024 logging_writer.py:48] [3400] accumulated_eval_time=11097.060421, accumulated_logging_time=0.422105, accumulated_submission_time=2306.065524, global_step=3400, preemption_count=0, score=2306.065524, test/loss=0.127094, test/num_examples=95000000, total_duration=13403.666176, train/loss=0.123336, validation/loss=0.124795, validation/num_examples=83274637
I0316 15:46:58.035437 140024012056320 logging_writer.py:48] [3400] global_step=3400, grad_norm=0.009980790317058563, loss=0.12477943301200867
I0316 15:48:00.186990 140024020449024 logging_writer.py:48] [3500] global_step=3500, grad_norm=0.014630845747888088, loss=0.12651917338371277
I0316 15:48:58.095993 140200861927232 spec.py:321] Evaluating on the training split.
I0316 15:52:13.833102 140200861927232 spec.py:333] Evaluating on the validation split.
I0316 15:54:52.917478 140200861927232 spec.py:349] Evaluating on the test split.
I0316 15:57:54.569573 140200861927232 submission_runner.py:420] Time since start: 14060.33s, 	Step: 3578, 	{'train/loss': 0.12338563149689503, 'validation/loss': 0.12475881302475686, 'validation/num_examples': 83274637, 'test/loss': 0.12705534015213815, 'test/num_examples': 95000000, 'score': 2426.2269320487976, 'total_duration': 14060.331575393677, 'accumulated_submission_time': 2426.2269320487976, 'accumulated_eval_time': 11633.53394317627, 'accumulated_logging_time': 0.4463634490966797}
I0316 15:57:54.583377 140024012056320 logging_writer.py:48] [3578] accumulated_eval_time=11633.533943, accumulated_logging_time=0.446363, accumulated_submission_time=2426.226932, global_step=3578, preemption_count=0, score=2426.226932, test/loss=0.127055, test/num_examples=95000000, total_duration=14060.331575, train/loss=0.123386, validation/loss=0.124759, validation/num_examples=83274637
I0316 15:57:56.800393 140024020449024 logging_writer.py:48] [3600] global_step=3600, grad_norm=0.008018392138183117, loss=0.12197943776845932
I0316 15:59:12.277715 140024012056320 logging_writer.py:48] [3700] global_step=3700, grad_norm=0.010332964360713959, loss=0.12469474971294403
I0316 15:59:54.934929 140200861927232 spec.py:321] Evaluating on the training split.
I0316 16:03:24.065037 140200861927232 spec.py:333] Evaluating on the validation split.
I0316 16:06:04.442774 140200861927232 spec.py:349] Evaluating on the test split.
I0316 16:08:31.618475 140200861927232 submission_runner.py:420] Time since start: 14697.38s, 	Step: 3758, 	{'train/loss': 0.12348210939305758, 'validation/loss': 0.12473442560514404, 'validation/num_examples': 83274637, 'test/loss': 0.12705738671875, 'test/num_examples': 95000000, 'score': 2546.5644059181213, 'total_duration': 14697.38048863411, 'accumulated_submission_time': 2546.5644059181213, 'accumulated_eval_time': 12150.217435836792, 'accumulated_logging_time': 0.4680953025817871}
I0316 16:08:31.635584 140024020449024 logging_writer.py:48] [3758] accumulated_eval_time=12150.217436, accumulated_logging_time=0.468095, accumulated_submission_time=2546.564406, global_step=3758, preemption_count=0, score=2546.564406, test/loss=0.127057, test/num_examples=95000000, total_duration=14697.380489, train/loss=0.123482, validation/loss=0.124734, validation/num_examples=83274637
I0316 16:08:47.153918 140024012056320 logging_writer.py:48] [3800] global_step=3800, grad_norm=0.03475191071629524, loss=0.12731708586215973
I0316 16:10:00.473215 140024020449024 logging_writer.py:48] [3900] global_step=3900, grad_norm=0.02436894178390503, loss=0.11535076051950455
I0316 16:10:31.742311 140200861927232 spec.py:321] Evaluating on the training split.
I0316 16:13:55.114224 140200861927232 spec.py:333] Evaluating on the validation split.
I0316 16:16:32.421575 140200861927232 spec.py:349] Evaluating on the test split.
I0316 16:19:24.829690 140200861927232 submission_runner.py:420] Time since start: 15350.59s, 	Step: 3941, 	{'train/loss': 0.12291515066798003, 'validation/loss': 0.12481123577325305, 'validation/num_examples': 83274637, 'test/loss': 0.12726787452713817, 'test/num_examples': 95000000, 'score': 2666.6562786102295, 'total_duration': 15350.591654062271, 'accumulated_submission_time': 2666.6562786102295, 'accumulated_eval_time': 12683.30470943451, 'accumulated_logging_time': 0.4939754009246826}
I0316 16:19:24.843550 140024012056320 logging_writer.py:48] [3941] accumulated_eval_time=12683.304709, accumulated_logging_time=0.493975, accumulated_submission_time=2666.656279, global_step=3941, preemption_count=0, score=2666.656279, test/loss=0.127268, test/num_examples=95000000, total_duration=15350.591654, train/loss=0.122915, validation/loss=0.124811, validation/num_examples=83274637
I0316 16:19:53.668012 140024020449024 logging_writer.py:48] [4000] global_step=4000, grad_norm=0.025217264890670776, loss=0.12937003374099731
I0316 16:21:09.889687 140024012056320 logging_writer.py:48] [4100] global_step=4100, grad_norm=0.03938183933496475, loss=0.11982174217700958
I0316 16:21:25.074534 140200861927232 spec.py:321] Evaluating on the training split.
I0316 16:24:36.933481 140200861927232 spec.py:333] Evaluating on the validation split.
I0316 16:27:17.003294 140200861927232 spec.py:349] Evaluating on the test split.
I0316 16:30:14.946412 140200861927232 submission_runner.py:420] Time since start: 16000.71s, 	Step: 4121, 	{'train/loss': 0.12193030929602917, 'validation/loss': 0.12445609780547587, 'validation/num_examples': 83274637, 'test/loss': 0.1268679931537829, 'test/num_examples': 95000000, 'score': 2786.872770547867, 'total_duration': 16000.708420753479, 'accumulated_submission_time': 2786.872770547867, 'accumulated_eval_time': 13213.176526546478, 'accumulated_logging_time': 0.5162239074707031}
I0316 16:30:14.960461 140024020449024 logging_writer.py:48] [4121] accumulated_eval_time=13213.176527, accumulated_logging_time=0.516224, accumulated_submission_time=2786.872771, global_step=4121, preemption_count=0, score=2786.872771, test/loss=0.126868, test/num_examples=95000000, total_duration=16000.708421, train/loss=0.121930, validation/loss=0.124456, validation/num_examples=83274637
I0316 16:30:59.760083 140024012056320 logging_writer.py:48] [4200] global_step=4200, grad_norm=0.013316784985363483, loss=0.12111738324165344
I0316 16:32:15.732326 140200861927232 spec.py:321] Evaluating on the training split.
I0316 16:35:38.489968 140200861927232 spec.py:333] Evaluating on the validation split.
I0316 16:38:20.425451 140200861927232 spec.py:349] Evaluating on the test split.
I0316 16:41:33.519341 140200861927232 submission_runner.py:420] Time since start: 16679.28s, 	Step: 4300, 	{'train/loss': 0.12103345939807547, 'validation/loss': 0.12445711529363414, 'validation/num_examples': 83274637, 'test/loss': 0.12694280611636513, 'test/num_examples': 95000000, 'score': 2907.630640745163, 'total_duration': 16679.281347990036, 'accumulated_submission_time': 2907.630640745163, 'accumulated_eval_time': 13770.963485240936, 'accumulated_logging_time': 0.538172721862793}
I0316 16:41:33.533843 140024020449024 logging_writer.py:48] [4300] accumulated_eval_time=13770.963485, accumulated_logging_time=0.538173, accumulated_submission_time=2907.630641, global_step=4300, preemption_count=0, score=2907.630641, test/loss=0.126943, test/num_examples=95000000, total_duration=16679.281348, train/loss=0.121033, validation/loss=0.124457, validation/num_examples=83274637
I0316 16:41:33.649500 140024012056320 logging_writer.py:48] [4300] global_step=4300, grad_norm=0.008840899914503098, loss=0.12212373316287994
I0316 16:42:34.711895 140024020449024 logging_writer.py:48] [4400] global_step=4400, grad_norm=0.02168211340904236, loss=0.12620604038238525
I0316 16:43:33.697816 140200861927232 spec.py:321] Evaluating on the training split.
I0316 16:46:58.162252 140200861927232 spec.py:333] Evaluating on the validation split.
I0316 16:49:37.387753 140200861927232 spec.py:349] Evaluating on the test split.
I0316 16:52:51.864382 140200861927232 submission_runner.py:420] Time since start: 17357.63s, 	Step: 4478, 	{'train/loss': 0.12243943604049068, 'validation/loss': 0.12449803085494274, 'validation/num_examples': 83274637, 'test/loss': 0.12685350734991777, 'test/num_examples': 95000000, 'score': 3027.781261205673, 'total_duration': 17357.626393795013, 'accumulated_submission_time': 3027.781261205673, 'accumulated_eval_time': 14329.13000202179, 'accumulated_logging_time': 0.5602178573608398}
I0316 16:52:51.880069 140024012056320 logging_writer.py:48] [4478] accumulated_eval_time=14329.130002, accumulated_logging_time=0.560218, accumulated_submission_time=3027.781261, global_step=4478, preemption_count=0, score=3027.781261, test/loss=0.126854, test/num_examples=95000000, total_duration=17357.626394, train/loss=0.122439, validation/loss=0.124498, validation/num_examples=83274637
I0316 16:52:54.089851 140024020449024 logging_writer.py:48] [4500] global_step=4500, grad_norm=0.0057552228681743145, loss=0.13047131896018982
I0316 16:54:11.563194 140024012056320 logging_writer.py:48] [4600] global_step=4600, grad_norm=0.012221656739711761, loss=0.11363322287797928
I0316 16:54:52.013442 140200861927232 spec.py:321] Evaluating on the training split.
I0316 16:58:15.721543 140200861927232 spec.py:333] Evaluating on the validation split.
I0316 17:00:56.163480 140200861927232 spec.py:349] Evaluating on the test split.
I0316 17:03:56.959330 140200861927232 submission_runner.py:420] Time since start: 18022.72s, 	Step: 4653, 	{'train/loss': 0.12079815191667785, 'validation/loss': 0.1244231657932092, 'validation/num_examples': 83274637, 'test/loss': 0.12682248394325657, 'test/num_examples': 95000000, 'score': 3147.901193380356, 'total_duration': 18022.7213242054, 'accumulated_submission_time': 3147.901193380356, 'accumulated_eval_time': 14874.075819253922, 'accumulated_logging_time': 0.5834667682647705}
I0316 17:03:56.976039 140024020449024 logging_writer.py:48] [4653] accumulated_eval_time=14874.075819, accumulated_logging_time=0.583467, accumulated_submission_time=3147.901193, global_step=4653, preemption_count=0, score=3147.901193, test/loss=0.126822, test/num_examples=95000000, total_duration=18022.721324, train/loss=0.120798, validation/loss=0.124423, validation/num_examples=83274637
I0316 17:04:16.108857 140024012056320 logging_writer.py:48] [4700] global_step=4700, grad_norm=0.007148656528443098, loss=0.13246145844459534
I0316 17:05:35.877622 140024020449024 logging_writer.py:48] [4800] global_step=4800, grad_norm=0.01860290952026844, loss=0.12056943774223328
I0316 17:05:57.182119 140200861927232 spec.py:321] Evaluating on the training split.
I0316 17:09:19.047894 140200861927232 spec.py:333] Evaluating on the validation split.
I0316 17:12:05.372402 140200861927232 spec.py:349] Evaluating on the test split.
I0316 17:15:18.791357 140200861927232 submission_runner.py:420] Time since start: 18704.55s, 	Step: 4830, 	{'train/loss': 0.12317416367103469, 'validation/loss': 0.12449021927663882, 'validation/num_examples': 83274637, 'test/loss': 0.12694078326480263, 'test/num_examples': 95000000, 'score': 3268.092779636383, 'total_duration': 18704.55334186554, 'accumulated_submission_time': 3268.092779636383, 'accumulated_eval_time': 15435.684971809387, 'accumulated_logging_time': 0.6086556911468506}
I0316 17:15:18.805559 140024012056320 logging_writer.py:48] [4830] accumulated_eval_time=15435.684972, accumulated_logging_time=0.608656, accumulated_submission_time=3268.092780, global_step=4830, preemption_count=0, score=3268.092780, test/loss=0.126941, test/num_examples=95000000, total_duration=18704.553342, train/loss=0.123174, validation/loss=0.124490, validation/num_examples=83274637
I0316 17:15:57.203365 140024020449024 logging_writer.py:48] [4900] global_step=4900, grad_norm=0.0067063975147902966, loss=0.12049677222967148
I0316 17:17:14.988898 140024012056320 logging_writer.py:48] [5000] global_step=5000, grad_norm=0.01121351309120655, loss=0.11802732944488525
I0316 17:17:19.409346 140200861927232 spec.py:321] Evaluating on the training split.
I0316 17:20:39.895692 140200861927232 spec.py:333] Evaluating on the validation split.
I0316 17:23:21.110067 140200861927232 spec.py:349] Evaluating on the test split.
I0316 17:26:29.569703 140200861927232 submission_runner.py:420] Time since start: 19375.33s, 	Step: 5007, 	{'train/loss': 0.12453972030454462, 'validation/loss': 0.12430350758154235, 'validation/num_examples': 83274637, 'test/loss': 0.12664212395148025, 'test/num_examples': 95000000, 'score': 3388.6832206249237, 'total_duration': 19375.33169746399, 'accumulated_submission_time': 3388.6832206249237, 'accumulated_eval_time': 15985.845247745514, 'accumulated_logging_time': 0.6302371025085449}
I0316 17:26:29.586287 140024020449024 logging_writer.py:48] [5007] accumulated_eval_time=15985.845248, accumulated_logging_time=0.630237, accumulated_submission_time=3388.683221, global_step=5007, preemption_count=0, score=3388.683221, test/loss=0.126642, test/num_examples=95000000, total_duration=19375.331697, train/loss=0.124540, validation/loss=0.124304, validation/num_examples=83274637
I0316 17:27:25.809586 140024012056320 logging_writer.py:48] [5100] global_step=5100, grad_norm=0.00938705075532198, loss=0.12144976854324341
I0316 17:28:29.666455 140200861927232 spec.py:321] Evaluating on the training split.
I0316 17:31:56.191735 140200861927232 spec.py:333] Evaluating on the validation split.
I0316 17:34:36.937188 140200861927232 spec.py:349] Evaluating on the test split.
I0316 17:37:37.841873 140200861927232 submission_runner.py:420] Time since start: 20043.60s, 	Step: 5185, 	{'train/loss': 0.12113122817761493, 'validation/loss': 0.12434085922242596, 'validation/num_examples': 83274637, 'test/loss': 0.12678562685032896, 'test/num_examples': 95000000, 'score': 3508.7484798431396, 'total_duration': 20043.603875160217, 'accumulated_submission_time': 3508.7484798431396, 'accumulated_eval_time': 16534.02060341835, 'accumulated_logging_time': 0.6558964252471924}
I0316 17:37:37.856336 140024020449024 logging_writer.py:48] [5185] accumulated_eval_time=16534.020603, accumulated_logging_time=0.655896, accumulated_submission_time=3508.748480, global_step=5185, preemption_count=0, score=3508.748480, test/loss=0.126786, test/num_examples=95000000, total_duration=20043.603875, train/loss=0.121131, validation/loss=0.124341, validation/num_examples=83274637
I0316 17:37:39.401226 140024012056320 logging_writer.py:48] [5200] global_step=5200, grad_norm=0.026457766070961952, loss=0.12013460695743561
I0316 17:38:50.075665 140024020449024 logging_writer.py:48] [5300] global_step=5300, grad_norm=0.012354995124042034, loss=0.12712429463863373
I0316 17:39:37.986024 140200861927232 spec.py:321] Evaluating on the training split.
I0316 17:42:59.990046 140200861927232 spec.py:333] Evaluating on the validation split.
I0316 17:45:40.250948 140200861927232 spec.py:349] Evaluating on the test split.
I0316 17:48:41.764451 140200861927232 submission_runner.py:420] Time since start: 20707.53s, 	Step: 5364, 	{'train/loss': 0.12349375111267627, 'validation/loss': 0.12433077106208221, 'validation/num_examples': 83274637, 'test/loss': 0.1267167002158717, 'test/num_examples': 95000000, 'score': 3628.8643069267273, 'total_duration': 20707.52645087242, 'accumulated_submission_time': 3628.8643069267273, 'accumulated_eval_time': 17077.79897761345, 'accumulated_logging_time': 0.6779756546020508}
I0316 17:48:41.779173 140024012056320 logging_writer.py:48] [5364] accumulated_eval_time=17077.798978, accumulated_logging_time=0.677976, accumulated_submission_time=3628.864307, global_step=5364, preemption_count=0, score=3628.864307, test/loss=0.126717, test/num_examples=95000000, total_duration=20707.526451, train/loss=0.123494, validation/loss=0.124331, validation/num_examples=83274637
I0316 17:48:52.348278 140024020449024 logging_writer.py:48] [5400] global_step=5400, grad_norm=0.018708335235714912, loss=0.12900060415267944
I0316 17:50:09.628217 140024012056320 logging_writer.py:48] [5500] global_step=5500, grad_norm=0.00706544378772378, loss=0.1309199035167694
I0316 17:50:42.052478 140200861927232 spec.py:321] Evaluating on the training split.
I0316 17:54:04.469594 140200861927232 spec.py:333] Evaluating on the validation split.
I0316 17:56:43.462827 140200861927232 spec.py:349] Evaluating on the test split.
I0316 17:59:41.339424 140200861927232 submission_runner.py:420] Time since start: 21367.10s, 	Step: 5544, 	{'train/loss': 0.12385258610424756, 'validation/loss': 0.12427854822392531, 'validation/num_examples': 83274637, 'test/loss': 0.12667141731085527, 'test/num_examples': 95000000, 'score': 3749.1220219135284, 'total_duration': 21367.10143470764, 'accumulated_submission_time': 3749.1220219135284, 'accumulated_eval_time': 17617.085867881775, 'accumulated_logging_time': 0.7020981311798096}
I0316 17:59:41.353428 140024020449024 logging_writer.py:48] [5544] accumulated_eval_time=17617.085868, accumulated_logging_time=0.702098, accumulated_submission_time=3749.122022, global_step=5544, preemption_count=0, score=3749.122022, test/loss=0.126671, test/num_examples=95000000, total_duration=21367.101435, train/loss=0.123853, validation/loss=0.124279, validation/num_examples=83274637
I0316 18:00:04.995886 140024012056320 logging_writer.py:48] [5600] global_step=5600, grad_norm=0.005392119754105806, loss=0.12491365522146225
I0316 18:01:23.096149 140024020449024 logging_writer.py:48] [5700] global_step=5700, grad_norm=0.006204880308359861, loss=0.1250586062669754
I0316 18:01:42.256169 140200861927232 spec.py:321] Evaluating on the training split.
I0316 18:05:07.925698 140200861927232 spec.py:333] Evaluating on the validation split.
I0316 18:07:50.624068 140200861927232 spec.py:349] Evaluating on the test split.
I0316 18:11:02.781240 140200861927232 submission_runner.py:420] Time since start: 22048.54s, 	Step: 5726, 	{'train/loss': 0.12181635395442166, 'validation/loss': 0.12444227847995415, 'validation/num_examples': 83274637, 'test/loss': 0.12686475911800987, 'test/num_examples': 95000000, 'score': 3870.0109403133392, 'total_duration': 22048.54324698448, 'accumulated_submission_time': 3870.0109403133392, 'accumulated_eval_time': 18177.610891342163, 'accumulated_logging_time': 0.7237498760223389}
I0316 18:11:02.795674 140024012056320 logging_writer.py:48] [5726] accumulated_eval_time=18177.610891, accumulated_logging_time=0.723750, accumulated_submission_time=3870.010940, global_step=5726, preemption_count=0, score=3870.010940, test/loss=0.126865, test/num_examples=95000000, total_duration=22048.543247, train/loss=0.121816, validation/loss=0.124442, validation/num_examples=83274637
I0316 18:11:41.456549 140024020449024 logging_writer.py:48] [5800] global_step=5800, grad_norm=0.006270722486078739, loss=0.12336374074220657
I0316 18:12:58.759200 140024012056320 logging_writer.py:48] [5900] global_step=5900, grad_norm=0.025864390656352043, loss=0.1258329302072525
I0316 18:13:03.173448 140200861927232 spec.py:321] Evaluating on the training split.
I0316 18:16:28.141480 140200861927232 spec.py:333] Evaluating on the validation split.
I0316 18:19:13.194486 140200861927232 spec.py:349] Evaluating on the test split.
I0316 18:22:13.777058 140200861927232 submission_runner.py:420] Time since start: 22719.54s, 	Step: 5907, 	{'train/loss': 0.12141168788778332, 'validation/loss': 0.12436322096524119, 'validation/num_examples': 83274637, 'test/loss': 0.1267648204872533, 'test/num_examples': 95000000, 'score': 3990.370181083679, 'total_duration': 22719.539050102234, 'accumulated_submission_time': 3990.370181083679, 'accumulated_eval_time': 18728.214420557022, 'accumulated_logging_time': 0.7506492137908936}
I0316 18:22:13.794528 140024020449024 logging_writer.py:48] [5907] accumulated_eval_time=18728.214421, accumulated_logging_time=0.750649, accumulated_submission_time=3990.370181, global_step=5907, preemption_count=0, score=3990.370181, test/loss=0.126765, test/num_examples=95000000, total_duration=22719.539050, train/loss=0.121412, validation/loss=0.124363, validation/num_examples=83274637
I0316 18:23:06.811114 140024012056320 logging_writer.py:48] [6000] global_step=6000, grad_norm=0.005126988049596548, loss=0.11462946236133575
I0316 18:24:14.347771 140200861927232 spec.py:321] Evaluating on the training split.
I0316 18:27:38.446023 140200861927232 spec.py:333] Evaluating on the validation split.
I0316 18:30:18.419612 140200861927232 spec.py:349] Evaluating on the test split.
I0316 18:33:19.138448 140200861927232 submission_runner.py:420] Time since start: 23384.90s, 	Step: 6086, 	{'train/loss': 0.12184892675646071, 'validation/loss': 0.12407284416706989, 'validation/num_examples': 83274637, 'test/loss': 0.12653449717310855, 'test/num_examples': 95000000, 'score': 4110.908145189285, 'total_duration': 23384.900443792343, 'accumulated_submission_time': 4110.908145189285, 'accumulated_eval_time': 19273.005040168762, 'accumulated_logging_time': 0.777338981628418}
I0316 18:33:19.152855 140024020449024 logging_writer.py:48] [6086] accumulated_eval_time=19273.005040, accumulated_logging_time=0.777339, accumulated_submission_time=4110.908145, global_step=6086, preemption_count=0, score=4110.908145, test/loss=0.126534, test/num_examples=95000000, total_duration=23384.900444, train/loss=0.121849, validation/loss=0.124073, validation/num_examples=83274637
I0316 18:33:20.607209 140024012056320 logging_writer.py:48] [6100] global_step=6100, grad_norm=0.01673370972275734, loss=0.1329173594713211
I0316 18:34:32.320051 140024020449024 logging_writer.py:48] [6200] global_step=6200, grad_norm=0.006583900656551123, loss=0.12734156847000122
I0316 18:35:19.396248 140200861927232 spec.py:321] Evaluating on the training split.
I0316 18:38:39.241263 140200861927232 spec.py:333] Evaluating on the validation split.
I0316 18:41:29.851254 140200861927232 spec.py:349] Evaluating on the test split.
I0316 18:44:22.747854 140200861927232 submission_runner.py:420] Time since start: 24048.51s, 	Step: 6262, 	{'train/loss': 0.12218511507571118, 'validation/loss': 0.12399432006126983, 'validation/num_examples': 83274637, 'test/loss': 0.1262730346114309, 'test/num_examples': 95000000, 'score': 4231.136974811554, 'total_duration': 24048.50984811783, 'accumulated_submission_time': 4231.136974811554, 'accumulated_eval_time': 19816.356573820114, 'accumulated_logging_time': 0.8003125190734863}
I0316 18:44:22.762182 140024012056320 logging_writer.py:48] [6262] accumulated_eval_time=19816.356574, accumulated_logging_time=0.800313, accumulated_submission_time=4231.136975, global_step=6262, preemption_count=0, score=4231.136975, test/loss=0.126273, test/num_examples=95000000, total_duration=24048.509848, train/loss=0.122185, validation/loss=0.123994, validation/num_examples=83274637
I0316 18:44:33.697074 140024020449024 logging_writer.py:48] [6300] global_step=6300, grad_norm=0.008832012303173542, loss=0.13061729073524475
I0316 18:45:54.706645 140024012056320 logging_writer.py:48] [6400] global_step=6400, grad_norm=0.006537820678204298, loss=0.12288115918636322
I0316 18:46:23.045962 140200861927232 spec.py:321] Evaluating on the training split.
I0316 18:49:48.367247 140200861927232 spec.py:333] Evaluating on the validation split.
I0316 18:52:37.568263 140200861927232 spec.py:349] Evaluating on the test split.
I0316 18:55:31.305595 140200861927232 submission_runner.py:420] Time since start: 24717.07s, 	Step: 6438, 	{'train/loss': 0.12124377430516219, 'validation/loss': 0.12405037588436892, 'validation/num_examples': 83274637, 'test/loss': 0.1263620978207237, 'test/num_examples': 95000000, 'score': 4351.4015419483185, 'total_duration': 24717.06759095192, 'accumulated_submission_time': 4351.4015419483185, 'accumulated_eval_time': 20364.616135120392, 'accumulated_logging_time': 0.8278322219848633}
I0316 18:55:31.320397 140024020449024 logging_writer.py:48] [6438] accumulated_eval_time=20364.616135, accumulated_logging_time=0.827832, accumulated_submission_time=4351.401542, global_step=6438, preemption_count=0, score=4351.401542, test/loss=0.126362, test/num_examples=95000000, total_duration=24717.067591, train/loss=0.121244, validation/loss=0.124050, validation/num_examples=83274637
I0316 18:56:02.891253 140024012056320 logging_writer.py:48] [6500] global_step=6500, grad_norm=0.00686847185716033, loss=0.11863662302494049
I0316 18:57:22.164580 140024020449024 logging_writer.py:48] [6600] global_step=6600, grad_norm=0.011202814988791943, loss=0.12116523832082748
I0316 18:57:31.564153 140200861927232 spec.py:321] Evaluating on the training split.
I0316 19:00:51.532670 140200861927232 spec.py:333] Evaluating on the validation split.
I0316 19:03:33.288792 140200861927232 spec.py:349] Evaluating on the test split.
I0316 19:06:41.888998 140200861927232 submission_runner.py:420] Time since start: 25387.65s, 	Step: 6613, 	{'train/loss': 0.12401594234478173, 'validation/loss': 0.12388952842643433, 'validation/num_examples': 83274637, 'test/loss': 0.12625413939144736, 'test/num_examples': 95000000, 'score': 4471.631459951401, 'total_duration': 25387.65100812912, 'accumulated_submission_time': 4471.631459951401, 'accumulated_eval_time': 20914.94091773033, 'accumulated_logging_time': 0.8502209186553955}
I0316 19:06:41.903126 140024012056320 logging_writer.py:48] [6613] accumulated_eval_time=20914.940918, accumulated_logging_time=0.850221, accumulated_submission_time=4471.631460, global_step=6613, preemption_count=0, score=4471.631460, test/loss=0.126254, test/num_examples=95000000, total_duration=25387.651008, train/loss=0.124016, validation/loss=0.123890, validation/num_examples=83274637
I0316 19:07:30.207502 140024020449024 logging_writer.py:48] [6700] global_step=6700, grad_norm=0.011017050594091415, loss=0.12149668484926224
I0316 19:08:42.221015 140200861927232 spec.py:321] Evaluating on the training split.
I0316 19:12:10.928041 140200861927232 spec.py:333] Evaluating on the validation split.
I0316 19:14:51.566231 140200861927232 spec.py:349] Evaluating on the test split.
I0316 19:17:45.735222 140200861927232 submission_runner.py:420] Time since start: 26051.50s, 	Step: 6794, 	{'train/loss': 0.12098439898833914, 'validation/loss': 0.12392405746396597, 'validation/num_examples': 83274637, 'test/loss': 0.12629631688939144, 'test/num_examples': 95000000, 'score': 4591.935922861099, 'total_duration': 26051.4972178936, 'accumulated_submission_time': 4591.935922861099, 'accumulated_eval_time': 21458.45505642891, 'accumulated_logging_time': 0.8717246055603027}
I0316 19:17:45.750081 140024012056320 logging_writer.py:48] [6794] accumulated_eval_time=21458.455056, accumulated_logging_time=0.871725, accumulated_submission_time=4591.935923, global_step=6794, preemption_count=0, score=4591.935923, test/loss=0.126296, test/num_examples=95000000, total_duration=26051.497218, train/loss=0.120984, validation/loss=0.123924, validation/num_examples=83274637
I0316 19:17:46.451400 140024020449024 logging_writer.py:48] [6800] global_step=6800, grad_norm=0.01033022254705429, loss=0.11961943656206131
I0316 19:18:52.536959 140024012056320 logging_writer.py:48] [6900] global_step=6900, grad_norm=0.005197394173592329, loss=0.11879745125770569
I0316 19:19:45.941369 140200861927232 spec.py:321] Evaluating on the training split.
I0316 19:23:07.105727 140200861927232 spec.py:333] Evaluating on the validation split.
I0316 19:25:42.672892 140200861927232 spec.py:349] Evaluating on the test split.
I0316 19:28:38.440205 140200861927232 submission_runner.py:420] Time since start: 26704.20s, 	Step: 6972, 	{'train/loss': 0.12332735348891162, 'validation/loss': 0.12380358625974107, 'validation/num_examples': 83274637, 'test/loss': 0.12614893559827303, 'test/num_examples': 95000000, 'score': 4712.108925819397, 'total_duration': 26704.202216148376, 'accumulated_submission_time': 4712.108925819397, 'accumulated_eval_time': 21990.9538500309, 'accumulated_logging_time': 0.898688554763794}
I0316 19:28:38.454964 140024020449024 logging_writer.py:48] [6972] accumulated_eval_time=21990.953850, accumulated_logging_time=0.898689, accumulated_submission_time=4712.108926, global_step=6972, preemption_count=0, score=4712.108926, test/loss=0.126149, test/num_examples=95000000, total_duration=26704.202216, train/loss=0.123327, validation/loss=0.123804, validation/num_examples=83274637
I0316 19:28:42.362485 140024012056320 logging_writer.py:48] [7000] global_step=7000, grad_norm=0.005339083261787891, loss=0.11515863239765167
I0316 19:29:58.374422 140024020449024 logging_writer.py:48] [7100] global_step=7100, grad_norm=0.006738567259162664, loss=0.12391240894794464
I0316 19:30:38.856557 140200861927232 spec.py:321] Evaluating on the training split.
I0316 19:34:08.900145 140200861927232 spec.py:333] Evaluating on the validation split.
I0316 19:36:44.316306 140200861927232 spec.py:349] Evaluating on the test split.
I0316 19:39:47.180255 140200861927232 submission_runner.py:420] Time since start: 27372.94s, 	Step: 7157, 	{'train/loss': 0.12087323562294808, 'validation/loss': 0.12404083160515796, 'validation/num_examples': 83274637, 'test/loss': 0.1263409345908717, 'test/num_examples': 95000000, 'score': 4832.4965353012085, 'total_duration': 27372.942261219025, 'accumulated_submission_time': 4832.4965353012085, 'accumulated_eval_time': 22539.277502298355, 'accumulated_logging_time': 0.9209742546081543}
I0316 19:39:47.195308 140024012056320 logging_writer.py:48] [7157] accumulated_eval_time=22539.277502, accumulated_logging_time=0.920974, accumulated_submission_time=4832.496535, global_step=7157, preemption_count=0, score=4832.496535, test/loss=0.126341, test/num_examples=95000000, total_duration=27372.942261, train/loss=0.120873, validation/loss=0.124041, validation/num_examples=83274637
I0316 19:40:03.980788 140024020449024 logging_writer.py:48] [7200] global_step=7200, grad_norm=0.014595989137887955, loss=0.1224973276257515
I0316 19:41:20.962868 140024012056320 logging_writer.py:48] [7300] global_step=7300, grad_norm=0.00735516520217061, loss=0.12834283709526062
I0316 19:41:47.316212 140200861927232 spec.py:321] Evaluating on the training split.
I0316 19:45:10.907363 140200861927232 spec.py:333] Evaluating on the validation split.
I0316 19:47:44.490853 140200861927232 spec.py:349] Evaluating on the test split.
I0316 19:50:56.141519 140200861927232 submission_runner.py:420] Time since start: 28041.90s, 	Step: 7335, 	{'train/loss': 0.12430929207483178, 'validation/loss': 0.12387735455286532, 'validation/num_examples': 83274637, 'test/loss': 0.12628844879728618, 'test/num_examples': 95000000, 'score': 4952.603621482849, 'total_duration': 28041.903530597687, 'accumulated_submission_time': 4952.603621482849, 'accumulated_eval_time': 23088.102764606476, 'accumulated_logging_time': 0.9437015056610107}
I0316 19:50:56.156413 140024020449024 logging_writer.py:48] [7335] accumulated_eval_time=23088.102765, accumulated_logging_time=0.943702, accumulated_submission_time=4952.603621, global_step=7335, preemption_count=0, score=4952.603621, test/loss=0.126288, test/num_examples=95000000, total_duration=28041.903531, train/loss=0.124309, validation/loss=0.123877, validation/num_examples=83274637
I0316 19:51:29.724735 140024012056320 logging_writer.py:48] [7400] global_step=7400, grad_norm=0.012669442221522331, loss=0.12844905257225037
I0316 19:52:46.481865 140024020449024 logging_writer.py:48] [7500] global_step=7500, grad_norm=0.008529365062713623, loss=0.1268056333065033
I0316 19:52:56.209460 140200861927232 spec.py:321] Evaluating on the training split.
I0316 19:56:15.811414 140200861927232 spec.py:333] Evaluating on the validation split.
I0316 19:58:54.784867 140200861927232 spec.py:349] Evaluating on the test split.
I0316 20:01:52.353840 140200861927232 submission_runner.py:420] Time since start: 28698.12s, 	Step: 7514, 	{'train/loss': 0.12126022986130519, 'validation/loss': 0.12386370280045284, 'validation/num_examples': 83274637, 'test/loss': 0.12618167268708883, 'test/num_examples': 95000000, 'score': 5072.642145395279, 'total_duration': 28698.11584186554, 'accumulated_submission_time': 5072.642145395279, 'accumulated_eval_time': 23624.24707388878, 'accumulated_logging_time': 0.9672322273254395}
I0316 20:01:52.368948 140024012056320 logging_writer.py:48] [7514] accumulated_eval_time=23624.247074, accumulated_logging_time=0.967232, accumulated_submission_time=5072.642145, global_step=7514, preemption_count=0, score=5072.642145, test/loss=0.126182, test/num_examples=95000000, total_duration=28698.115842, train/loss=0.121260, validation/loss=0.123864, validation/num_examples=83274637
I0316 20:02:40.744183 140024020449024 logging_writer.py:48] [7600] global_step=7600, grad_norm=0.011260989122092724, loss=0.1250387281179428
I0316 20:03:51.111936 140024012056320 logging_writer.py:48] [7700] global_step=7700, grad_norm=0.011189283803105354, loss=0.11840762943029404
I0316 20:03:52.843637 140200861927232 spec.py:321] Evaluating on the training split.
I0316 20:07:08.306881 140200861927232 spec.py:333] Evaluating on the validation split.
I0316 20:09:51.068803 140200861927232 spec.py:349] Evaluating on the test split.
I0316 20:12:51.473201 140200861927232 submission_runner.py:420] Time since start: 29357.24s, 	Step: 7704, 	{'train/loss': 0.12177760460935298, 'validation/loss': 0.12389127183996498, 'validation/num_examples': 83274637, 'test/loss': 0.12633410308388157, 'test/num_examples': 95000000, 'score': 5193.1017372608185, 'total_duration': 29357.23519897461, 'accumulated_submission_time': 5193.1017372608185, 'accumulated_eval_time': 24162.876575231552, 'accumulated_logging_time': 0.9906661510467529}
I0316 20:12:51.490815 140024020449024 logging_writer.py:48] [7704] accumulated_eval_time=24162.876575, accumulated_logging_time=0.990666, accumulated_submission_time=5193.101737, global_step=7704, preemption_count=0, score=5193.101737, test/loss=0.126334, test/num_examples=95000000, total_duration=29357.235199, train/loss=0.121778, validation/loss=0.123891, validation/num_examples=83274637
I0316 20:13:51.091245 140024012056320 logging_writer.py:48] [7800] global_step=7800, grad_norm=0.021421434357762337, loss=0.11744407564401627
I0316 20:14:51.616784 140200861927232 spec.py:321] Evaluating on the training split.
I0316 20:18:11.658212 140200861927232 spec.py:333] Evaluating on the validation split.
I0316 20:20:52.677072 140200861927232 spec.py:349] Evaluating on the test split.
I0316 20:23:46.336696 140200861927232 submission_runner.py:420] Time since start: 30012.10s, 	Step: 7883, 	{'train/loss': 0.1231056984467139, 'validation/loss': 0.12384063218920126, 'validation/num_examples': 83274637, 'test/loss': 0.12618862447574014, 'test/num_examples': 95000000, 'score': 5313.213019609451, 'total_duration': 30012.098690509796, 'accumulated_submission_time': 5313.213019609451, 'accumulated_eval_time': 24697.59641933441, 'accumulated_logging_time': 1.0166869163513184}
I0316 20:23:46.352537 140024020449024 logging_writer.py:48] [7883] accumulated_eval_time=24697.596419, accumulated_logging_time=1.016687, accumulated_submission_time=5313.213020, global_step=7883, preemption_count=0, score=5313.213020, test/loss=0.126189, test/num_examples=95000000, total_duration=30012.098691, train/loss=0.123106, validation/loss=0.123841, validation/num_examples=83274637
I0316 20:23:48.093036 140024012056320 logging_writer.py:48] [7900] global_step=7900, grad_norm=0.01009125355631113, loss=0.11976205557584763
I0316 20:24:56.503975 140024020449024 logging_writer.py:48] [8000] global_step=8000, grad_norm=0.00787799060344696, loss=0.11609672755002975
I0316 20:25:46.566328 140200861927232 spec.py:321] Evaluating on the training split.
I0316 20:29:12.833477 140200861927232 spec.py:333] Evaluating on the validation split.
I0316 20:31:46.511043 140200861927232 spec.py:349] Evaluating on the test split.
I0316 20:34:40.692674 140200861927232 submission_runner.py:420] Time since start: 30666.45s, 	Step: 8068, 	{'train/loss': 0.12324621593989667, 'validation/loss': 0.12390379911870705, 'validation/num_examples': 83274637, 'test/loss': 0.12629271607730264, 'test/num_examples': 95000000, 'score': 5433.411878347397, 'total_duration': 30666.45467376709, 'accumulated_submission_time': 5433.411878347397, 'accumulated_eval_time': 25231.72269630432, 'accumulated_logging_time': 1.04118013381958}
I0316 20:34:40.707713 140024012056320 logging_writer.py:48] [8068] accumulated_eval_time=25231.722696, accumulated_logging_time=1.041180, accumulated_submission_time=5433.411878, global_step=8068, preemption_count=0, score=5433.411878, test/loss=0.126293, test/num_examples=95000000, total_duration=30666.454674, train/loss=0.123246, validation/loss=0.123904, validation/num_examples=83274637
I0316 20:34:47.913458 140024020449024 logging_writer.py:48] [8100] global_step=8100, grad_norm=0.00737487617880106, loss=0.12410061806440353
I0316 20:36:07.358073 140024012056320 logging_writer.py:48] [8200] global_step=8200, grad_norm=0.005222624633461237, loss=0.11777950823307037
I0316 20:36:40.872091 140200861927232 spec.py:321] Evaluating on the training split.
I0316 20:40:05.803836 140200861927232 spec.py:333] Evaluating on the validation split.
I0316 20:42:45.962165 140200861927232 spec.py:349] Evaluating on the test split.
I0316 20:45:50.509851 140200861927232 submission_runner.py:420] Time since start: 31336.27s, 	Step: 8245, 	{'train/loss': 0.12240561264209777, 'validation/loss': 0.12376330386315584, 'validation/num_examples': 83274637, 'test/loss': 0.12609360425575658, 'test/num_examples': 95000000, 'score': 5553.558212995529, 'total_duration': 31336.271854400635, 'accumulated_submission_time': 5553.558212995529, 'accumulated_eval_time': 25781.360393047333, 'accumulated_logging_time': 1.0681800842285156}
I0316 20:45:50.526665 140024020449024 logging_writer.py:48] [8245] accumulated_eval_time=25781.360393, accumulated_logging_time=1.068180, accumulated_submission_time=5553.558213, global_step=8245, preemption_count=0, score=5553.558213, test/loss=0.126094, test/num_examples=95000000, total_duration=31336.271854, train/loss=0.122406, validation/loss=0.123763, validation/num_examples=83274637
I0316 20:46:16.330830 140024012056320 logging_writer.py:48] [8300] global_step=8300, grad_norm=0.008379874750971794, loss=0.11557209491729736
I0316 20:47:35.037655 140024020449024 logging_writer.py:48] [8400] global_step=8400, grad_norm=0.01320556364953518, loss=0.12279713153839111
I0316 20:47:50.830485 140200861927232 spec.py:321] Evaluating on the training split.
I0316 20:51:14.905329 140200861927232 spec.py:333] Evaluating on the validation split.
I0316 20:53:49.883593 140200861927232 spec.py:349] Evaluating on the test split.
I0316 20:56:43.092621 140200861927232 submission_runner.py:420] Time since start: 31988.85s, 	Step: 8422, 	{'train/loss': 0.122629171401356, 'validation/loss': 0.12379260623683355, 'validation/num_examples': 83274637, 'test/loss': 0.12612932504111843, 'test/num_examples': 95000000, 'score': 5673.848515033722, 'total_duration': 31988.85461974144, 'accumulated_submission_time': 5673.848515033722, 'accumulated_eval_time': 26313.62245297432, 'accumulated_logging_time': 1.0924384593963623}
I0316 20:56:43.108870 140024012056320 logging_writer.py:48] [8422] accumulated_eval_time=26313.622453, accumulated_logging_time=1.092438, accumulated_submission_time=5673.848515, global_step=8422, preemption_count=0, score=5673.848515, test/loss=0.126129, test/num_examples=95000000, total_duration=31988.854620, train/loss=0.122629, validation/loss=0.123793, validation/num_examples=83274637
I0316 20:57:26.978912 140024020449024 logging_writer.py:48] [8500] global_step=8500, grad_norm=0.008419977501034737, loss=0.12295310199260712
I0316 20:58:43.609290 140200861927232 spec.py:321] Evaluating on the training split.
I0316 21:02:05.100423 140200861927232 spec.py:333] Evaluating on the validation split.
I0316 21:04:44.383087 140200861927232 spec.py:349] Evaluating on the test split.
I0316 21:07:48.958732 140200861927232 submission_runner.py:420] Time since start: 32654.72s, 	Step: 8597, 	{'train/loss': 0.12221383043336419, 'validation/loss': 0.1236824945735541, 'validation/num_examples': 83274637, 'test/loss': 0.12600051003289472, 'test/num_examples': 95000000, 'score': 5794.33474445343, 'total_duration': 32654.720746278763, 'accumulated_submission_time': 5794.33474445343, 'accumulated_eval_time': 26858.971853733063, 'accumulated_logging_time': 1.1167902946472168}
I0316 21:07:48.974296 140024012056320 logging_writer.py:48] [8597] accumulated_eval_time=26858.971854, accumulated_logging_time=1.116790, accumulated_submission_time=5794.334744, global_step=8597, preemption_count=0, score=5794.334744, test/loss=0.126001, test/num_examples=95000000, total_duration=32654.720746, train/loss=0.122214, validation/loss=0.123682, validation/num_examples=83274637
I0316 21:07:48.991456 140024020449024 logging_writer.py:48] [8597] global_step=8597, preemption_count=0, score=5794.334744
I0316 21:07:55.102096 140200861927232 checkpoints.py:490] Saving checkpoint at step: 8597
I0316 21:08:26.916242 140200861927232 checkpoints.py:422] Saved checkpoint at /experiment_runs/prize_qualification_self_tuning/study_3/criteo1tb_jax/trial_1/checkpoint_8597
I0316 21:08:27.264403 140200861927232 checkpoint_utils.py:240] Saved checkpoint to /experiment_runs/prize_qualification_self_tuning/study_3/criteo1tb_jax/trial_1/checkpoint_8597.
I0316 21:08:27.670395 140200861927232 submission_runner.py:683] Final criteo1tb score: 5794.33474445343
