python3 submission_runner.py --framework=jax --workload=fastmri --submission_path=prize_qualification_baselines/self_tuning/jax_nadamw_full_budget.py --data_dir=/data/fastmri --num_tuning_trials=1 --experiment_dir=/experiment_runs --experiment_name=prize_qualification_self_tuning/study_2 --overwrite=true --save_checkpoints=false --rng_seed=2243311753 --max_global_steps=108567 --tuning_ruleset=self 2>&1 | tee -a /logs/fastmri_jax_03-12-2024-03-34-27.log
I0312 03:34:47.050891 140367826650944 logger_utils.py:61] Removing existing experiment directory /experiment_runs/prize_qualification_self_tuning/study_2/fastmri_jax because --overwrite was set.
I0312 03:34:47.056640 140367826650944 logger_utils.py:76] Creating experiment directory at /experiment_runs/prize_qualification_self_tuning/study_2/fastmri_jax.
I0312 03:34:48.772925 140367826650944 xla_bridge.py:455] Unable to initialize backend 'rocm': NOT_FOUND: Could not find registered platform with name: "rocm". Available platform names are: CUDA Host Interpreter
I0312 03:34:48.773701 140367826650944 xla_bridge.py:455] Unable to initialize backend 'tpu': module 'jaxlib.xla_extension' has no attribute 'get_tpu_client'
I0312 03:34:48.773831 140367826650944 xla_bridge.py:455] Unable to initialize backend 'plugin': xla_extension has no attributes named get_plugin_device_client. Compile TensorFlow with //tensorflow/compiler/xla/python:enable_plugin_device set to true (defaults to false) to enable this.
I0312 03:34:49.680119 140367826650944 submission_runner.py:612] Creating directory at /experiment_runs/prize_qualification_self_tuning/study_2/fastmri_jax/trial_1.
I0312 03:34:49.880605 140367826650944 submission_runner.py:209] Initializing dataset.
I0312 03:34:56.545746 140367826650944 submission_runner.py:220] Initializing model.
I0312 03:35:03.433484 140367826650944 submission_runner.py:262] Initializing optimizer.
I0312 03:35:04.286391 140367826650944 submission_runner.py:269] Initializing metrics bundle.
I0312 03:35:04.286623 140367826650944 submission_runner.py:287] Initializing checkpoint and logger.
I0312 03:35:04.287292 140367826650944 checkpoints.py:915] Found no checkpoint files in /experiment_runs/prize_qualification_self_tuning/study_2/fastmri_jax/trial_1 with prefix checkpoint_
I0312 03:35:04.287462 140367826650944 submission_runner.py:307] Saving meta data to /experiment_runs/prize_qualification_self_tuning/study_2/fastmri_jax/trial_1/meta_data_0.json.
I0312 03:35:04.287710 140367826650944 logger_utils.py:257] Unable to record workload.train_mean information. Continuing without it.
I0312 03:35:04.287797 140367826650944 logger_utils.py:257] Unable to record workload.train_stddev information. Continuing without it.
fatal: detected dubious ownership in repository at '/algorithmic-efficiency'
To add an exception for this directory, call:

	git config --global --add safe.directory /algorithmic-efficiency
I0312 03:35:04.589736 140367826650944 logger_utils.py:220] Unable to record git information. Continuing without it.
I0312 03:35:04.877222 140367826650944 submission_runner.py:311] Saving flags to /experiment_runs/prize_qualification_self_tuning/study_2/fastmri_jax/trial_1/flags_0.json.
I0312 03:35:04.886480 140367826650944 submission_runner.py:321] Starting training loop.
I0312 03:36:01.264074 140205751252736 logging_writer.py:48] [0] global_step=0, grad_norm=4.130724906921387, loss=1.1220623254776
I0312 03:36:01.277975 140367826650944 spec.py:321] Evaluating on the training split.
I0312 03:37:25.312306 140367826650944 spec.py:333] Evaluating on the validation split.
I0312 03:38:25.947828 140367826650944 spec.py:349] Evaluating on the test split.
I0312 03:39:23.837363 140367826650944 submission_runner.py:420] Time since start: 258.95s, 	Step: 1, 	{'train/ssim': 0.23841663769313268, 'train/loss': 1.0998219762529646, 'validation/ssim': 0.2354174921468328, 'validation/loss': 1.0996187174662353, 'validation/num_examples': 3554, 'test/ssim': 0.25840008055754327, 'test/loss': 1.0956219265960974, 'test/num_examples': 3581, 'score': 56.391112089157104, 'total_duration': 258.9508192539215, 'accumulated_submission_time': 56.391112089157104, 'accumulated_eval_time': 202.559326171875, 'accumulated_logging_time': 0}
I0312 03:39:23.863419 140181491414784 logging_writer.py:48] [1] accumulated_eval_time=202.559326, accumulated_logging_time=0, accumulated_submission_time=56.391112, global_step=1, preemption_count=0, score=56.391112, test/loss=1.095622, test/num_examples=3581, test/ssim=0.258400, total_duration=258.950819, train/loss=1.099822, train/ssim=0.238417, validation/loss=1.099619, validation/num_examples=3554, validation/ssim=0.235417
I0312 03:39:45.883810 140181483022080 logging_writer.py:48] [100] global_step=100, grad_norm=0.0801367312669754, loss=0.32759448885917664
I0312 03:40:10.288619 140181491414784 logging_writer.py:48] [200] global_step=200, grad_norm=0.24918945133686066, loss=0.30402272939682007
I0312 03:40:34.454124 140181483022080 logging_writer.py:48] [300] global_step=300, grad_norm=0.3440961539745331, loss=0.3138374984264374
I0312 03:40:43.865738 140367826650944 spec.py:321] Evaluating on the training split.
I0312 03:40:45.623325 140367826650944 spec.py:333] Evaluating on the validation split.
I0312 03:40:46.962090 140367826650944 spec.py:349] Evaluating on the test split.
I0312 03:40:48.301599 140367826650944 submission_runner.py:420] Time since start: 343.42s, 	Step: 337, 	{'train/ssim': 0.7199898447309222, 'train/loss': 0.28924175671168734, 'validation/ssim': 0.6970055472267164, 'validation/loss': 0.310480309928074, 'validation/num_examples': 3554, 'test/ssim': 0.7142116841707973, 'test/loss': 0.3128357359697885, 'test/num_examples': 3581, 'score': 136.3739686012268, 'total_duration': 343.41506576538086, 'accumulated_submission_time': 136.3739686012268, 'accumulated_eval_time': 206.9951455593109, 'accumulated_logging_time': 0.03457212448120117}
I0312 03:40:48.325839 140181491414784 logging_writer.py:48] [337] accumulated_eval_time=206.995146, accumulated_logging_time=0.034572, accumulated_submission_time=136.373969, global_step=337, preemption_count=0, score=136.373969, test/loss=0.312836, test/num_examples=3581, test/ssim=0.714212, total_duration=343.415066, train/loss=0.289242, train/ssim=0.719990, validation/loss=0.310480, validation/num_examples=3554, validation/ssim=0.697006
I0312 03:41:07.020552 140181483022080 logging_writer.py:48] [400] global_step=400, grad_norm=0.4060731828212738, loss=0.32855668663978577
I0312 03:41:41.000535 140181491414784 logging_writer.py:48] [500] global_step=500, grad_norm=0.5323258638381958, loss=0.29132094979286194
I0312 03:42:08.494979 140367826650944 spec.py:321] Evaluating on the training split.
I0312 03:42:09.886569 140367826650944 spec.py:333] Evaluating on the validation split.
I0312 03:42:11.225151 140367826650944 spec.py:349] Evaluating on the test split.
I0312 03:42:12.563795 140367826650944 submission_runner.py:420] Time since start: 427.68s, 	Step: 582, 	{'train/ssim': 0.7176377432686942, 'train/loss': 0.28644442558288574, 'validation/ssim': 0.6977407168859032, 'validation/loss': 0.3073082335154931, 'validation/num_examples': 3554, 'test/ssim': 0.7143449695441217, 'test/loss': 0.30918678469046706, 'test/num_examples': 3581, 'score': 216.5176022052765, 'total_duration': 427.6772720813751, 'accumulated_submission_time': 216.5176022052765, 'accumulated_eval_time': 211.06392359733582, 'accumulated_logging_time': 0.07666635513305664}
I0312 03:42:12.584537 140181483022080 logging_writer.py:48] [582] accumulated_eval_time=211.063924, accumulated_logging_time=0.076666, accumulated_submission_time=216.517602, global_step=582, preemption_count=0, score=216.517602, test/loss=0.309187, test/num_examples=3581, test/ssim=0.714345, total_duration=427.677272, train/loss=0.286444, train/ssim=0.717638, validation/loss=0.307308, validation/num_examples=3554, validation/ssim=0.697741
I0312 03:42:15.496449 140181491414784 logging_writer.py:48] [600] global_step=600, grad_norm=0.05844956263899803, loss=0.25742506980895996
I0312 03:42:48.731200 140181483022080 logging_writer.py:48] [700] global_step=700, grad_norm=0.5225441455841064, loss=0.235966295003891
I0312 03:43:22.115496 140181491414784 logging_writer.py:48] [800] global_step=800, grad_norm=0.26233798265457153, loss=0.24539707601070404
I0312 03:43:32.926655 140367826650944 spec.py:321] Evaluating on the training split.
I0312 03:43:34.318088 140367826650944 spec.py:333] Evaluating on the validation split.
I0312 03:43:35.656554 140367826650944 spec.py:349] Evaluating on the test split.
I0312 03:43:36.997104 140367826650944 submission_runner.py:420] Time since start: 512.11s, 	Step: 832, 	{'train/ssim': 0.7342916897365025, 'train/loss': 0.2757127285003662, 'validation/ssim': 0.7110329168058878, 'validation/loss': 0.2970286011360439, 'validation/num_examples': 3554, 'test/ssim': 0.7280837258490994, 'test/loss': 0.29899260119598225, 'test/num_examples': 3581, 'score': 296.8364827632904, 'total_duration': 512.1105699539185, 'accumulated_submission_time': 296.8364827632904, 'accumulated_eval_time': 215.13433575630188, 'accumulated_logging_time': 0.11288332939147949}
I0312 03:43:37.017267 140181483022080 logging_writer.py:48] [832] accumulated_eval_time=215.134336, accumulated_logging_time=0.112883, accumulated_submission_time=296.836483, global_step=832, preemption_count=0, score=296.836483, test/loss=0.298993, test/num_examples=3581, test/ssim=0.728084, total_duration=512.110570, train/loss=0.275713, train/ssim=0.734292, validation/loss=0.297029, validation/num_examples=3554, validation/ssim=0.711033
I0312 03:43:56.900596 140181491414784 logging_writer.py:48] [900] global_step=900, grad_norm=0.15836229920387268, loss=0.3219353258609772
I0312 03:44:26.768412 140181483022080 logging_writer.py:48] [1000] global_step=1000, grad_norm=0.09597533941268921, loss=0.22472113370895386
I0312 03:44:50.930317 140181491414784 logging_writer.py:48] [1100] global_step=1100, grad_norm=0.18203972280025482, loss=0.32535865902900696
I0312 03:44:57.201473 140367826650944 spec.py:321] Evaluating on the training split.
I0312 03:44:58.592714 140367826650944 spec.py:333] Evaluating on the validation split.
I0312 03:44:59.933545 140367826650944 spec.py:349] Evaluating on the test split.
I0312 03:45:01.275927 140367826650944 submission_runner.py:420] Time since start: 596.39s, 	Step: 1128, 	{'train/ssim': 0.7332958493913923, 'train/loss': 0.2785420077187674, 'validation/ssim': 0.7100512022105374, 'validation/loss': 0.2995688932694675, 'validation/num_examples': 3554, 'test/ssim': 0.7270126023195337, 'test/loss': 0.30160114253176484, 'test/num_examples': 3581, 'score': 376.9990062713623, 'total_duration': 596.3894002437592, 'accumulated_submission_time': 376.9990062713623, 'accumulated_eval_time': 219.2087481021881, 'accumulated_logging_time': 0.14494824409484863}
I0312 03:45:01.290300 140181483022080 logging_writer.py:48] [1128] accumulated_eval_time=219.208748, accumulated_logging_time=0.144948, accumulated_submission_time=376.999006, global_step=1128, preemption_count=0, score=376.999006, test/loss=0.301601, test/num_examples=3581, test/ssim=0.727013, total_duration=596.389400, train/loss=0.278542, train/ssim=0.733296, validation/loss=0.299569, validation/num_examples=3554, validation/ssim=0.710051
I0312 03:45:16.638901 140181491414784 logging_writer.py:48] [1200] global_step=1200, grad_norm=0.0944482758641243, loss=0.28865161538124084
I0312 03:45:40.436408 140181483022080 logging_writer.py:48] [1300] global_step=1300, grad_norm=0.259975403547287, loss=0.2590300440788269
I0312 03:46:04.411244 140181491414784 logging_writer.py:48] [1400] global_step=1400, grad_norm=0.3638671040534973, loss=0.24560461938381195
I0312 03:46:21.463479 140367826650944 spec.py:321] Evaluating on the training split.
I0312 03:46:22.855077 140367826650944 spec.py:333] Evaluating on the validation split.
I0312 03:46:24.190944 140367826650944 spec.py:349] Evaluating on the test split.
I0312 03:46:25.530843 140367826650944 submission_runner.py:420] Time since start: 680.64s, 	Step: 1473, 	{'train/ssim': 0.7385317257472447, 'train/loss': 0.27128245149339947, 'validation/ssim': 0.7153012560671075, 'validation/loss': 0.29265344176456104, 'validation/num_examples': 3554, 'test/ssim': 0.7326609705520455, 'test/loss': 0.2942166215246265, 'test/num_examples': 3581, 'score': 457.1517524719238, 'total_duration': 680.6443018913269, 'accumulated_submission_time': 457.1517524719238, 'accumulated_eval_time': 223.27605557441711, 'accumulated_logging_time': 0.16814875602722168}
I0312 03:46:25.545069 140181483022080 logging_writer.py:48] [1473] accumulated_eval_time=223.276056, accumulated_logging_time=0.168149, accumulated_submission_time=457.151752, global_step=1473, preemption_count=0, score=457.151752, test/loss=0.294217, test/num_examples=3581, test/ssim=0.732661, total_duration=680.644302, train/loss=0.271282, train/ssim=0.738532, validation/loss=0.292653, validation/num_examples=3554, validation/ssim=0.715301
I0312 03:46:30.020441 140181491414784 logging_writer.py:48] [1500] global_step=1500, grad_norm=0.44677215814590454, loss=0.3187267780303955
I0312 03:46:53.776097 140181483022080 logging_writer.py:48] [1600] global_step=1600, grad_norm=0.18950913846492767, loss=0.2340625822544098
I0312 03:47:17.560493 140181491414784 logging_writer.py:48] [1700] global_step=1700, grad_norm=0.1279715895652771, loss=0.33264219760894775
I0312 03:47:41.142960 140181483022080 logging_writer.py:48] [1800] global_step=1800, grad_norm=0.17747803032398224, loss=0.20437651872634888
I0312 03:47:45.653669 140367826650944 spec.py:321] Evaluating on the training split.
I0312 03:47:47.044994 140367826650944 spec.py:333] Evaluating on the validation split.
I0312 03:47:48.382858 140367826650944 spec.py:349] Evaluating on the test split.
I0312 03:47:49.725715 140367826650944 submission_runner.py:420] Time since start: 764.84s, 	Step: 1820, 	{'train/ssim': 0.7382958275931222, 'train/loss': 0.2751588821411133, 'validation/ssim': 0.7154874184457654, 'validation/loss': 0.29629198889015895, 'validation/num_examples': 3554, 'test/ssim': 0.7325720000087266, 'test/loss': 0.2979964379057875, 'test/num_examples': 3581, 'score': 537.2392702102661, 'total_duration': 764.8391892910004, 'accumulated_submission_time': 537.2392702102661, 'accumulated_eval_time': 227.34806537628174, 'accumulated_logging_time': 0.1919243335723877}
I0312 03:47:49.739557 140181491414784 logging_writer.py:48] [1820] accumulated_eval_time=227.348065, accumulated_logging_time=0.191924, accumulated_submission_time=537.239270, global_step=1820, preemption_count=0, score=537.239270, test/loss=0.297996, test/num_examples=3581, test/ssim=0.732572, total_duration=764.839189, train/loss=0.275159, train/ssim=0.738296, validation/loss=0.296292, validation/num_examples=3554, validation/ssim=0.715487
I0312 03:48:06.957648 140181483022080 logging_writer.py:48] [1900] global_step=1900, grad_norm=0.07745710760354996, loss=0.29840701818466187
I0312 03:48:31.219750 140181491414784 logging_writer.py:48] [2000] global_step=2000, grad_norm=0.25118476152420044, loss=0.3058094084262848
I0312 03:48:55.489710 140181483022080 logging_writer.py:48] [2100] global_step=2100, grad_norm=0.04799411818385124, loss=0.31828245520591736
I0312 03:49:09.797291 140367826650944 spec.py:321] Evaluating on the training split.
I0312 03:49:11.189759 140367826650944 spec.py:333] Evaluating on the validation split.
I0312 03:49:12.527910 140367826650944 spec.py:349] Evaluating on the test split.
I0312 03:49:13.868415 140367826650944 submission_runner.py:420] Time since start: 848.98s, 	Step: 2161, 	{'train/ssim': 0.7415499005998883, 'train/loss': 0.27015130860464914, 'validation/ssim': 0.7184250745199071, 'validation/loss': 0.29182838521516247, 'validation/num_examples': 3554, 'test/ssim': 0.7356083158073862, 'test/loss': 0.29349238084901214, 'test/num_examples': 3581, 'score': 617.2763676643372, 'total_duration': 848.9818904399872, 'accumulated_submission_time': 617.2763676643372, 'accumulated_eval_time': 231.41916298866272, 'accumulated_logging_time': 0.21491217613220215}
I0312 03:49:13.883080 140181491414784 logging_writer.py:48] [2161] accumulated_eval_time=231.419163, accumulated_logging_time=0.214912, accumulated_submission_time=617.276368, global_step=2161, preemption_count=0, score=617.276368, test/loss=0.293492, test/num_examples=3581, test/ssim=0.735608, total_duration=848.981890, train/loss=0.270151, train/ssim=0.741550, validation/loss=0.291828, validation/num_examples=3554, validation/ssim=0.718425
I0312 03:49:21.119722 140181483022080 logging_writer.py:48] [2200] global_step=2200, grad_norm=0.24990490078926086, loss=0.23620201647281647
I0312 03:49:44.869531 140181491414784 logging_writer.py:48] [2300] global_step=2300, grad_norm=0.05843782052397728, loss=0.2930181920528412
I0312 03:50:08.671092 140181483022080 logging_writer.py:48] [2400] global_step=2400, grad_norm=0.19244524836540222, loss=0.24558763206005096
I0312 03:50:32.408941 140181491414784 logging_writer.py:48] [2500] global_step=2500, grad_norm=0.1311621069908142, loss=0.25883913040161133
I0312 03:50:34.011639 140367826650944 spec.py:321] Evaluating on the training split.
I0312 03:50:35.402499 140367826650944 spec.py:333] Evaluating on the validation split.
I0312 03:50:36.738511 140367826650944 spec.py:349] Evaluating on the test split.
I0312 03:50:38.082570 140367826650944 submission_runner.py:420] Time since start: 933.20s, 	Step: 2508, 	{'train/ssim': 0.7426836150033134, 'train/loss': 0.2681118590491159, 'validation/ssim': 0.7191463678689505, 'validation/loss': 0.28987821408316333, 'validation/num_examples': 3554, 'test/ssim': 0.7364003922612399, 'test/loss': 0.2914261507675056, 'test/num_examples': 3581, 'score': 697.3838765621185, 'total_duration': 933.1960182189941, 'accumulated_submission_time': 697.3838765621185, 'accumulated_eval_time': 235.4900426864624, 'accumulated_logging_time': 0.23876452445983887}
I0312 03:50:38.097084 140181483022080 logging_writer.py:48] [2508] accumulated_eval_time=235.490043, accumulated_logging_time=0.238765, accumulated_submission_time=697.383877, global_step=2508, preemption_count=0, score=697.383877, test/loss=0.291426, test/num_examples=3581, test/ssim=0.736400, total_duration=933.196018, train/loss=0.268112, train/ssim=0.742684, validation/loss=0.289878, validation/num_examples=3554, validation/ssim=0.719146
I0312 03:50:57.876885 140181491414784 logging_writer.py:48] [2600] global_step=2600, grad_norm=0.1826564222574234, loss=0.23491711914539337
I0312 03:51:21.820809 140181483022080 logging_writer.py:48] [2700] global_step=2700, grad_norm=0.0721343532204628, loss=0.31153830885887146
I0312 03:51:45.696689 140181491414784 logging_writer.py:48] [2800] global_step=2800, grad_norm=0.09282790124416351, loss=0.274587482213974
I0312 03:51:58.275474 140367826650944 spec.py:321] Evaluating on the training split.
I0312 03:51:59.666850 140367826650944 spec.py:333] Evaluating on the validation split.
I0312 03:52:01.004926 140367826650944 spec.py:349] Evaluating on the test split.
I0312 03:52:02.347197 140367826650944 submission_runner.py:420] Time since start: 1017.46s, 	Step: 2854, 	{'train/ssim': 0.7407185690743583, 'train/loss': 0.26914349624088835, 'validation/ssim': 0.7170123012802476, 'validation/loss': 0.2910748054019239, 'validation/num_examples': 3554, 'test/ssim': 0.7343460249188425, 'test/loss': 0.2924938313756632, 'test/num_examples': 3581, 'score': 777.5420806407928, 'total_duration': 1017.460663318634, 'accumulated_submission_time': 777.5420806407928, 'accumulated_eval_time': 239.56171774864197, 'accumulated_logging_time': 0.26175546646118164}
I0312 03:52:02.362276 140181483022080 logging_writer.py:48] [2854] accumulated_eval_time=239.561718, accumulated_logging_time=0.261755, accumulated_submission_time=777.542081, global_step=2854, preemption_count=0, score=777.542081, test/loss=0.292494, test/num_examples=3581, test/ssim=0.734346, total_duration=1017.460663, train/loss=0.269143, train/ssim=0.740719, validation/loss=0.291075, validation/num_examples=3554, validation/ssim=0.717012
I0312 03:52:11.129883 140181491414784 logging_writer.py:48] [2900] global_step=2900, grad_norm=0.1642967164516449, loss=0.2938418984413147
I0312 03:52:34.929720 140181483022080 logging_writer.py:48] [3000] global_step=3000, grad_norm=0.09822040796279907, loss=0.26016801595687866
I0312 03:52:59.088301 140181491414784 logging_writer.py:48] [3100] global_step=3100, grad_norm=0.11980322003364563, loss=0.23845833539962769
I0312 03:53:22.393977 140367826650944 spec.py:321] Evaluating on the training split.
I0312 03:53:23.786599 140367826650944 spec.py:333] Evaluating on the validation split.
I0312 03:53:25.127371 140367826650944 spec.py:349] Evaluating on the test split.
I0312 03:53:26.469742 140367826650944 submission_runner.py:420] Time since start: 1101.58s, 	Step: 3197, 	{'train/ssim': 0.7446472985403878, 'train/loss': 0.2674750770841326, 'validation/ssim': 0.7210393163952589, 'validation/loss': 0.2893060567208603, 'validation/num_examples': 3554, 'test/ssim': 0.7381361700642278, 'test/loss': 0.2908867029330145, 'test/num_examples': 3581, 'score': 857.5538339614868, 'total_duration': 1101.583218574524, 'accumulated_submission_time': 857.5538339614868, 'accumulated_eval_time': 243.63744497299194, 'accumulated_logging_time': 0.28516602516174316}
I0312 03:53:26.484871 140181483022080 logging_writer.py:48] [3197] accumulated_eval_time=243.637445, accumulated_logging_time=0.285166, accumulated_submission_time=857.553834, global_step=3197, preemption_count=0, score=857.553834, test/loss=0.290887, test/num_examples=3581, test/ssim=0.738136, total_duration=1101.583219, train/loss=0.267475, train/ssim=0.744647, validation/loss=0.289306, validation/num_examples=3554, validation/ssim=0.721039
I0312 03:53:26.795252 140181491414784 logging_writer.py:48] [3200] global_step=3200, grad_norm=0.20207025110721588, loss=0.3082291781902313
I0312 03:53:48.876382 140181483022080 logging_writer.py:48] [3300] global_step=3300, grad_norm=0.13592179119586945, loss=0.25369149446487427
I0312 03:54:12.717755 140181491414784 logging_writer.py:48] [3400] global_step=3400, grad_norm=0.03142162412405014, loss=0.3026985824108124
I0312 03:54:36.321784 140181483022080 logging_writer.py:48] [3500] global_step=3500, grad_norm=0.08629098534584045, loss=0.2500733733177185
I0312 03:54:46.632603 140367826650944 spec.py:321] Evaluating on the training split.
I0312 03:54:48.021658 140367826650944 spec.py:333] Evaluating on the validation split.
I0312 03:54:49.360584 140367826650944 spec.py:349] Evaluating on the test split.
I0312 03:54:50.701322 140367826650944 submission_runner.py:420] Time since start: 1185.81s, 	Step: 3545, 	{'train/ssim': 0.7404789924621582, 'train/loss': 0.26756690229688374, 'validation/ssim': 0.7183150944578293, 'validation/loss': 0.28925759267726503, 'validation/num_examples': 3554, 'test/ssim': 0.7352689323862049, 'test/loss': 0.2907484747517279, 'test/num_examples': 3581, 'score': 937.6811022758484, 'total_duration': 1185.814774274826, 'accumulated_submission_time': 937.6811022758484, 'accumulated_eval_time': 247.70609736442566, 'accumulated_logging_time': 0.3091092109680176}
I0312 03:54:50.717060 140181491414784 logging_writer.py:48] [3545] accumulated_eval_time=247.706097, accumulated_logging_time=0.309109, accumulated_submission_time=937.681102, global_step=3545, preemption_count=0, score=937.681102, test/loss=0.290748, test/num_examples=3581, test/ssim=0.735269, total_duration=1185.814774, train/loss=0.267567, train/ssim=0.740479, validation/loss=0.289258, validation/num_examples=3554, validation/ssim=0.718315
I0312 03:55:01.701944 140181483022080 logging_writer.py:48] [3600] global_step=3600, grad_norm=0.07725558429956436, loss=0.31853362917900085
I0312 03:55:25.200406 140181491414784 logging_writer.py:48] [3700] global_step=3700, grad_norm=0.31004729866981506, loss=0.35260018706321716
I0312 03:55:48.708425 140181483022080 logging_writer.py:48] [3800] global_step=3800, grad_norm=0.04838167503476143, loss=0.2741772532463074
I0312 03:56:10.817374 140367826650944 spec.py:321] Evaluating on the training split.
I0312 03:56:12.209688 140367826650944 spec.py:333] Evaluating on the validation split.
I0312 03:56:13.551150 140367826650944 spec.py:349] Evaluating on the test split.
I0312 03:56:14.892937 140367826650944 submission_runner.py:420] Time since start: 1270.01s, 	Step: 3894, 	{'train/ssim': 0.742952687399728, 'train/loss': 0.2677767276763916, 'validation/ssim': 0.7204911334499859, 'validation/loss': 0.2893170135103053, 'validation/num_examples': 3554, 'test/ssim': 0.7374393364065555, 'test/loss': 0.2907551560645595, 'test/num_examples': 3581, 'score': 1017.7604601383209, 'total_duration': 1270.006408214569, 'accumulated_submission_time': 1017.7604601383209, 'accumulated_eval_time': 251.78162288665771, 'accumulated_logging_time': 0.33406925201416016}
I0312 03:56:14.908543 140181491414784 logging_writer.py:48] [3894] accumulated_eval_time=251.781623, accumulated_logging_time=0.334069, accumulated_submission_time=1017.760460, global_step=3894, preemption_count=0, score=1017.760460, test/loss=0.290755, test/num_examples=3581, test/ssim=0.737439, total_duration=1270.006408, train/loss=0.267777, train/ssim=0.742953, validation/loss=0.289317, validation/num_examples=3554, validation/ssim=0.720491
I0312 03:56:15.437510 140181483022080 logging_writer.py:48] [3900] global_step=3900, grad_norm=0.10747233778238297, loss=0.29976099729537964
I0312 03:56:38.008698 140181491414784 logging_writer.py:48] [4000] global_step=4000, grad_norm=0.13284613192081451, loss=0.254452109336853
I0312 03:57:01.697399 140181483022080 logging_writer.py:48] [4100] global_step=4100, grad_norm=0.1426425725221634, loss=0.19326648116111755
I0312 03:57:25.952905 140181491414784 logging_writer.py:48] [4200] global_step=4200, grad_norm=0.1350269764661789, loss=0.27124959230422974
I0312 03:57:34.982991 140367826650944 spec.py:321] Evaluating on the training split.
I0312 03:57:36.375832 140367826650944 spec.py:333] Evaluating on the validation split.
I0312 03:57:37.713273 140367826650944 spec.py:349] Evaluating on the test split.
I0312 03:57:39.052585 140367826650944 submission_runner.py:420] Time since start: 1354.17s, 	Step: 4239, 	{'train/ssim': 0.7461169787815639, 'train/loss': 0.26586524077824186, 'validation/ssim': 0.7225389196152223, 'validation/loss': 0.28776393154060564, 'validation/num_examples': 3554, 'test/ssim': 0.739725777104859, 'test/loss': 0.28915978809602766, 'test/num_examples': 3581, 'score': 1097.8150520324707, 'total_duration': 1354.166056394577, 'accumulated_submission_time': 1097.8150520324707, 'accumulated_eval_time': 255.85117268562317, 'accumulated_logging_time': 0.35807061195373535}
I0312 03:57:39.067009 140181483022080 logging_writer.py:48] [4239] accumulated_eval_time=255.851173, accumulated_logging_time=0.358071, accumulated_submission_time=1097.815052, global_step=4239, preemption_count=0, score=1097.815052, test/loss=0.289160, test/num_examples=3581, test/ssim=0.739726, total_duration=1354.166056, train/loss=0.265865, train/ssim=0.746117, validation/loss=0.287764, validation/num_examples=3554, validation/ssim=0.722539
I0312 03:57:51.564435 140181491414784 logging_writer.py:48] [4300] global_step=4300, grad_norm=0.0880666971206665, loss=0.3808479309082031
I0312 03:58:15.316965 140181483022080 logging_writer.py:48] [4400] global_step=4400, grad_norm=0.04694472625851631, loss=0.31651338934898376
I0312 03:58:38.872915 140181491414784 logging_writer.py:48] [4500] global_step=4500, grad_norm=0.1518859565258026, loss=0.2589569091796875
I0312 03:58:59.306273 140367826650944 spec.py:321] Evaluating on the training split.
I0312 03:59:00.698594 140367826650944 spec.py:333] Evaluating on the validation split.
I0312 03:59:02.037344 140367826650944 spec.py:349] Evaluating on the test split.
I0312 03:59:03.378633 140367826650944 submission_runner.py:420] Time since start: 1438.49s, 	Step: 4587, 	{'train/ssim': 0.7441460745675224, 'train/loss': 0.26637215273720877, 'validation/ssim': 0.7196655616910523, 'validation/loss': 0.2887165883181802, 'validation/num_examples': 3554, 'test/ssim': 0.7370788863969562, 'test/loss': 0.2900792185536512, 'test/num_examples': 3581, 'score': 1178.0337393283844, 'total_duration': 1438.4921023845673, 'accumulated_submission_time': 1178.0337393283844, 'accumulated_eval_time': 259.9235010147095, 'accumulated_logging_time': 0.38129091262817383}
I0312 03:59:03.393248 140181483022080 logging_writer.py:48] [4587] accumulated_eval_time=259.923501, accumulated_logging_time=0.381291, accumulated_submission_time=1178.033739, global_step=4587, preemption_count=0, score=1178.033739, test/loss=0.290079, test/num_examples=3581, test/ssim=0.737079, total_duration=1438.492102, train/loss=0.266372, train/ssim=0.744146, validation/loss=0.288717, validation/num_examples=3554, validation/ssim=0.719666
I0312 03:59:04.428137 140181491414784 logging_writer.py:48] [4600] global_step=4600, grad_norm=0.1097690612077713, loss=0.2629108130931854
I0312 03:59:27.866285 140181483022080 logging_writer.py:48] [4700] global_step=4700, grad_norm=0.15732891857624054, loss=0.2577127516269684
I0312 03:59:51.460867 140181491414784 logging_writer.py:48] [4800] global_step=4800, grad_norm=0.14643990993499756, loss=0.2200985550880432
I0312 04:00:15.111382 140181483022080 logging_writer.py:48] [4900] global_step=4900, grad_norm=0.07395891845226288, loss=0.306622177362442
I0312 04:00:23.605036 140367826650944 spec.py:321] Evaluating on the training split.
I0312 04:00:24.996611 140367826650944 spec.py:333] Evaluating on the validation split.
I0312 04:00:26.336059 140367826650944 spec.py:349] Evaluating on the test split.
I0312 04:00:27.676428 140367826650944 submission_runner.py:420] Time since start: 1522.79s, 	Step: 4937, 	{'train/ssim': 0.7458579880850655, 'train/loss': 0.2657783882958548, 'validation/ssim': 0.7220892447330473, 'validation/loss': 0.2878372286837894, 'validation/num_examples': 3554, 'test/ssim': 0.739319989615331, 'test/loss': 0.2892136817469806, 'test/num_examples': 3581, 'score': 1258.2251710891724, 'total_duration': 1522.78990483284, 'accumulated_submission_time': 1258.2251710891724, 'accumulated_eval_time': 263.99485969543457, 'accumulated_logging_time': 0.404461145401001}
I0312 04:00:27.690463 140181491414784 logging_writer.py:48] [4937] accumulated_eval_time=263.994860, accumulated_logging_time=0.404461, accumulated_submission_time=1258.225171, global_step=4937, preemption_count=0, score=1258.225171, test/loss=0.289214, test/num_examples=3581, test/ssim=0.739320, total_duration=1522.789905, train/loss=0.265778, train/ssim=0.745858, validation/loss=0.287837, validation/num_examples=3554, validation/ssim=0.722089
I0312 04:00:40.385446 140181483022080 logging_writer.py:48] [5000] global_step=5000, grad_norm=0.1268579065799713, loss=0.24658219516277313
I0312 04:01:04.663971 140181491414784 logging_writer.py:48] [5100] global_step=5100, grad_norm=0.14708252251148224, loss=0.24585674703121185
I0312 04:01:28.339195 140181483022080 logging_writer.py:48] [5200] global_step=5200, grad_norm=0.14521506428718567, loss=0.2300184667110443
I0312 04:01:47.768257 140367826650944 spec.py:321] Evaluating on the training split.
I0312 04:01:49.162736 140367826650944 spec.py:333] Evaluating on the validation split.
I0312 04:01:50.499763 140367826650944 spec.py:349] Evaluating on the test split.
I0312 04:01:51.837693 140367826650944 submission_runner.py:420] Time since start: 1606.95s, 	Step: 5281, 	{'train/ssim': 0.7460690225873675, 'train/loss': 0.2662630251475743, 'validation/ssim': 0.7228021573403207, 'validation/loss': 0.28813498544773497, 'validation/num_examples': 3554, 'test/ssim': 0.7398108615784696, 'test/loss': 0.28956898441863305, 'test/num_examples': 3581, 'score': 1338.2833817005157, 'total_duration': 1606.9511659145355, 'accumulated_submission_time': 1338.2833817005157, 'accumulated_eval_time': 268.0642638206482, 'accumulated_logging_time': 0.42676830291748047}
I0312 04:01:51.852876 140181491414784 logging_writer.py:48] [5281] accumulated_eval_time=268.064264, accumulated_logging_time=0.426768, accumulated_submission_time=1338.283382, global_step=5281, preemption_count=0, score=1338.283382, test/loss=0.289569, test/num_examples=3581, test/ssim=0.739811, total_duration=1606.951166, train/loss=0.266263, train/ssim=0.746069, validation/loss=0.288135, validation/num_examples=3554, validation/ssim=0.722802
I0312 04:01:54.306811 140181483022080 logging_writer.py:48] [5300] global_step=5300, grad_norm=0.08943621814250946, loss=0.20991457998752594
I0312 04:02:18.305482 140181491414784 logging_writer.py:48] [5400] global_step=5400, grad_norm=0.16697484254837036, loss=0.26337817311286926
I0312 04:02:42.023371 140181483022080 logging_writer.py:48] [5500] global_step=5500, grad_norm=0.16350199282169342, loss=0.2836933135986328
I0312 04:03:05.859883 140181491414784 logging_writer.py:48] [5600] global_step=5600, grad_norm=0.06651434302330017, loss=0.26581957936286926
I0312 04:03:11.976987 140367826650944 spec.py:321] Evaluating on the training split.
I0312 04:03:13.369119 140367826650944 spec.py:333] Evaluating on the validation split.
I0312 04:03:14.710604 140367826650944 spec.py:349] Evaluating on the test split.
I0312 04:03:16.054763 140367826650944 submission_runner.py:420] Time since start: 1691.17s, 	Step: 5627, 	{'train/ssim': 0.7479839324951172, 'train/loss': 0.26490684917994906, 'validation/ssim': 0.7236124102024127, 'validation/loss': 0.28736424915697983, 'validation/num_examples': 3554, 'test/ssim': 0.7408307844352137, 'test/loss': 0.2887484101202527, 'test/num_examples': 3581, 'score': 1418.387591600418, 'total_duration': 1691.1682395935059, 'accumulated_submission_time': 1418.387591600418, 'accumulated_eval_time': 272.1420018672943, 'accumulated_logging_time': 0.45034289360046387}
I0312 04:03:16.071397 140181483022080 logging_writer.py:48] [5627] accumulated_eval_time=272.142002, accumulated_logging_time=0.450343, accumulated_submission_time=1418.387592, global_step=5627, preemption_count=0, score=1418.387592, test/loss=0.288748, test/num_examples=3581, test/ssim=0.740831, total_duration=1691.168240, train/loss=0.264907, train/ssim=0.747984, validation/loss=0.287364, validation/num_examples=3554, validation/ssim=0.723612
I0312 04:03:31.249208 140181491414784 logging_writer.py:48] [5700] global_step=5700, grad_norm=0.09824344515800476, loss=0.33385252952575684
I0312 04:03:54.816760 140181483022080 logging_writer.py:48] [5800] global_step=5800, grad_norm=0.055877070873975754, loss=0.3602536618709564
I0312 04:04:18.396547 140181491414784 logging_writer.py:48] [5900] global_step=5900, grad_norm=0.04326871782541275, loss=0.32516852021217346
I0312 04:04:36.055208 140367826650944 spec.py:321] Evaluating on the training split.
I0312 04:04:37.451570 140367826650944 spec.py:333] Evaluating on the validation split.
I0312 04:04:38.791243 140367826650944 spec.py:349] Evaluating on the test split.
I0312 04:04:40.130673 140367826650944 submission_runner.py:420] Time since start: 1775.24s, 	Step: 5975, 	{'train/ssim': 0.7471363885062081, 'train/loss': 0.26478140694754465, 'validation/ssim': 0.7228996349843486, 'validation/loss': 0.2870195911516953, 'validation/num_examples': 3554, 'test/ssim': 0.7401961960695337, 'test/loss': 0.28840036826305504, 'test/num_examples': 3581, 'score': 1498.3514828681946, 'total_duration': 1775.244146347046, 'accumulated_submission_time': 1498.3514828681946, 'accumulated_eval_time': 276.2174243927002, 'accumulated_logging_time': 0.4755406379699707}
I0312 04:04:40.146043 140181483022080 logging_writer.py:48] [5975] accumulated_eval_time=276.217424, accumulated_logging_time=0.475541, accumulated_submission_time=1498.351483, global_step=5975, preemption_count=0, score=1498.351483, test/loss=0.288400, test/num_examples=3581, test/ssim=0.740196, total_duration=1775.244146, train/loss=0.264781, train/ssim=0.747136, validation/loss=0.287020, validation/num_examples=3554, validation/ssim=0.722900
I0312 04:04:44.043040 140181491414784 logging_writer.py:48] [6000] global_step=6000, grad_norm=0.3010618984699249, loss=0.24601420760154724
I0312 04:05:08.091442 140181483022080 logging_writer.py:48] [6100] global_step=6100, grad_norm=0.08374708890914917, loss=0.28851279616355896
I0312 04:05:31.451051 140181491414784 logging_writer.py:48] [6200] global_step=6200, grad_norm=0.11889994889497757, loss=0.29472339153289795
I0312 04:05:55.201087 140181483022080 logging_writer.py:48] [6300] global_step=6300, grad_norm=0.29899683594703674, loss=0.25168681144714355
I0312 04:06:00.305898 140367826650944 spec.py:321] Evaluating on the training split.
I0312 04:06:01.695486 140367826650944 spec.py:333] Evaluating on the validation split.
I0312 04:06:03.036094 140367826650944 spec.py:349] Evaluating on the test split.
I0312 04:06:04.377911 140367826650944 submission_runner.py:420] Time since start: 1859.49s, 	Step: 6323, 	{'train/ssim': 0.7470765113830566, 'train/loss': 0.2650374174118042, 'validation/ssim': 0.7230641585625351, 'validation/loss': 0.28724356991022437, 'validation/num_examples': 3554, 'test/ssim': 0.7403354809890743, 'test/loss': 0.2885712530652227, 'test/num_examples': 3581, 'score': 1578.4904873371124, 'total_duration': 1859.4913849830627, 'accumulated_submission_time': 1578.4904873371124, 'accumulated_eval_time': 280.2893924713135, 'accumulated_logging_time': 0.5003418922424316}
I0312 04:06:04.393302 140181491414784 logging_writer.py:48] [6323] accumulated_eval_time=280.289392, accumulated_logging_time=0.500342, accumulated_submission_time=1578.490487, global_step=6323, preemption_count=0, score=1578.490487, test/loss=0.288571, test/num_examples=3581, test/ssim=0.740335, total_duration=1859.491385, train/loss=0.265037, train/ssim=0.747077, validation/loss=0.287244, validation/num_examples=3554, validation/ssim=0.723064
I0312 04:06:20.770706 140181483022080 logging_writer.py:48] [6400] global_step=6400, grad_norm=0.14850449562072754, loss=0.2569887042045593
I0312 04:06:44.550908 140181491414784 logging_writer.py:48] [6500] global_step=6500, grad_norm=0.05189933627843857, loss=0.20906221866607666
I0312 04:07:08.132034 140181483022080 logging_writer.py:48] [6600] global_step=6600, grad_norm=0.24322746694087982, loss=0.19667869806289673
I0312 04:07:24.432549 140367826650944 spec.py:321] Evaluating on the training split.
I0312 04:07:25.825458 140367826650944 spec.py:333] Evaluating on the validation split.
I0312 04:07:27.166476 140367826650944 spec.py:349] Evaluating on the test split.
I0312 04:07:28.506849 140367826650944 submission_runner.py:420] Time since start: 1943.62s, 	Step: 6670, 	{'train/ssim': 0.7462148666381836, 'train/loss': 0.264569810458592, 'validation/ssim': 0.7219730134619443, 'validation/loss': 0.28716407307896913, 'validation/num_examples': 3554, 'test/ssim': 0.73911150538432, 'test/loss': 0.2885813091228009, 'test/num_examples': 3581, 'score': 1658.508949995041, 'total_duration': 1943.6203219890594, 'accumulated_submission_time': 1658.508949995041, 'accumulated_eval_time': 284.363648891449, 'accumulated_logging_time': 0.5252387523651123}
I0312 04:07:28.522152 140181491414784 logging_writer.py:48] [6670] accumulated_eval_time=284.363649, accumulated_logging_time=0.525239, accumulated_submission_time=1658.508950, global_step=6670, preemption_count=0, score=1658.508950, test/loss=0.288581, test/num_examples=3581, test/ssim=0.739112, total_duration=1943.620322, train/loss=0.264570, train/ssim=0.746215, validation/loss=0.287164, validation/num_examples=3554, validation/ssim=0.721973
I0312 04:07:33.455680 140181483022080 logging_writer.py:48] [6700] global_step=6700, grad_norm=0.11618532985448837, loss=0.33645376563072205
I0312 04:07:56.771923 140181491414784 logging_writer.py:48] [6800] global_step=6800, grad_norm=0.0632517859339714, loss=0.3080679774284363
I0312 04:08:20.676526 140181483022080 logging_writer.py:48] [6900] global_step=6900, grad_norm=0.0904119536280632, loss=0.34454071521759033
I0312 04:08:44.450688 140181491414784 logging_writer.py:48] [7000] global_step=7000, grad_norm=0.2585022449493408, loss=0.23599207401275635
I0312 04:08:48.561384 140367826650944 spec.py:321] Evaluating on the training split.
I0312 04:08:49.952275 140367826650944 spec.py:333] Evaluating on the validation split.
I0312 04:08:51.289848 140367826650944 spec.py:349] Evaluating on the test split.
I0312 04:08:52.630144 140367826650944 submission_runner.py:420] Time since start: 2027.74s, 	Step: 7018, 	{'train/ssim': 0.745499679020473, 'train/loss': 0.2654059273856027, 'validation/ssim': 0.7219162717184862, 'validation/loss': 0.28751645922727914, 'validation/num_examples': 3554, 'test/ssim': 0.7390810985932701, 'test/loss': 0.2888908311662245, 'test/num_examples': 3581, 'score': 1738.5285112857819, 'total_duration': 2027.7436203956604, 'accumulated_submission_time': 1738.5285112857819, 'accumulated_eval_time': 288.43237042427063, 'accumulated_logging_time': 0.5486984252929688}
I0312 04:08:52.645629 140181483022080 logging_writer.py:48] [7018] accumulated_eval_time=288.432370, accumulated_logging_time=0.548698, accumulated_submission_time=1738.528511, global_step=7018, preemption_count=0, score=1738.528511, test/loss=0.288891, test/num_examples=3581, test/ssim=0.739081, total_duration=2027.743620, train/loss=0.265406, train/ssim=0.745500, validation/loss=0.287516, validation/num_examples=3554, validation/ssim=0.721916
I0312 04:09:10.035145 140181491414784 logging_writer.py:48] [7100] global_step=7100, grad_norm=0.1709989607334137, loss=0.2832895517349243
I0312 04:09:33.421600 140181483022080 logging_writer.py:48] [7200] global_step=7200, grad_norm=0.11657626926898956, loss=0.31398460268974304
I0312 04:09:57.165916 140181491414784 logging_writer.py:48] [7300] global_step=7300, grad_norm=0.09019786864519119, loss=0.2813819944858551
I0312 04:10:12.734658 140367826650944 spec.py:321] Evaluating on the training split.
I0312 04:10:14.129316 140367826650944 spec.py:333] Evaluating on the validation split.
I0312 04:10:15.468826 140367826650944 spec.py:349] Evaluating on the test split.
I0312 04:10:16.809246 140367826650944 submission_runner.py:420] Time since start: 2111.92s, 	Step: 7366, 	{'train/ssim': 0.7471366609845843, 'train/loss': 0.2649506500789097, 'validation/ssim': 0.7230871712550999, 'validation/loss': 0.2871706334137152, 'validation/num_examples': 3554, 'test/ssim': 0.7401437000401424, 'test/loss': 0.28866554138814227, 'test/num_examples': 3581, 'score': 1818.5980372428894, 'total_duration': 2111.9227204322815, 'accumulated_submission_time': 1818.5980372428894, 'accumulated_eval_time': 292.50692319869995, 'accumulated_logging_time': 0.5723929405212402}
I0312 04:10:16.825721 140181483022080 logging_writer.py:48] [7366] accumulated_eval_time=292.506923, accumulated_logging_time=0.572393, accumulated_submission_time=1818.598037, global_step=7366, preemption_count=0, score=1818.598037, test/loss=0.288666, test/num_examples=3581, test/ssim=0.740144, total_duration=2111.922720, train/loss=0.264951, train/ssim=0.747137, validation/loss=0.287171, validation/num_examples=3554, validation/ssim=0.723087
I0312 04:10:22.998564 140181491414784 logging_writer.py:48] [7400] global_step=7400, grad_norm=0.17899608612060547, loss=0.21628087759017944
I0312 04:10:47.191660 140181483022080 logging_writer.py:48] [7500] global_step=7500, grad_norm=0.1790475696325302, loss=0.22918082773685455
I0312 04:11:10.981134 140181491414784 logging_writer.py:48] [7600] global_step=7600, grad_norm=0.18699079751968384, loss=0.21273714303970337
I0312 04:11:34.468776 140181483022080 logging_writer.py:48] [7700] global_step=7700, grad_norm=0.20082738995552063, loss=0.1940264105796814
I0312 04:11:36.880811 140367826650944 spec.py:321] Evaluating on the training split.
I0312 04:11:38.273598 140367826650944 spec.py:333] Evaluating on the validation split.
I0312 04:11:39.610495 140367826650944 spec.py:349] Evaluating on the test split.
I0312 04:11:40.952129 140367826650944 submission_runner.py:420] Time since start: 2196.07s, 	Step: 7712, 	{'train/ssim': 0.74489654813494, 'train/loss': 0.26552302496773855, 'validation/ssim': 0.7204773945290518, 'validation/loss': 0.2879726944442002, 'validation/num_examples': 3554, 'test/ssim': 0.7377579259459648, 'test/loss': 0.2892601100534941, 'test/num_examples': 3581, 'score': 1898.6324636936188, 'total_duration': 2196.0656032562256, 'accumulated_submission_time': 1898.6324636936188, 'accumulated_eval_time': 296.5782120227814, 'accumulated_logging_time': 0.5983188152313232}
I0312 04:11:40.969233 140181491414784 logging_writer.py:48] [7712] accumulated_eval_time=296.578212, accumulated_logging_time=0.598319, accumulated_submission_time=1898.632464, global_step=7712, preemption_count=0, score=1898.632464, test/loss=0.289260, test/num_examples=3581, test/ssim=0.737758, total_duration=2196.065603, train/loss=0.265523, train/ssim=0.744897, validation/loss=0.287973, validation/num_examples=3554, validation/ssim=0.720477
I0312 04:11:59.688314 140181483022080 logging_writer.py:48] [7800] global_step=7800, grad_norm=0.12208676338195801, loss=0.2980240285396576
I0312 04:12:23.195532 140181491414784 logging_writer.py:48] [7900] global_step=7900, grad_norm=0.08308976143598557, loss=0.35803717374801636
I0312 04:12:46.667250 140181483022080 logging_writer.py:48] [8000] global_step=8000, grad_norm=0.11416018009185791, loss=0.24554859101772308
I0312 04:13:01.073475 140367826650944 spec.py:321] Evaluating on the training split.
I0312 04:13:02.464927 140367826650944 spec.py:333] Evaluating on the validation split.
I0312 04:13:03.804244 140367826650944 spec.py:349] Evaluating on the test split.
I0312 04:13:05.143190 140367826650944 submission_runner.py:420] Time since start: 2280.26s, 	Step: 8062, 	{'train/ssim': 0.7482733726501465, 'train/loss': 0.26483871255602154, 'validation/ssim': 0.7244876481605234, 'validation/loss': 0.2870159675112989, 'validation/num_examples': 3554, 'test/ssim': 0.7416393596411617, 'test/loss': 0.28839941378979334, 'test/num_examples': 3581, 'score': 1978.7172708511353, 'total_duration': 2280.256668329239, 'accumulated_submission_time': 1978.7172708511353, 'accumulated_eval_time': 300.6479024887085, 'accumulated_logging_time': 0.6236989498138428}
I0312 04:13:05.158763 140181491414784 logging_writer.py:48] [8062] accumulated_eval_time=300.647902, accumulated_logging_time=0.623699, accumulated_submission_time=1978.717271, global_step=8062, preemption_count=0, score=1978.717271, test/loss=0.288399, test/num_examples=3581, test/ssim=0.741639, total_duration=2280.256668, train/loss=0.264839, train/ssim=0.748273, validation/loss=0.287016, validation/num_examples=3554, validation/ssim=0.724488
I0312 04:13:05.173544 140181483022080 logging_writer.py:48] [8062] global_step=8062, preemption_count=0, score=1978.717271
I0312 04:13:05.234180 140367826650944 checkpoints.py:490] Saving checkpoint at step: 8062
I0312 04:13:05.468887 140367826650944 checkpoints.py:422] Saved checkpoint at /experiment_runs/prize_qualification_self_tuning/study_2/fastmri_jax/trial_1/checkpoint_8062
I0312 04:13:05.470423 140367826650944 checkpoint_utils.py:240] Saved checkpoint to /experiment_runs/prize_qualification_self_tuning/study_2/fastmri_jax/trial_1/checkpoint_8062.
I0312 04:13:05.961640 140367826650944 submission_runner.py:683] Final fastmri score: 1978.7172708511353
