python3 submission_runner.py --framework=jax --workload=criteo1tb --submission_path=prize_qualification_baselines/self_tuning/jax_nadamw_full_budget.py --data_dir=/data/criteo1tb --num_tuning_trials=1 --experiment_dir=/experiment_runs --experiment_name=prize_qualification_self_tuning/study_2 --overwrite=true --save_checkpoints=false --rng_seed=211981256 --max_global_steps=31998 --tuning_ruleset=self 2>&1 | tee -a /logs/criteo1tb_jax_03-13-2024-09-51-13.log
I0313 09:51:33.218625 140322147964736 logger_utils.py:61] Removing existing experiment directory /experiment_runs/prize_qualification_self_tuning/study_2/criteo1tb_jax because --overwrite was set.
I0313 09:51:33.222106 140322147964736 logger_utils.py:76] Creating experiment directory at /experiment_runs/prize_qualification_self_tuning/study_2/criteo1tb_jax.
I0313 09:51:34.908937 140322147964736 xla_bridge.py:455] Unable to initialize backend 'rocm': NOT_FOUND: Could not find registered platform with name: "rocm". Available platform names are: Host CUDA Interpreter
I0313 09:51:34.910300 140322147964736 xla_bridge.py:455] Unable to initialize backend 'tpu': module 'jaxlib.xla_extension' has no attribute 'get_tpu_client'
I0313 09:51:34.910473 140322147964736 xla_bridge.py:455] Unable to initialize backend 'plugin': xla_extension has no attributes named get_plugin_device_client. Compile TensorFlow with //tensorflow/compiler/xla/python:enable_plugin_device set to true (defaults to false) to enable this.
I0313 09:51:35.845591 140322147964736 submission_runner.py:612] Creating directory at /experiment_runs/prize_qualification_self_tuning/study_2/criteo1tb_jax/trial_1.
I0313 09:51:36.049851 140322147964736 submission_runner.py:209] Initializing dataset.
I0313 09:51:36.050106 140322147964736 submission_runner.py:220] Initializing model.
I0313 09:51:42.036131 140322147964736 submission_runner.py:262] Initializing optimizer.
I0313 09:51:45.346521 140322147964736 submission_runner.py:269] Initializing metrics bundle.
I0313 09:51:45.346736 140322147964736 submission_runner.py:287] Initializing checkpoint and logger.
I0313 09:51:45.347674 140322147964736 checkpoints.py:915] Found no checkpoint files in /experiment_runs/prize_qualification_self_tuning/study_2/criteo1tb_jax/trial_1 with prefix checkpoint_
I0313 09:51:45.347831 140322147964736 submission_runner.py:307] Saving meta data to /experiment_runs/prize_qualification_self_tuning/study_2/criteo1tb_jax/trial_1/meta_data_0.json.
I0313 09:51:45.348033 140322147964736 logger_utils.py:257] Unable to record workload.train_mean information. Continuing without it.
I0313 09:51:45.348094 140322147964736 logger_utils.py:257] Unable to record workload.train_stddev information. Continuing without it.
fatal: detected dubious ownership in repository at '/algorithmic-efficiency'
To add an exception for this directory, call:

	git config --global --add safe.directory /algorithmic-efficiency
I0313 09:51:45.641622 140322147964736 logger_utils.py:220] Unable to record git information. Continuing without it.
I0313 09:51:45.902314 140322147964736 submission_runner.py:311] Saving flags to /experiment_runs/prize_qualification_self_tuning/study_2/criteo1tb_jax/trial_1/flags_0.json.
I0313 09:51:45.996996 140322147964736 submission_runner.py:321] Starting training loop.
I0313 09:52:05.160892 140160504157952 logging_writer.py:48] [0] global_step=0, grad_norm=3.9360923767089844, loss=0.43507662415504456
I0313 09:52:05.173807 140322147964736 spec.py:321] Evaluating on the training split.
I0313 09:56:16.617609 140322147964736 spec.py:333] Evaluating on the validation split.
I0313 10:00:23.133723 140322147964736 spec.py:349] Evaluating on the test split.
I0313 10:05:04.761945 140322147964736 submission_runner.py:420] Time since start: 798.76s, 	Step: 1, 	{'train/loss': 0.4309603513786628, 'validation/loss': 0.4267215120682919, 'validation/num_examples': 83274637, 'test/loss': 0.43054574140625, 'test/num_examples': 95000000, 'score': 19.17674994468689, 'total_duration': 798.7648780345917, 'accumulated_submission_time': 19.17674994468689, 'accumulated_eval_time': 779.5880715847015, 'accumulated_logging_time': 0}
I0313 10:05:04.781196 140146636736256 logging_writer.py:48] [1] accumulated_eval_time=779.588072, accumulated_logging_time=0, accumulated_submission_time=19.176750, global_step=1, preemption_count=0, score=19.176750, test/loss=0.430546, test/num_examples=95000000, total_duration=798.764878, train/loss=0.430960, validation/loss=0.426722, validation/num_examples=83274637
I0313 10:06:03.251680 140146628343552 logging_writer.py:48] [100] global_step=100, grad_norm=0.05709005147218704, loss=0.1294439285993576
I0313 10:07:05.528821 140322147964736 spec.py:321] Evaluating on the training split.
I0313 10:11:04.967736 140322147964736 spec.py:333] Evaluating on the validation split.
I0313 10:14:08.397902 140322147964736 spec.py:349] Evaluating on the test split.
I0313 10:17:38.133980 140322147964736 submission_runner.py:420] Time since start: 1552.14s, 	Step: 183, 	{'train/loss': 0.12905298014106992, 'validation/loss': 0.1295675382628244, 'validation/num_examples': 83274637, 'test/loss': 0.13192885633223683, 'test/num_examples': 95000000, 'score': 139.9085566997528, 'total_duration': 1552.1369013786316, 'accumulated_submission_time': 139.9085566997528, 'accumulated_eval_time': 1412.1931610107422, 'accumulated_logging_time': 0.028196334838867188}
I0313 10:17:38.148633 140146636736256 logging_writer.py:48] [183] accumulated_eval_time=1412.193161, accumulated_logging_time=0.028196, accumulated_submission_time=139.908557, global_step=183, preemption_count=0, score=139.908557, test/loss=0.131929, test/num_examples=95000000, total_duration=1552.136901, train/loss=0.129053, validation/loss=0.129568, validation/num_examples=83274637
I0313 10:17:39.900807 140146628343552 logging_writer.py:48] [200] global_step=200, grad_norm=0.039863232523202896, loss=0.12567216157913208
I0313 10:18:52.871027 140146636736256 logging_writer.py:48] [300] global_step=300, grad_norm=0.006608013063669205, loss=0.12424949556589127
I0313 10:19:38.818921 140322147964736 spec.py:321] Evaluating on the training split.
I0313 10:23:34.629889 140322147964736 spec.py:333] Evaluating on the validation split.
I0313 10:26:46.099823 140322147964736 spec.py:349] Evaluating on the test split.
I0313 10:30:14.786794 140322147964736 submission_runner.py:420] Time since start: 2308.79s, 	Step: 359, 	{'train/loss': 0.12576737842938435, 'validation/loss': 0.12727582971697238, 'validation/num_examples': 83274637, 'test/loss': 0.1298185745990954, 'test/num_examples': 95000000, 'score': 260.5636398792267, 'total_duration': 2308.7897160053253, 'accumulated_submission_time': 260.5636398792267, 'accumulated_eval_time': 2048.160971879959, 'accumulated_logging_time': 0.05139899253845215}
I0313 10:30:14.799833 140146628343552 logging_writer.py:48] [359] accumulated_eval_time=2048.160972, accumulated_logging_time=0.051399, accumulated_submission_time=260.563640, global_step=359, preemption_count=0, score=260.563640, test/loss=0.129819, test/num_examples=95000000, total_duration=2308.789716, train/loss=0.125767, validation/loss=0.127276, validation/num_examples=83274637
I0313 10:30:29.026845 140146636736256 logging_writer.py:48] [400] global_step=400, grad_norm=0.04877414181828499, loss=0.13177014887332916
I0313 10:31:49.439359 140146628343552 logging_writer.py:48] [500] global_step=500, grad_norm=0.0316581167280674, loss=0.12464927136898041
I0313 10:32:15.374398 140322147964736 spec.py:321] Evaluating on the training split.
I0313 10:36:12.551434 140322147964736 spec.py:333] Evaluating on the validation split.
I0313 10:39:14.946317 140322147964736 spec.py:349] Evaluating on the test split.
I0313 10:42:41.784717 140322147964736 submission_runner.py:420] Time since start: 3055.79s, 	Step: 534, 	{'train/loss': 0.12375471007617765, 'validation/loss': 0.12653071362631135, 'validation/num_examples': 83274637, 'test/loss': 0.1291501434004934, 'test/num_examples': 95000000, 'score': 381.12420296669006, 'total_duration': 3055.787654876709, 'accumulated_submission_time': 381.12420296669006, 'accumulated_eval_time': 2674.5712316036224, 'accumulated_logging_time': 0.07202601432800293}
I0313 10:42:41.798802 140146636736256 logging_writer.py:48] [534] accumulated_eval_time=2674.571232, accumulated_logging_time=0.072026, accumulated_submission_time=381.124203, global_step=534, preemption_count=0, score=381.124203, test/loss=0.129150, test/num_examples=95000000, total_duration=3055.787655, train/loss=0.123755, validation/loss=0.126531, validation/num_examples=83274637
I0313 10:43:15.532278 140146628343552 logging_writer.py:48] [600] global_step=600, grad_norm=0.02213446795940399, loss=0.11919097602367401
I0313 10:44:30.452569 140146636736256 logging_writer.py:48] [700] global_step=700, grad_norm=0.04741383343935013, loss=0.12213754653930664
I0313 10:44:42.018479 140322147964736 spec.py:321] Evaluating on the training split.
I0313 10:48:22.616411 140322147964736 spec.py:333] Evaluating on the validation split.
I0313 10:51:21.767765 140322147964736 spec.py:349] Evaluating on the test split.
I0313 10:54:47.657337 140322147964736 submission_runner.py:420] Time since start: 3781.66s, 	Step: 716, 	{'train/loss': 0.1251109601496338, 'validation/loss': 0.1264131890678866, 'validation/num_examples': 83274637, 'test/loss': 0.12883085960115132, 'test/num_examples': 95000000, 'score': 501.3299443721771, 'total_duration': 3781.6602625846863, 'accumulated_submission_time': 501.3299443721771, 'accumulated_eval_time': 3280.2100269794464, 'accumulated_logging_time': 0.09348797798156738}
I0313 10:54:47.671883 140146628343552 logging_writer.py:48] [716] accumulated_eval_time=3280.210027, accumulated_logging_time=0.093488, accumulated_submission_time=501.329944, global_step=716, preemption_count=0, score=501.329944, test/loss=0.128831, test/num_examples=95000000, total_duration=3781.660263, train/loss=0.125111, validation/loss=0.126413, validation/num_examples=83274637
I0313 10:55:34.127063 140146636736256 logging_writer.py:48] [800] global_step=800, grad_norm=0.017620699480175972, loss=0.11906594038009644
I0313 10:56:48.111127 140322147964736 spec.py:321] Evaluating on the training split.
I0313 11:00:22.552190 140322147964736 spec.py:333] Evaluating on the validation split.
I0313 11:03:32.954141 140322147964736 spec.py:349] Evaluating on the test split.
I0313 11:06:57.920080 140322147964736 submission_runner.py:420] Time since start: 4511.92s, 	Step: 896, 	{'train/loss': 0.12605578453520183, 'validation/loss': 0.12586708932550644, 'validation/num_examples': 83274637, 'test/loss': 0.1282574816714638, 'test/num_examples': 95000000, 'score': 621.7531876564026, 'total_duration': 4511.923014163971, 'accumulated_submission_time': 621.7531876564026, 'accumulated_eval_time': 3890.0189225673676, 'accumulated_logging_time': 0.11714577674865723}
I0313 11:06:57.933402 140146628343552 logging_writer.py:48] [896] accumulated_eval_time=3890.018923, accumulated_logging_time=0.117146, accumulated_submission_time=621.753188, global_step=896, preemption_count=0, score=621.753188, test/loss=0.128257, test/num_examples=95000000, total_duration=4511.923014, train/loss=0.126056, validation/loss=0.125867, validation/num_examples=83274637
I0313 11:06:58.436695 140146636736256 logging_writer.py:48] [900] global_step=900, grad_norm=0.028485501185059547, loss=0.12391204386949539
I0313 11:08:03.842776 140146628343552 logging_writer.py:48] [1000] global_step=1000, grad_norm=0.024413250386714935, loss=0.12005597352981567
I0313 11:08:58.041874 140322147964736 spec.py:321] Evaluating on the training split.
I0313 11:12:26.676111 140322147964736 spec.py:333] Evaluating on the validation split.
I0313 11:15:14.033349 140322147964736 spec.py:349] Evaluating on the test split.
I0313 11:18:27.761822 140322147964736 submission_runner.py:420] Time since start: 5201.76s, 	Step: 1069, 	{'train/loss': 0.1242104866102619, 'validation/loss': 0.1263148251948587, 'validation/num_examples': 83274637, 'test/loss': 0.12881975731907894, 'test/num_examples': 95000000, 'score': 741.8462219238281, 'total_duration': 5201.764748811722, 'accumulated_submission_time': 741.8462219238281, 'accumulated_eval_time': 4459.738814115524, 'accumulated_logging_time': 0.13952851295471191}
I0313 11:18:27.774965 140146636736256 logging_writer.py:48] [1069] accumulated_eval_time=4459.738814, accumulated_logging_time=0.139529, accumulated_submission_time=741.846222, global_step=1069, preemption_count=0, score=741.846222, test/loss=0.128820, test/num_examples=95000000, total_duration=5201.764749, train/loss=0.124210, validation/loss=0.126315, validation/num_examples=83274637
I0313 11:18:34.295653 140146628343552 logging_writer.py:48] [1100] global_step=1100, grad_norm=0.012173343449831009, loss=0.129804790019989
I0313 11:19:49.886784 140146636736256 logging_writer.py:48] [1200] global_step=1200, grad_norm=0.02547355741262436, loss=0.1297345757484436
I0313 11:20:28.023541 140322147964736 spec.py:321] Evaluating on the training split.
I0313 11:23:58.275421 140322147964736 spec.py:333] Evaluating on the validation split.
I0313 11:26:41.044193 140322147964736 spec.py:349] Evaluating on the test split.
I0313 11:29:49.784704 140322147964736 submission_runner.py:420] Time since start: 5883.79s, 	Step: 1251, 	{'train/loss': 0.12278889650303237, 'validation/loss': 0.12619361839634166, 'validation/num_examples': 83274637, 'test/loss': 0.1285263898745888, 'test/num_examples': 95000000, 'score': 862.0807681083679, 'total_duration': 5883.787642478943, 'accumulated_submission_time': 862.0807681083679, 'accumulated_eval_time': 5021.4999532699585, 'accumulated_logging_time': 0.15998411178588867}
I0313 11:29:49.798109 140146628343552 logging_writer.py:48] [1251] accumulated_eval_time=5021.499953, accumulated_logging_time=0.159984, accumulated_submission_time=862.080768, global_step=1251, preemption_count=0, score=862.080768, test/loss=0.128526, test/num_examples=95000000, total_duration=5883.787642, train/loss=0.122789, validation/loss=0.126194, validation/num_examples=83274637
I0313 11:30:07.652017 140146636736256 logging_writer.py:48] [1300] global_step=1300, grad_norm=0.009027989581227303, loss=0.12146268039941788
I0313 11:31:19.212542 140146628343552 logging_writer.py:48] [1400] global_step=1400, grad_norm=0.004285799339413643, loss=0.11846671998500824
I0313 11:31:49.808135 140322147964736 spec.py:321] Evaluating on the training split.
I0313 11:35:05.363134 140322147964736 spec.py:333] Evaluating on the validation split.
I0313 11:37:40.664311 140322147964736 spec.py:349] Evaluating on the test split.
I0313 11:40:39.390287 140322147964736 submission_runner.py:420] Time since start: 6533.39s, 	Step: 1442, 	{'train/loss': 0.12413702489304468, 'validation/loss': 0.126015634340798, 'validation/num_examples': 83274637, 'test/loss': 0.12841823794202303, 'test/num_examples': 95000000, 'score': 982.0765647888184, 'total_duration': 6533.393225431442, 'accumulated_submission_time': 982.0765647888184, 'accumulated_eval_time': 5551.082055568695, 'accumulated_logging_time': 0.18065810203552246}
I0313 11:40:39.406231 140146636736256 logging_writer.py:48] [1442] accumulated_eval_time=5551.082056, accumulated_logging_time=0.180658, accumulated_submission_time=982.076565, global_step=1442, preemption_count=0, score=982.076565, test/loss=0.128418, test/num_examples=95000000, total_duration=6533.393225, train/loss=0.124137, validation/loss=0.126016, validation/num_examples=83274637
I0313 11:41:08.173797 140146628343552 logging_writer.py:48] [1500] global_step=1500, grad_norm=0.021113550290465355, loss=0.12340115010738373
I0313 11:42:19.653800 140146636736256 logging_writer.py:48] [1600] global_step=1600, grad_norm=0.004232153296470642, loss=0.12299879640340805
I0313 11:42:39.672102 140322147964736 spec.py:321] Evaluating on the training split.
I0313 11:45:55.302190 140322147964736 spec.py:333] Evaluating on the validation split.
I0313 11:48:34.078903 140322147964736 spec.py:349] Evaluating on the test split.
I0313 11:51:35.292105 140322147964736 submission_runner.py:420] Time since start: 7189.30s, 	Step: 1627, 	{'train/loss': 0.12504199274915195, 'validation/loss': 0.12592861739950267, 'validation/num_examples': 83274637, 'test/loss': 0.12806140148026315, 'test/num_examples': 95000000, 'score': 1102.328135251999, 'total_duration': 7189.295044898987, 'accumulated_submission_time': 1102.328135251999, 'accumulated_eval_time': 6086.701997041702, 'accumulated_logging_time': 0.2041034698486328}
I0313 11:51:35.305679 140146628343552 logging_writer.py:48] [1627] accumulated_eval_time=6086.701997, accumulated_logging_time=0.204103, accumulated_submission_time=1102.328135, global_step=1627, preemption_count=0, score=1102.328135, test/loss=0.128061, test/num_examples=95000000, total_duration=7189.295045, train/loss=0.125042, validation/loss=0.125929, validation/num_examples=83274637
I0313 11:52:15.489183 140146636736256 logging_writer.py:48] [1700] global_step=1700, grad_norm=0.018751781433820724, loss=0.1266760230064392
I0313 11:53:36.157871 140146628343552 logging_writer.py:48] [1800] global_step=1800, grad_norm=0.030665075406432152, loss=0.12425961345434189
I0313 11:53:36.162929 140322147964736 spec.py:321] Evaluating on the training split.
I0313 11:57:00.552901 140322147964736 spec.py:333] Evaluating on the validation split.
I0313 11:59:21.138588 140322147964736 spec.py:349] Evaluating on the test split.
I0313 12:01:47.732567 140322147964736 submission_runner.py:420] Time since start: 7801.74s, 	Step: 1801, 	{'train/loss': 0.12499621032543902, 'validation/loss': 0.12540145006454292, 'validation/num_examples': 83274637, 'test/loss': 0.12776755129523026, 'test/num_examples': 95000000, 'score': 1223.171159029007, 'total_duration': 7801.735506534576, 'accumulated_submission_time': 1223.171159029007, 'accumulated_eval_time': 6578.271548032761, 'accumulated_logging_time': 0.22530388832092285}
I0313 12:01:47.745927 140146636736256 logging_writer.py:48] [1801] accumulated_eval_time=6578.271548, accumulated_logging_time=0.225304, accumulated_submission_time=1223.171159, global_step=1801, preemption_count=0, score=1223.171159, test/loss=0.127768, test/num_examples=95000000, total_duration=7801.735507, train/loss=0.124996, validation/loss=0.125401, validation/num_examples=83274637
I0313 12:02:49.215345 140146628343552 logging_writer.py:48] [1900] global_step=1900, grad_norm=0.004111381247639656, loss=0.12241668999195099
I0313 12:03:47.755376 140322147964736 spec.py:321] Evaluating on the training split.
I0313 12:07:16.443267 140322147964736 spec.py:333] Evaluating on the validation split.
I0313 12:09:44.835727 140322147964736 spec.py:349] Evaluating on the test split.
I0313 12:12:30.039960 140322147964736 submission_runner.py:420] Time since start: 8444.04s, 	Step: 1981, 	{'train/loss': 0.12228205018682675, 'validation/loss': 0.12537131862643994, 'validation/num_examples': 83274637, 'test/loss': 0.12792537990337172, 'test/num_examples': 95000000, 'score': 1343.1663393974304, 'total_duration': 8444.042902231216, 'accumulated_submission_time': 1343.1663393974304, 'accumulated_eval_time': 7100.556094169617, 'accumulated_logging_time': 0.24611544609069824}
I0313 12:12:30.052959 140146636736256 logging_writer.py:48] [1981] accumulated_eval_time=7100.556094, accumulated_logging_time=0.246115, accumulated_submission_time=1343.166339, global_step=1981, preemption_count=0, score=1343.166339, test/loss=0.127925, test/num_examples=95000000, total_duration=8444.042902, train/loss=0.122282, validation/loss=0.125371, validation/num_examples=83274637
I0313 12:12:31.991034 140146628343552 logging_writer.py:48] [2000] global_step=2000, grad_norm=0.011595048941671848, loss=0.11842010170221329
I0313 12:13:43.326188 140146636736256 logging_writer.py:48] [2100] global_step=2100, grad_norm=0.020671304315328598, loss=0.13230817019939423
I0313 12:14:30.258312 140322147964736 spec.py:321] Evaluating on the training split.
I0313 12:17:54.843781 140322147964736 spec.py:333] Evaluating on the validation split.
I0313 12:20:29.138805 140322147964736 spec.py:349] Evaluating on the test split.
I0313 12:23:24.265112 140322147964736 submission_runner.py:420] Time since start: 9098.27s, 	Step: 2161, 	{'train/loss': 0.1245490766522832, 'validation/loss': 0.12523256302004918, 'validation/num_examples': 83274637, 'test/loss': 0.12758434273231908, 'test/num_examples': 95000000, 'score': 1463.3568828105927, 'total_duration': 9098.268038511276, 'accumulated_submission_time': 1463.3568828105927, 'accumulated_eval_time': 7634.562827587128, 'accumulated_logging_time': 0.26735377311706543}
I0313 12:23:24.279613 140146628343552 logging_writer.py:48] [2161] accumulated_eval_time=7634.562828, accumulated_logging_time=0.267354, accumulated_submission_time=1463.356883, global_step=2161, preemption_count=0, score=1463.356883, test/loss=0.127584, test/num_examples=95000000, total_duration=9098.268039, train/loss=0.124549, validation/loss=0.125233, validation/num_examples=83274637
I0313 12:23:37.532746 140146636736256 logging_writer.py:48] [2200] global_step=2200, grad_norm=0.005515535827726126, loss=0.13086484372615814
I0313 12:24:56.036056 140146628343552 logging_writer.py:48] [2300] global_step=2300, grad_norm=0.01482021901756525, loss=0.1287984400987625
I0313 12:25:24.771426 140322147964736 spec.py:321] Evaluating on the training split.
I0313 12:28:40.381907 140322147964736 spec.py:333] Evaluating on the validation split.
I0313 12:31:18.245332 140322147964736 spec.py:349] Evaluating on the test split.
I0313 12:34:24.857735 140322147964736 submission_runner.py:420] Time since start: 9758.86s, 	Step: 2337, 	{'train/loss': 0.12205891231508376, 'validation/loss': 0.12536533434496913, 'validation/num_examples': 83274637, 'test/loss': 0.1278088888774671, 'test/num_examples': 95000000, 'score': 1583.834689617157, 'total_duration': 9758.860672712326, 'accumulated_submission_time': 1583.834689617157, 'accumulated_eval_time': 8174.649076461792, 'accumulated_logging_time': 0.2893369197845459}
I0313 12:34:24.873193 140146636736256 logging_writer.py:48] [2337] accumulated_eval_time=8174.649076, accumulated_logging_time=0.289337, accumulated_submission_time=1583.834690, global_step=2337, preemption_count=0, score=1583.834690, test/loss=0.127809, test/num_examples=95000000, total_duration=9758.860673, train/loss=0.122059, validation/loss=0.125365, validation/num_examples=83274637
I0313 12:34:54.135388 140146628343552 logging_writer.py:48] [2400] global_step=2400, grad_norm=0.023019423708319664, loss=0.12402823567390442
I0313 12:36:13.944068 140146636736256 logging_writer.py:48] [2500] global_step=2500, grad_norm=0.004558222368359566, loss=0.12599314749240875
I0313 12:36:25.153113 140322147964736 spec.py:321] Evaluating on the training split.
I0313 12:39:50.738324 140322147964736 spec.py:333] Evaluating on the validation split.
I0313 12:42:26.679092 140322147964736 spec.py:349] Evaluating on the test split.
I0313 12:44:55.971852 140322147964736 submission_runner.py:420] Time since start: 10389.97s, 	Step: 2515, 	{'train/loss': 0.12568733176954514, 'validation/loss': 0.12543451740650488, 'validation/num_examples': 83274637, 'test/loss': 0.12779900222039473, 'test/num_examples': 95000000, 'score': 1704.0993795394897, 'total_duration': 10389.974791765213, 'accumulated_submission_time': 1704.0993795394897, 'accumulated_eval_time': 8685.467759132385, 'accumulated_logging_time': 0.3133678436279297}
I0313 12:44:55.984977 140146628343552 logging_writer.py:48] [2515] accumulated_eval_time=8685.467759, accumulated_logging_time=0.313368, accumulated_submission_time=1704.099380, global_step=2515, preemption_count=0, score=1704.099380, test/loss=0.127799, test/num_examples=95000000, total_duration=10389.974792, train/loss=0.125687, validation/loss=0.125435, validation/num_examples=83274637
I0313 12:45:46.434163 140146636736256 logging_writer.py:48] [2600] global_step=2600, grad_norm=0.029395418241620064, loss=0.12457044422626495
I0313 12:46:56.047701 140322147964736 spec.py:321] Evaluating on the training split.
I0313 12:50:21.692273 140322147964736 spec.py:333] Evaluating on the validation split.
I0313 12:53:11.465258 140322147964736 spec.py:349] Evaluating on the test split.
I0313 12:56:13.864301 140322147964736 submission_runner.py:420] Time since start: 11067.87s, 	Step: 2690, 	{'train/loss': 0.1233852642395024, 'validation/loss': 0.12496810978598329, 'validation/num_examples': 83274637, 'test/loss': 0.12726562760074014, 'test/num_examples': 95000000, 'score': 1824.14817070961, 'total_duration': 11067.867232322693, 'accumulated_submission_time': 1824.14817070961, 'accumulated_eval_time': 9243.284310817719, 'accumulated_logging_time': 0.3339982032775879}
I0313 12:56:13.878472 140146628343552 logging_writer.py:48] [2690] accumulated_eval_time=9243.284311, accumulated_logging_time=0.333998, accumulated_submission_time=1824.148171, global_step=2690, preemption_count=0, score=1824.148171, test/loss=0.127266, test/num_examples=95000000, total_duration=11067.867232, train/loss=0.123385, validation/loss=0.124968, validation/num_examples=83274637
I0313 12:56:14.950038 140146636736256 logging_writer.py:48] [2700] global_step=2700, grad_norm=0.00963827595114708, loss=0.11741876602172852
I0313 12:57:20.013802 140146628343552 logging_writer.py:48] [2800] global_step=2800, grad_norm=0.009396469220519066, loss=0.12100651860237122
I0313 12:58:14.099127 140322147964736 spec.py:321] Evaluating on the training split.
I0313 13:01:30.452608 140322147964736 spec.py:333] Evaluating on the validation split.
I0313 13:04:01.979381 140322147964736 spec.py:349] Evaluating on the test split.
I0313 13:07:00.841795 140322147964736 submission_runner.py:420] Time since start: 11714.84s, 	Step: 2871, 	{'train/loss': 0.12403988466838246, 'validation/loss': 0.12487259521284562, 'validation/num_examples': 83274637, 'test/loss': 0.12731423326480262, 'test/num_examples': 95000000, 'score': 1944.3549394607544, 'total_duration': 11714.844737052917, 'accumulated_submission_time': 1944.3549394607544, 'accumulated_eval_time': 9770.026929616928, 'accumulated_logging_time': 0.35541200637817383}
I0313 13:07:00.855621 140146636736256 logging_writer.py:48] [2871] accumulated_eval_time=9770.026930, accumulated_logging_time=0.355412, accumulated_submission_time=1944.354939, global_step=2871, preemption_count=0, score=1944.354939, test/loss=0.127314, test/num_examples=95000000, total_duration=11714.844737, train/loss=0.124040, validation/loss=0.124873, validation/num_examples=83274637
I0313 13:07:05.506018 140146628343552 logging_writer.py:48] [2900] global_step=2900, grad_norm=0.007092391140758991, loss=0.1312100887298584
I0313 13:08:25.675337 140146636736256 logging_writer.py:48] [3000] global_step=3000, grad_norm=0.01083808857947588, loss=0.13071300089359283
I0313 13:09:00.937169 140322147964736 spec.py:321] Evaluating on the training split.
I0313 13:12:24.829007 140322147964736 spec.py:333] Evaluating on the validation split.
I0313 13:15:02.902313 140322147964736 spec.py:349] Evaluating on the test split.
I0313 13:18:18.945345 140322147964736 submission_runner.py:420] Time since start: 12392.95s, 	Step: 3046, 	{'train/loss': 0.1220686655936751, 'validation/loss': 0.12498165610671245, 'validation/num_examples': 83274637, 'test/loss': 0.12721588508429277, 'test/num_examples': 95000000, 'score': 2064.4223804473877, 'total_duration': 12392.948280096054, 'accumulated_submission_time': 2064.4223804473877, 'accumulated_eval_time': 10328.035050153732, 'accumulated_logging_time': 0.3767735958099365}
I0313 13:18:18.959261 140146628343552 logging_writer.py:48] [3046] accumulated_eval_time=10328.035050, accumulated_logging_time=0.376774, accumulated_submission_time=2064.422380, global_step=3046, preemption_count=0, score=2064.422380, test/loss=0.127216, test/num_examples=95000000, total_duration=12392.948280, train/loss=0.122069, validation/loss=0.124982, validation/num_examples=83274637
I0313 13:18:44.141800 140146636736256 logging_writer.py:48] [3100] global_step=3100, grad_norm=0.03202034905552864, loss=0.12970921397209167
I0313 13:20:03.106562 140146628343552 logging_writer.py:48] [3200] global_step=3200, grad_norm=0.004513987340033054, loss=0.1201939657330513
I0313 13:20:19.313216 140322147964736 spec.py:321] Evaluating on the training split.
I0313 13:23:40.524624 140322147964736 spec.py:333] Evaluating on the validation split.
I0313 13:26:21.590029 140322147964736 spec.py:349] Evaluating on the test split.
I0313 13:29:21.819806 140322147964736 submission_runner.py:420] Time since start: 13055.82s, 	Step: 3221, 	{'train/loss': 0.12334716581276753, 'validation/loss': 0.12472276977224132, 'validation/num_examples': 83274637, 'test/loss': 0.1270780076377467, 'test/num_examples': 95000000, 'score': 2184.762518644333, 'total_duration': 13055.822746276855, 'accumulated_submission_time': 2184.762518644333, 'accumulated_eval_time': 10870.541580438614, 'accumulated_logging_time': 0.3982052803039551}
I0313 13:29:21.834632 140146636736256 logging_writer.py:48] [3221] accumulated_eval_time=10870.541580, accumulated_logging_time=0.398205, accumulated_submission_time=2184.762519, global_step=3221, preemption_count=0, score=2184.762519, test/loss=0.127078, test/num_examples=95000000, total_duration=13055.822746, train/loss=0.123347, validation/loss=0.124723, validation/num_examples=83274637
I0313 13:30:05.929865 140146628343552 logging_writer.py:48] [3300] global_step=3300, grad_norm=0.0071961721405386925, loss=0.13129672408103943
I0313 13:31:22.226090 140322147964736 spec.py:321] Evaluating on the training split.
I0313 13:34:46.941168 140322147964736 spec.py:333] Evaluating on the validation split.
I0313 13:37:26.949569 140322147964736 spec.py:349] Evaluating on the test split.
I0313 13:40:18.291090 140322147964736 submission_runner.py:420] Time since start: 13712.29s, 	Step: 3400, 	{'train/loss': 0.12364778045635179, 'validation/loss': 0.12470652306119479, 'validation/num_examples': 83274637, 'test/loss': 0.12706929286595395, 'test/num_examples': 95000000, 'score': 2305.140183210373, 'total_duration': 13712.294030189514, 'accumulated_submission_time': 2305.140183210373, 'accumulated_eval_time': 11406.606538772583, 'accumulated_logging_time': 0.4202721118927002}
I0313 13:40:18.304908 140146636736256 logging_writer.py:48] [3400] accumulated_eval_time=11406.606539, accumulated_logging_time=0.420272, accumulated_submission_time=2305.140183, global_step=3400, preemption_count=0, score=2305.140183, test/loss=0.127069, test/num_examples=95000000, total_duration=13712.294030, train/loss=0.123648, validation/loss=0.124707, validation/num_examples=83274637
I0313 13:40:18.418522 140146628343552 logging_writer.py:48] [3400] global_step=3400, grad_norm=0.006613948382437229, loss=0.12169847637414932
I0313 13:41:19.885235 140146636736256 logging_writer.py:48] [3500] global_step=3500, grad_norm=0.006613795179873705, loss=0.12709662318229675
I0313 13:42:18.637162 140322147964736 spec.py:321] Evaluating on the training split.
I0313 13:45:39.499039 140322147964736 spec.py:333] Evaluating on the validation split.
I0313 13:48:17.182757 140322147964736 spec.py:349] Evaluating on the test split.
I0313 13:51:13.813603 140322147964736 submission_runner.py:420] Time since start: 14367.82s, 	Step: 3578, 	{'train/loss': 0.12271679042832656, 'validation/loss': 0.12477603364052903, 'validation/num_examples': 83274637, 'test/loss': 0.1271274240234375, 'test/num_examples': 95000000, 'score': 2425.458587169647, 'total_duration': 14367.816534042358, 'accumulated_submission_time': 2425.458587169647, 'accumulated_eval_time': 11941.78291940689, 'accumulated_logging_time': 0.4414503574371338}
I0313 13:51:13.827282 140146628343552 logging_writer.py:48] [3578] accumulated_eval_time=11941.782919, accumulated_logging_time=0.441450, accumulated_submission_time=2425.458587, global_step=3578, preemption_count=0, score=2425.458587, test/loss=0.127127, test/num_examples=95000000, total_duration=14367.816534, train/loss=0.122717, validation/loss=0.124776, validation/num_examples=83274637
I0313 13:51:16.047867 140146636736256 logging_writer.py:48] [3600] global_step=3600, grad_norm=0.0063947346061468124, loss=0.13444510102272034
I0313 13:52:33.489271 140146628343552 logging_writer.py:48] [3700] global_step=3700, grad_norm=0.008983965031802654, loss=0.13300493359565735
I0313 13:53:13.908235 140322147964736 spec.py:321] Evaluating on the training split.
I0313 13:56:37.281120 140322147964736 spec.py:333] Evaluating on the validation split.
I0313 13:59:16.026430 140322147964736 spec.py:349] Evaluating on the test split.
I0313 14:02:15.018950 140322147964736 submission_runner.py:420] Time since start: 15029.02s, 	Step: 3752, 	{'train/loss': 0.12266270919415936, 'validation/loss': 0.12467248460553557, 'validation/num_examples': 83274637, 'test/loss': 0.12697642992393093, 'test/num_examples': 95000000, 'score': 2545.525310277939, 'total_duration': 15029.021893501282, 'accumulated_submission_time': 2545.525310277939, 'accumulated_eval_time': 12482.893585205078, 'accumulated_logging_time': 0.4628136157989502}
I0313 14:02:15.032957 140146636736256 logging_writer.py:48] [3752] accumulated_eval_time=12482.893585, accumulated_logging_time=0.462814, accumulated_submission_time=2545.525310, global_step=3752, preemption_count=0, score=2545.525310, test/loss=0.126976, test/num_examples=95000000, total_duration=15029.021894, train/loss=0.122663, validation/loss=0.124672, validation/num_examples=83274637
I0313 14:02:35.215987 140146628343552 logging_writer.py:48] [3800] global_step=3800, grad_norm=0.004902553278952837, loss=0.11876026540994644
I0313 14:03:53.079009 140146636736256 logging_writer.py:48] [3900] global_step=3900, grad_norm=0.005304636433720589, loss=0.12154223024845123
I0313 14:04:15.347126 140322147964736 spec.py:321] Evaluating on the training split.
I0313 14:07:37.054857 140322147964736 spec.py:333] Evaluating on the validation split.
I0313 14:10:15.184030 140322147964736 spec.py:349] Evaluating on the test split.
I0313 14:13:17.572717 140322147964736 submission_runner.py:420] Time since start: 15691.58s, 	Step: 3929, 	{'train/loss': 0.12428145111778623, 'validation/loss': 0.12485810315566881, 'validation/num_examples': 83274637, 'test/loss': 0.12730851104029606, 'test/num_examples': 95000000, 'score': 2665.8254606723785, 'total_duration': 15691.575644254684, 'accumulated_submission_time': 2665.8254606723785, 'accumulated_eval_time': 13025.119114637375, 'accumulated_logging_time': 0.4842236042022705}
I0313 14:13:17.586308 140146628343552 logging_writer.py:48] [3929] accumulated_eval_time=13025.119115, accumulated_logging_time=0.484224, accumulated_submission_time=2665.825461, global_step=3929, preemption_count=0, score=2665.825461, test/loss=0.127309, test/num_examples=95000000, total_duration=15691.575644, train/loss=0.124281, validation/loss=0.124858, validation/num_examples=83274637
I0313 14:13:56.685943 140146636736256 logging_writer.py:48] [4000] global_step=4000, grad_norm=0.008221152238547802, loss=0.12176081538200378
I0313 14:15:15.634597 140146628343552 logging_writer.py:48] [4100] global_step=4100, grad_norm=0.03170318529009819, loss=0.11387304961681366
I0313 14:15:17.826592 140322147964736 spec.py:321] Evaluating on the training split.
I0313 14:18:46.305989 140322147964736 spec.py:333] Evaluating on the validation split.
I0313 14:21:26.774874 140322147964736 spec.py:349] Evaluating on the test split.
I0313 14:24:27.862435 140322147964736 submission_runner.py:420] Time since start: 16361.87s, 	Step: 4104, 	{'train/loss': 0.12412873407204945, 'validation/loss': 0.1246956142095109, 'validation/num_examples': 83274637, 'test/loss': 0.12708736044407895, 'test/num_examples': 95000000, 'score': 2786.0510370731354, 'total_duration': 16361.86536693573, 'accumulated_submission_time': 2786.0510370731354, 'accumulated_eval_time': 13575.154886245728, 'accumulated_logging_time': 0.5061235427856445}
I0313 14:24:27.878689 140146636736256 logging_writer.py:48] [4104] accumulated_eval_time=13575.154886, accumulated_logging_time=0.506124, accumulated_submission_time=2786.051037, global_step=4104, preemption_count=0, score=2786.051037, test/loss=0.127087, test/num_examples=95000000, total_duration=16361.865367, train/loss=0.124129, validation/loss=0.124696, validation/num_examples=83274637
I0313 14:25:27.701224 140146628343552 logging_writer.py:48] [4200] global_step=4200, grad_norm=0.008413830772042274, loss=0.131037175655365
I0313 14:26:28.511473 140322147964736 spec.py:321] Evaluating on the training split.
I0313 14:29:40.519520 140322147964736 spec.py:333] Evaluating on the validation split.
I0313 14:32:21.796179 140322147964736 spec.py:349] Evaluating on the test split.
I0313 14:35:20.794360 140322147964736 submission_runner.py:420] Time since start: 17014.80s, 	Step: 4280, 	{'train/loss': 0.12304344261357994, 'validation/loss': 0.12457127574229361, 'validation/num_examples': 83274637, 'test/loss': 0.12699333031455592, 'test/num_examples': 95000000, 'score': 2906.6685807704926, 'total_duration': 17014.7972843647, 'accumulated_submission_time': 2906.6685807704926, 'accumulated_eval_time': 14107.437706708908, 'accumulated_logging_time': 0.5311899185180664}
I0313 14:35:20.809773 140146636736256 logging_writer.py:48] [4280] accumulated_eval_time=14107.437707, accumulated_logging_time=0.531190, accumulated_submission_time=2906.668581, global_step=4280, preemption_count=0, score=2906.668581, test/loss=0.126993, test/num_examples=95000000, total_duration=17014.797284, train/loss=0.123043, validation/loss=0.124571, validation/num_examples=83274637
I0313 14:35:22.839077 140146628343552 logging_writer.py:48] [4300] global_step=4300, grad_norm=0.015028944239020348, loss=0.11194843053817749
I0313 14:36:34.608045 140146636736256 logging_writer.py:48] [4400] global_step=4400, grad_norm=0.004349792376160622, loss=0.12027006596326828
I0313 14:37:20.845937 140322147964736 spec.py:321] Evaluating on the training split.
I0313 14:40:40.784913 140322147964736 spec.py:333] Evaluating on the validation split.
I0313 14:43:18.514089 140322147964736 spec.py:349] Evaluating on the test split.
I0313 14:46:21.215622 140322147964736 submission_runner.py:420] Time since start: 17675.22s, 	Step: 4465, 	{'train/loss': 0.12149228421537756, 'validation/loss': 0.12451584366712888, 'validation/num_examples': 83274637, 'test/loss': 0.12697130123355263, 'test/num_examples': 95000000, 'score': 3026.6890342235565, 'total_duration': 17675.21853160858, 'accumulated_submission_time': 3026.6890342235565, 'accumulated_eval_time': 14647.807305335999, 'accumulated_logging_time': 0.5556049346923828}
I0313 14:46:21.229753 140146628343552 logging_writer.py:48] [4465] accumulated_eval_time=14647.807305, accumulated_logging_time=0.555605, accumulated_submission_time=3026.689034, global_step=4465, preemption_count=0, score=3026.689034, test/loss=0.126971, test/num_examples=95000000, total_duration=17675.218532, train/loss=0.121492, validation/loss=0.124516, validation/num_examples=83274637
I0313 14:46:31.494639 140146636736256 logging_writer.py:48] [4500] global_step=4500, grad_norm=0.010306578129529953, loss=0.12359634041786194
I0313 14:47:49.703024 140146628343552 logging_writer.py:48] [4600] global_step=4600, grad_norm=0.005330813582986593, loss=0.1308622658252716
I0313 14:48:21.899987 140322147964736 spec.py:321] Evaluating on the training split.
I0313 14:51:39.905205 140322147964736 spec.py:333] Evaluating on the validation split.
I0313 14:54:23.592835 140322147964736 spec.py:349] Evaluating on the test split.
I0313 14:57:23.680351 140322147964736 submission_runner.py:420] Time since start: 18337.68s, 	Step: 4642, 	{'train/loss': 0.12366454298578718, 'validation/loss': 0.12439848578469712, 'validation/num_examples': 83274637, 'test/loss': 0.12686382105263158, 'test/num_examples': 95000000, 'score': 3147.345049381256, 'total_duration': 18337.68328022957, 'accumulated_submission_time': 3147.345049381256, 'accumulated_eval_time': 15189.587604999542, 'accumulated_logging_time': 0.5773332118988037}
I0313 14:57:23.694148 140146636736256 logging_writer.py:48] [4642] accumulated_eval_time=15189.587605, accumulated_logging_time=0.577333, accumulated_submission_time=3147.345049, global_step=4642, preemption_count=0, score=3147.345049, test/loss=0.126864, test/num_examples=95000000, total_duration=18337.683280, train/loss=0.123665, validation/loss=0.124398, validation/num_examples=83274637
I0313 14:57:51.982873 140146628343552 logging_writer.py:48] [4700] global_step=4700, grad_norm=0.004811329301446676, loss=0.12563778460025787
I0313 14:59:09.004215 140146636736256 logging_writer.py:48] [4800] global_step=4800, grad_norm=0.005843923892825842, loss=0.11280686408281326
I0313 14:59:24.342457 140322147964736 spec.py:321] Evaluating on the training split.
I0313 15:02:46.205766 140322147964736 spec.py:333] Evaluating on the validation split.
I0313 15:05:29.673807 140322147964736 spec.py:349] Evaluating on the test split.
I0313 15:08:48.531441 140322147964736 submission_runner.py:420] Time since start: 19022.53s, 	Step: 4821, 	{'train/loss': 0.12291920591590914, 'validation/loss': 0.12441113083193701, 'validation/num_examples': 83274637, 'test/loss': 0.12675400813116777, 'test/num_examples': 95000000, 'score': 3267.979365348816, 'total_duration': 19022.5343644619, 'accumulated_submission_time': 3267.979365348816, 'accumulated_eval_time': 15753.776514053345, 'accumulated_logging_time': 0.5985479354858398}
I0313 15:08:48.545490 140146628343552 logging_writer.py:48] [4821] accumulated_eval_time=15753.776514, accumulated_logging_time=0.598548, accumulated_submission_time=3267.979365, global_step=4821, preemption_count=0, score=3267.979365, test/loss=0.126754, test/num_examples=95000000, total_duration=19022.534364, train/loss=0.122919, validation/loss=0.124411, validation/num_examples=83274637
I0313 15:09:34.930762 140146636736256 logging_writer.py:48] [4900] global_step=4900, grad_norm=0.022066745907068253, loss=0.12540239095687866
I0313 15:10:47.949925 140146628343552 logging_writer.py:48] [5000] global_step=5000, grad_norm=0.010844284668564796, loss=0.12438073754310608
I0313 15:10:48.606832 140322147964736 spec.py:321] Evaluating on the training split.
I0313 15:14:23.174424 140322147964736 spec.py:333] Evaluating on the validation split.
I0313 15:17:02.387764 140322147964736 spec.py:349] Evaluating on the test split.
I0313 15:20:15.926978 140322147964736 submission_runner.py:420] Time since start: 19709.93s, 	Step: 5002, 	{'train/loss': 0.1233405592212887, 'validation/loss': 0.12439996046793035, 'validation/num_examples': 83274637, 'test/loss': 0.12670463693462172, 'test/num_examples': 95000000, 'score': 3388.0267992019653, 'total_duration': 19709.929924726486, 'accumulated_submission_time': 3388.0267992019653, 'accumulated_eval_time': 16321.096604585648, 'accumulated_logging_time': 0.6199290752410889}
I0313 15:20:15.941250 140146636736256 logging_writer.py:48] [5002] accumulated_eval_time=16321.096605, accumulated_logging_time=0.619929, accumulated_submission_time=3388.026799, global_step=5002, preemption_count=0, score=3388.026799, test/loss=0.126705, test/num_examples=95000000, total_duration=19709.929925, train/loss=0.123341, validation/loss=0.124400, validation/num_examples=83274637
I0313 15:21:16.191865 140146628343552 logging_writer.py:48] [5100] global_step=5100, grad_norm=0.01455653179436922, loss=0.13842318952083588
I0313 15:22:16.163173 140322147964736 spec.py:321] Evaluating on the training split.
I0313 15:25:39.260538 140322147964736 spec.py:333] Evaluating on the validation split.
I0313 15:28:23.778521 140322147964736 spec.py:349] Evaluating on the test split.
I0313 15:31:20.009395 140322147964736 submission_runner.py:420] Time since start: 20374.01s, 	Step: 5178, 	{'train/loss': 0.12416989075125388, 'validation/loss': 0.12445874990982961, 'validation/num_examples': 83274637, 'test/loss': 0.1268297857421875, 'test/num_examples': 95000000, 'score': 3508.23348236084, 'total_duration': 20374.01232600212, 'accumulated_submission_time': 3508.23348236084, 'accumulated_eval_time': 16864.94277358055, 'accumulated_logging_time': 0.642521858215332}
I0313 15:31:20.024061 140146636736256 logging_writer.py:48] [5178] accumulated_eval_time=16864.942774, accumulated_logging_time=0.642522, accumulated_submission_time=3508.233482, global_step=5178, preemption_count=0, score=3508.233482, test/loss=0.126830, test/num_examples=95000000, total_duration=20374.012326, train/loss=0.124170, validation/loss=0.124459, validation/num_examples=83274637
I0313 15:31:22.244209 140146628343552 logging_writer.py:48] [5200] global_step=5200, grad_norm=0.0055915662087500095, loss=0.11290232837200165
I0313 15:32:39.935053 140146636736256 logging_writer.py:48] [5300] global_step=5300, grad_norm=0.005138731095939875, loss=0.11669808626174927
I0313 15:33:20.266299 140322147964736 spec.py:321] Evaluating on the training split.
I0313 15:36:45.208957 140322147964736 spec.py:333] Evaluating on the validation split.
I0313 15:39:28.100690 140322147964736 spec.py:349] Evaluating on the test split.
I0313 15:42:27.766773 140322147964736 submission_runner.py:420] Time since start: 21041.77s, 	Step: 5354, 	{'train/loss': 0.12274736912229901, 'validation/loss': 0.1245628027958073, 'validation/num_examples': 83274637, 'test/loss': 0.12694163618421053, 'test/num_examples': 95000000, 'score': 3628.45765209198, 'total_duration': 21041.76970744133, 'accumulated_submission_time': 3628.45765209198, 'accumulated_eval_time': 17412.443184375763, 'accumulated_logging_time': 0.6688754558563232}
I0313 15:42:27.780985 140146628343552 logging_writer.py:48] [5354] accumulated_eval_time=17412.443184, accumulated_logging_time=0.668875, accumulated_submission_time=3628.457652, global_step=5354, preemption_count=0, score=3628.457652, test/loss=0.126942, test/num_examples=95000000, total_duration=21041.769707, train/loss=0.122747, validation/loss=0.124563, validation/num_examples=83274637
I0313 15:42:46.311212 140146636736256 logging_writer.py:48] [5400] global_step=5400, grad_norm=0.008778748102486134, loss=0.12224378436803818
I0313 15:44:02.419879 140146628343552 logging_writer.py:48] [5500] global_step=5500, grad_norm=0.004784304648637772, loss=0.12114176154136658
I0313 15:44:28.172977 140322147964736 spec.py:321] Evaluating on the training split.
I0313 15:47:55.306545 140322147964736 spec.py:333] Evaluating on the validation split.
I0313 15:50:34.012585 140322147964736 spec.py:349] Evaluating on the test split.
I0313 15:53:50.233338 140322147964736 submission_runner.py:420] Time since start: 21724.24s, 	Step: 5535, 	{'train/loss': 0.12419508745507249, 'validation/loss': 0.12428812109945013, 'validation/num_examples': 83274637, 'test/loss': 0.12664102902960525, 'test/num_examples': 95000000, 'score': 3748.8356759548187, 'total_duration': 21724.236268043518, 'accumulated_submission_time': 3748.8356759548187, 'accumulated_eval_time': 17974.503488063812, 'accumulated_logging_time': 0.6905982494354248}
I0313 15:53:50.247432 140146636736256 logging_writer.py:48] [5535] accumulated_eval_time=17974.503488, accumulated_logging_time=0.690598, accumulated_submission_time=3748.835676, global_step=5535, preemption_count=0, score=3748.835676, test/loss=0.126641, test/num_examples=95000000, total_duration=21724.236268, train/loss=0.124195, validation/loss=0.124288, validation/num_examples=83274637
I0313 15:54:24.420915 140146628343552 logging_writer.py:48] [5600] global_step=5600, grad_norm=0.015178841538727283, loss=0.12303833663463593
I0313 15:55:42.159207 140146636736256 logging_writer.py:48] [5700] global_step=5700, grad_norm=0.013363072648644447, loss=0.1237177848815918
I0313 15:55:50.704560 140322147964736 spec.py:321] Evaluating on the training split.
I0313 15:59:10.619883 140322147964736 spec.py:333] Evaluating on the validation split.
I0313 16:01:47.736249 140322147964736 spec.py:349] Evaluating on the test split.
I0313 16:04:48.600489 140322147964736 submission_runner.py:420] Time since start: 22382.60s, 	Step: 5712, 	{'train/loss': 0.12095894240452058, 'validation/loss': 0.12449154016013603, 'validation/num_examples': 83274637, 'test/loss': 0.12684044065583883, 'test/num_examples': 95000000, 'score': 3869.279004096985, 'total_duration': 22382.603409528732, 'accumulated_submission_time': 3869.279004096985, 'accumulated_eval_time': 18512.399346351624, 'accumulated_logging_time': 0.7121307849884033}
I0313 16:04:48.617355 140146628343552 logging_writer.py:48] [5712] accumulated_eval_time=18512.399346, accumulated_logging_time=0.712131, accumulated_submission_time=3869.279004, global_step=5712, preemption_count=0, score=3869.279004, test/loss=0.126840, test/num_examples=95000000, total_duration=22382.603410, train/loss=0.120959, validation/loss=0.124492, validation/num_examples=83274637
I0313 16:05:41.377847 140146636736256 logging_writer.py:48] [5800] global_step=5800, grad_norm=0.010534889064729214, loss=0.12060777842998505
I0313 16:06:48.979383 140322147964736 spec.py:321] Evaluating on the training split.
I0313 16:10:28.561607 140322147964736 spec.py:333] Evaluating on the validation split.
I0313 16:13:12.752764 140322147964736 spec.py:349] Evaluating on the test split.
I0313 16:16:11.320658 140322147964736 submission_runner.py:420] Time since start: 23065.32s, 	Step: 5886, 	{'train/loss': 0.123182110617277, 'validation/loss': 0.12423983125417662, 'validation/num_examples': 83274637, 'test/loss': 0.12669181850328948, 'test/num_examples': 95000000, 'score': 3989.6233706474304, 'total_duration': 23065.323581695557, 'accumulated_submission_time': 3989.6233706474304, 'accumulated_eval_time': 19074.74055337906, 'accumulated_logging_time': 0.740128755569458}
I0313 16:16:11.336582 140146628343552 logging_writer.py:48] [5886] accumulated_eval_time=19074.740553, accumulated_logging_time=0.740129, accumulated_submission_time=3989.623371, global_step=5886, preemption_count=0, score=3989.623371, test/loss=0.126692, test/num_examples=95000000, total_duration=23065.323582, train/loss=0.123182, validation/loss=0.124240, validation/num_examples=83274637
I0313 16:16:12.792088 140146636736256 logging_writer.py:48] [5900] global_step=5900, grad_norm=0.006079655606299639, loss=0.12350194901227951
I0313 16:17:22.918121 140146628343552 logging_writer.py:48] [6000] global_step=6000, grad_norm=0.008758977055549622, loss=0.13175660371780396
I0313 16:18:12.093006 140322147964736 spec.py:321] Evaluating on the training split.
I0313 16:21:34.711209 140322147964736 spec.py:333] Evaluating on the validation split.
I0313 16:24:10.747868 140322147964736 spec.py:349] Evaluating on the test split.
I0313 16:27:08.411763 140322147964736 submission_runner.py:420] Time since start: 23722.41s, 	Step: 6063, 	{'train/loss': 0.12167455929583348, 'validation/loss': 0.12410328465879412, 'validation/num_examples': 83274637, 'test/loss': 0.12648035631167764, 'test/num_examples': 95000000, 'score': 4110.365835428238, 'total_duration': 23722.414705514908, 'accumulated_submission_time': 4110.365835428238, 'accumulated_eval_time': 19611.059260606766, 'accumulated_logging_time': 0.7634031772613525}
I0313 16:27:08.426047 140146636736256 logging_writer.py:48] [6063] accumulated_eval_time=19611.059261, accumulated_logging_time=0.763403, accumulated_submission_time=4110.365835, global_step=6063, preemption_count=0, score=4110.365835, test/loss=0.126480, test/num_examples=95000000, total_duration=23722.414706, train/loss=0.121675, validation/loss=0.124103, validation/num_examples=83274637
I0313 16:27:19.731446 140146628343552 logging_writer.py:48] [6100] global_step=6100, grad_norm=0.007767477072775364, loss=0.12504158914089203
I0313 16:28:39.998663 140146636736256 logging_writer.py:48] [6200] global_step=6200, grad_norm=0.008343343622982502, loss=0.11973611265420914
I0313 16:29:09.125965 140322147964736 spec.py:321] Evaluating on the training split.
I0313 16:32:35.585443 140322147964736 spec.py:333] Evaluating on the validation split.
I0313 16:35:15.743748 140322147964736 spec.py:349] Evaluating on the test split.
I0313 16:38:13.996180 140322147964736 submission_runner.py:420] Time since start: 24388.00s, 	Step: 6239, 	{'train/loss': 0.12165204125146072, 'validation/loss': 0.12380632293342735, 'validation/num_examples': 83274637, 'test/loss': 0.1260748144428454, 'test/num_examples': 95000000, 'score': 4231.051466464996, 'total_duration': 24387.99911737442, 'accumulated_submission_time': 4231.051466464996, 'accumulated_eval_time': 20155.92942047119, 'accumulated_logging_time': 0.7852051258087158}
I0313 16:38:14.010215 140146628343552 logging_writer.py:48] [6239] accumulated_eval_time=20155.929420, accumulated_logging_time=0.785205, accumulated_submission_time=4231.051466, global_step=6239, preemption_count=0, score=4231.051466, test/loss=0.126075, test/num_examples=95000000, total_duration=24387.999117, train/loss=0.121652, validation/loss=0.123806, validation/num_examples=83274637
I0313 16:38:44.635290 140146636736256 logging_writer.py:48] [6300] global_step=6300, grad_norm=0.006522950250655413, loss=0.1150902733206749
I0313 16:40:04.385702 140146628343552 logging_writer.py:48] [6400] global_step=6400, grad_norm=0.009887570515275002, loss=0.12765823304653168
I0313 16:40:14.266907 140322147964736 spec.py:321] Evaluating on the training split.
I0313 16:43:33.172722 140322147964736 spec.py:333] Evaluating on the validation split.
I0313 16:46:29.403470 140322147964736 spec.py:349] Evaluating on the test split.
I0313 16:49:23.399007 140322147964736 submission_runner.py:420] Time since start: 25057.40s, 	Step: 6414, 	{'train/loss': 0.12200699378765605, 'validation/loss': 0.12399332377554562, 'validation/num_examples': 83274637, 'test/loss': 0.12635789438733552, 'test/num_examples': 95000000, 'score': 4351.294145584106, 'total_duration': 25057.40193104744, 'accumulated_submission_time': 4351.294145584106, 'accumulated_eval_time': 20705.06143975258, 'accumulated_logging_time': 0.8067381381988525}
I0313 16:49:23.416870 140146636736256 logging_writer.py:48] [6414] accumulated_eval_time=20705.061440, accumulated_logging_time=0.806738, accumulated_submission_time=4351.294146, global_step=6414, preemption_count=0, score=4351.294146, test/loss=0.126358, test/num_examples=95000000, total_duration=25057.401931, train/loss=0.122007, validation/loss=0.123993, validation/num_examples=83274637
I0313 16:50:13.260645 140146628343552 logging_writer.py:48] [6500] global_step=6500, grad_norm=0.007562726270407438, loss=0.12148905545473099
I0313 16:51:23.800377 140322147964736 spec.py:321] Evaluating on the training split.
I0313 16:54:58.629449 140322147964736 spec.py:333] Evaluating on the validation split.
I0313 16:57:42.892226 140322147964736 spec.py:349] Evaluating on the test split.
I0313 17:00:52.462156 140322147964736 submission_runner.py:420] Time since start: 25746.47s, 	Step: 6599, 	{'train/loss': 0.1218283845100013, 'validation/loss': 0.12392574618272202, 'validation/num_examples': 83274637, 'test/loss': 0.12619443637952302, 'test/num_examples': 95000000, 'score': 4471.66161942482, 'total_duration': 25746.46507501602, 'accumulated_submission_time': 4471.66161942482, 'accumulated_eval_time': 21273.723149061203, 'accumulated_logging_time': 0.8337926864624023}
I0313 17:00:52.476649 140146636736256 logging_writer.py:48] [6599] accumulated_eval_time=21273.723149, accumulated_logging_time=0.833793, accumulated_submission_time=4471.661619, global_step=6599, preemption_count=0, score=4471.661619, test/loss=0.126194, test/num_examples=95000000, total_duration=25746.465075, train/loss=0.121828, validation/loss=0.123926, validation/num_examples=83274637
I0313 17:00:52.691068 140146628343552 logging_writer.py:48] [6600] global_step=6600, grad_norm=0.005478120408952236, loss=0.12076010555028915
I0313 17:01:55.276565 140146636736256 logging_writer.py:48] [6700] global_step=6700, grad_norm=0.004444042220711708, loss=0.11894066631793976
I0313 17:02:52.806874 140322147964736 spec.py:321] Evaluating on the training split.
I0313 17:06:08.319381 140322147964736 spec.py:333] Evaluating on the validation split.
I0313 17:09:01.387270 140322147964736 spec.py:349] Evaluating on the test split.
I0313 17:12:02.336617 140322147964736 submission_runner.py:420] Time since start: 26416.34s, 	Step: 6774, 	{'train/loss': 0.12026514431590554, 'validation/loss': 0.124064176264906, 'validation/num_examples': 83274637, 'test/loss': 0.12637122962582237, 'test/num_examples': 95000000, 'score': 4591.978357076645, 'total_duration': 26416.339547872543, 'accumulated_submission_time': 4591.978357076645, 'accumulated_eval_time': 21823.25283265114, 'accumulated_logging_time': 0.8554544448852539}
I0313 17:12:02.356093 140146628343552 logging_writer.py:48] [6774] accumulated_eval_time=21823.252833, accumulated_logging_time=0.855454, accumulated_submission_time=4591.978357, global_step=6774, preemption_count=0, score=4591.978357, test/loss=0.126371, test/num_examples=95000000, total_duration=26416.339548, train/loss=0.120265, validation/loss=0.124064, validation/num_examples=83274637
I0313 17:12:04.960322 140146636736256 logging_writer.py:48] [6800] global_step=6800, grad_norm=0.005587715655565262, loss=0.1251937747001648
I0313 17:13:23.799347 140146628343552 logging_writer.py:48] [6900] global_step=6900, grad_norm=0.006655612029135227, loss=0.12095548212528229
I0313 17:14:02.484100 140322147964736 spec.py:321] Evaluating on the training split.
I0313 17:17:16.280055 140322147964736 spec.py:333] Evaluating on the validation split.
I0313 17:19:55.912344 140322147964736 spec.py:349] Evaluating on the test split.
I0313 17:23:07.427716 140322147964736 submission_runner.py:420] Time since start: 27081.43s, 	Step: 6951, 	{'train/loss': 0.12396792061158321, 'validation/loss': 0.1238483778206645, 'validation/num_examples': 83274637, 'test/loss': 0.1261761017783717, 'test/num_examples': 95000000, 'score': 4712.086730480194, 'total_duration': 27081.430657863617, 'accumulated_submission_time': 4712.086730480194, 'accumulated_eval_time': 22368.196395874023, 'accumulated_logging_time': 0.8878428936004639}
I0313 17:23:07.442591 140146636736256 logging_writer.py:48] [6951] accumulated_eval_time=22368.196396, accumulated_logging_time=0.887843, accumulated_submission_time=4712.086730, global_step=6951, preemption_count=0, score=4712.086730, test/loss=0.126176, test/num_examples=95000000, total_duration=27081.430658, train/loss=0.123968, validation/loss=0.123848, validation/num_examples=83274637
I0313 17:23:28.640289 140146628343552 logging_writer.py:48] [7000] global_step=7000, grad_norm=0.008799141272902489, loss=0.11888004839420319
I0313 17:24:45.520318 140146636736256 logging_writer.py:48] [7100] global_step=7100, grad_norm=0.006235314533114433, loss=0.11702229082584381
I0313 17:25:08.166968 140322147964736 spec.py:321] Evaluating on the training split.
I0313 17:28:26.120000 140322147964736 spec.py:333] Evaluating on the validation split.
I0313 17:31:08.029473 140322147964736 spec.py:349] Evaluating on the test split.
I0313 17:34:23.784054 140322147964736 submission_runner.py:420] Time since start: 27757.79s, 	Step: 7129, 	{'train/loss': 0.12126238730812222, 'validation/loss': 0.12388675473057752, 'validation/num_examples': 83274637, 'test/loss': 0.1262103525185033, 'test/num_examples': 95000000, 'score': 4832.796728849411, 'total_duration': 27757.786990880966, 'accumulated_submission_time': 4832.796728849411, 'accumulated_eval_time': 22923.81343126297, 'accumulated_logging_time': 0.9104471206665039}
I0313 17:34:23.799063 140146628343552 logging_writer.py:48] [7129] accumulated_eval_time=22923.813431, accumulated_logging_time=0.910447, accumulated_submission_time=4832.796729, global_step=7129, preemption_count=0, score=4832.796729, test/loss=0.126210, test/num_examples=95000000, total_duration=27757.786991, train/loss=0.121262, validation/loss=0.123887, validation/num_examples=83274637
I0313 17:35:01.347716 140146636736256 logging_writer.py:48] [7200] global_step=7200, grad_norm=0.01504334807395935, loss=0.11793436110019684
I0313 17:36:17.219846 140146628343552 logging_writer.py:48] [7300] global_step=7300, grad_norm=0.006562513764947653, loss=0.11974960565567017
I0313 17:36:24.364717 140322147964736 spec.py:321] Evaluating on the training split.
I0313 17:39:39.682585 140322147964736 spec.py:333] Evaluating on the validation split.
I0313 17:42:22.030489 140322147964736 spec.py:349] Evaluating on the test split.
I0313 17:45:20.988336 140322147964736 submission_runner.py:420] Time since start: 28414.99s, 	Step: 7310, 	{'train/loss': 0.12255931721777662, 'validation/loss': 0.12389991594802562, 'validation/num_examples': 83274637, 'test/loss': 0.12627825678453947, 'test/num_examples': 95000000, 'score': 4953.348455429077, 'total_duration': 28414.991275787354, 'accumulated_submission_time': 4953.348455429077, 'accumulated_eval_time': 23460.436990499496, 'accumulated_logging_time': 0.932957649230957}
I0313 17:45:21.005596 140146636736256 logging_writer.py:48] [7310] accumulated_eval_time=23460.436990, accumulated_logging_time=0.932958, accumulated_submission_time=4953.348455, global_step=7310, preemption_count=0, score=4953.348455, test/loss=0.126278, test/num_examples=95000000, total_duration=28414.991276, train/loss=0.122559, validation/loss=0.123900, validation/num_examples=83274637
I0313 17:46:14.873592 140146628343552 logging_writer.py:48] [7400] global_step=7400, grad_norm=0.006417549680918455, loss=0.12538418173789978
I0313 17:47:21.238926 140322147964736 spec.py:321] Evaluating on the training split.
I0313 17:50:49.987365 140322147964736 spec.py:333] Evaluating on the validation split.
I0313 17:53:30.264373 140322147964736 spec.py:349] Evaluating on the test split.
I0313 17:56:23.849906 140322147964736 submission_runner.py:420] Time since start: 29077.85s, 	Step: 7487, 	{'train/loss': 0.12229980024620422, 'validation/loss': 0.12380214914398434, 'validation/num_examples': 83274637, 'test/loss': 0.1260569997841283, 'test/num_examples': 95000000, 'score': 5073.562851428986, 'total_duration': 29077.852850198746, 'accumulated_submission_time': 5073.562851428986, 'accumulated_eval_time': 24003.047923088074, 'accumulated_logging_time': 0.9626514911651611}
I0313 17:56:23.868463 140146636736256 logging_writer.py:48] [7487] accumulated_eval_time=24003.047923, accumulated_logging_time=0.962651, accumulated_submission_time=5073.562851, global_step=7487, preemption_count=0, score=5073.562851, test/loss=0.126057, test/num_examples=95000000, total_duration=29077.852850, train/loss=0.122300, validation/loss=0.123802, validation/num_examples=83274637
I0313 17:56:25.227420 140146628343552 logging_writer.py:48] [7500] global_step=7500, grad_norm=0.010728485882282257, loss=0.12995608150959015
I0313 17:57:36.590345 140146636736256 logging_writer.py:48] [7600] global_step=7600, grad_norm=0.006959146354347467, loss=0.1192387267947197
I0313 17:58:24.264545 140322147964736 spec.py:321] Evaluating on the training split.
I0313 18:01:52.961632 140322147964736 spec.py:333] Evaluating on the validation split.
I0313 18:04:40.770048 140322147964736 spec.py:349] Evaluating on the test split.
I0313 18:07:43.941812 140322147964736 submission_runner.py:420] Time since start: 29757.94s, 	Step: 7662, 	{'train/loss': 0.12241858392719578, 'validation/loss': 0.12380437944537925, 'validation/num_examples': 83274637, 'test/loss': 0.12612229905427633, 'test/num_examples': 95000000, 'score': 5193.944893836975, 'total_duration': 29757.94474029541, 'accumulated_submission_time': 5193.944893836975, 'accumulated_eval_time': 24562.725126981735, 'accumulated_logging_time': 0.9888694286346436}
I0313 18:07:43.958663 140146628343552 logging_writer.py:48] [7662] accumulated_eval_time=24562.725127, accumulated_logging_time=0.988869, accumulated_submission_time=5193.944894, global_step=7662, preemption_count=0, score=5193.944894, test/loss=0.126122, test/num_examples=95000000, total_duration=29757.944740, train/loss=0.122419, validation/loss=0.123804, validation/num_examples=83274637
I0313 18:07:56.341523 140146636736256 logging_writer.py:48] [7700] global_step=7700, grad_norm=0.005587487015873194, loss=0.11946196854114532
I0313 18:09:16.136168 140146628343552 logging_writer.py:48] [7800] global_step=7800, grad_norm=0.006553164683282375, loss=0.12828636169433594
I0313 18:09:44.512622 140322147964736 spec.py:321] Evaluating on the training split.
I0313 18:13:19.828283 140322147964736 spec.py:333] Evaluating on the validation split.
I0313 18:16:05.834493 140322147964736 spec.py:349] Evaluating on the test split.
I0313 18:19:06.670186 140322147964736 submission_runner.py:420] Time since start: 30440.67s, 	Step: 7837, 	{'train/loss': 0.12146771945199876, 'validation/loss': 0.12375253534860049, 'validation/num_examples': 83274637, 'test/loss': 0.1260904157894737, 'test/num_examples': 95000000, 'score': 5314.483114957809, 'total_duration': 30440.673127412796, 'accumulated_submission_time': 5314.483114957809, 'accumulated_eval_time': 25124.88265299797, 'accumulated_logging_time': 1.0150315761566162}
I0313 18:19:06.685671 140146636736256 logging_writer.py:48] [7837] accumulated_eval_time=25124.882653, accumulated_logging_time=1.015032, accumulated_submission_time=5314.483115, global_step=7837, preemption_count=0, score=5314.483115, test/loss=0.126090, test/num_examples=95000000, total_duration=30440.673127, train/loss=0.121468, validation/loss=0.123753, validation/num_examples=83274637
I0313 18:19:38.930351 140146628343552 logging_writer.py:48] [7900] global_step=7900, grad_norm=0.006312933750450611, loss=0.12564006447792053
I0313 18:20:53.165243 140146636736256 logging_writer.py:48] [8000] global_step=8000, grad_norm=0.006726888008415699, loss=0.12376168370246887
I0313 18:21:06.954752 140322147964736 spec.py:321] Evaluating on the training split.
I0313 18:24:29.786633 140322147964736 spec.py:333] Evaluating on the validation split.
I0313 18:27:11.954459 140322147964736 spec.py:349] Evaluating on the test split.
I0313 18:30:09.959174 140322147964736 submission_runner.py:420] Time since start: 31103.96s, 	Step: 8019, 	{'train/loss': 0.12115835662017453, 'validation/loss': 0.12380811311427384, 'validation/num_examples': 83274637, 'test/loss': 0.12614208291529605, 'test/num_examples': 95000000, 'score': 5434.737701892853, 'total_duration': 31103.96208691597, 'accumulated_submission_time': 5434.737701892853, 'accumulated_eval_time': 25667.88701057434, 'accumulated_logging_time': 1.038297414779663}
I0313 18:30:09.975694 140146628343552 logging_writer.py:48] [8019] accumulated_eval_time=25667.887011, accumulated_logging_time=1.038297, accumulated_submission_time=5434.737702, global_step=8019, preemption_count=0, score=5434.737702, test/loss=0.126142, test/num_examples=95000000, total_duration=31103.962087, train/loss=0.121158, validation/loss=0.123808, validation/num_examples=83274637
I0313 18:30:57.760762 140146636736256 logging_writer.py:48] [8100] global_step=8100, grad_norm=0.0062676966190338135, loss=0.12032779306173325
I0313 18:32:10.594360 140322147964736 spec.py:321] Evaluating on the training split.
I0313 18:35:31.616422 140322147964736 spec.py:333] Evaluating on the validation split.
I0313 18:38:08.861643 140322147964736 spec.py:349] Evaluating on the test split.
I0313 18:41:06.928808 140322147964736 submission_runner.py:420] Time since start: 31760.93s, 	Step: 8193, 	{'train/loss': 0.11978451514019156, 'validation/loss': 0.12363587442582645, 'validation/num_examples': 83274637, 'test/loss': 0.12591006790707238, 'test/num_examples': 95000000, 'score': 5555.337151288986, 'total_duration': 31760.931745529175, 'accumulated_submission_time': 5555.337151288986, 'accumulated_eval_time': 26204.221406936646, 'accumulated_logging_time': 1.067702054977417}
I0313 18:41:06.944125 140146628343552 logging_writer.py:48] [8193] accumulated_eval_time=26204.221407, accumulated_logging_time=1.067702, accumulated_submission_time=5555.337151, global_step=8193, preemption_count=0, score=5555.337151, test/loss=0.125910, test/num_examples=95000000, total_duration=31760.931746, train/loss=0.119785, validation/loss=0.123636, validation/num_examples=83274637
I0313 18:41:06.957679 140146636736256 logging_writer.py:48] [8193] global_step=8193, preemption_count=0, score=5555.337151
I0313 18:41:12.846511 140322147964736 checkpoints.py:490] Saving checkpoint at step: 8193
I0313 18:41:46.980534 140322147964736 checkpoints.py:422] Saved checkpoint at /experiment_runs/prize_qualification_self_tuning/study_2/criteo1tb_jax/trial_1/checkpoint_8193
I0313 18:41:47.333027 140322147964736 checkpoint_utils.py:240] Saved checkpoint to /experiment_runs/prize_qualification_self_tuning/study_2/criteo1tb_jax/trial_1/checkpoint_8193.
I0313 18:41:47.724645 140322147964736 submission_runner.py:683] Final criteo1tb score: 5555.337151288986
